[2025-01-10T18:44:31.973+0000] {processor.py:186} INFO - Started process (PID=86) to work on /home/airflow/.local/lib/python3.12/site-packages/airflow/example_dags/example_task_group.py
[2025-01-10T18:44:31.975+0000] {processor.py:914} INFO - Processing file /home/airflow/.local/lib/python3.12/site-packages/airflow/example_dags/example_task_group.py for tasks to queue
[2025-01-10T18:44:31.982+0000] {logging_mixin.py:190} INFO - [2025-01-10T18:44:31.982+0000] {dagbag.py:588} INFO - Filling up the DagBag from /home/airflow/.local/lib/python3.12/site-packages/airflow/example_dags/example_task_group.py
[2025-01-10T18:44:32.022+0000] {processor.py:925} INFO - DAG(s) 'example_task_group' retrieved from /home/airflow/.local/lib/python3.12/site-packages/airflow/example_dags/example_task_group.py
[2025-01-10T18:44:32.308+0000] {logging_mixin.py:190} INFO - [2025-01-10T18:44:32.306+0000] {override.py:1911} INFO - Created Permission View: can edit on DAG:example_task_group
[2025-01-10T18:44:32.334+0000] {logging_mixin.py:190} INFO - [2025-01-10T18:44:32.332+0000] {override.py:1911} INFO - Created Permission View: can read on DAG:example_task_group
[2025-01-10T18:44:32.351+0000] {logging_mixin.py:190} INFO - [2025-01-10T18:44:32.350+0000] {override.py:1911} INFO - Created Permission View: can delete on DAG:example_task_group
[2025-01-10T18:44:32.367+0000] {logging_mixin.py:190} INFO - [2025-01-10T18:44:32.367+0000] {override.py:1911} INFO - Created Permission View: menu access on DAG Run:example_task_group
[2025-01-10T18:44:32.382+0000] {logging_mixin.py:190} INFO - [2025-01-10T18:44:32.381+0000] {override.py:1911} INFO - Created Permission View: can read on DAG Run:example_task_group
[2025-01-10T18:44:32.396+0000] {logging_mixin.py:190} INFO - [2025-01-10T18:44:32.395+0000] {override.py:1911} INFO - Created Permission View: can create on DAG Run:example_task_group
[2025-01-10T18:44:32.412+0000] {logging_mixin.py:190} INFO - [2025-01-10T18:44:32.410+0000] {override.py:1911} INFO - Created Permission View: can delete on DAG Run:example_task_group
[2025-01-10T18:44:32.413+0000] {logging_mixin.py:190} INFO - [2025-01-10T18:44:32.413+0000] {dag.py:3239} INFO - Sync 1 DAGs
[2025-01-10T18:44:32.445+0000] {logging_mixin.py:190} INFO - [2025-01-10T18:44:32.445+0000] {dag.py:3262} INFO - Creating ORM DAG for example_task_group
[2025-01-10T18:44:32.446+0000] {logging_mixin.py:190} INFO - [2025-01-10T18:44:32.446+0000] {dag.py:4180} INFO - Setting next_dagrun for example_task_group to None, run_after=None
[2025-01-10T18:44:32.483+0000] {processor.py:208} INFO - Processing /home/airflow/.local/lib/python3.12/site-packages/airflow/example_dags/example_task_group.py took 0.531 seconds
[2025-01-10T18:45:03.259+0000] {processor.py:186} INFO - Started process (PID=148) to work on /home/airflow/.local/lib/python3.12/site-packages/airflow/example_dags/example_task_group.py
[2025-01-10T18:45:03.263+0000] {processor.py:914} INFO - Processing file /home/airflow/.local/lib/python3.12/site-packages/airflow/example_dags/example_task_group.py for tasks to queue
[2025-01-10T18:45:03.274+0000] {logging_mixin.py:190} INFO - [2025-01-10T18:45:03.273+0000] {dagbag.py:588} INFO - Filling up the DagBag from /home/airflow/.local/lib/python3.12/site-packages/airflow/example_dags/example_task_group.py
[2025-01-10T18:45:03.311+0000] {processor.py:925} INFO - DAG(s) 'example_task_group' retrieved from /home/airflow/.local/lib/python3.12/site-packages/airflow/example_dags/example_task_group.py
[2025-01-10T18:45:03.393+0000] {logging_mixin.py:190} INFO - [2025-01-10T18:45:03.392+0000] {dag.py:3239} INFO - Sync 1 DAGs
[2025-01-10T18:45:03.446+0000] {logging_mixin.py:190} INFO - [2025-01-10T18:45:03.445+0000] {dag.py:4180} INFO - Setting next_dagrun for example_task_group to None, run_after=None
[2025-01-10T18:45:03.525+0000] {processor.py:208} INFO - Processing /home/airflow/.local/lib/python3.12/site-packages/airflow/example_dags/example_task_group.py took 0.286 seconds
[2025-01-10T18:45:35.297+0000] {processor.py:186} INFO - Started process (PID=211) to work on /home/airflow/.local/lib/python3.12/site-packages/airflow/example_dags/example_task_group.py
[2025-01-10T18:45:35.302+0000] {processor.py:914} INFO - Processing file /home/airflow/.local/lib/python3.12/site-packages/airflow/example_dags/example_task_group.py for tasks to queue
[2025-01-10T18:45:35.310+0000] {logging_mixin.py:190} INFO - [2025-01-10T18:45:35.309+0000] {dagbag.py:588} INFO - Filling up the DagBag from /home/airflow/.local/lib/python3.12/site-packages/airflow/example_dags/example_task_group.py
[2025-01-10T18:45:35.343+0000] {processor.py:925} INFO - DAG(s) 'example_task_group' retrieved from /home/airflow/.local/lib/python3.12/site-packages/airflow/example_dags/example_task_group.py
[2025-01-10T18:45:35.415+0000] {logging_mixin.py:190} INFO - [2025-01-10T18:45:35.415+0000] {dag.py:3239} INFO - Sync 1 DAGs
[2025-01-10T18:45:35.452+0000] {logging_mixin.py:190} INFO - [2025-01-10T18:45:35.452+0000] {dag.py:4180} INFO - Setting next_dagrun for example_task_group to None, run_after=None
[2025-01-10T18:45:35.503+0000] {processor.py:208} INFO - Processing /home/airflow/.local/lib/python3.12/site-packages/airflow/example_dags/example_task_group.py took 0.219 seconds
[2025-01-10T18:46:06.545+0000] {processor.py:186} INFO - Started process (PID=273) to work on /home/airflow/.local/lib/python3.12/site-packages/airflow/example_dags/example_task_group.py
[2025-01-10T18:46:06.557+0000] {processor.py:914} INFO - Processing file /home/airflow/.local/lib/python3.12/site-packages/airflow/example_dags/example_task_group.py for tasks to queue
[2025-01-10T18:46:06.590+0000] {logging_mixin.py:190} INFO - [2025-01-10T18:46:06.586+0000] {dagbag.py:588} INFO - Filling up the DagBag from /home/airflow/.local/lib/python3.12/site-packages/airflow/example_dags/example_task_group.py
[2025-01-10T18:46:06.671+0000] {processor.py:925} INFO - DAG(s) 'example_task_group' retrieved from /home/airflow/.local/lib/python3.12/site-packages/airflow/example_dags/example_task_group.py
[2025-01-10T18:46:06.807+0000] {logging_mixin.py:190} INFO - [2025-01-10T18:46:06.806+0000] {dag.py:3239} INFO - Sync 1 DAGs
[2025-01-10T18:46:07.019+0000] {logging_mixin.py:190} INFO - [2025-01-10T18:46:07.017+0000] {dag.py:4180} INFO - Setting next_dagrun for example_task_group to None, run_after=None
[2025-01-10T18:46:07.305+0000] {processor.py:208} INFO - Processing /home/airflow/.local/lib/python3.12/site-packages/airflow/example_dags/example_task_group.py took 0.812 seconds
[2025-01-10T18:46:37.873+0000] {processor.py:186} INFO - Started process (PID=337) to work on /home/airflow/.local/lib/python3.12/site-packages/airflow/example_dags/example_task_group.py
[2025-01-10T18:46:37.875+0000] {processor.py:914} INFO - Processing file /home/airflow/.local/lib/python3.12/site-packages/airflow/example_dags/example_task_group.py for tasks to queue
[2025-01-10T18:46:37.879+0000] {logging_mixin.py:190} INFO - [2025-01-10T18:46:37.878+0000] {dagbag.py:588} INFO - Filling up the DagBag from /home/airflow/.local/lib/python3.12/site-packages/airflow/example_dags/example_task_group.py
[2025-01-10T18:46:37.899+0000] {processor.py:925} INFO - DAG(s) 'example_task_group' retrieved from /home/airflow/.local/lib/python3.12/site-packages/airflow/example_dags/example_task_group.py
[2025-01-10T18:46:37.953+0000] {logging_mixin.py:190} INFO - [2025-01-10T18:46:37.952+0000] {dag.py:3239} INFO - Sync 1 DAGs
[2025-01-10T18:46:37.978+0000] {logging_mixin.py:190} INFO - [2025-01-10T18:46:37.977+0000] {dag.py:4180} INFO - Setting next_dagrun for example_task_group to None, run_after=None
[2025-01-10T18:46:38.025+0000] {processor.py:208} INFO - Processing /home/airflow/.local/lib/python3.12/site-packages/airflow/example_dags/example_task_group.py took 0.163 seconds
[2025-01-10T18:47:08.845+0000] {processor.py:186} INFO - Started process (PID=404) to work on /home/airflow/.local/lib/python3.12/site-packages/airflow/example_dags/example_task_group.py
[2025-01-10T18:47:08.847+0000] {processor.py:914} INFO - Processing file /home/airflow/.local/lib/python3.12/site-packages/airflow/example_dags/example_task_group.py for tasks to queue
[2025-01-10T18:47:08.862+0000] {logging_mixin.py:190} INFO - [2025-01-10T18:47:08.861+0000] {dagbag.py:588} INFO - Filling up the DagBag from /home/airflow/.local/lib/python3.12/site-packages/airflow/example_dags/example_task_group.py
[2025-01-10T18:47:08.919+0000] {processor.py:925} INFO - DAG(s) 'example_task_group' retrieved from /home/airflow/.local/lib/python3.12/site-packages/airflow/example_dags/example_task_group.py
[2025-01-10T18:47:09.022+0000] {logging_mixin.py:190} INFO - [2025-01-10T18:47:09.021+0000] {dag.py:3239} INFO - Sync 1 DAGs
[2025-01-10T18:47:09.088+0000] {logging_mixin.py:190} INFO - [2025-01-10T18:47:09.087+0000] {dag.py:4180} INFO - Setting next_dagrun for example_task_group to None, run_after=None
[2025-01-10T18:47:09.145+0000] {processor.py:208} INFO - Processing /home/airflow/.local/lib/python3.12/site-packages/airflow/example_dags/example_task_group.py took 0.320 seconds
[2025-01-10T18:47:39.360+0000] {processor.py:186} INFO - Started process (PID=467) to work on /home/airflow/.local/lib/python3.12/site-packages/airflow/example_dags/example_task_group.py
[2025-01-10T18:47:39.362+0000] {processor.py:914} INFO - Processing file /home/airflow/.local/lib/python3.12/site-packages/airflow/example_dags/example_task_group.py for tasks to queue
[2025-01-10T18:47:39.368+0000] {logging_mixin.py:190} INFO - [2025-01-10T18:47:39.367+0000] {dagbag.py:588} INFO - Filling up the DagBag from /home/airflow/.local/lib/python3.12/site-packages/airflow/example_dags/example_task_group.py
[2025-01-10T18:47:39.394+0000] {processor.py:925} INFO - DAG(s) 'example_task_group' retrieved from /home/airflow/.local/lib/python3.12/site-packages/airflow/example_dags/example_task_group.py
[2025-01-10T18:47:39.455+0000] {logging_mixin.py:190} INFO - [2025-01-10T18:47:39.455+0000] {dag.py:3239} INFO - Sync 1 DAGs
[2025-01-10T18:47:39.492+0000] {logging_mixin.py:190} INFO - [2025-01-10T18:47:39.491+0000] {dag.py:4180} INFO - Setting next_dagrun for example_task_group to None, run_after=None
[2025-01-10T18:47:39.607+0000] {processor.py:208} INFO - Processing /home/airflow/.local/lib/python3.12/site-packages/airflow/example_dags/example_task_group.py took 0.259 seconds
[2025-01-10T18:48:10.131+0000] {processor.py:186} INFO - Started process (PID=529) to work on /home/airflow/.local/lib/python3.12/site-packages/airflow/example_dags/example_task_group.py
[2025-01-10T18:48:10.134+0000] {processor.py:914} INFO - Processing file /home/airflow/.local/lib/python3.12/site-packages/airflow/example_dags/example_task_group.py for tasks to queue
[2025-01-10T18:48:10.140+0000] {logging_mixin.py:190} INFO - [2025-01-10T18:48:10.140+0000] {dagbag.py:588} INFO - Filling up the DagBag from /home/airflow/.local/lib/python3.12/site-packages/airflow/example_dags/example_task_group.py
[2025-01-10T18:48:10.171+0000] {processor.py:925} INFO - DAG(s) 'example_task_group' retrieved from /home/airflow/.local/lib/python3.12/site-packages/airflow/example_dags/example_task_group.py
[2025-01-10T18:48:10.243+0000] {logging_mixin.py:190} INFO - [2025-01-10T18:48:10.242+0000] {dag.py:3239} INFO - Sync 1 DAGs
[2025-01-10T18:48:10.285+0000] {logging_mixin.py:190} INFO - [2025-01-10T18:48:10.284+0000] {dag.py:4180} INFO - Setting next_dagrun for example_task_group to None, run_after=None
[2025-01-10T18:48:10.331+0000] {processor.py:208} INFO - Processing /home/airflow/.local/lib/python3.12/site-packages/airflow/example_dags/example_task_group.py took 0.214 seconds
[2025-01-10T18:48:40.470+0000] {processor.py:186} INFO - Started process (PID=589) to work on /home/airflow/.local/lib/python3.12/site-packages/airflow/example_dags/example_task_group.py
[2025-01-10T18:48:40.474+0000] {processor.py:914} INFO - Processing file /home/airflow/.local/lib/python3.12/site-packages/airflow/example_dags/example_task_group.py for tasks to queue
[2025-01-10T18:48:40.481+0000] {logging_mixin.py:190} INFO - [2025-01-10T18:48:40.479+0000] {dagbag.py:588} INFO - Filling up the DagBag from /home/airflow/.local/lib/python3.12/site-packages/airflow/example_dags/example_task_group.py
[2025-01-10T18:48:40.509+0000] {processor.py:925} INFO - DAG(s) 'example_task_group' retrieved from /home/airflow/.local/lib/python3.12/site-packages/airflow/example_dags/example_task_group.py
[2025-01-10T18:48:40.570+0000] {logging_mixin.py:190} INFO - [2025-01-10T18:48:40.570+0000] {dag.py:3239} INFO - Sync 1 DAGs
[2025-01-10T18:48:40.609+0000] {logging_mixin.py:190} INFO - [2025-01-10T18:48:40.608+0000] {dag.py:4180} INFO - Setting next_dagrun for example_task_group to None, run_after=None
[2025-01-10T18:48:40.666+0000] {processor.py:208} INFO - Processing /home/airflow/.local/lib/python3.12/site-packages/airflow/example_dags/example_task_group.py took 0.215 seconds
[2025-01-10T18:49:11.453+0000] {processor.py:186} INFO - Started process (PID=652) to work on /home/airflow/.local/lib/python3.12/site-packages/airflow/example_dags/example_task_group.py
[2025-01-10T18:49:11.461+0000] {processor.py:914} INFO - Processing file /home/airflow/.local/lib/python3.12/site-packages/airflow/example_dags/example_task_group.py for tasks to queue
[2025-01-10T18:49:11.480+0000] {logging_mixin.py:190} INFO - [2025-01-10T18:49:11.478+0000] {dagbag.py:588} INFO - Filling up the DagBag from /home/airflow/.local/lib/python3.12/site-packages/airflow/example_dags/example_task_group.py
[2025-01-10T18:49:11.550+0000] {processor.py:925} INFO - DAG(s) 'example_task_group' retrieved from /home/airflow/.local/lib/python3.12/site-packages/airflow/example_dags/example_task_group.py
[2025-01-10T18:49:11.693+0000] {logging_mixin.py:190} INFO - [2025-01-10T18:49:11.691+0000] {dag.py:3239} INFO - Sync 1 DAGs
[2025-01-10T18:49:11.843+0000] {logging_mixin.py:190} INFO - [2025-01-10T18:49:11.842+0000] {dag.py:4180} INFO - Setting next_dagrun for example_task_group to None, run_after=None
[2025-01-10T18:49:11.913+0000] {processor.py:208} INFO - Processing /home/airflow/.local/lib/python3.12/site-packages/airflow/example_dags/example_task_group.py took 0.515 seconds
[2025-01-10T18:49:44.121+0000] {processor.py:186} INFO - Started process (PID=715) to work on /home/airflow/.local/lib/python3.12/site-packages/airflow/example_dags/example_task_group.py
[2025-01-10T18:49:44.126+0000] {processor.py:914} INFO - Processing file /home/airflow/.local/lib/python3.12/site-packages/airflow/example_dags/example_task_group.py for tasks to queue
[2025-01-10T18:49:44.135+0000] {logging_mixin.py:190} INFO - [2025-01-10T18:49:44.134+0000] {dagbag.py:588} INFO - Filling up the DagBag from /home/airflow/.local/lib/python3.12/site-packages/airflow/example_dags/example_task_group.py
[2025-01-10T18:49:44.157+0000] {processor.py:925} INFO - DAG(s) 'example_task_group' retrieved from /home/airflow/.local/lib/python3.12/site-packages/airflow/example_dags/example_task_group.py
[2025-01-10T18:49:44.213+0000] {logging_mixin.py:190} INFO - [2025-01-10T18:49:44.212+0000] {dag.py:3239} INFO - Sync 1 DAGs
[2025-01-10T18:49:44.255+0000] {logging_mixin.py:190} INFO - [2025-01-10T18:49:44.255+0000] {dag.py:4180} INFO - Setting next_dagrun for example_task_group to None, run_after=None
[2025-01-10T18:49:44.309+0000] {processor.py:208} INFO - Processing /home/airflow/.local/lib/python3.12/site-packages/airflow/example_dags/example_task_group.py took 0.216 seconds
[2025-01-10T18:50:14.654+0000] {processor.py:186} INFO - Started process (PID=778) to work on /home/airflow/.local/lib/python3.12/site-packages/airflow/example_dags/example_task_group.py
[2025-01-10T18:50:14.656+0000] {processor.py:914} INFO - Processing file /home/airflow/.local/lib/python3.12/site-packages/airflow/example_dags/example_task_group.py for tasks to queue
[2025-01-10T18:50:14.661+0000] {logging_mixin.py:190} INFO - [2025-01-10T18:50:14.661+0000] {dagbag.py:588} INFO - Filling up the DagBag from /home/airflow/.local/lib/python3.12/site-packages/airflow/example_dags/example_task_group.py
[2025-01-10T18:50:14.682+0000] {processor.py:925} INFO - DAG(s) 'example_task_group' retrieved from /home/airflow/.local/lib/python3.12/site-packages/airflow/example_dags/example_task_group.py
[2025-01-10T18:50:14.732+0000] {logging_mixin.py:190} INFO - [2025-01-10T18:50:14.731+0000] {dag.py:3239} INFO - Sync 1 DAGs
[2025-01-10T18:50:14.771+0000] {logging_mixin.py:190} INFO - [2025-01-10T18:50:14.770+0000] {dag.py:4180} INFO - Setting next_dagrun for example_task_group to None, run_after=None
[2025-01-10T18:50:14.811+0000] {processor.py:208} INFO - Processing /home/airflow/.local/lib/python3.12/site-packages/airflow/example_dags/example_task_group.py took 0.167 seconds
[2025-01-10T18:50:44.960+0000] {processor.py:186} INFO - Started process (PID=840) to work on /home/airflow/.local/lib/python3.12/site-packages/airflow/example_dags/example_task_group.py
[2025-01-10T18:50:44.962+0000] {processor.py:914} INFO - Processing file /home/airflow/.local/lib/python3.12/site-packages/airflow/example_dags/example_task_group.py for tasks to queue
[2025-01-10T18:50:44.968+0000] {logging_mixin.py:190} INFO - [2025-01-10T18:50:44.967+0000] {dagbag.py:588} INFO - Filling up the DagBag from /home/airflow/.local/lib/python3.12/site-packages/airflow/example_dags/example_task_group.py
[2025-01-10T18:50:44.986+0000] {processor.py:925} INFO - DAG(s) 'example_task_group' retrieved from /home/airflow/.local/lib/python3.12/site-packages/airflow/example_dags/example_task_group.py
[2025-01-10T18:50:45.031+0000] {logging_mixin.py:190} INFO - [2025-01-10T18:50:45.030+0000] {dag.py:3239} INFO - Sync 1 DAGs
[2025-01-10T18:50:45.060+0000] {logging_mixin.py:190} INFO - [2025-01-10T18:50:45.059+0000] {dag.py:4180} INFO - Setting next_dagrun for example_task_group to None, run_after=None
[2025-01-10T18:50:45.102+0000] {processor.py:208} INFO - Processing /home/airflow/.local/lib/python3.12/site-packages/airflow/example_dags/example_task_group.py took 0.156 seconds
[2025-01-10T18:51:15.281+0000] {processor.py:186} INFO - Started process (PID=903) to work on /home/airflow/.local/lib/python3.12/site-packages/airflow/example_dags/example_task_group.py
[2025-01-10T18:51:15.283+0000] {processor.py:914} INFO - Processing file /home/airflow/.local/lib/python3.12/site-packages/airflow/example_dags/example_task_group.py for tasks to queue
[2025-01-10T18:51:15.293+0000] {logging_mixin.py:190} INFO - [2025-01-10T18:51:15.292+0000] {dagbag.py:588} INFO - Filling up the DagBag from /home/airflow/.local/lib/python3.12/site-packages/airflow/example_dags/example_task_group.py
[2025-01-10T18:51:15.314+0000] {processor.py:925} INFO - DAG(s) 'example_task_group' retrieved from /home/airflow/.local/lib/python3.12/site-packages/airflow/example_dags/example_task_group.py
[2025-01-10T18:51:15.395+0000] {logging_mixin.py:190} INFO - [2025-01-10T18:51:15.394+0000] {dag.py:3239} INFO - Sync 1 DAGs
[2025-01-10T18:51:15.454+0000] {logging_mixin.py:190} INFO - [2025-01-10T18:51:15.454+0000] {dag.py:4180} INFO - Setting next_dagrun for example_task_group to None, run_after=None
[2025-01-10T18:51:15.512+0000] {processor.py:208} INFO - Processing /home/airflow/.local/lib/python3.12/site-packages/airflow/example_dags/example_task_group.py took 0.246 seconds
[2025-01-10T18:51:45.852+0000] {processor.py:186} INFO - Started process (PID=966) to work on /home/airflow/.local/lib/python3.12/site-packages/airflow/example_dags/example_task_group.py
[2025-01-10T18:51:45.856+0000] {processor.py:914} INFO - Processing file /home/airflow/.local/lib/python3.12/site-packages/airflow/example_dags/example_task_group.py for tasks to queue
[2025-01-10T18:51:45.866+0000] {logging_mixin.py:190} INFO - [2025-01-10T18:51:45.864+0000] {dagbag.py:588} INFO - Filling up the DagBag from /home/airflow/.local/lib/python3.12/site-packages/airflow/example_dags/example_task_group.py
[2025-01-10T18:51:45.905+0000] {processor.py:925} INFO - DAG(s) 'example_task_group' retrieved from /home/airflow/.local/lib/python3.12/site-packages/airflow/example_dags/example_task_group.py
[2025-01-10T18:51:46.010+0000] {logging_mixin.py:190} INFO - [2025-01-10T18:51:46.010+0000] {dag.py:3239} INFO - Sync 1 DAGs
[2025-01-10T18:51:46.061+0000] {logging_mixin.py:190} INFO - [2025-01-10T18:51:46.060+0000] {dag.py:4180} INFO - Setting next_dagrun for example_task_group to None, run_after=None
[2025-01-10T18:51:46.131+0000] {processor.py:208} INFO - Processing /home/airflow/.local/lib/python3.12/site-packages/airflow/example_dags/example_task_group.py took 0.303 seconds
[2025-01-10T18:52:16.734+0000] {processor.py:186} INFO - Started process (PID=1028) to work on /home/airflow/.local/lib/python3.12/site-packages/airflow/example_dags/example_task_group.py
[2025-01-10T18:52:16.739+0000] {processor.py:914} INFO - Processing file /home/airflow/.local/lib/python3.12/site-packages/airflow/example_dags/example_task_group.py for tasks to queue
[2025-01-10T18:52:16.765+0000] {logging_mixin.py:190} INFO - [2025-01-10T18:52:16.761+0000] {dagbag.py:588} INFO - Filling up the DagBag from /home/airflow/.local/lib/python3.12/site-packages/airflow/example_dags/example_task_group.py
[2025-01-10T18:52:16.830+0000] {processor.py:925} INFO - DAG(s) 'example_task_group' retrieved from /home/airflow/.local/lib/python3.12/site-packages/airflow/example_dags/example_task_group.py
[2025-01-10T18:52:16.926+0000] {logging_mixin.py:190} INFO - [2025-01-10T18:52:16.926+0000] {dag.py:3239} INFO - Sync 1 DAGs
[2025-01-10T18:52:16.957+0000] {logging_mixin.py:190} INFO - [2025-01-10T18:52:16.957+0000] {dag.py:4180} INFO - Setting next_dagrun for example_task_group to None, run_after=None
[2025-01-10T18:52:17.004+0000] {processor.py:208} INFO - Processing /home/airflow/.local/lib/python3.12/site-packages/airflow/example_dags/example_task_group.py took 0.287 seconds
[2025-01-10T18:52:48.120+0000] {processor.py:186} INFO - Started process (PID=1091) to work on /home/airflow/.local/lib/python3.12/site-packages/airflow/example_dags/example_task_group.py
[2025-01-10T18:52:48.121+0000] {processor.py:914} INFO - Processing file /home/airflow/.local/lib/python3.12/site-packages/airflow/example_dags/example_task_group.py for tasks to queue
[2025-01-10T18:52:48.127+0000] {logging_mixin.py:190} INFO - [2025-01-10T18:52:48.126+0000] {dagbag.py:588} INFO - Filling up the DagBag from /home/airflow/.local/lib/python3.12/site-packages/airflow/example_dags/example_task_group.py
[2025-01-10T18:52:48.145+0000] {processor.py:925} INFO - DAG(s) 'example_task_group' retrieved from /home/airflow/.local/lib/python3.12/site-packages/airflow/example_dags/example_task_group.py
[2025-01-10T18:52:48.216+0000] {logging_mixin.py:190} INFO - [2025-01-10T18:52:48.215+0000] {dag.py:3239} INFO - Sync 1 DAGs
[2025-01-10T18:52:48.263+0000] {logging_mixin.py:190} INFO - [2025-01-10T18:52:48.262+0000] {dag.py:4180} INFO - Setting next_dagrun for example_task_group to None, run_after=None
[2025-01-10T18:52:48.315+0000] {processor.py:208} INFO - Processing /home/airflow/.local/lib/python3.12/site-packages/airflow/example_dags/example_task_group.py took 0.207 seconds
[2025-01-10T18:53:19.305+0000] {processor.py:186} INFO - Started process (PID=1154) to work on /home/airflow/.local/lib/python3.12/site-packages/airflow/example_dags/example_task_group.py
[2025-01-10T18:53:19.307+0000] {processor.py:914} INFO - Processing file /home/airflow/.local/lib/python3.12/site-packages/airflow/example_dags/example_task_group.py for tasks to queue
[2025-01-10T18:53:19.314+0000] {logging_mixin.py:190} INFO - [2025-01-10T18:53:19.313+0000] {dagbag.py:588} INFO - Filling up the DagBag from /home/airflow/.local/lib/python3.12/site-packages/airflow/example_dags/example_task_group.py
[2025-01-10T18:53:19.333+0000] {processor.py:925} INFO - DAG(s) 'example_task_group' retrieved from /home/airflow/.local/lib/python3.12/site-packages/airflow/example_dags/example_task_group.py
[2025-01-10T18:53:19.411+0000] {logging_mixin.py:190} INFO - [2025-01-10T18:53:19.410+0000] {dag.py:3239} INFO - Sync 1 DAGs
[2025-01-10T18:53:19.463+0000] {logging_mixin.py:190} INFO - [2025-01-10T18:53:19.462+0000] {dag.py:4180} INFO - Setting next_dagrun for example_task_group to None, run_after=None
[2025-01-10T18:53:19.514+0000] {processor.py:208} INFO - Processing /home/airflow/.local/lib/python3.12/site-packages/airflow/example_dags/example_task_group.py took 0.226 seconds
[2025-01-10T18:53:49.782+0000] {processor.py:186} INFO - Started process (PID=1216) to work on /home/airflow/.local/lib/python3.12/site-packages/airflow/example_dags/example_task_group.py
[2025-01-10T18:53:49.785+0000] {processor.py:914} INFO - Processing file /home/airflow/.local/lib/python3.12/site-packages/airflow/example_dags/example_task_group.py for tasks to queue
[2025-01-10T18:53:49.793+0000] {logging_mixin.py:190} INFO - [2025-01-10T18:53:49.792+0000] {dagbag.py:588} INFO - Filling up the DagBag from /home/airflow/.local/lib/python3.12/site-packages/airflow/example_dags/example_task_group.py
[2025-01-10T18:53:49.818+0000] {processor.py:925} INFO - DAG(s) 'example_task_group' retrieved from /home/airflow/.local/lib/python3.12/site-packages/airflow/example_dags/example_task_group.py
[2025-01-10T18:53:49.867+0000] {logging_mixin.py:190} INFO - [2025-01-10T18:53:49.867+0000] {dag.py:3239} INFO - Sync 1 DAGs
[2025-01-10T18:53:49.900+0000] {logging_mixin.py:190} INFO - [2025-01-10T18:53:49.900+0000] {dag.py:4180} INFO - Setting next_dagrun for example_task_group to None, run_after=None
[2025-01-10T18:53:49.949+0000] {processor.py:208} INFO - Processing /home/airflow/.local/lib/python3.12/site-packages/airflow/example_dags/example_task_group.py took 0.186 seconds
[2025-01-10T18:54:20.539+0000] {processor.py:186} INFO - Started process (PID=1279) to work on /home/airflow/.local/lib/python3.12/site-packages/airflow/example_dags/example_task_group.py
[2025-01-10T18:54:20.545+0000] {processor.py:914} INFO - Processing file /home/airflow/.local/lib/python3.12/site-packages/airflow/example_dags/example_task_group.py for tasks to queue
[2025-01-10T18:54:20.562+0000] {logging_mixin.py:190} INFO - [2025-01-10T18:54:20.561+0000] {dagbag.py:588} INFO - Filling up the DagBag from /home/airflow/.local/lib/python3.12/site-packages/airflow/example_dags/example_task_group.py
[2025-01-10T18:54:20.633+0000] {processor.py:925} INFO - DAG(s) 'example_task_group' retrieved from /home/airflow/.local/lib/python3.12/site-packages/airflow/example_dags/example_task_group.py
[2025-01-10T18:54:20.698+0000] {logging_mixin.py:190} INFO - [2025-01-10T18:54:20.698+0000] {dag.py:3239} INFO - Sync 1 DAGs
[2025-01-10T18:54:20.760+0000] {logging_mixin.py:190} INFO - [2025-01-10T18:54:20.760+0000] {dag.py:4180} INFO - Setting next_dagrun for example_task_group to None, run_after=None
[2025-01-10T18:54:20.818+0000] {processor.py:208} INFO - Processing /home/airflow/.local/lib/python3.12/site-packages/airflow/example_dags/example_task_group.py took 0.327 seconds
[2025-01-10T18:54:50.983+0000] {processor.py:186} INFO - Started process (PID=1341) to work on /home/airflow/.local/lib/python3.12/site-packages/airflow/example_dags/example_task_group.py
[2025-01-10T18:54:50.985+0000] {processor.py:914} INFO - Processing file /home/airflow/.local/lib/python3.12/site-packages/airflow/example_dags/example_task_group.py for tasks to queue
[2025-01-10T18:54:50.992+0000] {logging_mixin.py:190} INFO - [2025-01-10T18:54:50.991+0000] {dagbag.py:588} INFO - Filling up the DagBag from /home/airflow/.local/lib/python3.12/site-packages/airflow/example_dags/example_task_group.py
[2025-01-10T18:54:51.017+0000] {processor.py:925} INFO - DAG(s) 'example_task_group' retrieved from /home/airflow/.local/lib/python3.12/site-packages/airflow/example_dags/example_task_group.py
[2025-01-10T18:54:51.096+0000] {logging_mixin.py:190} INFO - [2025-01-10T18:54:51.095+0000] {dag.py:3239} INFO - Sync 1 DAGs
[2025-01-10T18:54:51.145+0000] {logging_mixin.py:190} INFO - [2025-01-10T18:54:51.144+0000] {dag.py:4180} INFO - Setting next_dagrun for example_task_group to None, run_after=None
[2025-01-10T18:54:51.212+0000] {processor.py:208} INFO - Processing /home/airflow/.local/lib/python3.12/site-packages/airflow/example_dags/example_task_group.py took 0.242 seconds
[2025-01-10T18:55:21.874+0000] {processor.py:186} INFO - Started process (PID=1404) to work on /home/airflow/.local/lib/python3.12/site-packages/airflow/example_dags/example_task_group.py
[2025-01-10T18:55:21.880+0000] {processor.py:914} INFO - Processing file /home/airflow/.local/lib/python3.12/site-packages/airflow/example_dags/example_task_group.py for tasks to queue
[2025-01-10T18:55:21.893+0000] {logging_mixin.py:190} INFO - [2025-01-10T18:55:21.891+0000] {dagbag.py:588} INFO - Filling up the DagBag from /home/airflow/.local/lib/python3.12/site-packages/airflow/example_dags/example_task_group.py
[2025-01-10T18:55:21.919+0000] {processor.py:925} INFO - DAG(s) 'example_task_group' retrieved from /home/airflow/.local/lib/python3.12/site-packages/airflow/example_dags/example_task_group.py
[2025-01-10T18:55:22.025+0000] {logging_mixin.py:190} INFO - [2025-01-10T18:55:22.024+0000] {dag.py:3239} INFO - Sync 1 DAGs
[2025-01-10T18:55:22.113+0000] {logging_mixin.py:190} INFO - [2025-01-10T18:55:22.112+0000] {dag.py:4180} INFO - Setting next_dagrun for example_task_group to None, run_after=None
[2025-01-10T18:55:22.224+0000] {processor.py:208} INFO - Processing /home/airflow/.local/lib/python3.12/site-packages/airflow/example_dags/example_task_group.py took 0.365 seconds
[2025-01-10T18:55:52.594+0000] {processor.py:186} INFO - Started process (PID=1466) to work on /home/airflow/.local/lib/python3.12/site-packages/airflow/example_dags/example_task_group.py
[2025-01-10T18:55:52.597+0000] {processor.py:914} INFO - Processing file /home/airflow/.local/lib/python3.12/site-packages/airflow/example_dags/example_task_group.py for tasks to queue
[2025-01-10T18:55:52.605+0000] {logging_mixin.py:190} INFO - [2025-01-10T18:55:52.604+0000] {dagbag.py:588} INFO - Filling up the DagBag from /home/airflow/.local/lib/python3.12/site-packages/airflow/example_dags/example_task_group.py
[2025-01-10T18:55:52.632+0000] {processor.py:925} INFO - DAG(s) 'example_task_group' retrieved from /home/airflow/.local/lib/python3.12/site-packages/airflow/example_dags/example_task_group.py
[2025-01-10T18:55:52.701+0000] {logging_mixin.py:190} INFO - [2025-01-10T18:55:52.701+0000] {dag.py:3239} INFO - Sync 1 DAGs
[2025-01-10T18:55:52.737+0000] {logging_mixin.py:190} INFO - [2025-01-10T18:55:52.737+0000] {dag.py:4180} INFO - Setting next_dagrun for example_task_group to None, run_after=None
[2025-01-10T18:55:52.768+0000] {processor.py:208} INFO - Processing /home/airflow/.local/lib/python3.12/site-packages/airflow/example_dags/example_task_group.py took 0.189 seconds
[2025-01-10T18:56:23.124+0000] {processor.py:186} INFO - Started process (PID=1529) to work on /home/airflow/.local/lib/python3.12/site-packages/airflow/example_dags/example_task_group.py
[2025-01-10T18:56:23.133+0000] {processor.py:914} INFO - Processing file /home/airflow/.local/lib/python3.12/site-packages/airflow/example_dags/example_task_group.py for tasks to queue
[2025-01-10T18:56:23.150+0000] {logging_mixin.py:190} INFO - [2025-01-10T18:56:23.147+0000] {dagbag.py:588} INFO - Filling up the DagBag from /home/airflow/.local/lib/python3.12/site-packages/airflow/example_dags/example_task_group.py
[2025-01-10T18:56:23.196+0000] {processor.py:925} INFO - DAG(s) 'example_task_group' retrieved from /home/airflow/.local/lib/python3.12/site-packages/airflow/example_dags/example_task_group.py
[2025-01-10T18:56:23.261+0000] {logging_mixin.py:190} INFO - [2025-01-10T18:56:23.260+0000] {dag.py:3239} INFO - Sync 1 DAGs
[2025-01-10T18:56:23.303+0000] {logging_mixin.py:190} INFO - [2025-01-10T18:56:23.303+0000] {dag.py:4180} INFO - Setting next_dagrun for example_task_group to None, run_after=None
[2025-01-10T18:56:23.340+0000] {processor.py:208} INFO - Processing /home/airflow/.local/lib/python3.12/site-packages/airflow/example_dags/example_task_group.py took 0.249 seconds
[2025-01-10T18:56:54.612+0000] {processor.py:186} INFO - Started process (PID=1592) to work on /home/airflow/.local/lib/python3.12/site-packages/airflow/example_dags/example_task_group.py
[2025-01-10T18:56:54.615+0000] {processor.py:914} INFO - Processing file /home/airflow/.local/lib/python3.12/site-packages/airflow/example_dags/example_task_group.py for tasks to queue
[2025-01-10T18:56:54.620+0000] {logging_mixin.py:190} INFO - [2025-01-10T18:56:54.619+0000] {dagbag.py:588} INFO - Filling up the DagBag from /home/airflow/.local/lib/python3.12/site-packages/airflow/example_dags/example_task_group.py
[2025-01-10T18:56:54.637+0000] {processor.py:925} INFO - DAG(s) 'example_task_group' retrieved from /home/airflow/.local/lib/python3.12/site-packages/airflow/example_dags/example_task_group.py
[2025-01-10T18:56:54.728+0000] {logging_mixin.py:190} INFO - [2025-01-10T18:56:54.727+0000] {dag.py:3239} INFO - Sync 1 DAGs
[2025-01-10T18:56:54.771+0000] {logging_mixin.py:190} INFO - [2025-01-10T18:56:54.771+0000] {dag.py:4180} INFO - Setting next_dagrun for example_task_group to None, run_after=None
[2025-01-10T18:56:54.818+0000] {processor.py:208} INFO - Processing /home/airflow/.local/lib/python3.12/site-packages/airflow/example_dags/example_task_group.py took 0.218 seconds
[2025-01-10T18:57:25.255+0000] {processor.py:186} INFO - Started process (PID=1655) to work on /home/airflow/.local/lib/python3.12/site-packages/airflow/example_dags/example_task_group.py
[2025-01-10T18:57:25.257+0000] {processor.py:914} INFO - Processing file /home/airflow/.local/lib/python3.12/site-packages/airflow/example_dags/example_task_group.py for tasks to queue
[2025-01-10T18:57:25.263+0000] {logging_mixin.py:190} INFO - [2025-01-10T18:57:25.262+0000] {dagbag.py:588} INFO - Filling up the DagBag from /home/airflow/.local/lib/python3.12/site-packages/airflow/example_dags/example_task_group.py
[2025-01-10T18:57:25.283+0000] {processor.py:925} INFO - DAG(s) 'example_task_group' retrieved from /home/airflow/.local/lib/python3.12/site-packages/airflow/example_dags/example_task_group.py
[2025-01-10T18:57:25.330+0000] {logging_mixin.py:190} INFO - [2025-01-10T18:57:25.330+0000] {dag.py:3239} INFO - Sync 1 DAGs
[2025-01-10T18:57:25.366+0000] {logging_mixin.py:190} INFO - [2025-01-10T18:57:25.366+0000] {dag.py:4180} INFO - Setting next_dagrun for example_task_group to None, run_after=None
[2025-01-10T18:57:25.413+0000] {processor.py:208} INFO - Processing /home/airflow/.local/lib/python3.12/site-packages/airflow/example_dags/example_task_group.py took 0.171 seconds
[2025-01-10T18:57:56.218+0000] {processor.py:186} INFO - Started process (PID=1717) to work on /home/airflow/.local/lib/python3.12/site-packages/airflow/example_dags/example_task_group.py
[2025-01-10T18:57:56.224+0000] {processor.py:914} INFO - Processing file /home/airflow/.local/lib/python3.12/site-packages/airflow/example_dags/example_task_group.py for tasks to queue
[2025-01-10T18:57:56.232+0000] {logging_mixin.py:190} INFO - [2025-01-10T18:57:56.231+0000] {dagbag.py:588} INFO - Filling up the DagBag from /home/airflow/.local/lib/python3.12/site-packages/airflow/example_dags/example_task_group.py
[2025-01-10T18:57:56.271+0000] {processor.py:925} INFO - DAG(s) 'example_task_group' retrieved from /home/airflow/.local/lib/python3.12/site-packages/airflow/example_dags/example_task_group.py
[2025-01-10T18:57:56.453+0000] {logging_mixin.py:190} INFO - [2025-01-10T18:57:56.450+0000] {dag.py:3239} INFO - Sync 1 DAGs
[2025-01-10T18:57:56.535+0000] {logging_mixin.py:190} INFO - [2025-01-10T18:57:56.534+0000] {dag.py:4180} INFO - Setting next_dagrun for example_task_group to None, run_after=None
[2025-01-10T18:57:56.684+0000] {processor.py:208} INFO - Processing /home/airflow/.local/lib/python3.12/site-packages/airflow/example_dags/example_task_group.py took 0.481 seconds
[2025-01-10T18:58:28.393+0000] {processor.py:186} INFO - Started process (PID=1780) to work on /home/airflow/.local/lib/python3.12/site-packages/airflow/example_dags/example_task_group.py
[2025-01-10T18:58:28.395+0000] {processor.py:914} INFO - Processing file /home/airflow/.local/lib/python3.12/site-packages/airflow/example_dags/example_task_group.py for tasks to queue
[2025-01-10T18:58:28.400+0000] {logging_mixin.py:190} INFO - [2025-01-10T18:58:28.400+0000] {dagbag.py:588} INFO - Filling up the DagBag from /home/airflow/.local/lib/python3.12/site-packages/airflow/example_dags/example_task_group.py
[2025-01-10T18:58:28.422+0000] {processor.py:925} INFO - DAG(s) 'example_task_group' retrieved from /home/airflow/.local/lib/python3.12/site-packages/airflow/example_dags/example_task_group.py
[2025-01-10T18:58:28.605+0000] {logging_mixin.py:190} INFO - [2025-01-10T18:58:28.604+0000] {dag.py:3239} INFO - Sync 1 DAGs
[2025-01-10T18:58:28.712+0000] {logging_mixin.py:190} INFO - [2025-01-10T18:58:28.711+0000] {dag.py:4180} INFO - Setting next_dagrun for example_task_group to None, run_after=None
[2025-01-10T18:58:28.828+0000] {processor.py:208} INFO - Processing /home/airflow/.local/lib/python3.12/site-packages/airflow/example_dags/example_task_group.py took 0.450 seconds
[2025-01-10T18:58:59.598+0000] {processor.py:186} INFO - Started process (PID=1842) to work on /home/airflow/.local/lib/python3.12/site-packages/airflow/example_dags/example_task_group.py
[2025-01-10T18:58:59.601+0000] {processor.py:914} INFO - Processing file /home/airflow/.local/lib/python3.12/site-packages/airflow/example_dags/example_task_group.py for tasks to queue
[2025-01-10T18:58:59.607+0000] {logging_mixin.py:190} INFO - [2025-01-10T18:58:59.606+0000] {dagbag.py:588} INFO - Filling up the DagBag from /home/airflow/.local/lib/python3.12/site-packages/airflow/example_dags/example_task_group.py
[2025-01-10T18:58:59.632+0000] {processor.py:925} INFO - DAG(s) 'example_task_group' retrieved from /home/airflow/.local/lib/python3.12/site-packages/airflow/example_dags/example_task_group.py
[2025-01-10T18:58:59.699+0000] {logging_mixin.py:190} INFO - [2025-01-10T18:58:59.699+0000] {dag.py:3239} INFO - Sync 1 DAGs
[2025-01-10T18:58:59.754+0000] {logging_mixin.py:190} INFO - [2025-01-10T18:58:59.754+0000] {dag.py:4180} INFO - Setting next_dagrun for example_task_group to None, run_after=None
[2025-01-10T18:58:59.830+0000] {processor.py:208} INFO - Processing /home/airflow/.local/lib/python3.12/site-packages/airflow/example_dags/example_task_group.py took 0.246 seconds
[2025-01-10T18:59:30.128+0000] {processor.py:186} INFO - Started process (PID=1905) to work on /home/airflow/.local/lib/python3.12/site-packages/airflow/example_dags/example_task_group.py
[2025-01-10T18:59:30.132+0000] {processor.py:914} INFO - Processing file /home/airflow/.local/lib/python3.12/site-packages/airflow/example_dags/example_task_group.py for tasks to queue
[2025-01-10T18:59:30.151+0000] {logging_mixin.py:190} INFO - [2025-01-10T18:59:30.148+0000] {dagbag.py:588} INFO - Filling up the DagBag from /home/airflow/.local/lib/python3.12/site-packages/airflow/example_dags/example_task_group.py
[2025-01-10T18:59:30.206+0000] {processor.py:925} INFO - DAG(s) 'example_task_group' retrieved from /home/airflow/.local/lib/python3.12/site-packages/airflow/example_dags/example_task_group.py
[2025-01-10T18:59:30.306+0000] {logging_mixin.py:190} INFO - [2025-01-10T18:59:30.306+0000] {dag.py:3239} INFO - Sync 1 DAGs
[2025-01-10T18:59:30.351+0000] {logging_mixin.py:190} INFO - [2025-01-10T18:59:30.350+0000] {dag.py:4180} INFO - Setting next_dagrun for example_task_group to None, run_after=None
[2025-01-10T18:59:30.411+0000] {processor.py:208} INFO - Processing /home/airflow/.local/lib/python3.12/site-packages/airflow/example_dags/example_task_group.py took 0.304 seconds
[2025-01-10T19:00:00.645+0000] {processor.py:186} INFO - Started process (PID=1967) to work on /home/airflow/.local/lib/python3.12/site-packages/airflow/example_dags/example_task_group.py
[2025-01-10T19:00:00.648+0000] {processor.py:914} INFO - Processing file /home/airflow/.local/lib/python3.12/site-packages/airflow/example_dags/example_task_group.py for tasks to queue
[2025-01-10T19:00:00.657+0000] {logging_mixin.py:190} INFO - [2025-01-10T19:00:00.656+0000] {dagbag.py:588} INFO - Filling up the DagBag from /home/airflow/.local/lib/python3.12/site-packages/airflow/example_dags/example_task_group.py
[2025-01-10T19:00:00.697+0000] {processor.py:925} INFO - DAG(s) 'example_task_group' retrieved from /home/airflow/.local/lib/python3.12/site-packages/airflow/example_dags/example_task_group.py
[2025-01-10T19:00:00.760+0000] {logging_mixin.py:190} INFO - [2025-01-10T19:00:00.759+0000] {dag.py:3239} INFO - Sync 1 DAGs
[2025-01-10T19:00:00.789+0000] {logging_mixin.py:190} INFO - [2025-01-10T19:00:00.789+0000] {dag.py:4180} INFO - Setting next_dagrun for example_task_group to None, run_after=None
[2025-01-10T19:00:00.845+0000] {processor.py:208} INFO - Processing /home/airflow/.local/lib/python3.12/site-packages/airflow/example_dags/example_task_group.py took 0.226 seconds
[2025-01-10T19:00:31.722+0000] {processor.py:186} INFO - Started process (PID=2030) to work on /home/airflow/.local/lib/python3.12/site-packages/airflow/example_dags/example_task_group.py
[2025-01-10T19:00:31.724+0000] {processor.py:914} INFO - Processing file /home/airflow/.local/lib/python3.12/site-packages/airflow/example_dags/example_task_group.py for tasks to queue
[2025-01-10T19:00:31.731+0000] {logging_mixin.py:190} INFO - [2025-01-10T19:00:31.730+0000] {dagbag.py:588} INFO - Filling up the DagBag from /home/airflow/.local/lib/python3.12/site-packages/airflow/example_dags/example_task_group.py
[2025-01-10T19:00:31.753+0000] {processor.py:925} INFO - DAG(s) 'example_task_group' retrieved from /home/airflow/.local/lib/python3.12/site-packages/airflow/example_dags/example_task_group.py
[2025-01-10T19:00:31.822+0000] {logging_mixin.py:190} INFO - [2025-01-10T19:00:31.822+0000] {dag.py:3239} INFO - Sync 1 DAGs
[2025-01-10T19:00:31.862+0000] {logging_mixin.py:190} INFO - [2025-01-10T19:00:31.862+0000] {dag.py:4180} INFO - Setting next_dagrun for example_task_group to None, run_after=None
[2025-01-10T19:00:31.896+0000] {processor.py:208} INFO - Processing /home/airflow/.local/lib/python3.12/site-packages/airflow/example_dags/example_task_group.py took 0.189 seconds
[2025-01-10T19:01:02.428+0000] {processor.py:186} INFO - Started process (PID=2093) to work on /home/airflow/.local/lib/python3.12/site-packages/airflow/example_dags/example_task_group.py
[2025-01-10T19:01:02.431+0000] {processor.py:914} INFO - Processing file /home/airflow/.local/lib/python3.12/site-packages/airflow/example_dags/example_task_group.py for tasks to queue
[2025-01-10T19:01:02.437+0000] {logging_mixin.py:190} INFO - [2025-01-10T19:01:02.436+0000] {dagbag.py:588} INFO - Filling up the DagBag from /home/airflow/.local/lib/python3.12/site-packages/airflow/example_dags/example_task_group.py
[2025-01-10T19:01:02.465+0000] {processor.py:925} INFO - DAG(s) 'example_task_group' retrieved from /home/airflow/.local/lib/python3.12/site-packages/airflow/example_dags/example_task_group.py
[2025-01-10T19:01:02.542+0000] {logging_mixin.py:190} INFO - [2025-01-10T19:01:02.541+0000] {dag.py:3239} INFO - Sync 1 DAGs
[2025-01-10T19:01:02.602+0000] {logging_mixin.py:190} INFO - [2025-01-10T19:01:02.601+0000] {dag.py:4180} INFO - Setting next_dagrun for example_task_group to None, run_after=None
[2025-01-10T19:01:02.674+0000] {processor.py:208} INFO - Processing /home/airflow/.local/lib/python3.12/site-packages/airflow/example_dags/example_task_group.py took 0.262 seconds
[2025-01-10T19:01:33.475+0000] {processor.py:186} INFO - Started process (PID=2156) to work on /home/airflow/.local/lib/python3.12/site-packages/airflow/example_dags/example_task_group.py
[2025-01-10T19:01:33.478+0000] {processor.py:914} INFO - Processing file /home/airflow/.local/lib/python3.12/site-packages/airflow/example_dags/example_task_group.py for tasks to queue
[2025-01-10T19:01:33.484+0000] {logging_mixin.py:190} INFO - [2025-01-10T19:01:33.483+0000] {dagbag.py:588} INFO - Filling up the DagBag from /home/airflow/.local/lib/python3.12/site-packages/airflow/example_dags/example_task_group.py
[2025-01-10T19:01:33.506+0000] {processor.py:925} INFO - DAG(s) 'example_task_group' retrieved from /home/airflow/.local/lib/python3.12/site-packages/airflow/example_dags/example_task_group.py
[2025-01-10T19:01:33.565+0000] {logging_mixin.py:190} INFO - [2025-01-10T19:01:33.564+0000] {dag.py:3239} INFO - Sync 1 DAGs
[2025-01-10T19:01:33.598+0000] {logging_mixin.py:190} INFO - [2025-01-10T19:01:33.598+0000] {dag.py:4180} INFO - Setting next_dagrun for example_task_group to None, run_after=None
[2025-01-10T19:01:33.638+0000] {processor.py:208} INFO - Processing /home/airflow/.local/lib/python3.12/site-packages/airflow/example_dags/example_task_group.py took 0.182 seconds
[2025-01-10T19:02:03.990+0000] {processor.py:186} INFO - Started process (PID=2219) to work on /home/airflow/.local/lib/python3.12/site-packages/airflow/example_dags/example_task_group.py
[2025-01-10T19:02:03.993+0000] {processor.py:914} INFO - Processing file /home/airflow/.local/lib/python3.12/site-packages/airflow/example_dags/example_task_group.py for tasks to queue
[2025-01-10T19:02:03.999+0000] {logging_mixin.py:190} INFO - [2025-01-10T19:02:03.999+0000] {dagbag.py:588} INFO - Filling up the DagBag from /home/airflow/.local/lib/python3.12/site-packages/airflow/example_dags/example_task_group.py
[2025-01-10T19:02:04.019+0000] {processor.py:925} INFO - DAG(s) 'example_task_group' retrieved from /home/airflow/.local/lib/python3.12/site-packages/airflow/example_dags/example_task_group.py
[2025-01-10T19:02:04.074+0000] {logging_mixin.py:190} INFO - [2025-01-10T19:02:04.073+0000] {dag.py:3239} INFO - Sync 1 DAGs
[2025-01-10T19:02:04.108+0000] {logging_mixin.py:190} INFO - [2025-01-10T19:02:04.107+0000] {dag.py:4180} INFO - Setting next_dagrun for example_task_group to None, run_after=None
[2025-01-10T19:02:04.152+0000] {processor.py:208} INFO - Processing /home/airflow/.local/lib/python3.12/site-packages/airflow/example_dags/example_task_group.py took 0.175 seconds
[2025-01-10T19:02:34.412+0000] {processor.py:186} INFO - Started process (PID=2282) to work on /home/airflow/.local/lib/python3.12/site-packages/airflow/example_dags/example_task_group.py
[2025-01-10T19:02:34.414+0000] {processor.py:914} INFO - Processing file /home/airflow/.local/lib/python3.12/site-packages/airflow/example_dags/example_task_group.py for tasks to queue
[2025-01-10T19:02:34.419+0000] {logging_mixin.py:190} INFO - [2025-01-10T19:02:34.418+0000] {dagbag.py:588} INFO - Filling up the DagBag from /home/airflow/.local/lib/python3.12/site-packages/airflow/example_dags/example_task_group.py
[2025-01-10T19:02:34.438+0000] {processor.py:925} INFO - DAG(s) 'example_task_group' retrieved from /home/airflow/.local/lib/python3.12/site-packages/airflow/example_dags/example_task_group.py
[2025-01-10T19:02:34.516+0000] {logging_mixin.py:190} INFO - [2025-01-10T19:02:34.514+0000] {dag.py:3239} INFO - Sync 1 DAGs
[2025-01-10T19:02:34.601+0000] {logging_mixin.py:190} INFO - [2025-01-10T19:02:34.601+0000] {dag.py:4180} INFO - Setting next_dagrun for example_task_group to None, run_after=None
[2025-01-10T19:02:34.645+0000] {processor.py:208} INFO - Processing /home/airflow/.local/lib/python3.12/site-packages/airflow/example_dags/example_task_group.py took 0.248 seconds
[2025-01-10T19:03:05.460+0000] {processor.py:186} INFO - Started process (PID=2345) to work on /home/airflow/.local/lib/python3.12/site-packages/airflow/example_dags/example_task_group.py
[2025-01-10T19:03:05.463+0000] {processor.py:914} INFO - Processing file /home/airflow/.local/lib/python3.12/site-packages/airflow/example_dags/example_task_group.py for tasks to queue
[2025-01-10T19:03:05.476+0000] {logging_mixin.py:190} INFO - [2025-01-10T19:03:05.475+0000] {dagbag.py:588} INFO - Filling up the DagBag from /home/airflow/.local/lib/python3.12/site-packages/airflow/example_dags/example_task_group.py
[2025-01-10T19:03:05.516+0000] {processor.py:925} INFO - DAG(s) 'example_task_group' retrieved from /home/airflow/.local/lib/python3.12/site-packages/airflow/example_dags/example_task_group.py
[2025-01-10T19:03:05.699+0000] {logging_mixin.py:190} INFO - [2025-01-10T19:03:05.698+0000] {dag.py:3239} INFO - Sync 1 DAGs
[2025-01-10T19:03:05.760+0000] {logging_mixin.py:190} INFO - [2025-01-10T19:03:05.760+0000] {dag.py:4180} INFO - Setting next_dagrun for example_task_group to None, run_after=None
[2025-01-10T19:03:05.888+0000] {processor.py:208} INFO - Processing /home/airflow/.local/lib/python3.12/site-packages/airflow/example_dags/example_task_group.py took 0.458 seconds
[2025-01-10T19:03:36.473+0000] {processor.py:186} INFO - Started process (PID=2408) to work on /home/airflow/.local/lib/python3.12/site-packages/airflow/example_dags/example_task_group.py
[2025-01-10T19:03:36.479+0000] {processor.py:914} INFO - Processing file /home/airflow/.local/lib/python3.12/site-packages/airflow/example_dags/example_task_group.py for tasks to queue
[2025-01-10T19:03:36.492+0000] {logging_mixin.py:190} INFO - [2025-01-10T19:03:36.491+0000] {dagbag.py:588} INFO - Filling up the DagBag from /home/airflow/.local/lib/python3.12/site-packages/airflow/example_dags/example_task_group.py
[2025-01-10T19:03:36.530+0000] {processor.py:925} INFO - DAG(s) 'example_task_group' retrieved from /home/airflow/.local/lib/python3.12/site-packages/airflow/example_dags/example_task_group.py
[2025-01-10T19:03:36.625+0000] {logging_mixin.py:190} INFO - [2025-01-10T19:03:36.625+0000] {dag.py:3239} INFO - Sync 1 DAGs
[2025-01-10T19:03:36.694+0000] {logging_mixin.py:190} INFO - [2025-01-10T19:03:36.693+0000] {dag.py:4180} INFO - Setting next_dagrun for example_task_group to None, run_after=None
[2025-01-10T19:03:36.794+0000] {processor.py:208} INFO - Processing /home/airflow/.local/lib/python3.12/site-packages/airflow/example_dags/example_task_group.py took 0.342 seconds
[2025-01-10T19:04:07.405+0000] {processor.py:186} INFO - Started process (PID=2470) to work on /home/airflow/.local/lib/python3.12/site-packages/airflow/example_dags/example_task_group.py
[2025-01-10T19:04:07.408+0000] {processor.py:914} INFO - Processing file /home/airflow/.local/lib/python3.12/site-packages/airflow/example_dags/example_task_group.py for tasks to queue
[2025-01-10T19:04:07.414+0000] {logging_mixin.py:190} INFO - [2025-01-10T19:04:07.413+0000] {dagbag.py:588} INFO - Filling up the DagBag from /home/airflow/.local/lib/python3.12/site-packages/airflow/example_dags/example_task_group.py
[2025-01-10T19:04:07.440+0000] {processor.py:925} INFO - DAG(s) 'example_task_group' retrieved from /home/airflow/.local/lib/python3.12/site-packages/airflow/example_dags/example_task_group.py
[2025-01-10T19:04:07.500+0000] {logging_mixin.py:190} INFO - [2025-01-10T19:04:07.499+0000] {dag.py:3239} INFO - Sync 1 DAGs
[2025-01-10T19:04:07.548+0000] {logging_mixin.py:190} INFO - [2025-01-10T19:04:07.548+0000] {dag.py:4180} INFO - Setting next_dagrun for example_task_group to None, run_after=None
[2025-01-10T19:04:07.606+0000] {processor.py:208} INFO - Processing /home/airflow/.local/lib/python3.12/site-packages/airflow/example_dags/example_task_group.py took 0.216 seconds
[2025-01-10T19:04:39.715+0000] {processor.py:186} INFO - Started process (PID=2533) to work on /home/airflow/.local/lib/python3.12/site-packages/airflow/example_dags/example_task_group.py
[2025-01-10T19:04:39.719+0000] {processor.py:914} INFO - Processing file /home/airflow/.local/lib/python3.12/site-packages/airflow/example_dags/example_task_group.py for tasks to queue
[2025-01-10T19:04:39.727+0000] {logging_mixin.py:190} INFO - [2025-01-10T19:04:39.726+0000] {dagbag.py:588} INFO - Filling up the DagBag from /home/airflow/.local/lib/python3.12/site-packages/airflow/example_dags/example_task_group.py
[2025-01-10T19:04:39.768+0000] {processor.py:925} INFO - DAG(s) 'example_task_group' retrieved from /home/airflow/.local/lib/python3.12/site-packages/airflow/example_dags/example_task_group.py
[2025-01-10T19:04:39.847+0000] {logging_mixin.py:190} INFO - [2025-01-10T19:04:39.846+0000] {dag.py:3239} INFO - Sync 1 DAGs
[2025-01-10T19:04:39.902+0000] {logging_mixin.py:190} INFO - [2025-01-10T19:04:39.901+0000] {dag.py:4180} INFO - Setting next_dagrun for example_task_group to None, run_after=None
[2025-01-10T19:04:40.017+0000] {processor.py:208} INFO - Processing /home/airflow/.local/lib/python3.12/site-packages/airflow/example_dags/example_task_group.py took 0.326 seconds
[2025-01-10T19:05:12.043+0000] {processor.py:186} INFO - Started process (PID=2593) to work on /home/airflow/.local/lib/python3.12/site-packages/airflow/example_dags/example_task_group.py
[2025-01-10T19:05:12.045+0000] {processor.py:914} INFO - Processing file /home/airflow/.local/lib/python3.12/site-packages/airflow/example_dags/example_task_group.py for tasks to queue
[2025-01-10T19:05:12.053+0000] {logging_mixin.py:190} INFO - [2025-01-10T19:05:12.052+0000] {dagbag.py:588} INFO - Filling up the DagBag from /home/airflow/.local/lib/python3.12/site-packages/airflow/example_dags/example_task_group.py
[2025-01-10T19:05:12.073+0000] {processor.py:925} INFO - DAG(s) 'example_task_group' retrieved from /home/airflow/.local/lib/python3.12/site-packages/airflow/example_dags/example_task_group.py
[2025-01-10T19:05:12.121+0000] {logging_mixin.py:190} INFO - [2025-01-10T19:05:12.120+0000] {dag.py:3239} INFO - Sync 1 DAGs
[2025-01-10T19:05:12.160+0000] {logging_mixin.py:190} INFO - [2025-01-10T19:05:12.159+0000] {dag.py:4180} INFO - Setting next_dagrun for example_task_group to None, run_after=None
[2025-01-10T19:05:12.241+0000] {processor.py:208} INFO - Processing /home/airflow/.local/lib/python3.12/site-packages/airflow/example_dags/example_task_group.py took 0.206 seconds
[2025-01-10T19:05:44.258+0000] {processor.py:186} INFO - Started process (PID=2662) to work on /home/airflow/.local/lib/python3.12/site-packages/airflow/example_dags/example_task_group.py
[2025-01-10T19:05:44.260+0000] {processor.py:914} INFO - Processing file /home/airflow/.local/lib/python3.12/site-packages/airflow/example_dags/example_task_group.py for tasks to queue
[2025-01-10T19:05:44.265+0000] {logging_mixin.py:190} INFO - [2025-01-10T19:05:44.264+0000] {dagbag.py:588} INFO - Filling up the DagBag from /home/airflow/.local/lib/python3.12/site-packages/airflow/example_dags/example_task_group.py
[2025-01-10T19:05:44.285+0000] {processor.py:925} INFO - DAG(s) 'example_task_group' retrieved from /home/airflow/.local/lib/python3.12/site-packages/airflow/example_dags/example_task_group.py
[2025-01-10T19:05:44.334+0000] {logging_mixin.py:190} INFO - [2025-01-10T19:05:44.334+0000] {dag.py:3239} INFO - Sync 1 DAGs
[2025-01-10T19:05:44.368+0000] {logging_mixin.py:190} INFO - [2025-01-10T19:05:44.368+0000] {dag.py:4180} INFO - Setting next_dagrun for example_task_group to None, run_after=None
[2025-01-10T19:05:44.419+0000] {processor.py:208} INFO - Processing /home/airflow/.local/lib/python3.12/site-packages/airflow/example_dags/example_task_group.py took 0.174 seconds
[2025-01-10T19:06:16.676+0000] {processor.py:186} INFO - Started process (PID=2724) to work on /home/airflow/.local/lib/python3.12/site-packages/airflow/example_dags/example_task_group.py
[2025-01-10T19:06:16.679+0000] {processor.py:914} INFO - Processing file /home/airflow/.local/lib/python3.12/site-packages/airflow/example_dags/example_task_group.py for tasks to queue
[2025-01-10T19:06:16.685+0000] {logging_mixin.py:190} INFO - [2025-01-10T19:06:16.685+0000] {dagbag.py:588} INFO - Filling up the DagBag from /home/airflow/.local/lib/python3.12/site-packages/airflow/example_dags/example_task_group.py
[2025-01-10T19:06:16.706+0000] {processor.py:925} INFO - DAG(s) 'example_task_group' retrieved from /home/airflow/.local/lib/python3.12/site-packages/airflow/example_dags/example_task_group.py
[2025-01-10T19:06:16.748+0000] {logging_mixin.py:190} INFO - [2025-01-10T19:06:16.747+0000] {dag.py:3239} INFO - Sync 1 DAGs
[2025-01-10T19:06:16.781+0000] {logging_mixin.py:190} INFO - [2025-01-10T19:06:16.781+0000] {dag.py:4180} INFO - Setting next_dagrun for example_task_group to None, run_after=None
[2025-01-10T19:06:16.834+0000] {processor.py:208} INFO - Processing /home/airflow/.local/lib/python3.12/site-packages/airflow/example_dags/example_task_group.py took 0.174 seconds
[2025-01-10T19:06:49.776+0000] {processor.py:186} INFO - Started process (PID=2787) to work on /home/airflow/.local/lib/python3.12/site-packages/airflow/example_dags/example_task_group.py
[2025-01-10T19:06:49.779+0000] {processor.py:914} INFO - Processing file /home/airflow/.local/lib/python3.12/site-packages/airflow/example_dags/example_task_group.py for tasks to queue
[2025-01-10T19:06:49.785+0000] {logging_mixin.py:190} INFO - [2025-01-10T19:06:49.784+0000] {dagbag.py:588} INFO - Filling up the DagBag from /home/airflow/.local/lib/python3.12/site-packages/airflow/example_dags/example_task_group.py
[2025-01-10T19:06:49.814+0000] {processor.py:925} INFO - DAG(s) 'example_task_group' retrieved from /home/airflow/.local/lib/python3.12/site-packages/airflow/example_dags/example_task_group.py
[2025-01-10T19:06:49.926+0000] {logging_mixin.py:190} INFO - [2025-01-10T19:06:49.925+0000] {dag.py:3239} INFO - Sync 1 DAGs
[2025-01-10T19:06:50.007+0000] {logging_mixin.py:190} INFO - [2025-01-10T19:06:50.006+0000] {dag.py:4180} INFO - Setting next_dagrun for example_task_group to None, run_after=None
[2025-01-10T19:06:50.087+0000] {processor.py:208} INFO - Processing /home/airflow/.local/lib/python3.12/site-packages/airflow/example_dags/example_task_group.py took 0.334 seconds
[2025-01-10T19:07:20.323+0000] {processor.py:186} INFO - Started process (PID=2849) to work on /home/airflow/.local/lib/python3.12/site-packages/airflow/example_dags/example_task_group.py
[2025-01-10T19:07:20.325+0000] {processor.py:914} INFO - Processing file /home/airflow/.local/lib/python3.12/site-packages/airflow/example_dags/example_task_group.py for tasks to queue
[2025-01-10T19:07:20.331+0000] {logging_mixin.py:190} INFO - [2025-01-10T19:07:20.331+0000] {dagbag.py:588} INFO - Filling up the DagBag from /home/airflow/.local/lib/python3.12/site-packages/airflow/example_dags/example_task_group.py
[2025-01-10T19:07:20.353+0000] {processor.py:925} INFO - DAG(s) 'example_task_group' retrieved from /home/airflow/.local/lib/python3.12/site-packages/airflow/example_dags/example_task_group.py
[2025-01-10T19:07:20.420+0000] {logging_mixin.py:190} INFO - [2025-01-10T19:07:20.420+0000] {dag.py:3239} INFO - Sync 1 DAGs
[2025-01-10T19:07:20.459+0000] {logging_mixin.py:190} INFO - [2025-01-10T19:07:20.459+0000] {dag.py:4180} INFO - Setting next_dagrun for example_task_group to None, run_after=None
[2025-01-10T19:07:20.514+0000] {processor.py:208} INFO - Processing /home/airflow/.local/lib/python3.12/site-packages/airflow/example_dags/example_task_group.py took 0.201 seconds
[2025-01-10T19:07:51.115+0000] {processor.py:186} INFO - Started process (PID=2911) to work on /home/airflow/.local/lib/python3.12/site-packages/airflow/example_dags/example_task_group.py
[2025-01-10T19:07:51.123+0000] {processor.py:914} INFO - Processing file /home/airflow/.local/lib/python3.12/site-packages/airflow/example_dags/example_task_group.py for tasks to queue
[2025-01-10T19:07:51.134+0000] {logging_mixin.py:190} INFO - [2025-01-10T19:07:51.133+0000] {dagbag.py:588} INFO - Filling up the DagBag from /home/airflow/.local/lib/python3.12/site-packages/airflow/example_dags/example_task_group.py
[2025-01-10T19:07:51.154+0000] {processor.py:925} INFO - DAG(s) 'example_task_group' retrieved from /home/airflow/.local/lib/python3.12/site-packages/airflow/example_dags/example_task_group.py
[2025-01-10T19:07:51.214+0000] {logging_mixin.py:190} INFO - [2025-01-10T19:07:51.214+0000] {dag.py:3239} INFO - Sync 1 DAGs
[2025-01-10T19:07:51.258+0000] {logging_mixin.py:190} INFO - [2025-01-10T19:07:51.257+0000] {dag.py:4180} INFO - Setting next_dagrun for example_task_group to None, run_after=None
[2025-01-10T19:07:51.339+0000] {processor.py:208} INFO - Processing /home/airflow/.local/lib/python3.12/site-packages/airflow/example_dags/example_task_group.py took 0.260 seconds
[2025-01-10T19:08:22.118+0000] {processor.py:186} INFO - Started process (PID=2974) to work on /home/airflow/.local/lib/python3.12/site-packages/airflow/example_dags/example_task_group.py
[2025-01-10T19:08:22.121+0000] {processor.py:914} INFO - Processing file /home/airflow/.local/lib/python3.12/site-packages/airflow/example_dags/example_task_group.py for tasks to queue
[2025-01-10T19:08:22.135+0000] {logging_mixin.py:190} INFO - [2025-01-10T19:08:22.133+0000] {dagbag.py:588} INFO - Filling up the DagBag from /home/airflow/.local/lib/python3.12/site-packages/airflow/example_dags/example_task_group.py
[2025-01-10T19:08:22.180+0000] {processor.py:925} INFO - DAG(s) 'example_task_group' retrieved from /home/airflow/.local/lib/python3.12/site-packages/airflow/example_dags/example_task_group.py
[2025-01-10T19:08:22.444+0000] {logging_mixin.py:190} INFO - [2025-01-10T19:08:22.443+0000] {dag.py:3239} INFO - Sync 1 DAGs
[2025-01-10T19:08:22.620+0000] {logging_mixin.py:190} INFO - [2025-01-10T19:08:22.619+0000] {dag.py:4180} INFO - Setting next_dagrun for example_task_group to None, run_after=None
[2025-01-10T19:08:22.724+0000] {processor.py:208} INFO - Processing /home/airflow/.local/lib/python3.12/site-packages/airflow/example_dags/example_task_group.py took 0.629 seconds
[2025-01-10T19:08:52.936+0000] {processor.py:186} INFO - Started process (PID=3037) to work on /home/airflow/.local/lib/python3.12/site-packages/airflow/example_dags/example_task_group.py
[2025-01-10T19:08:52.938+0000] {processor.py:914} INFO - Processing file /home/airflow/.local/lib/python3.12/site-packages/airflow/example_dags/example_task_group.py for tasks to queue
[2025-01-10T19:08:52.945+0000] {logging_mixin.py:190} INFO - [2025-01-10T19:08:52.945+0000] {dagbag.py:588} INFO - Filling up the DagBag from /home/airflow/.local/lib/python3.12/site-packages/airflow/example_dags/example_task_group.py
[2025-01-10T19:08:52.966+0000] {processor.py:925} INFO - DAG(s) 'example_task_group' retrieved from /home/airflow/.local/lib/python3.12/site-packages/airflow/example_dags/example_task_group.py
[2025-01-10T19:08:53.027+0000] {logging_mixin.py:190} INFO - [2025-01-10T19:08:53.027+0000] {dag.py:3239} INFO - Sync 1 DAGs
[2025-01-10T19:08:53.068+0000] {logging_mixin.py:190} INFO - [2025-01-10T19:08:53.067+0000] {dag.py:4180} INFO - Setting next_dagrun for example_task_group to None, run_after=None
[2025-01-10T19:08:53.114+0000] {processor.py:208} INFO - Processing /home/airflow/.local/lib/python3.12/site-packages/airflow/example_dags/example_task_group.py took 0.194 seconds
[2025-01-10T19:09:23.474+0000] {processor.py:186} INFO - Started process (PID=3099) to work on /home/airflow/.local/lib/python3.12/site-packages/airflow/example_dags/example_task_group.py
[2025-01-10T19:09:23.476+0000] {processor.py:914} INFO - Processing file /home/airflow/.local/lib/python3.12/site-packages/airflow/example_dags/example_task_group.py for tasks to queue
[2025-01-10T19:09:23.484+0000] {logging_mixin.py:190} INFO - [2025-01-10T19:09:23.484+0000] {dagbag.py:588} INFO - Filling up the DagBag from /home/airflow/.local/lib/python3.12/site-packages/airflow/example_dags/example_task_group.py
[2025-01-10T19:09:23.508+0000] {processor.py:925} INFO - DAG(s) 'example_task_group' retrieved from /home/airflow/.local/lib/python3.12/site-packages/airflow/example_dags/example_task_group.py
[2025-01-10T19:09:23.560+0000] {logging_mixin.py:190} INFO - [2025-01-10T19:09:23.559+0000] {dag.py:3239} INFO - Sync 1 DAGs
[2025-01-10T19:09:23.588+0000] {logging_mixin.py:190} INFO - [2025-01-10T19:09:23.588+0000] {dag.py:4180} INFO - Setting next_dagrun for example_task_group to None, run_after=None
[2025-01-10T19:09:23.623+0000] {processor.py:208} INFO - Processing /home/airflow/.local/lib/python3.12/site-packages/airflow/example_dags/example_task_group.py took 0.164 seconds
[2025-01-10T19:09:53.969+0000] {processor.py:186} INFO - Started process (PID=3163) to work on /home/airflow/.local/lib/python3.12/site-packages/airflow/example_dags/example_task_group.py
[2025-01-10T19:09:53.971+0000] {processor.py:914} INFO - Processing file /home/airflow/.local/lib/python3.12/site-packages/airflow/example_dags/example_task_group.py for tasks to queue
[2025-01-10T19:09:53.982+0000] {logging_mixin.py:190} INFO - [2025-01-10T19:09:53.981+0000] {dagbag.py:588} INFO - Filling up the DagBag from /home/airflow/.local/lib/python3.12/site-packages/airflow/example_dags/example_task_group.py
[2025-01-10T19:09:54.020+0000] {processor.py:925} INFO - DAG(s) 'example_task_group' retrieved from /home/airflow/.local/lib/python3.12/site-packages/airflow/example_dags/example_task_group.py
[2025-01-10T19:09:54.099+0000] {logging_mixin.py:190} INFO - [2025-01-10T19:09:54.098+0000] {dag.py:3239} INFO - Sync 1 DAGs
[2025-01-10T19:09:54.168+0000] {logging_mixin.py:190} INFO - [2025-01-10T19:09:54.166+0000] {dag.py:4180} INFO - Setting next_dagrun for example_task_group to None, run_after=None
[2025-01-10T19:09:54.251+0000] {processor.py:208} INFO - Processing /home/airflow/.local/lib/python3.12/site-packages/airflow/example_dags/example_task_group.py took 0.304 seconds
[2025-01-10T19:10:25.031+0000] {processor.py:186} INFO - Started process (PID=3227) to work on /home/airflow/.local/lib/python3.12/site-packages/airflow/example_dags/example_task_group.py
[2025-01-10T19:10:25.033+0000] {processor.py:914} INFO - Processing file /home/airflow/.local/lib/python3.12/site-packages/airflow/example_dags/example_task_group.py for tasks to queue
[2025-01-10T19:10:25.039+0000] {logging_mixin.py:190} INFO - [2025-01-10T19:10:25.038+0000] {dagbag.py:588} INFO - Filling up the DagBag from /home/airflow/.local/lib/python3.12/site-packages/airflow/example_dags/example_task_group.py
[2025-01-10T19:10:25.060+0000] {processor.py:925} INFO - DAG(s) 'example_task_group' retrieved from /home/airflow/.local/lib/python3.12/site-packages/airflow/example_dags/example_task_group.py
[2025-01-10T19:10:25.112+0000] {logging_mixin.py:190} INFO - [2025-01-10T19:10:25.111+0000] {dag.py:3239} INFO - Sync 1 DAGs
[2025-01-10T19:10:25.148+0000] {logging_mixin.py:190} INFO - [2025-01-10T19:10:25.148+0000] {dag.py:4180} INFO - Setting next_dagrun for example_task_group to None, run_after=None
[2025-01-10T19:10:25.190+0000] {processor.py:208} INFO - Processing /home/airflow/.local/lib/python3.12/site-packages/airflow/example_dags/example_task_group.py took 0.173 seconds
[2025-01-10T19:10:55.653+0000] {processor.py:186} INFO - Started process (PID=3291) to work on /home/airflow/.local/lib/python3.12/site-packages/airflow/example_dags/example_task_group.py
[2025-01-10T19:10:55.656+0000] {processor.py:914} INFO - Processing file /home/airflow/.local/lib/python3.12/site-packages/airflow/example_dags/example_task_group.py for tasks to queue
[2025-01-10T19:10:55.663+0000] {logging_mixin.py:190} INFO - [2025-01-10T19:10:55.662+0000] {dagbag.py:588} INFO - Filling up the DagBag from /home/airflow/.local/lib/python3.12/site-packages/airflow/example_dags/example_task_group.py
[2025-01-10T19:10:55.685+0000] {processor.py:925} INFO - DAG(s) 'example_task_group' retrieved from /home/airflow/.local/lib/python3.12/site-packages/airflow/example_dags/example_task_group.py
[2025-01-10T19:10:55.760+0000] {logging_mixin.py:190} INFO - [2025-01-10T19:10:55.759+0000] {dag.py:3239} INFO - Sync 1 DAGs
[2025-01-10T19:10:55.838+0000] {logging_mixin.py:190} INFO - [2025-01-10T19:10:55.837+0000] {dag.py:4180} INFO - Setting next_dagrun for example_task_group to None, run_after=None
[2025-01-10T19:10:55.911+0000] {processor.py:208} INFO - Processing /home/airflow/.local/lib/python3.12/site-packages/airflow/example_dags/example_task_group.py took 0.276 seconds
[2025-01-10T19:11:26.423+0000] {processor.py:186} INFO - Started process (PID=3355) to work on /home/airflow/.local/lib/python3.12/site-packages/airflow/example_dags/example_task_group.py
[2025-01-10T19:11:26.426+0000] {processor.py:914} INFO - Processing file /home/airflow/.local/lib/python3.12/site-packages/airflow/example_dags/example_task_group.py for tasks to queue
[2025-01-10T19:11:26.433+0000] {logging_mixin.py:190} INFO - [2025-01-10T19:11:26.432+0000] {dagbag.py:588} INFO - Filling up the DagBag from /home/airflow/.local/lib/python3.12/site-packages/airflow/example_dags/example_task_group.py
[2025-01-10T19:11:26.464+0000] {processor.py:925} INFO - DAG(s) 'example_task_group' retrieved from /home/airflow/.local/lib/python3.12/site-packages/airflow/example_dags/example_task_group.py
[2025-01-10T19:11:26.522+0000] {logging_mixin.py:190} INFO - [2025-01-10T19:11:26.522+0000] {dag.py:3239} INFO - Sync 1 DAGs
[2025-01-10T19:11:26.561+0000] {logging_mixin.py:190} INFO - [2025-01-10T19:11:26.561+0000] {dag.py:4180} INFO - Setting next_dagrun for example_task_group to None, run_after=None
[2025-01-10T19:11:26.618+0000] {processor.py:208} INFO - Processing /home/airflow/.local/lib/python3.12/site-packages/airflow/example_dags/example_task_group.py took 0.215 seconds
[2025-01-10T19:11:57.501+0000] {processor.py:186} INFO - Started process (PID=3419) to work on /home/airflow/.local/lib/python3.12/site-packages/airflow/example_dags/example_task_group.py
[2025-01-10T19:11:57.509+0000] {processor.py:914} INFO - Processing file /home/airflow/.local/lib/python3.12/site-packages/airflow/example_dags/example_task_group.py for tasks to queue
[2025-01-10T19:11:57.519+0000] {logging_mixin.py:190} INFO - [2025-01-10T19:11:57.518+0000] {dagbag.py:588} INFO - Filling up the DagBag from /home/airflow/.local/lib/python3.12/site-packages/airflow/example_dags/example_task_group.py
[2025-01-10T19:11:57.557+0000] {processor.py:925} INFO - DAG(s) 'example_task_group' retrieved from /home/airflow/.local/lib/python3.12/site-packages/airflow/example_dags/example_task_group.py
[2025-01-10T19:11:57.791+0000] {logging_mixin.py:190} INFO - [2025-01-10T19:11:57.785+0000] {dag.py:3239} INFO - Sync 1 DAGs
[2025-01-10T19:11:57.957+0000] {logging_mixin.py:190} INFO - [2025-01-10T19:11:57.955+0000] {dag.py:4180} INFO - Setting next_dagrun for example_task_group to None, run_after=None
[2025-01-10T19:11:58.062+0000] {processor.py:208} INFO - Processing /home/airflow/.local/lib/python3.12/site-packages/airflow/example_dags/example_task_group.py took 0.589 seconds
[2025-01-10T19:12:28.336+0000] {processor.py:186} INFO - Started process (PID=3482) to work on /home/airflow/.local/lib/python3.12/site-packages/airflow/example_dags/example_task_group.py
[2025-01-10T19:12:28.340+0000] {processor.py:914} INFO - Processing file /home/airflow/.local/lib/python3.12/site-packages/airflow/example_dags/example_task_group.py for tasks to queue
[2025-01-10T19:12:28.348+0000] {logging_mixin.py:190} INFO - [2025-01-10T19:12:28.347+0000] {dagbag.py:588} INFO - Filling up the DagBag from /home/airflow/.local/lib/python3.12/site-packages/airflow/example_dags/example_task_group.py
[2025-01-10T19:12:28.384+0000] {processor.py:925} INFO - DAG(s) 'example_task_group' retrieved from /home/airflow/.local/lib/python3.12/site-packages/airflow/example_dags/example_task_group.py
[2025-01-10T19:12:28.447+0000] {logging_mixin.py:190} INFO - [2025-01-10T19:12:28.446+0000] {dag.py:3239} INFO - Sync 1 DAGs
[2025-01-10T19:12:28.493+0000] {logging_mixin.py:190} INFO - [2025-01-10T19:12:28.492+0000] {dag.py:4180} INFO - Setting next_dagrun for example_task_group to None, run_after=None
[2025-01-10T19:12:28.559+0000] {processor.py:208} INFO - Processing /home/airflow/.local/lib/python3.12/site-packages/airflow/example_dags/example_task_group.py took 0.244 seconds
[2025-01-10T19:12:58.865+0000] {processor.py:186} INFO - Started process (PID=3546) to work on /home/airflow/.local/lib/python3.12/site-packages/airflow/example_dags/example_task_group.py
[2025-01-10T19:12:58.868+0000] {processor.py:914} INFO - Processing file /home/airflow/.local/lib/python3.12/site-packages/airflow/example_dags/example_task_group.py for tasks to queue
[2025-01-10T19:12:58.880+0000] {logging_mixin.py:190} INFO - [2025-01-10T19:12:58.879+0000] {dagbag.py:588} INFO - Filling up the DagBag from /home/airflow/.local/lib/python3.12/site-packages/airflow/example_dags/example_task_group.py
[2025-01-10T19:12:58.926+0000] {processor.py:925} INFO - DAG(s) 'example_task_group' retrieved from /home/airflow/.local/lib/python3.12/site-packages/airflow/example_dags/example_task_group.py
[2025-01-10T19:12:59.031+0000] {logging_mixin.py:190} INFO - [2025-01-10T19:12:59.029+0000] {dag.py:3239} INFO - Sync 1 DAGs
[2025-01-10T19:12:59.079+0000] {logging_mixin.py:190} INFO - [2025-01-10T19:12:59.079+0000] {dag.py:4180} INFO - Setting next_dagrun for example_task_group to None, run_after=None
[2025-01-10T19:12:59.145+0000] {processor.py:208} INFO - Processing /home/airflow/.local/lib/python3.12/site-packages/airflow/example_dags/example_task_group.py took 0.308 seconds
[2025-01-10T19:13:29.364+0000] {processor.py:186} INFO - Started process (PID=3610) to work on /home/airflow/.local/lib/python3.12/site-packages/airflow/example_dags/example_task_group.py
[2025-01-10T19:13:29.368+0000] {processor.py:914} INFO - Processing file /home/airflow/.local/lib/python3.12/site-packages/airflow/example_dags/example_task_group.py for tasks to queue
[2025-01-10T19:13:29.385+0000] {logging_mixin.py:190} INFO - [2025-01-10T19:13:29.384+0000] {dagbag.py:588} INFO - Filling up the DagBag from /home/airflow/.local/lib/python3.12/site-packages/airflow/example_dags/example_task_group.py
[2025-01-10T19:13:29.431+0000] {processor.py:925} INFO - DAG(s) 'example_task_group' retrieved from /home/airflow/.local/lib/python3.12/site-packages/airflow/example_dags/example_task_group.py
[2025-01-10T19:13:29.550+0000] {logging_mixin.py:190} INFO - [2025-01-10T19:13:29.549+0000] {dag.py:3239} INFO - Sync 1 DAGs
[2025-01-10T19:13:29.644+0000] {logging_mixin.py:190} INFO - [2025-01-10T19:13:29.643+0000] {dag.py:4180} INFO - Setting next_dagrun for example_task_group to None, run_after=None
[2025-01-10T19:13:29.701+0000] {processor.py:208} INFO - Processing /home/airflow/.local/lib/python3.12/site-packages/airflow/example_dags/example_task_group.py took 0.367 seconds
[2025-01-10T19:14:00.035+0000] {processor.py:186} INFO - Started process (PID=3674) to work on /home/airflow/.local/lib/python3.12/site-packages/airflow/example_dags/example_task_group.py
[2025-01-10T19:14:00.036+0000] {processor.py:914} INFO - Processing file /home/airflow/.local/lib/python3.12/site-packages/airflow/example_dags/example_task_group.py for tasks to queue
[2025-01-10T19:14:00.039+0000] {logging_mixin.py:190} INFO - [2025-01-10T19:14:00.038+0000] {dagbag.py:588} INFO - Filling up the DagBag from /home/airflow/.local/lib/python3.12/site-packages/airflow/example_dags/example_task_group.py
[2025-01-10T19:14:00.062+0000] {processor.py:925} INFO - DAG(s) 'example_task_group' retrieved from /home/airflow/.local/lib/python3.12/site-packages/airflow/example_dags/example_task_group.py
[2025-01-10T19:14:00.119+0000] {logging_mixin.py:190} INFO - [2025-01-10T19:14:00.119+0000] {dag.py:3239} INFO - Sync 1 DAGs
[2025-01-10T19:14:00.160+0000] {logging_mixin.py:190} INFO - [2025-01-10T19:14:00.159+0000] {dag.py:4180} INFO - Setting next_dagrun for example_task_group to None, run_after=None
[2025-01-10T19:14:00.211+0000] {processor.py:208} INFO - Processing /home/airflow/.local/lib/python3.12/site-packages/airflow/example_dags/example_task_group.py took 0.193 seconds
[2025-01-10T19:14:30.770+0000] {processor.py:186} INFO - Started process (PID=3737) to work on /home/airflow/.local/lib/python3.12/site-packages/airflow/example_dags/example_task_group.py
[2025-01-10T19:14:30.773+0000] {processor.py:914} INFO - Processing file /home/airflow/.local/lib/python3.12/site-packages/airflow/example_dags/example_task_group.py for tasks to queue
[2025-01-10T19:14:30.780+0000] {logging_mixin.py:190} INFO - [2025-01-10T19:14:30.779+0000] {dagbag.py:588} INFO - Filling up the DagBag from /home/airflow/.local/lib/python3.12/site-packages/airflow/example_dags/example_task_group.py
[2025-01-10T19:14:30.822+0000] {processor.py:925} INFO - DAG(s) 'example_task_group' retrieved from /home/airflow/.local/lib/python3.12/site-packages/airflow/example_dags/example_task_group.py
[2025-01-10T19:14:30.927+0000] {logging_mixin.py:190} INFO - [2025-01-10T19:14:30.926+0000] {dag.py:3239} INFO - Sync 1 DAGs
[2025-01-10T19:14:30.986+0000] {logging_mixin.py:190} INFO - [2025-01-10T19:14:30.985+0000] {dag.py:4180} INFO - Setting next_dagrun for example_task_group to None, run_after=None
[2025-01-10T19:14:31.059+0000] {processor.py:208} INFO - Processing /home/airflow/.local/lib/python3.12/site-packages/airflow/example_dags/example_task_group.py took 0.315 seconds
[2025-01-10T19:15:01.577+0000] {processor.py:186} INFO - Started process (PID=3801) to work on /home/airflow/.local/lib/python3.12/site-packages/airflow/example_dags/example_task_group.py
[2025-01-10T19:15:01.580+0000] {processor.py:914} INFO - Processing file /home/airflow/.local/lib/python3.12/site-packages/airflow/example_dags/example_task_group.py for tasks to queue
[2025-01-10T19:15:01.584+0000] {logging_mixin.py:190} INFO - [2025-01-10T19:15:01.583+0000] {dagbag.py:588} INFO - Filling up the DagBag from /home/airflow/.local/lib/python3.12/site-packages/airflow/example_dags/example_task_group.py
[2025-01-10T19:15:01.611+0000] {processor.py:925} INFO - DAG(s) 'example_task_group' retrieved from /home/airflow/.local/lib/python3.12/site-packages/airflow/example_dags/example_task_group.py
[2025-01-10T19:15:01.682+0000] {logging_mixin.py:190} INFO - [2025-01-10T19:15:01.681+0000] {dag.py:3239} INFO - Sync 1 DAGs
[2025-01-10T19:15:01.733+0000] {logging_mixin.py:190} INFO - [2025-01-10T19:15:01.732+0000] {dag.py:4180} INFO - Setting next_dagrun for example_task_group to None, run_after=None
[2025-01-10T19:15:01.794+0000] {processor.py:208} INFO - Processing /home/airflow/.local/lib/python3.12/site-packages/airflow/example_dags/example_task_group.py took 0.234 seconds
[2025-01-10T19:15:32.484+0000] {processor.py:186} INFO - Started process (PID=3865) to work on /home/airflow/.local/lib/python3.12/site-packages/airflow/example_dags/example_task_group.py
[2025-01-10T19:15:32.489+0000] {processor.py:914} INFO - Processing file /home/airflow/.local/lib/python3.12/site-packages/airflow/example_dags/example_task_group.py for tasks to queue
[2025-01-10T19:15:32.496+0000] {logging_mixin.py:190} INFO - [2025-01-10T19:15:32.494+0000] {dagbag.py:588} INFO - Filling up the DagBag from /home/airflow/.local/lib/python3.12/site-packages/airflow/example_dags/example_task_group.py
[2025-01-10T19:15:32.546+0000] {processor.py:925} INFO - DAG(s) 'example_task_group' retrieved from /home/airflow/.local/lib/python3.12/site-packages/airflow/example_dags/example_task_group.py
[2025-01-10T19:15:32.584+0000] {logging_mixin.py:190} INFO - [2025-01-10T19:15:32.583+0000] {dag.py:3239} INFO - Sync 1 DAGs
[2025-01-10T19:15:32.621+0000] {logging_mixin.py:190} INFO - [2025-01-10T19:15:32.621+0000] {dag.py:4180} INFO - Setting next_dagrun for example_task_group to None, run_after=None
[2025-01-10T19:15:32.670+0000] {processor.py:208} INFO - Processing /home/airflow/.local/lib/python3.12/site-packages/airflow/example_dags/example_task_group.py took 0.206 seconds
[2025-01-10T19:16:06.155+0000] {processor.py:186} INFO - Started process (PID=3929) to work on /home/airflow/.local/lib/python3.12/site-packages/airflow/example_dags/example_task_group.py
[2025-01-10T19:16:06.162+0000] {processor.py:914} INFO - Processing file /home/airflow/.local/lib/python3.12/site-packages/airflow/example_dags/example_task_group.py for tasks to queue
[2025-01-10T19:16:06.173+0000] {logging_mixin.py:190} INFO - [2025-01-10T19:16:06.170+0000] {dagbag.py:588} INFO - Filling up the DagBag from /home/airflow/.local/lib/python3.12/site-packages/airflow/example_dags/example_task_group.py
[2025-01-10T19:16:06.227+0000] {processor.py:925} INFO - DAG(s) 'example_task_group' retrieved from /home/airflow/.local/lib/python3.12/site-packages/airflow/example_dags/example_task_group.py
[2025-01-10T19:16:06.332+0000] {logging_mixin.py:190} INFO - [2025-01-10T19:16:06.332+0000] {dag.py:3239} INFO - Sync 1 DAGs
[2025-01-10T19:16:06.391+0000] {logging_mixin.py:190} INFO - [2025-01-10T19:16:06.390+0000] {dag.py:4180} INFO - Setting next_dagrun for example_task_group to None, run_after=None
[2025-01-10T19:16:06.430+0000] {processor.py:208} INFO - Processing /home/airflow/.local/lib/python3.12/site-packages/airflow/example_dags/example_task_group.py took 0.303 seconds
[2025-01-10T19:16:37.054+0000] {processor.py:186} INFO - Started process (PID=3991) to work on /home/airflow/.local/lib/python3.12/site-packages/airflow/example_dags/example_task_group.py
[2025-01-10T19:16:37.057+0000] {processor.py:914} INFO - Processing file /home/airflow/.local/lib/python3.12/site-packages/airflow/example_dags/example_task_group.py for tasks to queue
[2025-01-10T19:16:37.061+0000] {logging_mixin.py:190} INFO - [2025-01-10T19:16:37.060+0000] {dagbag.py:588} INFO - Filling up the DagBag from /home/airflow/.local/lib/python3.12/site-packages/airflow/example_dags/example_task_group.py
[2025-01-10T19:16:37.076+0000] {processor.py:925} INFO - DAG(s) 'example_task_group' retrieved from /home/airflow/.local/lib/python3.12/site-packages/airflow/example_dags/example_task_group.py
[2025-01-10T19:16:37.124+0000] {logging_mixin.py:190} INFO - [2025-01-10T19:16:37.123+0000] {dag.py:3239} INFO - Sync 1 DAGs
[2025-01-10T19:16:37.163+0000] {logging_mixin.py:190} INFO - [2025-01-10T19:16:37.163+0000] {dag.py:4180} INFO - Setting next_dagrun for example_task_group to None, run_after=None
[2025-01-10T19:16:37.215+0000] {processor.py:208} INFO - Processing /home/airflow/.local/lib/python3.12/site-packages/airflow/example_dags/example_task_group.py took 0.175 seconds
[2025-01-10T19:17:07.454+0000] {processor.py:186} INFO - Started process (PID=4054) to work on /home/airflow/.local/lib/python3.12/site-packages/airflow/example_dags/example_task_group.py
[2025-01-10T19:17:07.457+0000] {processor.py:914} INFO - Processing file /home/airflow/.local/lib/python3.12/site-packages/airflow/example_dags/example_task_group.py for tasks to queue
[2025-01-10T19:17:07.460+0000] {logging_mixin.py:190} INFO - [2025-01-10T19:17:07.459+0000] {dagbag.py:588} INFO - Filling up the DagBag from /home/airflow/.local/lib/python3.12/site-packages/airflow/example_dags/example_task_group.py
[2025-01-10T19:17:07.482+0000] {processor.py:925} INFO - DAG(s) 'example_task_group' retrieved from /home/airflow/.local/lib/python3.12/site-packages/airflow/example_dags/example_task_group.py
[2025-01-10T19:17:07.552+0000] {logging_mixin.py:190} INFO - [2025-01-10T19:17:07.551+0000] {dag.py:3239} INFO - Sync 1 DAGs
[2025-01-10T19:17:07.601+0000] {logging_mixin.py:190} INFO - [2025-01-10T19:17:07.601+0000] {dag.py:4180} INFO - Setting next_dagrun for example_task_group to None, run_after=None
[2025-01-10T19:17:07.656+0000] {processor.py:208} INFO - Processing /home/airflow/.local/lib/python3.12/site-packages/airflow/example_dags/example_task_group.py took 0.221 seconds
[2025-01-10T19:17:37.957+0000] {processor.py:186} INFO - Started process (PID=4118) to work on /home/airflow/.local/lib/python3.12/site-packages/airflow/example_dags/example_task_group.py
[2025-01-10T19:17:37.959+0000] {processor.py:914} INFO - Processing file /home/airflow/.local/lib/python3.12/site-packages/airflow/example_dags/example_task_group.py for tasks to queue
[2025-01-10T19:17:37.962+0000] {logging_mixin.py:190} INFO - [2025-01-10T19:17:37.962+0000] {dagbag.py:588} INFO - Filling up the DagBag from /home/airflow/.local/lib/python3.12/site-packages/airflow/example_dags/example_task_group.py
[2025-01-10T19:17:37.987+0000] {processor.py:925} INFO - DAG(s) 'example_task_group' retrieved from /home/airflow/.local/lib/python3.12/site-packages/airflow/example_dags/example_task_group.py
[2025-01-10T19:17:38.046+0000] {logging_mixin.py:190} INFO - [2025-01-10T19:17:38.045+0000] {dag.py:3239} INFO - Sync 1 DAGs
[2025-01-10T19:17:38.091+0000] {logging_mixin.py:190} INFO - [2025-01-10T19:17:38.090+0000] {dag.py:4180} INFO - Setting next_dagrun for example_task_group to None, run_after=None
[2025-01-10T19:17:38.151+0000] {processor.py:208} INFO - Processing /home/airflow/.local/lib/python3.12/site-packages/airflow/example_dags/example_task_group.py took 0.213 seconds
[2025-01-10T19:18:08.635+0000] {processor.py:186} INFO - Started process (PID=4182) to work on /home/airflow/.local/lib/python3.12/site-packages/airflow/example_dags/example_task_group.py
[2025-01-10T19:18:08.637+0000] {processor.py:914} INFO - Processing file /home/airflow/.local/lib/python3.12/site-packages/airflow/example_dags/example_task_group.py for tasks to queue
[2025-01-10T19:18:08.640+0000] {logging_mixin.py:190} INFO - [2025-01-10T19:18:08.640+0000] {dagbag.py:588} INFO - Filling up the DagBag from /home/airflow/.local/lib/python3.12/site-packages/airflow/example_dags/example_task_group.py
[2025-01-10T19:18:08.662+0000] {processor.py:925} INFO - DAG(s) 'example_task_group' retrieved from /home/airflow/.local/lib/python3.12/site-packages/airflow/example_dags/example_task_group.py
[2025-01-10T19:18:08.709+0000] {logging_mixin.py:190} INFO - [2025-01-10T19:18:08.709+0000] {dag.py:3239} INFO - Sync 1 DAGs
[2025-01-10T19:18:08.744+0000] {logging_mixin.py:190} INFO - [2025-01-10T19:18:08.743+0000] {dag.py:4180} INFO - Setting next_dagrun for example_task_group to None, run_after=None
[2025-01-10T19:18:08.821+0000] {processor.py:208} INFO - Processing /home/airflow/.local/lib/python3.12/site-packages/airflow/example_dags/example_task_group.py took 0.202 seconds
[2025-01-10T19:18:39.020+0000] {processor.py:186} INFO - Started process (PID=4245) to work on /home/airflow/.local/lib/python3.12/site-packages/airflow/example_dags/example_task_group.py
[2025-01-10T19:18:39.023+0000] {processor.py:914} INFO - Processing file /home/airflow/.local/lib/python3.12/site-packages/airflow/example_dags/example_task_group.py for tasks to queue
[2025-01-10T19:18:39.027+0000] {logging_mixin.py:190} INFO - [2025-01-10T19:18:39.026+0000] {dagbag.py:588} INFO - Filling up the DagBag from /home/airflow/.local/lib/python3.12/site-packages/airflow/example_dags/example_task_group.py
[2025-01-10T19:18:39.052+0000] {processor.py:925} INFO - DAG(s) 'example_task_group' retrieved from /home/airflow/.local/lib/python3.12/site-packages/airflow/example_dags/example_task_group.py
[2025-01-10T19:18:39.124+0000] {logging_mixin.py:190} INFO - [2025-01-10T19:18:39.123+0000] {dag.py:3239} INFO - Sync 1 DAGs
[2025-01-10T19:18:39.175+0000] {logging_mixin.py:190} INFO - [2025-01-10T19:18:39.175+0000] {dag.py:4180} INFO - Setting next_dagrun for example_task_group to None, run_after=None
[2025-01-10T19:18:39.245+0000] {processor.py:208} INFO - Processing /home/airflow/.local/lib/python3.12/site-packages/airflow/example_dags/example_task_group.py took 0.241 seconds
[2025-01-10T19:19:09.643+0000] {processor.py:186} INFO - Started process (PID=4309) to work on /home/airflow/.local/lib/python3.12/site-packages/airflow/example_dags/example_task_group.py
[2025-01-10T19:19:09.645+0000] {processor.py:914} INFO - Processing file /home/airflow/.local/lib/python3.12/site-packages/airflow/example_dags/example_task_group.py for tasks to queue
[2025-01-10T19:19:09.648+0000] {logging_mixin.py:190} INFO - [2025-01-10T19:19:09.647+0000] {dagbag.py:588} INFO - Filling up the DagBag from /home/airflow/.local/lib/python3.12/site-packages/airflow/example_dags/example_task_group.py
[2025-01-10T19:19:09.670+0000] {processor.py:925} INFO - DAG(s) 'example_task_group' retrieved from /home/airflow/.local/lib/python3.12/site-packages/airflow/example_dags/example_task_group.py
[2025-01-10T19:19:09.722+0000] {logging_mixin.py:190} INFO - [2025-01-10T19:19:09.721+0000] {dag.py:3239} INFO - Sync 1 DAGs
[2025-01-10T19:19:09.757+0000] {logging_mixin.py:190} INFO - [2025-01-10T19:19:09.756+0000] {dag.py:4180} INFO - Setting next_dagrun for example_task_group to None, run_after=None
[2025-01-10T19:19:09.803+0000] {processor.py:208} INFO - Processing /home/airflow/.local/lib/python3.12/site-packages/airflow/example_dags/example_task_group.py took 0.177 seconds
[2025-01-10T19:19:40.057+0000] {processor.py:186} INFO - Started process (PID=4373) to work on /home/airflow/.local/lib/python3.12/site-packages/airflow/example_dags/example_task_group.py
[2025-01-10T19:19:40.059+0000] {processor.py:914} INFO - Processing file /home/airflow/.local/lib/python3.12/site-packages/airflow/example_dags/example_task_group.py for tasks to queue
[2025-01-10T19:19:40.062+0000] {logging_mixin.py:190} INFO - [2025-01-10T19:19:40.061+0000] {dagbag.py:588} INFO - Filling up the DagBag from /home/airflow/.local/lib/python3.12/site-packages/airflow/example_dags/example_task_group.py
[2025-01-10T19:19:40.081+0000] {processor.py:925} INFO - DAG(s) 'example_task_group' retrieved from /home/airflow/.local/lib/python3.12/site-packages/airflow/example_dags/example_task_group.py
[2025-01-10T19:19:40.133+0000] {logging_mixin.py:190} INFO - [2025-01-10T19:19:40.132+0000] {dag.py:3239} INFO - Sync 1 DAGs
[2025-01-10T19:19:40.165+0000] {logging_mixin.py:190} INFO - [2025-01-10T19:19:40.165+0000] {dag.py:4180} INFO - Setting next_dagrun for example_task_group to None, run_after=None
[2025-01-10T19:19:40.205+0000] {processor.py:208} INFO - Processing /home/airflow/.local/lib/python3.12/site-packages/airflow/example_dags/example_task_group.py took 0.161 seconds
[2025-01-10T19:20:10.427+0000] {processor.py:186} INFO - Started process (PID=4437) to work on /home/airflow/.local/lib/python3.12/site-packages/airflow/example_dags/example_task_group.py
[2025-01-10T19:20:10.429+0000] {processor.py:914} INFO - Processing file /home/airflow/.local/lib/python3.12/site-packages/airflow/example_dags/example_task_group.py for tasks to queue
[2025-01-10T19:20:10.434+0000] {logging_mixin.py:190} INFO - [2025-01-10T19:20:10.433+0000] {dagbag.py:588} INFO - Filling up the DagBag from /home/airflow/.local/lib/python3.12/site-packages/airflow/example_dags/example_task_group.py
[2025-01-10T19:20:10.460+0000] {processor.py:925} INFO - DAG(s) 'example_task_group' retrieved from /home/airflow/.local/lib/python3.12/site-packages/airflow/example_dags/example_task_group.py
[2025-01-10T19:20:10.562+0000] {logging_mixin.py:190} INFO - [2025-01-10T19:20:10.561+0000] {dag.py:3239} INFO - Sync 1 DAGs
[2025-01-10T19:20:10.635+0000] {logging_mixin.py:190} INFO - [2025-01-10T19:20:10.634+0000] {dag.py:4180} INFO - Setting next_dagrun for example_task_group to None, run_after=None
[2025-01-10T19:20:10.669+0000] {processor.py:208} INFO - Processing /home/airflow/.local/lib/python3.12/site-packages/airflow/example_dags/example_task_group.py took 0.256 seconds
[2025-01-10T19:20:41.280+0000] {processor.py:186} INFO - Started process (PID=4501) to work on /home/airflow/.local/lib/python3.12/site-packages/airflow/example_dags/example_task_group.py
[2025-01-10T19:20:41.283+0000] {processor.py:914} INFO - Processing file /home/airflow/.local/lib/python3.12/site-packages/airflow/example_dags/example_task_group.py for tasks to queue
[2025-01-10T19:20:41.288+0000] {logging_mixin.py:190} INFO - [2025-01-10T19:20:41.286+0000] {dagbag.py:588} INFO - Filling up the DagBag from /home/airflow/.local/lib/python3.12/site-packages/airflow/example_dags/example_task_group.py
[2025-01-10T19:20:41.312+0000] {processor.py:925} INFO - DAG(s) 'example_task_group' retrieved from /home/airflow/.local/lib/python3.12/site-packages/airflow/example_dags/example_task_group.py
[2025-01-10T19:20:41.366+0000] {logging_mixin.py:190} INFO - [2025-01-10T19:20:41.366+0000] {dag.py:3239} INFO - Sync 1 DAGs
[2025-01-10T19:20:41.405+0000] {logging_mixin.py:190} INFO - [2025-01-10T19:20:41.405+0000] {dag.py:4180} INFO - Setting next_dagrun for example_task_group to None, run_after=None
[2025-01-10T19:20:41.444+0000] {processor.py:208} INFO - Processing /home/airflow/.local/lib/python3.12/site-packages/airflow/example_dags/example_task_group.py took 0.181 seconds
[2025-01-10T19:21:11.807+0000] {processor.py:186} INFO - Started process (PID=4564) to work on /home/airflow/.local/lib/python3.12/site-packages/airflow/example_dags/example_task_group.py
[2025-01-10T19:21:11.809+0000] {processor.py:914} INFO - Processing file /home/airflow/.local/lib/python3.12/site-packages/airflow/example_dags/example_task_group.py for tasks to queue
[2025-01-10T19:21:11.812+0000] {logging_mixin.py:190} INFO - [2025-01-10T19:21:11.811+0000] {dagbag.py:588} INFO - Filling up the DagBag from /home/airflow/.local/lib/python3.12/site-packages/airflow/example_dags/example_task_group.py
[2025-01-10T19:21:11.834+0000] {processor.py:925} INFO - DAG(s) 'example_task_group' retrieved from /home/airflow/.local/lib/python3.12/site-packages/airflow/example_dags/example_task_group.py
[2025-01-10T19:21:11.882+0000] {logging_mixin.py:190} INFO - [2025-01-10T19:21:11.882+0000] {dag.py:3239} INFO - Sync 1 DAGs
[2025-01-10T19:21:11.923+0000] {logging_mixin.py:190} INFO - [2025-01-10T19:21:11.923+0000] {dag.py:4180} INFO - Setting next_dagrun for example_task_group to None, run_after=None
[2025-01-10T19:21:11.961+0000] {processor.py:208} INFO - Processing /home/airflow/.local/lib/python3.12/site-packages/airflow/example_dags/example_task_group.py took 0.168 seconds
[2025-01-10T19:21:44.239+0000] {processor.py:186} INFO - Started process (PID=4628) to work on /home/airflow/.local/lib/python3.12/site-packages/airflow/example_dags/example_task_group.py
[2025-01-10T19:21:44.241+0000] {processor.py:914} INFO - Processing file /home/airflow/.local/lib/python3.12/site-packages/airflow/example_dags/example_task_group.py for tasks to queue
[2025-01-10T19:21:44.247+0000] {logging_mixin.py:190} INFO - [2025-01-10T19:21:44.245+0000] {dagbag.py:588} INFO - Filling up the DagBag from /home/airflow/.local/lib/python3.12/site-packages/airflow/example_dags/example_task_group.py
[2025-01-10T19:21:44.283+0000] {processor.py:925} INFO - DAG(s) 'example_task_group' retrieved from /home/airflow/.local/lib/python3.12/site-packages/airflow/example_dags/example_task_group.py
[2025-01-10T19:21:44.339+0000] {logging_mixin.py:190} INFO - [2025-01-10T19:21:44.338+0000] {dag.py:3239} INFO - Sync 1 DAGs
[2025-01-10T19:21:44.410+0000] {logging_mixin.py:190} INFO - [2025-01-10T19:21:44.409+0000] {dag.py:4180} INFO - Setting next_dagrun for example_task_group to None, run_after=None
[2025-01-10T19:21:44.505+0000] {processor.py:208} INFO - Processing /home/airflow/.local/lib/python3.12/site-packages/airflow/example_dags/example_task_group.py took 0.290 seconds
[2025-01-10T19:22:20.078+0000] {processor.py:186} INFO - Started process (PID=4692) to work on /home/airflow/.local/lib/python3.12/site-packages/airflow/example_dags/example_task_group.py
[2025-01-10T19:22:20.086+0000] {processor.py:914} INFO - Processing file /home/airflow/.local/lib/python3.12/site-packages/airflow/example_dags/example_task_group.py for tasks to queue
[2025-01-10T19:22:20.097+0000] {logging_mixin.py:190} INFO - [2025-01-10T19:22:20.094+0000] {dagbag.py:588} INFO - Filling up the DagBag from /home/airflow/.local/lib/python3.12/site-packages/airflow/example_dags/example_task_group.py
[2025-01-10T19:22:20.156+0000] {processor.py:925} INFO - DAG(s) 'example_task_group' retrieved from /home/airflow/.local/lib/python3.12/site-packages/airflow/example_dags/example_task_group.py
[2025-01-10T19:22:20.256+0000] {logging_mixin.py:190} INFO - [2025-01-10T19:22:20.254+0000] {dag.py:3239} INFO - Sync 1 DAGs
[2025-01-10T19:22:20.342+0000] {logging_mixin.py:190} INFO - [2025-01-10T19:22:20.340+0000] {dag.py:4180} INFO - Setting next_dagrun for example_task_group to None, run_after=None
[2025-01-10T19:22:20.424+0000] {processor.py:208} INFO - Processing /home/airflow/.local/lib/python3.12/site-packages/airflow/example_dags/example_task_group.py took 0.394 seconds
