[2025-01-10T18:44:54.800+0000] {processor.py:186} INFO - Started process (PID=127) to work on /home/airflow/.local/lib/python3.12/site-packages/airflow/example_dags/example_sensors.py
[2025-01-10T18:44:54.802+0000] {processor.py:914} INFO - Processing file /home/airflow/.local/lib/python3.12/site-packages/airflow/example_dags/example_sensors.py for tasks to queue
[2025-01-10T18:44:54.809+0000] {logging_mixin.py:190} INFO - [2025-01-10T18:44:54.808+0000] {dagbag.py:588} INFO - Filling up the DagBag from /home/airflow/.local/lib/python3.12/site-packages/airflow/example_dags/example_sensors.py
[2025-01-10T18:44:54.847+0000] {processor.py:925} INFO - DAG(s) 'example_sensors' retrieved from /home/airflow/.local/lib/python3.12/site-packages/airflow/example_dags/example_sensors.py
[2025-01-10T18:44:55.192+0000] {logging_mixin.py:190} INFO - [2025-01-10T18:44:55.190+0000] {override.py:1911} INFO - Created Permission View: can edit on DAG:example_sensors
[2025-01-10T18:44:55.222+0000] {logging_mixin.py:190} INFO - [2025-01-10T18:44:55.221+0000] {override.py:1911} INFO - Created Permission View: can read on DAG:example_sensors
[2025-01-10T18:44:55.236+0000] {logging_mixin.py:190} INFO - [2025-01-10T18:44:55.235+0000] {override.py:1911} INFO - Created Permission View: can delete on DAG:example_sensors
[2025-01-10T18:44:55.255+0000] {logging_mixin.py:190} INFO - [2025-01-10T18:44:55.255+0000] {override.py:1911} INFO - Created Permission View: menu access on DAG Run:example_sensors
[2025-01-10T18:44:55.274+0000] {logging_mixin.py:190} INFO - [2025-01-10T18:44:55.274+0000] {override.py:1911} INFO - Created Permission View: can read on DAG Run:example_sensors
[2025-01-10T18:44:55.291+0000] {logging_mixin.py:190} INFO - [2025-01-10T18:44:55.291+0000] {override.py:1911} INFO - Created Permission View: can create on DAG Run:example_sensors
[2025-01-10T18:44:55.309+0000] {logging_mixin.py:190} INFO - [2025-01-10T18:44:55.309+0000] {override.py:1911} INFO - Created Permission View: can delete on DAG Run:example_sensors
[2025-01-10T18:44:55.311+0000] {logging_mixin.py:190} INFO - [2025-01-10T18:44:55.310+0000] {dag.py:3239} INFO - Sync 1 DAGs
[2025-01-10T18:44:55.343+0000] {logging_mixin.py:190} INFO - [2025-01-10T18:44:55.343+0000] {dag.py:3262} INFO - Creating ORM DAG for example_sensors
[2025-01-10T18:44:55.345+0000] {logging_mixin.py:190} INFO - [2025-01-10T18:44:55.345+0000] {dag.py:4180} INFO - Setting next_dagrun for example_sensors to None, run_after=None
[2025-01-10T18:44:55.390+0000] {processor.py:208} INFO - Processing /home/airflow/.local/lib/python3.12/site-packages/airflow/example_dags/example_sensors.py took 0.608 seconds
[2025-01-10T18:45:26.076+0000] {processor.py:186} INFO - Started process (PID=190) to work on /home/airflow/.local/lib/python3.12/site-packages/airflow/example_dags/example_sensors.py
[2025-01-10T18:45:26.084+0000] {processor.py:914} INFO - Processing file /home/airflow/.local/lib/python3.12/site-packages/airflow/example_dags/example_sensors.py for tasks to queue
[2025-01-10T18:45:26.096+0000] {logging_mixin.py:190} INFO - [2025-01-10T18:45:26.094+0000] {dagbag.py:588} INFO - Filling up the DagBag from /home/airflow/.local/lib/python3.12/site-packages/airflow/example_dags/example_sensors.py
[2025-01-10T18:45:26.180+0000] {processor.py:925} INFO - DAG(s) 'example_sensors' retrieved from /home/airflow/.local/lib/python3.12/site-packages/airflow/example_dags/example_sensors.py
[2025-01-10T18:45:26.310+0000] {logging_mixin.py:190} INFO - [2025-01-10T18:45:26.309+0000] {dag.py:3239} INFO - Sync 1 DAGs
[2025-01-10T18:45:26.402+0000] {logging_mixin.py:190} INFO - [2025-01-10T18:45:26.401+0000] {dag.py:4180} INFO - Setting next_dagrun for example_sensors to None, run_after=None
[2025-01-10T18:45:26.507+0000] {processor.py:208} INFO - Processing /home/airflow/.local/lib/python3.12/site-packages/airflow/example_dags/example_sensors.py took 0.472 seconds
[2025-01-10T18:45:56.765+0000] {processor.py:186} INFO - Started process (PID=253) to work on /home/airflow/.local/lib/python3.12/site-packages/airflow/example_dags/example_sensors.py
[2025-01-10T18:45:56.768+0000] {processor.py:914} INFO - Processing file /home/airflow/.local/lib/python3.12/site-packages/airflow/example_dags/example_sensors.py for tasks to queue
[2025-01-10T18:45:56.774+0000] {logging_mixin.py:190} INFO - [2025-01-10T18:45:56.773+0000] {dagbag.py:588} INFO - Filling up the DagBag from /home/airflow/.local/lib/python3.12/site-packages/airflow/example_dags/example_sensors.py
[2025-01-10T18:45:56.801+0000] {processor.py:925} INFO - DAG(s) 'example_sensors' retrieved from /home/airflow/.local/lib/python3.12/site-packages/airflow/example_dags/example_sensors.py
[2025-01-10T18:45:56.874+0000] {logging_mixin.py:190} INFO - [2025-01-10T18:45:56.874+0000] {dag.py:3239} INFO - Sync 1 DAGs
[2025-01-10T18:45:56.901+0000] {logging_mixin.py:190} INFO - [2025-01-10T18:45:56.901+0000] {dag.py:4180} INFO - Setting next_dagrun for example_sensors to None, run_after=None
[2025-01-10T18:45:56.969+0000] {processor.py:208} INFO - Processing /home/airflow/.local/lib/python3.12/site-packages/airflow/example_dags/example_sensors.py took 0.219 seconds
[2025-01-10T18:46:27.492+0000] {processor.py:186} INFO - Started process (PID=317) to work on /home/airflow/.local/lib/python3.12/site-packages/airflow/example_dags/example_sensors.py
[2025-01-10T18:46:27.494+0000] {processor.py:914} INFO - Processing file /home/airflow/.local/lib/python3.12/site-packages/airflow/example_dags/example_sensors.py for tasks to queue
[2025-01-10T18:46:27.500+0000] {logging_mixin.py:190} INFO - [2025-01-10T18:46:27.498+0000] {dagbag.py:588} INFO - Filling up the DagBag from /home/airflow/.local/lib/python3.12/site-packages/airflow/example_dags/example_sensors.py
[2025-01-10T18:46:27.527+0000] {processor.py:925} INFO - DAG(s) 'example_sensors' retrieved from /home/airflow/.local/lib/python3.12/site-packages/airflow/example_dags/example_sensors.py
[2025-01-10T18:46:27.601+0000] {logging_mixin.py:190} INFO - [2025-01-10T18:46:27.601+0000] {dag.py:3239} INFO - Sync 1 DAGs
[2025-01-10T18:46:27.664+0000] {logging_mixin.py:190} INFO - [2025-01-10T18:46:27.662+0000] {dag.py:4180} INFO - Setting next_dagrun for example_sensors to None, run_after=None
[2025-01-10T18:46:27.770+0000] {processor.py:208} INFO - Processing /home/airflow/.local/lib/python3.12/site-packages/airflow/example_dags/example_sensors.py took 0.294 seconds
[2025-01-10T18:46:59.347+0000] {processor.py:186} INFO - Started process (PID=379) to work on /home/airflow/.local/lib/python3.12/site-packages/airflow/example_dags/example_sensors.py
[2025-01-10T18:46:59.351+0000] {processor.py:914} INFO - Processing file /home/airflow/.local/lib/python3.12/site-packages/airflow/example_dags/example_sensors.py for tasks to queue
[2025-01-10T18:46:59.358+0000] {logging_mixin.py:190} INFO - [2025-01-10T18:46:59.357+0000] {dagbag.py:588} INFO - Filling up the DagBag from /home/airflow/.local/lib/python3.12/site-packages/airflow/example_dags/example_sensors.py
[2025-01-10T18:46:59.387+0000] {processor.py:925} INFO - DAG(s) 'example_sensors' retrieved from /home/airflow/.local/lib/python3.12/site-packages/airflow/example_dags/example_sensors.py
[2025-01-10T18:46:59.480+0000] {logging_mixin.py:190} INFO - [2025-01-10T18:46:59.479+0000] {dag.py:3239} INFO - Sync 1 DAGs
[2025-01-10T18:46:59.742+0000] {logging_mixin.py:190} INFO - [2025-01-10T18:46:59.741+0000] {dag.py:4180} INFO - Setting next_dagrun for example_sensors to None, run_after=None
[2025-01-10T18:46:59.950+0000] {processor.py:208} INFO - Processing /home/airflow/.local/lib/python3.12/site-packages/airflow/example_dags/example_sensors.py took 0.636 seconds
[2025-01-10T18:47:30.954+0000] {processor.py:186} INFO - Started process (PID=441) to work on /home/airflow/.local/lib/python3.12/site-packages/airflow/example_dags/example_sensors.py
[2025-01-10T18:47:30.959+0000] {processor.py:914} INFO - Processing file /home/airflow/.local/lib/python3.12/site-packages/airflow/example_dags/example_sensors.py for tasks to queue
[2025-01-10T18:47:30.970+0000] {logging_mixin.py:190} INFO - [2025-01-10T18:47:30.969+0000] {dagbag.py:588} INFO - Filling up the DagBag from /home/airflow/.local/lib/python3.12/site-packages/airflow/example_dags/example_sensors.py
[2025-01-10T18:47:31.067+0000] {processor.py:925} INFO - DAG(s) 'example_sensors' retrieved from /home/airflow/.local/lib/python3.12/site-packages/airflow/example_dags/example_sensors.py
[2025-01-10T18:47:31.168+0000] {logging_mixin.py:190} INFO - [2025-01-10T18:47:31.168+0000] {dag.py:3239} INFO - Sync 1 DAGs
[2025-01-10T18:47:31.210+0000] {logging_mixin.py:190} INFO - [2025-01-10T18:47:31.209+0000] {dag.py:4180} INFO - Setting next_dagrun for example_sensors to None, run_after=None
[2025-01-10T18:47:31.333+0000] {processor.py:208} INFO - Processing /home/airflow/.local/lib/python3.12/site-packages/airflow/example_dags/example_sensors.py took 0.408 seconds
[2025-01-10T18:48:01.547+0000] {processor.py:186} INFO - Started process (PID=503) to work on /home/airflow/.local/lib/python3.12/site-packages/airflow/example_dags/example_sensors.py
[2025-01-10T18:48:01.549+0000] {processor.py:914} INFO - Processing file /home/airflow/.local/lib/python3.12/site-packages/airflow/example_dags/example_sensors.py for tasks to queue
[2025-01-10T18:48:01.555+0000] {logging_mixin.py:190} INFO - [2025-01-10T18:48:01.554+0000] {dagbag.py:588} INFO - Filling up the DagBag from /home/airflow/.local/lib/python3.12/site-packages/airflow/example_dags/example_sensors.py
[2025-01-10T18:48:01.583+0000] {processor.py:925} INFO - DAG(s) 'example_sensors' retrieved from /home/airflow/.local/lib/python3.12/site-packages/airflow/example_dags/example_sensors.py
[2025-01-10T18:48:01.648+0000] {logging_mixin.py:190} INFO - [2025-01-10T18:48:01.647+0000] {dag.py:3239} INFO - Sync 1 DAGs
[2025-01-10T18:48:01.684+0000] {logging_mixin.py:190} INFO - [2025-01-10T18:48:01.683+0000] {dag.py:4180} INFO - Setting next_dagrun for example_sensors to None, run_after=None
[2025-01-10T18:48:01.728+0000] {processor.py:208} INFO - Processing /home/airflow/.local/lib/python3.12/site-packages/airflow/example_dags/example_sensors.py took 0.194 seconds
[2025-01-10T18:48:32.320+0000] {processor.py:186} INFO - Started process (PID=565) to work on /home/airflow/.local/lib/python3.12/site-packages/airflow/example_dags/example_sensors.py
[2025-01-10T18:48:32.322+0000] {processor.py:914} INFO - Processing file /home/airflow/.local/lib/python3.12/site-packages/airflow/example_dags/example_sensors.py for tasks to queue
[2025-01-10T18:48:32.327+0000] {logging_mixin.py:190} INFO - [2025-01-10T18:48:32.326+0000] {dagbag.py:588} INFO - Filling up the DagBag from /home/airflow/.local/lib/python3.12/site-packages/airflow/example_dags/example_sensors.py
[2025-01-10T18:48:32.355+0000] {processor.py:925} INFO - DAG(s) 'example_sensors' retrieved from /home/airflow/.local/lib/python3.12/site-packages/airflow/example_dags/example_sensors.py
[2025-01-10T18:48:32.417+0000] {logging_mixin.py:190} INFO - [2025-01-10T18:48:32.417+0000] {dag.py:3239} INFO - Sync 1 DAGs
[2025-01-10T18:48:32.468+0000] {logging_mixin.py:190} INFO - [2025-01-10T18:48:32.467+0000] {dag.py:4180} INFO - Setting next_dagrun for example_sensors to None, run_after=None
[2025-01-10T18:48:32.538+0000] {processor.py:208} INFO - Processing /home/airflow/.local/lib/python3.12/site-packages/airflow/example_dags/example_sensors.py took 0.233 seconds
[2025-01-10T18:49:02.695+0000] {processor.py:186} INFO - Started process (PID=627) to work on /home/airflow/.local/lib/python3.12/site-packages/airflow/example_dags/example_sensors.py
[2025-01-10T18:49:02.697+0000] {processor.py:914} INFO - Processing file /home/airflow/.local/lib/python3.12/site-packages/airflow/example_dags/example_sensors.py for tasks to queue
[2025-01-10T18:49:02.705+0000] {logging_mixin.py:190} INFO - [2025-01-10T18:49:02.704+0000] {dagbag.py:588} INFO - Filling up the DagBag from /home/airflow/.local/lib/python3.12/site-packages/airflow/example_dags/example_sensors.py
[2025-01-10T18:49:02.739+0000] {processor.py:925} INFO - DAG(s) 'example_sensors' retrieved from /home/airflow/.local/lib/python3.12/site-packages/airflow/example_dags/example_sensors.py
[2025-01-10T18:49:02.810+0000] {logging_mixin.py:190} INFO - [2025-01-10T18:49:02.810+0000] {dag.py:3239} INFO - Sync 1 DAGs
[2025-01-10T18:49:02.847+0000] {logging_mixin.py:190} INFO - [2025-01-10T18:49:02.847+0000] {dag.py:4180} INFO - Setting next_dagrun for example_sensors to None, run_after=None
[2025-01-10T18:49:02.900+0000] {processor.py:208} INFO - Processing /home/airflow/.local/lib/python3.12/site-packages/airflow/example_dags/example_sensors.py took 0.221 seconds
[2025-01-10T18:49:33.548+0000] {processor.py:186} INFO - Started process (PID=690) to work on /home/airflow/.local/lib/python3.12/site-packages/airflow/example_dags/example_sensors.py
[2025-01-10T18:49:33.552+0000] {processor.py:914} INFO - Processing file /home/airflow/.local/lib/python3.12/site-packages/airflow/example_dags/example_sensors.py for tasks to queue
[2025-01-10T18:49:33.564+0000] {logging_mixin.py:190} INFO - [2025-01-10T18:49:33.562+0000] {dagbag.py:588} INFO - Filling up the DagBag from /home/airflow/.local/lib/python3.12/site-packages/airflow/example_dags/example_sensors.py
[2025-01-10T18:49:33.627+0000] {processor.py:925} INFO - DAG(s) 'example_sensors' retrieved from /home/airflow/.local/lib/python3.12/site-packages/airflow/example_dags/example_sensors.py
[2025-01-10T18:49:33.745+0000] {logging_mixin.py:190} INFO - [2025-01-10T18:49:33.744+0000] {dag.py:3239} INFO - Sync 1 DAGs
[2025-01-10T18:49:33.797+0000] {logging_mixin.py:190} INFO - [2025-01-10T18:49:33.797+0000] {dag.py:4180} INFO - Setting next_dagrun for example_sensors to None, run_after=None
[2025-01-10T18:49:33.851+0000] {processor.py:208} INFO - Processing /home/airflow/.local/lib/python3.12/site-packages/airflow/example_dags/example_sensors.py took 0.330 seconds
[2025-01-10T18:50:04.171+0000] {processor.py:186} INFO - Started process (PID=752) to work on /home/airflow/.local/lib/python3.12/site-packages/airflow/example_dags/example_sensors.py
[2025-01-10T18:50:04.173+0000] {processor.py:914} INFO - Processing file /home/airflow/.local/lib/python3.12/site-packages/airflow/example_dags/example_sensors.py for tasks to queue
[2025-01-10T18:50:04.179+0000] {logging_mixin.py:190} INFO - [2025-01-10T18:50:04.178+0000] {dagbag.py:588} INFO - Filling up the DagBag from /home/airflow/.local/lib/python3.12/site-packages/airflow/example_dags/example_sensors.py
[2025-01-10T18:50:04.210+0000] {processor.py:925} INFO - DAG(s) 'example_sensors' retrieved from /home/airflow/.local/lib/python3.12/site-packages/airflow/example_dags/example_sensors.py
[2025-01-10T18:50:04.281+0000] {logging_mixin.py:190} INFO - [2025-01-10T18:50:04.281+0000] {dag.py:3239} INFO - Sync 1 DAGs
[2025-01-10T18:50:04.320+0000] {logging_mixin.py:190} INFO - [2025-01-10T18:50:04.320+0000] {dag.py:4180} INFO - Setting next_dagrun for example_sensors to None, run_after=None
[2025-01-10T18:50:04.361+0000] {processor.py:208} INFO - Processing /home/airflow/.local/lib/python3.12/site-packages/airflow/example_dags/example_sensors.py took 0.205 seconds
[2025-01-10T18:50:34.944+0000] {processor.py:186} INFO - Started process (PID=815) to work on /home/airflow/.local/lib/python3.12/site-packages/airflow/example_dags/example_sensors.py
[2025-01-10T18:50:34.946+0000] {processor.py:914} INFO - Processing file /home/airflow/.local/lib/python3.12/site-packages/airflow/example_dags/example_sensors.py for tasks to queue
[2025-01-10T18:50:34.955+0000] {logging_mixin.py:190} INFO - [2025-01-10T18:50:34.954+0000] {dagbag.py:588} INFO - Filling up the DagBag from /home/airflow/.local/lib/python3.12/site-packages/airflow/example_dags/example_sensors.py
[2025-01-10T18:50:34.989+0000] {processor.py:925} INFO - DAG(s) 'example_sensors' retrieved from /home/airflow/.local/lib/python3.12/site-packages/airflow/example_dags/example_sensors.py
[2025-01-10T18:50:35.067+0000] {logging_mixin.py:190} INFO - [2025-01-10T18:50:35.067+0000] {dag.py:3239} INFO - Sync 1 DAGs
[2025-01-10T18:50:35.106+0000] {logging_mixin.py:190} INFO - [2025-01-10T18:50:35.106+0000] {dag.py:4180} INFO - Setting next_dagrun for example_sensors to None, run_after=None
[2025-01-10T18:50:35.152+0000] {processor.py:208} INFO - Processing /home/airflow/.local/lib/python3.12/site-packages/airflow/example_dags/example_sensors.py took 0.226 seconds
[2025-01-10T18:51:05.883+0000] {processor.py:186} INFO - Started process (PID=878) to work on /home/airflow/.local/lib/python3.12/site-packages/airflow/example_dags/example_sensors.py
[2025-01-10T18:51:05.886+0000] {processor.py:914} INFO - Processing file /home/airflow/.local/lib/python3.12/site-packages/airflow/example_dags/example_sensors.py for tasks to queue
[2025-01-10T18:51:05.895+0000] {logging_mixin.py:190} INFO - [2025-01-10T18:51:05.894+0000] {dagbag.py:588} INFO - Filling up the DagBag from /home/airflow/.local/lib/python3.12/site-packages/airflow/example_dags/example_sensors.py
[2025-01-10T18:51:05.946+0000] {processor.py:925} INFO - DAG(s) 'example_sensors' retrieved from /home/airflow/.local/lib/python3.12/site-packages/airflow/example_dags/example_sensors.py
[2025-01-10T18:51:06.056+0000] {logging_mixin.py:190} INFO - [2025-01-10T18:51:06.054+0000] {dag.py:3239} INFO - Sync 1 DAGs
[2025-01-10T18:51:06.121+0000] {logging_mixin.py:190} INFO - [2025-01-10T18:51:06.121+0000] {dag.py:4180} INFO - Setting next_dagrun for example_sensors to None, run_after=None
[2025-01-10T18:51:06.214+0000] {processor.py:208} INFO - Processing /home/airflow/.local/lib/python3.12/site-packages/airflow/example_dags/example_sensors.py took 0.352 seconds
[2025-01-10T18:51:36.525+0000] {processor.py:186} INFO - Started process (PID=941) to work on /home/airflow/.local/lib/python3.12/site-packages/airflow/example_dags/example_sensors.py
[2025-01-10T18:51:36.529+0000] {processor.py:914} INFO - Processing file /home/airflow/.local/lib/python3.12/site-packages/airflow/example_dags/example_sensors.py for tasks to queue
[2025-01-10T18:51:36.541+0000] {logging_mixin.py:190} INFO - [2025-01-10T18:51:36.540+0000] {dagbag.py:588} INFO - Filling up the DagBag from /home/airflow/.local/lib/python3.12/site-packages/airflow/example_dags/example_sensors.py
[2025-01-10T18:51:36.584+0000] {processor.py:925} INFO - DAG(s) 'example_sensors' retrieved from /home/airflow/.local/lib/python3.12/site-packages/airflow/example_dags/example_sensors.py
[2025-01-10T18:51:36.706+0000] {logging_mixin.py:190} INFO - [2025-01-10T18:51:36.706+0000] {dag.py:3239} INFO - Sync 1 DAGs
[2025-01-10T18:51:36.739+0000] {logging_mixin.py:190} INFO - [2025-01-10T18:51:36.738+0000] {dag.py:4180} INFO - Setting next_dagrun for example_sensors to None, run_after=None
[2025-01-10T18:51:36.775+0000] {processor.py:208} INFO - Processing /home/airflow/.local/lib/python3.12/site-packages/airflow/example_dags/example_sensors.py took 0.277 seconds
[2025-01-10T18:52:07.727+0000] {processor.py:186} INFO - Started process (PID=1004) to work on /home/airflow/.local/lib/python3.12/site-packages/airflow/example_dags/example_sensors.py
[2025-01-10T18:52:07.729+0000] {processor.py:914} INFO - Processing file /home/airflow/.local/lib/python3.12/site-packages/airflow/example_dags/example_sensors.py for tasks to queue
[2025-01-10T18:52:07.736+0000] {logging_mixin.py:190} INFO - [2025-01-10T18:52:07.735+0000] {dagbag.py:588} INFO - Filling up the DagBag from /home/airflow/.local/lib/python3.12/site-packages/airflow/example_dags/example_sensors.py
[2025-01-10T18:52:07.762+0000] {processor.py:925} INFO - DAG(s) 'example_sensors' retrieved from /home/airflow/.local/lib/python3.12/site-packages/airflow/example_dags/example_sensors.py
[2025-01-10T18:52:07.816+0000] {logging_mixin.py:190} INFO - [2025-01-10T18:52:07.815+0000] {dag.py:3239} INFO - Sync 1 DAGs
[2025-01-10T18:52:07.847+0000] {logging_mixin.py:190} INFO - [2025-01-10T18:52:07.846+0000] {dag.py:4180} INFO - Setting next_dagrun for example_sensors to None, run_after=None
[2025-01-10T18:52:07.884+0000] {processor.py:208} INFO - Processing /home/airflow/.local/lib/python3.12/site-packages/airflow/example_dags/example_sensors.py took 0.173 seconds
[2025-01-10T18:52:37.998+0000] {processor.py:186} INFO - Started process (PID=1066) to work on /home/airflow/.local/lib/python3.12/site-packages/airflow/example_dags/example_sensors.py
[2025-01-10T18:52:38.000+0000] {processor.py:914} INFO - Processing file /home/airflow/.local/lib/python3.12/site-packages/airflow/example_dags/example_sensors.py for tasks to queue
[2025-01-10T18:52:38.007+0000] {logging_mixin.py:190} INFO - [2025-01-10T18:52:38.006+0000] {dagbag.py:588} INFO - Filling up the DagBag from /home/airflow/.local/lib/python3.12/site-packages/airflow/example_dags/example_sensors.py
[2025-01-10T18:52:38.030+0000] {processor.py:925} INFO - DAG(s) 'example_sensors' retrieved from /home/airflow/.local/lib/python3.12/site-packages/airflow/example_dags/example_sensors.py
[2025-01-10T18:52:38.082+0000] {logging_mixin.py:190} INFO - [2025-01-10T18:52:38.082+0000] {dag.py:3239} INFO - Sync 1 DAGs
[2025-01-10T18:52:38.110+0000] {logging_mixin.py:190} INFO - [2025-01-10T18:52:38.109+0000] {dag.py:4180} INFO - Setting next_dagrun for example_sensors to None, run_after=None
[2025-01-10T18:52:38.147+0000] {processor.py:208} INFO - Processing /home/airflow/.local/lib/python3.12/site-packages/airflow/example_dags/example_sensors.py took 0.161 seconds
[2025-01-10T18:53:08.760+0000] {processor.py:186} INFO - Started process (PID=1129) to work on /home/airflow/.local/lib/python3.12/site-packages/airflow/example_dags/example_sensors.py
[2025-01-10T18:53:08.762+0000] {processor.py:914} INFO - Processing file /home/airflow/.local/lib/python3.12/site-packages/airflow/example_dags/example_sensors.py for tasks to queue
[2025-01-10T18:53:08.769+0000] {logging_mixin.py:190} INFO - [2025-01-10T18:53:08.768+0000] {dagbag.py:588} INFO - Filling up the DagBag from /home/airflow/.local/lib/python3.12/site-packages/airflow/example_dags/example_sensors.py
[2025-01-10T18:53:08.806+0000] {processor.py:925} INFO - DAG(s) 'example_sensors' retrieved from /home/airflow/.local/lib/python3.12/site-packages/airflow/example_dags/example_sensors.py
[2025-01-10T18:53:08.904+0000] {logging_mixin.py:190} INFO - [2025-01-10T18:53:08.903+0000] {dag.py:3239} INFO - Sync 1 DAGs
[2025-01-10T18:53:08.950+0000] {logging_mixin.py:190} INFO - [2025-01-10T18:53:08.950+0000] {dag.py:4180} INFO - Setting next_dagrun for example_sensors to None, run_after=None
[2025-01-10T18:53:09.007+0000] {processor.py:208} INFO - Processing /home/airflow/.local/lib/python3.12/site-packages/airflow/example_dags/example_sensors.py took 0.270 seconds
[2025-01-10T18:53:39.371+0000] {processor.py:186} INFO - Started process (PID=1192) to work on /home/airflow/.local/lib/python3.12/site-packages/airflow/example_dags/example_sensors.py
[2025-01-10T18:53:39.373+0000] {processor.py:914} INFO - Processing file /home/airflow/.local/lib/python3.12/site-packages/airflow/example_dags/example_sensors.py for tasks to queue
[2025-01-10T18:53:39.381+0000] {logging_mixin.py:190} INFO - [2025-01-10T18:53:39.381+0000] {dagbag.py:588} INFO - Filling up the DagBag from /home/airflow/.local/lib/python3.12/site-packages/airflow/example_dags/example_sensors.py
[2025-01-10T18:53:39.413+0000] {processor.py:925} INFO - DAG(s) 'example_sensors' retrieved from /home/airflow/.local/lib/python3.12/site-packages/airflow/example_dags/example_sensors.py
[2025-01-10T18:53:39.483+0000] {logging_mixin.py:190} INFO - [2025-01-10T18:53:39.483+0000] {dag.py:3239} INFO - Sync 1 DAGs
[2025-01-10T18:53:39.519+0000] {logging_mixin.py:190} INFO - [2025-01-10T18:53:39.518+0000] {dag.py:4180} INFO - Setting next_dagrun for example_sensors to None, run_after=None
[2025-01-10T18:53:39.564+0000] {processor.py:208} INFO - Processing /home/airflow/.local/lib/python3.12/site-packages/airflow/example_dags/example_sensors.py took 0.206 seconds
[2025-01-10T18:54:09.870+0000] {processor.py:186} INFO - Started process (PID=1254) to work on /home/airflow/.local/lib/python3.12/site-packages/airflow/example_dags/example_sensors.py
[2025-01-10T18:54:09.872+0000] {processor.py:914} INFO - Processing file /home/airflow/.local/lib/python3.12/site-packages/airflow/example_dags/example_sensors.py for tasks to queue
[2025-01-10T18:54:09.878+0000] {logging_mixin.py:190} INFO - [2025-01-10T18:54:09.878+0000] {dagbag.py:588} INFO - Filling up the DagBag from /home/airflow/.local/lib/python3.12/site-packages/airflow/example_dags/example_sensors.py
[2025-01-10T18:54:09.906+0000] {processor.py:925} INFO - DAG(s) 'example_sensors' retrieved from /home/airflow/.local/lib/python3.12/site-packages/airflow/example_dags/example_sensors.py
[2025-01-10T18:54:09.964+0000] {logging_mixin.py:190} INFO - [2025-01-10T18:54:09.964+0000] {dag.py:3239} INFO - Sync 1 DAGs
[2025-01-10T18:54:09.991+0000] {logging_mixin.py:190} INFO - [2025-01-10T18:54:09.991+0000] {dag.py:4180} INFO - Setting next_dagrun for example_sensors to None, run_after=None
[2025-01-10T18:54:10.022+0000] {processor.py:208} INFO - Processing /home/airflow/.local/lib/python3.12/site-packages/airflow/example_dags/example_sensors.py took 0.167 seconds
[2025-01-10T18:54:40.470+0000] {processor.py:186} INFO - Started process (PID=1317) to work on /home/airflow/.local/lib/python3.12/site-packages/airflow/example_dags/example_sensors.py
[2025-01-10T18:54:40.474+0000] {processor.py:914} INFO - Processing file /home/airflow/.local/lib/python3.12/site-packages/airflow/example_dags/example_sensors.py for tasks to queue
[2025-01-10T18:54:40.482+0000] {logging_mixin.py:190} INFO - [2025-01-10T18:54:40.481+0000] {dagbag.py:588} INFO - Filling up the DagBag from /home/airflow/.local/lib/python3.12/site-packages/airflow/example_dags/example_sensors.py
[2025-01-10T18:54:40.517+0000] {processor.py:925} INFO - DAG(s) 'example_sensors' retrieved from /home/airflow/.local/lib/python3.12/site-packages/airflow/example_dags/example_sensors.py
[2025-01-10T18:54:40.603+0000] {logging_mixin.py:190} INFO - [2025-01-10T18:54:40.602+0000] {dag.py:3239} INFO - Sync 1 DAGs
[2025-01-10T18:54:40.657+0000] {logging_mixin.py:190} INFO - [2025-01-10T18:54:40.655+0000] {dag.py:4180} INFO - Setting next_dagrun for example_sensors to None, run_after=None
[2025-01-10T18:54:40.726+0000] {processor.py:208} INFO - Processing /home/airflow/.local/lib/python3.12/site-packages/airflow/example_dags/example_sensors.py took 0.279 seconds
[2025-01-10T18:55:10.950+0000] {processor.py:186} INFO - Started process (PID=1385) to work on /home/airflow/.local/lib/python3.12/site-packages/airflow/example_dags/example_sensors.py
[2025-01-10T18:55:10.951+0000] {processor.py:914} INFO - Processing file /home/airflow/.local/lib/python3.12/site-packages/airflow/example_dags/example_sensors.py for tasks to queue
[2025-01-10T18:55:10.955+0000] {logging_mixin.py:190} INFO - [2025-01-10T18:55:10.955+0000] {dagbag.py:588} INFO - Filling up the DagBag from /home/airflow/.local/lib/python3.12/site-packages/airflow/example_dags/example_sensors.py
[2025-01-10T18:55:10.976+0000] {processor.py:925} INFO - DAG(s) 'example_sensors' retrieved from /home/airflow/.local/lib/python3.12/site-packages/airflow/example_dags/example_sensors.py
[2025-01-10T18:55:11.052+0000] {logging_mixin.py:190} INFO - [2025-01-10T18:55:11.051+0000] {dag.py:3239} INFO - Sync 1 DAGs
[2025-01-10T18:55:11.101+0000] {logging_mixin.py:190} INFO - [2025-01-10T18:55:11.101+0000] {dag.py:4180} INFO - Setting next_dagrun for example_sensors to None, run_after=None
[2025-01-10T18:55:11.166+0000] {processor.py:208} INFO - Processing /home/airflow/.local/lib/python3.12/site-packages/airflow/example_dags/example_sensors.py took 0.228 seconds
[2025-01-10T18:55:42.855+0000] {processor.py:186} INFO - Started process (PID=1448) to work on /home/airflow/.local/lib/python3.12/site-packages/airflow/example_dags/example_sensors.py
[2025-01-10T18:55:42.857+0000] {processor.py:914} INFO - Processing file /home/airflow/.local/lib/python3.12/site-packages/airflow/example_dags/example_sensors.py for tasks to queue
[2025-01-10T18:55:42.861+0000] {logging_mixin.py:190} INFO - [2025-01-10T18:55:42.860+0000] {dagbag.py:588} INFO - Filling up the DagBag from /home/airflow/.local/lib/python3.12/site-packages/airflow/example_dags/example_sensors.py
[2025-01-10T18:55:42.887+0000] {processor.py:925} INFO - DAG(s) 'example_sensors' retrieved from /home/airflow/.local/lib/python3.12/site-packages/airflow/example_dags/example_sensors.py
[2025-01-10T18:55:43.054+0000] {logging_mixin.py:190} INFO - [2025-01-10T18:55:43.054+0000] {dag.py:3239} INFO - Sync 1 DAGs
[2025-01-10T18:55:43.096+0000] {logging_mixin.py:190} INFO - [2025-01-10T18:55:43.096+0000] {dag.py:4180} INFO - Setting next_dagrun for example_sensors to None, run_after=None
[2025-01-10T18:55:43.146+0000] {processor.py:208} INFO - Processing /home/airflow/.local/lib/python3.12/site-packages/airflow/example_dags/example_sensors.py took 0.305 seconds
[2025-01-10T18:56:15.008+0000] {processor.py:186} INFO - Started process (PID=1511) to work on /home/airflow/.local/lib/python3.12/site-packages/airflow/example_dags/example_sensors.py
[2025-01-10T18:56:15.011+0000] {processor.py:914} INFO - Processing file /home/airflow/.local/lib/python3.12/site-packages/airflow/example_dags/example_sensors.py for tasks to queue
[2025-01-10T18:56:15.018+0000] {logging_mixin.py:190} INFO - [2025-01-10T18:56:15.017+0000] {dagbag.py:588} INFO - Filling up the DagBag from /home/airflow/.local/lib/python3.12/site-packages/airflow/example_dags/example_sensors.py
[2025-01-10T18:56:15.048+0000] {processor.py:925} INFO - DAG(s) 'example_sensors' retrieved from /home/airflow/.local/lib/python3.12/site-packages/airflow/example_dags/example_sensors.py
[2025-01-10T18:56:15.132+0000] {logging_mixin.py:190} INFO - [2025-01-10T18:56:15.131+0000] {dag.py:3239} INFO - Sync 1 DAGs
[2025-01-10T18:56:15.195+0000] {logging_mixin.py:190} INFO - [2025-01-10T18:56:15.194+0000] {dag.py:4180} INFO - Setting next_dagrun for example_sensors to None, run_after=None
[2025-01-10T18:56:15.249+0000] {processor.py:208} INFO - Processing /home/airflow/.local/lib/python3.12/site-packages/airflow/example_dags/example_sensors.py took 0.259 seconds
[2025-01-10T18:56:46.965+0000] {processor.py:186} INFO - Started process (PID=1575) to work on /home/airflow/.local/lib/python3.12/site-packages/airflow/example_dags/example_sensors.py
[2025-01-10T18:56:46.968+0000] {processor.py:914} INFO - Processing file /home/airflow/.local/lib/python3.12/site-packages/airflow/example_dags/example_sensors.py for tasks to queue
[2025-01-10T18:56:46.976+0000] {logging_mixin.py:190} INFO - [2025-01-10T18:56:46.975+0000] {dagbag.py:588} INFO - Filling up the DagBag from /home/airflow/.local/lib/python3.12/site-packages/airflow/example_dags/example_sensors.py
[2025-01-10T18:56:47.010+0000] {processor.py:925} INFO - DAG(s) 'example_sensors' retrieved from /home/airflow/.local/lib/python3.12/site-packages/airflow/example_dags/example_sensors.py
[2025-01-10T18:56:47.093+0000] {logging_mixin.py:190} INFO - [2025-01-10T18:56:47.092+0000] {dag.py:3239} INFO - Sync 1 DAGs
[2025-01-10T18:56:47.140+0000] {logging_mixin.py:190} INFO - [2025-01-10T18:56:47.139+0000] {dag.py:4180} INFO - Setting next_dagrun for example_sensors to None, run_after=None
[2025-01-10T18:56:47.184+0000] {processor.py:208} INFO - Processing /home/airflow/.local/lib/python3.12/site-packages/airflow/example_dags/example_sensors.py took 0.236 seconds
[2025-01-10T18:57:17.371+0000] {processor.py:186} INFO - Started process (PID=1637) to work on /home/airflow/.local/lib/python3.12/site-packages/airflow/example_dags/example_sensors.py
[2025-01-10T18:57:17.377+0000] {processor.py:914} INFO - Processing file /home/airflow/.local/lib/python3.12/site-packages/airflow/example_dags/example_sensors.py for tasks to queue
[2025-01-10T18:57:17.392+0000] {logging_mixin.py:190} INFO - [2025-01-10T18:57:17.391+0000] {dagbag.py:588} INFO - Filling up the DagBag from /home/airflow/.local/lib/python3.12/site-packages/airflow/example_dags/example_sensors.py
[2025-01-10T18:57:17.441+0000] {processor.py:925} INFO - DAG(s) 'example_sensors' retrieved from /home/airflow/.local/lib/python3.12/site-packages/airflow/example_dags/example_sensors.py
[2025-01-10T18:57:17.626+0000] {logging_mixin.py:190} INFO - [2025-01-10T18:57:17.626+0000] {dag.py:3239} INFO - Sync 1 DAGs
[2025-01-10T18:57:17.691+0000] {logging_mixin.py:190} INFO - [2025-01-10T18:57:17.690+0000] {dag.py:4180} INFO - Setting next_dagrun for example_sensors to None, run_after=None
[2025-01-10T18:57:17.739+0000] {processor.py:208} INFO - Processing /home/airflow/.local/lib/python3.12/site-packages/airflow/example_dags/example_sensors.py took 0.411 seconds
[2025-01-10T18:57:48.058+0000] {processor.py:186} INFO - Started process (PID=1699) to work on /home/airflow/.local/lib/python3.12/site-packages/airflow/example_dags/example_sensors.py
[2025-01-10T18:57:48.061+0000] {processor.py:914} INFO - Processing file /home/airflow/.local/lib/python3.12/site-packages/airflow/example_dags/example_sensors.py for tasks to queue
[2025-01-10T18:57:48.068+0000] {logging_mixin.py:190} INFO - [2025-01-10T18:57:48.068+0000] {dagbag.py:588} INFO - Filling up the DagBag from /home/airflow/.local/lib/python3.12/site-packages/airflow/example_dags/example_sensors.py
[2025-01-10T18:57:48.099+0000] {processor.py:925} INFO - DAG(s) 'example_sensors' retrieved from /home/airflow/.local/lib/python3.12/site-packages/airflow/example_dags/example_sensors.py
[2025-01-10T18:57:48.210+0000] {logging_mixin.py:190} INFO - [2025-01-10T18:57:48.210+0000] {dag.py:3239} INFO - Sync 1 DAGs
[2025-01-10T18:57:48.251+0000] {logging_mixin.py:190} INFO - [2025-01-10T18:57:48.251+0000] {dag.py:4180} INFO - Setting next_dagrun for example_sensors to None, run_after=None
[2025-01-10T18:57:48.305+0000] {processor.py:208} INFO - Processing /home/airflow/.local/lib/python3.12/site-packages/airflow/example_dags/example_sensors.py took 0.287 seconds
[2025-01-10T18:58:19.098+0000] {processor.py:186} INFO - Started process (PID=1762) to work on /home/airflow/.local/lib/python3.12/site-packages/airflow/example_dags/example_sensors.py
[2025-01-10T18:58:19.101+0000] {processor.py:914} INFO - Processing file /home/airflow/.local/lib/python3.12/site-packages/airflow/example_dags/example_sensors.py for tasks to queue
[2025-01-10T18:58:19.108+0000] {logging_mixin.py:190} INFO - [2025-01-10T18:58:19.107+0000] {dagbag.py:588} INFO - Filling up the DagBag from /home/airflow/.local/lib/python3.12/site-packages/airflow/example_dags/example_sensors.py
[2025-01-10T18:58:19.149+0000] {processor.py:925} INFO - DAG(s) 'example_sensors' retrieved from /home/airflow/.local/lib/python3.12/site-packages/airflow/example_dags/example_sensors.py
[2025-01-10T18:58:19.220+0000] {logging_mixin.py:190} INFO - [2025-01-10T18:58:19.219+0000] {dag.py:3239} INFO - Sync 1 DAGs
[2025-01-10T18:58:19.263+0000] {logging_mixin.py:190} INFO - [2025-01-10T18:58:19.263+0000] {dag.py:4180} INFO - Setting next_dagrun for example_sensors to None, run_after=None
[2025-01-10T18:58:19.320+0000] {processor.py:208} INFO - Processing /home/airflow/.local/lib/python3.12/site-packages/airflow/example_dags/example_sensors.py took 0.237 seconds
[2025-01-10T18:58:49.471+0000] {processor.py:186} INFO - Started process (PID=1825) to work on /home/airflow/.local/lib/python3.12/site-packages/airflow/example_dags/example_sensors.py
[2025-01-10T18:58:49.475+0000] {processor.py:914} INFO - Processing file /home/airflow/.local/lib/python3.12/site-packages/airflow/example_dags/example_sensors.py for tasks to queue
[2025-01-10T18:58:49.481+0000] {logging_mixin.py:190} INFO - [2025-01-10T18:58:49.481+0000] {dagbag.py:588} INFO - Filling up the DagBag from /home/airflow/.local/lib/python3.12/site-packages/airflow/example_dags/example_sensors.py
[2025-01-10T18:58:49.512+0000] {processor.py:925} INFO - DAG(s) 'example_sensors' retrieved from /home/airflow/.local/lib/python3.12/site-packages/airflow/example_dags/example_sensors.py
[2025-01-10T18:58:49.643+0000] {logging_mixin.py:190} INFO - [2025-01-10T18:58:49.642+0000] {dag.py:3239} INFO - Sync 1 DAGs
[2025-01-10T18:58:49.693+0000] {logging_mixin.py:190} INFO - [2025-01-10T18:58:49.692+0000] {dag.py:4180} INFO - Setting next_dagrun for example_sensors to None, run_after=None
[2025-01-10T18:58:49.747+0000] {processor.py:208} INFO - Processing /home/airflow/.local/lib/python3.12/site-packages/airflow/example_dags/example_sensors.py took 0.296 seconds
[2025-01-10T18:59:19.869+0000] {processor.py:186} INFO - Started process (PID=1888) to work on /home/airflow/.local/lib/python3.12/site-packages/airflow/example_dags/example_sensors.py
[2025-01-10T18:59:19.872+0000] {processor.py:914} INFO - Processing file /home/airflow/.local/lib/python3.12/site-packages/airflow/example_dags/example_sensors.py for tasks to queue
[2025-01-10T18:59:19.878+0000] {logging_mixin.py:190} INFO - [2025-01-10T18:59:19.878+0000] {dagbag.py:588} INFO - Filling up the DagBag from /home/airflow/.local/lib/python3.12/site-packages/airflow/example_dags/example_sensors.py
[2025-01-10T18:59:19.909+0000] {processor.py:925} INFO - DAG(s) 'example_sensors' retrieved from /home/airflow/.local/lib/python3.12/site-packages/airflow/example_dags/example_sensors.py
[2025-01-10T18:59:19.980+0000] {logging_mixin.py:190} INFO - [2025-01-10T18:59:19.979+0000] {dag.py:3239} INFO - Sync 1 DAGs
[2025-01-10T18:59:20.017+0000] {logging_mixin.py:190} INFO - [2025-01-10T18:59:20.017+0000] {dag.py:4180} INFO - Setting next_dagrun for example_sensors to None, run_after=None
[2025-01-10T18:59:20.063+0000] {processor.py:208} INFO - Processing /home/airflow/.local/lib/python3.12/site-packages/airflow/example_dags/example_sensors.py took 0.209 seconds
[2025-01-10T18:59:50.190+0000] {processor.py:186} INFO - Started process (PID=1951) to work on /home/airflow/.local/lib/python3.12/site-packages/airflow/example_dags/example_sensors.py
[2025-01-10T18:59:50.192+0000] {processor.py:914} INFO - Processing file /home/airflow/.local/lib/python3.12/site-packages/airflow/example_dags/example_sensors.py for tasks to queue
[2025-01-10T18:59:50.197+0000] {logging_mixin.py:190} INFO - [2025-01-10T18:59:50.197+0000] {dagbag.py:588} INFO - Filling up the DagBag from /home/airflow/.local/lib/python3.12/site-packages/airflow/example_dags/example_sensors.py
[2025-01-10T18:59:50.228+0000] {processor.py:925} INFO - DAG(s) 'example_sensors' retrieved from /home/airflow/.local/lib/python3.12/site-packages/airflow/example_dags/example_sensors.py
[2025-01-10T18:59:50.289+0000] {logging_mixin.py:190} INFO - [2025-01-10T18:59:50.289+0000] {dag.py:3239} INFO - Sync 1 DAGs
[2025-01-10T18:59:50.322+0000] {logging_mixin.py:190} INFO - [2025-01-10T18:59:50.321+0000] {dag.py:4180} INFO - Setting next_dagrun for example_sensors to None, run_after=None
[2025-01-10T18:59:50.361+0000] {processor.py:208} INFO - Processing /home/airflow/.local/lib/python3.12/site-packages/airflow/example_dags/example_sensors.py took 0.189 seconds
[2025-01-10T19:00:21.520+0000] {processor.py:186} INFO - Started process (PID=2014) to work on /home/airflow/.local/lib/python3.12/site-packages/airflow/example_dags/example_sensors.py
[2025-01-10T19:00:21.523+0000] {processor.py:914} INFO - Processing file /home/airflow/.local/lib/python3.12/site-packages/airflow/example_dags/example_sensors.py for tasks to queue
[2025-01-10T19:00:21.529+0000] {logging_mixin.py:190} INFO - [2025-01-10T19:00:21.528+0000] {dagbag.py:588} INFO - Filling up the DagBag from /home/airflow/.local/lib/python3.12/site-packages/airflow/example_dags/example_sensors.py
[2025-01-10T19:00:21.560+0000] {processor.py:925} INFO - DAG(s) 'example_sensors' retrieved from /home/airflow/.local/lib/python3.12/site-packages/airflow/example_dags/example_sensors.py
[2025-01-10T19:00:21.735+0000] {logging_mixin.py:190} INFO - [2025-01-10T19:00:21.734+0000] {dag.py:3239} INFO - Sync 1 DAGs
[2025-01-10T19:00:21.819+0000] {logging_mixin.py:190} INFO - [2025-01-10T19:00:21.819+0000] {dag.py:4180} INFO - Setting next_dagrun for example_sensors to None, run_after=None
[2025-01-10T19:00:21.901+0000] {processor.py:208} INFO - Processing /home/airflow/.local/lib/python3.12/site-packages/airflow/example_dags/example_sensors.py took 0.401 seconds
[2025-01-10T19:00:52.152+0000] {processor.py:186} INFO - Started process (PID=2076) to work on /home/airflow/.local/lib/python3.12/site-packages/airflow/example_dags/example_sensors.py
[2025-01-10T19:00:52.155+0000] {processor.py:914} INFO - Processing file /home/airflow/.local/lib/python3.12/site-packages/airflow/example_dags/example_sensors.py for tasks to queue
[2025-01-10T19:00:52.168+0000] {logging_mixin.py:190} INFO - [2025-01-10T19:00:52.167+0000] {dagbag.py:588} INFO - Filling up the DagBag from /home/airflow/.local/lib/python3.12/site-packages/airflow/example_dags/example_sensors.py
[2025-01-10T19:00:52.218+0000] {processor.py:925} INFO - DAG(s) 'example_sensors' retrieved from /home/airflow/.local/lib/python3.12/site-packages/airflow/example_dags/example_sensors.py
[2025-01-10T19:00:52.341+0000] {logging_mixin.py:190} INFO - [2025-01-10T19:00:52.340+0000] {dag.py:3239} INFO - Sync 1 DAGs
[2025-01-10T19:00:52.416+0000] {logging_mixin.py:190} INFO - [2025-01-10T19:00:52.415+0000] {dag.py:4180} INFO - Setting next_dagrun for example_sensors to None, run_after=None
[2025-01-10T19:00:52.491+0000] {processor.py:208} INFO - Processing /home/airflow/.local/lib/python3.12/site-packages/airflow/example_dags/example_sensors.py took 0.360 seconds
[2025-01-10T19:01:22.910+0000] {processor.py:186} INFO - Started process (PID=2139) to work on /home/airflow/.local/lib/python3.12/site-packages/airflow/example_dags/example_sensors.py
[2025-01-10T19:01:22.913+0000] {processor.py:914} INFO - Processing file /home/airflow/.local/lib/python3.12/site-packages/airflow/example_dags/example_sensors.py for tasks to queue
[2025-01-10T19:01:22.921+0000] {logging_mixin.py:190} INFO - [2025-01-10T19:01:22.920+0000] {dagbag.py:588} INFO - Filling up the DagBag from /home/airflow/.local/lib/python3.12/site-packages/airflow/example_dags/example_sensors.py
[2025-01-10T19:01:22.977+0000] {processor.py:925} INFO - DAG(s) 'example_sensors' retrieved from /home/airflow/.local/lib/python3.12/site-packages/airflow/example_dags/example_sensors.py
[2025-01-10T19:01:23.084+0000] {logging_mixin.py:190} INFO - [2025-01-10T19:01:23.084+0000] {dag.py:3239} INFO - Sync 1 DAGs
[2025-01-10T19:01:23.131+0000] {logging_mixin.py:190} INFO - [2025-01-10T19:01:23.131+0000] {dag.py:4180} INFO - Setting next_dagrun for example_sensors to None, run_after=None
[2025-01-10T19:01:23.220+0000] {processor.py:208} INFO - Processing /home/airflow/.local/lib/python3.12/site-packages/airflow/example_dags/example_sensors.py took 0.335 seconds
[2025-01-10T19:01:53.649+0000] {processor.py:186} INFO - Started process (PID=2202) to work on /home/airflow/.local/lib/python3.12/site-packages/airflow/example_dags/example_sensors.py
[2025-01-10T19:01:53.652+0000] {processor.py:914} INFO - Processing file /home/airflow/.local/lib/python3.12/site-packages/airflow/example_dags/example_sensors.py for tasks to queue
[2025-01-10T19:01:53.657+0000] {logging_mixin.py:190} INFO - [2025-01-10T19:01:53.656+0000] {dagbag.py:588} INFO - Filling up the DagBag from /home/airflow/.local/lib/python3.12/site-packages/airflow/example_dags/example_sensors.py
[2025-01-10T19:01:53.682+0000] {processor.py:925} INFO - DAG(s) 'example_sensors' retrieved from /home/airflow/.local/lib/python3.12/site-packages/airflow/example_dags/example_sensors.py
[2025-01-10T19:01:53.741+0000] {logging_mixin.py:190} INFO - [2025-01-10T19:01:53.741+0000] {dag.py:3239} INFO - Sync 1 DAGs
[2025-01-10T19:01:53.771+0000] {logging_mixin.py:190} INFO - [2025-01-10T19:01:53.771+0000] {dag.py:4180} INFO - Setting next_dagrun for example_sensors to None, run_after=None
[2025-01-10T19:01:53.809+0000] {processor.py:208} INFO - Processing /home/airflow/.local/lib/python3.12/site-packages/airflow/example_dags/example_sensors.py took 0.173 seconds
[2025-01-10T19:02:24.003+0000] {processor.py:186} INFO - Started process (PID=2264) to work on /home/airflow/.local/lib/python3.12/site-packages/airflow/example_dags/example_sensors.py
[2025-01-10T19:02:24.006+0000] {processor.py:914} INFO - Processing file /home/airflow/.local/lib/python3.12/site-packages/airflow/example_dags/example_sensors.py for tasks to queue
[2025-01-10T19:02:24.013+0000] {logging_mixin.py:190} INFO - [2025-01-10T19:02:24.012+0000] {dagbag.py:588} INFO - Filling up the DagBag from /home/airflow/.local/lib/python3.12/site-packages/airflow/example_dags/example_sensors.py
[2025-01-10T19:02:24.044+0000] {processor.py:925} INFO - DAG(s) 'example_sensors' retrieved from /home/airflow/.local/lib/python3.12/site-packages/airflow/example_dags/example_sensors.py
[2025-01-10T19:02:24.108+0000] {logging_mixin.py:190} INFO - [2025-01-10T19:02:24.107+0000] {dag.py:3239} INFO - Sync 1 DAGs
[2025-01-10T19:02:24.140+0000] {logging_mixin.py:190} INFO - [2025-01-10T19:02:24.139+0000] {dag.py:4180} INFO - Setting next_dagrun for example_sensors to None, run_after=None
[2025-01-10T19:02:24.181+0000] {processor.py:208} INFO - Processing /home/airflow/.local/lib/python3.12/site-packages/airflow/example_dags/example_sensors.py took 0.193 seconds
[2025-01-10T19:02:54.712+0000] {processor.py:186} INFO - Started process (PID=2326) to work on /home/airflow/.local/lib/python3.12/site-packages/airflow/example_dags/example_sensors.py
[2025-01-10T19:02:54.715+0000] {processor.py:914} INFO - Processing file /home/airflow/.local/lib/python3.12/site-packages/airflow/example_dags/example_sensors.py for tasks to queue
[2025-01-10T19:02:54.723+0000] {logging_mixin.py:190} INFO - [2025-01-10T19:02:54.722+0000] {dagbag.py:588} INFO - Filling up the DagBag from /home/airflow/.local/lib/python3.12/site-packages/airflow/example_dags/example_sensors.py
[2025-01-10T19:02:54.766+0000] {processor.py:925} INFO - DAG(s) 'example_sensors' retrieved from /home/airflow/.local/lib/python3.12/site-packages/airflow/example_dags/example_sensors.py
[2025-01-10T19:02:54.946+0000] {logging_mixin.py:190} INFO - [2025-01-10T19:02:54.944+0000] {dag.py:3239} INFO - Sync 1 DAGs
[2025-01-10T19:02:55.048+0000] {logging_mixin.py:190} INFO - [2025-01-10T19:02:55.048+0000] {dag.py:4180} INFO - Setting next_dagrun for example_sensors to None, run_after=None
[2025-01-10T19:02:55.106+0000] {processor.py:208} INFO - Processing /home/airflow/.local/lib/python3.12/site-packages/airflow/example_dags/example_sensors.py took 0.414 seconds
[2025-01-10T19:03:25.654+0000] {processor.py:186} INFO - Started process (PID=2389) to work on /home/airflow/.local/lib/python3.12/site-packages/airflow/example_dags/example_sensors.py
[2025-01-10T19:03:25.658+0000] {processor.py:914} INFO - Processing file /home/airflow/.local/lib/python3.12/site-packages/airflow/example_dags/example_sensors.py for tasks to queue
[2025-01-10T19:03:25.668+0000] {logging_mixin.py:190} INFO - [2025-01-10T19:03:25.667+0000] {dagbag.py:588} INFO - Filling up the DagBag from /home/airflow/.local/lib/python3.12/site-packages/airflow/example_dags/example_sensors.py
[2025-01-10T19:03:25.698+0000] {processor.py:925} INFO - DAG(s) 'example_sensors' retrieved from /home/airflow/.local/lib/python3.12/site-packages/airflow/example_dags/example_sensors.py
[2025-01-10T19:03:25.772+0000] {logging_mixin.py:190} INFO - [2025-01-10T19:03:25.772+0000] {dag.py:3239} INFO - Sync 1 DAGs
[2025-01-10T19:03:25.812+0000] {logging_mixin.py:190} INFO - [2025-01-10T19:03:25.811+0000] {dag.py:4180} INFO - Setting next_dagrun for example_sensors to None, run_after=None
[2025-01-10T19:03:25.853+0000] {processor.py:208} INFO - Processing /home/airflow/.local/lib/python3.12/site-packages/airflow/example_dags/example_sensors.py took 0.216 seconds
[2025-01-10T19:03:56.627+0000] {processor.py:186} INFO - Started process (PID=2452) to work on /home/airflow/.local/lib/python3.12/site-packages/airflow/example_dags/example_sensors.py
[2025-01-10T19:03:56.632+0000] {processor.py:914} INFO - Processing file /home/airflow/.local/lib/python3.12/site-packages/airflow/example_dags/example_sensors.py for tasks to queue
[2025-01-10T19:03:56.650+0000] {logging_mixin.py:190} INFO - [2025-01-10T19:03:56.646+0000] {dagbag.py:588} INFO - Filling up the DagBag from /home/airflow/.local/lib/python3.12/site-packages/airflow/example_dags/example_sensors.py
[2025-01-10T19:03:56.732+0000] {processor.py:925} INFO - DAG(s) 'example_sensors' retrieved from /home/airflow/.local/lib/python3.12/site-packages/airflow/example_dags/example_sensors.py
[2025-01-10T19:03:56.903+0000] {logging_mixin.py:190} INFO - [2025-01-10T19:03:56.901+0000] {dag.py:3239} INFO - Sync 1 DAGs
[2025-01-10T19:03:57.016+0000] {logging_mixin.py:190} INFO - [2025-01-10T19:03:57.015+0000] {dag.py:4180} INFO - Setting next_dagrun for example_sensors to None, run_after=None
[2025-01-10T19:03:57.139+0000] {processor.py:208} INFO - Processing /home/airflow/.local/lib/python3.12/site-packages/airflow/example_dags/example_sensors.py took 0.544 seconds
[2025-01-10T19:04:28.010+0000] {processor.py:186} INFO - Started process (PID=2515) to work on /home/airflow/.local/lib/python3.12/site-packages/airflow/example_dags/example_sensors.py
[2025-01-10T19:04:28.012+0000] {processor.py:914} INFO - Processing file /home/airflow/.local/lib/python3.12/site-packages/airflow/example_dags/example_sensors.py for tasks to queue
[2025-01-10T19:04:28.019+0000] {logging_mixin.py:190} INFO - [2025-01-10T19:04:28.018+0000] {dagbag.py:588} INFO - Filling up the DagBag from /home/airflow/.local/lib/python3.12/site-packages/airflow/example_dags/example_sensors.py
[2025-01-10T19:04:28.048+0000] {processor.py:925} INFO - DAG(s) 'example_sensors' retrieved from /home/airflow/.local/lib/python3.12/site-packages/airflow/example_dags/example_sensors.py
[2025-01-10T19:04:28.122+0000] {logging_mixin.py:190} INFO - [2025-01-10T19:04:28.121+0000] {dag.py:3239} INFO - Sync 1 DAGs
[2025-01-10T19:04:28.176+0000] {logging_mixin.py:190} INFO - [2025-01-10T19:04:28.175+0000] {dag.py:4180} INFO - Setting next_dagrun for example_sensors to None, run_after=None
[2025-01-10T19:04:28.274+0000] {processor.py:208} INFO - Processing /home/airflow/.local/lib/python3.12/site-packages/airflow/example_dags/example_sensors.py took 0.280 seconds
[2025-01-10T19:04:58.711+0000] {processor.py:186} INFO - Started process (PID=2578) to work on /home/airflow/.local/lib/python3.12/site-packages/airflow/example_dags/example_sensors.py
[2025-01-10T19:04:58.713+0000] {processor.py:914} INFO - Processing file /home/airflow/.local/lib/python3.12/site-packages/airflow/example_dags/example_sensors.py for tasks to queue
[2025-01-10T19:04:58.720+0000] {logging_mixin.py:190} INFO - [2025-01-10T19:04:58.719+0000] {dagbag.py:588} INFO - Filling up the DagBag from /home/airflow/.local/lib/python3.12/site-packages/airflow/example_dags/example_sensors.py
[2025-01-10T19:04:58.788+0000] {processor.py:925} INFO - DAG(s) 'example_sensors' retrieved from /home/airflow/.local/lib/python3.12/site-packages/airflow/example_dags/example_sensors.py
[2025-01-10T19:04:58.870+0000] {logging_mixin.py:190} INFO - [2025-01-10T19:04:58.869+0000] {dag.py:3239} INFO - Sync 1 DAGs
[2025-01-10T19:04:58.920+0000] {logging_mixin.py:190} INFO - [2025-01-10T19:04:58.920+0000] {dag.py:4180} INFO - Setting next_dagrun for example_sensors to None, run_after=None
[2025-01-10T19:04:58.969+0000] {processor.py:208} INFO - Processing /home/airflow/.local/lib/python3.12/site-packages/airflow/example_dags/example_sensors.py took 0.278 seconds
[2025-01-10T19:05:29.212+0000] {processor.py:186} INFO - Started process (PID=2640) to work on /home/airflow/.local/lib/python3.12/site-packages/airflow/example_dags/example_sensors.py
[2025-01-10T19:05:29.214+0000] {processor.py:914} INFO - Processing file /home/airflow/.local/lib/python3.12/site-packages/airflow/example_dags/example_sensors.py for tasks to queue
[2025-01-10T19:05:29.218+0000] {logging_mixin.py:190} INFO - [2025-01-10T19:05:29.217+0000] {dagbag.py:588} INFO - Filling up the DagBag from /home/airflow/.local/lib/python3.12/site-packages/airflow/example_dags/example_sensors.py
[2025-01-10T19:05:29.237+0000] {processor.py:925} INFO - DAG(s) 'example_sensors' retrieved from /home/airflow/.local/lib/python3.12/site-packages/airflow/example_dags/example_sensors.py
[2025-01-10T19:05:29.278+0000] {logging_mixin.py:190} INFO - [2025-01-10T19:05:29.278+0000] {dag.py:3239} INFO - Sync 1 DAGs
[2025-01-10T19:05:29.301+0000] {logging_mixin.py:190} INFO - [2025-01-10T19:05:29.301+0000] {dag.py:4180} INFO - Setting next_dagrun for example_sensors to None, run_after=None
[2025-01-10T19:05:29.337+0000] {processor.py:208} INFO - Processing /home/airflow/.local/lib/python3.12/site-packages/airflow/example_dags/example_sensors.py took 0.134 seconds
[2025-01-10T19:05:59.508+0000] {processor.py:186} INFO - Started process (PID=2703) to work on /home/airflow/.local/lib/python3.12/site-packages/airflow/example_dags/example_sensors.py
[2025-01-10T19:05:59.510+0000] {processor.py:914} INFO - Processing file /home/airflow/.local/lib/python3.12/site-packages/airflow/example_dags/example_sensors.py for tasks to queue
[2025-01-10T19:05:59.516+0000] {logging_mixin.py:190} INFO - [2025-01-10T19:05:59.515+0000] {dagbag.py:588} INFO - Filling up the DagBag from /home/airflow/.local/lib/python3.12/site-packages/airflow/example_dags/example_sensors.py
[2025-01-10T19:05:59.539+0000] {processor.py:925} INFO - DAG(s) 'example_sensors' retrieved from /home/airflow/.local/lib/python3.12/site-packages/airflow/example_dags/example_sensors.py
[2025-01-10T19:05:59.592+0000] {logging_mixin.py:190} INFO - [2025-01-10T19:05:59.592+0000] {dag.py:3239} INFO - Sync 1 DAGs
[2025-01-10T19:05:59.621+0000] {logging_mixin.py:190} INFO - [2025-01-10T19:05:59.620+0000] {dag.py:4180} INFO - Setting next_dagrun for example_sensors to None, run_after=None
[2025-01-10T19:05:59.668+0000] {processor.py:208} INFO - Processing /home/airflow/.local/lib/python3.12/site-packages/airflow/example_dags/example_sensors.py took 0.173 seconds
[2025-01-10T19:06:30.876+0000] {processor.py:186} INFO - Started process (PID=2766) to work on /home/airflow/.local/lib/python3.12/site-packages/airflow/example_dags/example_sensors.py
[2025-01-10T19:06:30.879+0000] {processor.py:914} INFO - Processing file /home/airflow/.local/lib/python3.12/site-packages/airflow/example_dags/example_sensors.py for tasks to queue
[2025-01-10T19:06:30.889+0000] {logging_mixin.py:190} INFO - [2025-01-10T19:06:30.887+0000] {dagbag.py:588} INFO - Filling up the DagBag from /home/airflow/.local/lib/python3.12/site-packages/airflow/example_dags/example_sensors.py
[2025-01-10T19:06:30.931+0000] {processor.py:925} INFO - DAG(s) 'example_sensors' retrieved from /home/airflow/.local/lib/python3.12/site-packages/airflow/example_dags/example_sensors.py
[2025-01-10T19:06:31.042+0000] {logging_mixin.py:190} INFO - [2025-01-10T19:06:31.041+0000] {dag.py:3239} INFO - Sync 1 DAGs
[2025-01-10T19:06:31.094+0000] {logging_mixin.py:190} INFO - [2025-01-10T19:06:31.094+0000] {dag.py:4180} INFO - Setting next_dagrun for example_sensors to None, run_after=None
[2025-01-10T19:06:31.139+0000] {processor.py:208} INFO - Processing /home/airflow/.local/lib/python3.12/site-packages/airflow/example_dags/example_sensors.py took 0.290 seconds
[2025-01-10T19:07:01.998+0000] {processor.py:186} INFO - Started process (PID=2828) to work on /home/airflow/.local/lib/python3.12/site-packages/airflow/example_dags/example_sensors.py
[2025-01-10T19:07:02.001+0000] {processor.py:914} INFO - Processing file /home/airflow/.local/lib/python3.12/site-packages/airflow/example_dags/example_sensors.py for tasks to queue
[2025-01-10T19:07:02.012+0000] {logging_mixin.py:190} INFO - [2025-01-10T19:07:02.011+0000] {dagbag.py:588} INFO - Filling up the DagBag from /home/airflow/.local/lib/python3.12/site-packages/airflow/example_dags/example_sensors.py
[2025-01-10T19:07:02.045+0000] {processor.py:925} INFO - DAG(s) 'example_sensors' retrieved from /home/airflow/.local/lib/python3.12/site-packages/airflow/example_dags/example_sensors.py
[2025-01-10T19:07:02.117+0000] {logging_mixin.py:190} INFO - [2025-01-10T19:07:02.117+0000] {dag.py:3239} INFO - Sync 1 DAGs
[2025-01-10T19:07:02.154+0000] {logging_mixin.py:190} INFO - [2025-01-10T19:07:02.154+0000] {dag.py:4180} INFO - Setting next_dagrun for example_sensors to None, run_after=None
[2025-01-10T19:07:02.201+0000] {processor.py:208} INFO - Processing /home/airflow/.local/lib/python3.12/site-packages/airflow/example_dags/example_sensors.py took 0.219 seconds
[2025-01-10T19:07:32.807+0000] {processor.py:186} INFO - Started process (PID=2891) to work on /home/airflow/.local/lib/python3.12/site-packages/airflow/example_dags/example_sensors.py
[2025-01-10T19:07:32.810+0000] {processor.py:914} INFO - Processing file /home/airflow/.local/lib/python3.12/site-packages/airflow/example_dags/example_sensors.py for tasks to queue
[2025-01-10T19:07:32.817+0000] {logging_mixin.py:190} INFO - [2025-01-10T19:07:32.817+0000] {dagbag.py:588} INFO - Filling up the DagBag from /home/airflow/.local/lib/python3.12/site-packages/airflow/example_dags/example_sensors.py
[2025-01-10T19:07:32.859+0000] {processor.py:925} INFO - DAG(s) 'example_sensors' retrieved from /home/airflow/.local/lib/python3.12/site-packages/airflow/example_dags/example_sensors.py
[2025-01-10T19:07:32.962+0000] {logging_mixin.py:190} INFO - [2025-01-10T19:07:32.961+0000] {dag.py:3239} INFO - Sync 1 DAGs
[2025-01-10T19:07:33.002+0000] {logging_mixin.py:190} INFO - [2025-01-10T19:07:33.002+0000] {dag.py:4180} INFO - Setting next_dagrun for example_sensors to None, run_after=None
[2025-01-10T19:07:33.056+0000] {processor.py:208} INFO - Processing /home/airflow/.local/lib/python3.12/site-packages/airflow/example_dags/example_sensors.py took 0.265 seconds
[2025-01-10T19:08:06.001+0000] {processor.py:186} INFO - Started process (PID=2954) to work on /home/airflow/.local/lib/python3.12/site-packages/airflow/example_dags/example_sensors.py
[2025-01-10T19:08:06.006+0000] {processor.py:914} INFO - Processing file /home/airflow/.local/lib/python3.12/site-packages/airflow/example_dags/example_sensors.py for tasks to queue
[2025-01-10T19:08:06.018+0000] {logging_mixin.py:190} INFO - [2025-01-10T19:08:06.017+0000] {dagbag.py:588} INFO - Filling up the DagBag from /home/airflow/.local/lib/python3.12/site-packages/airflow/example_dags/example_sensors.py
[2025-01-10T19:08:06.052+0000] {processor.py:925} INFO - DAG(s) 'example_sensors' retrieved from /home/airflow/.local/lib/python3.12/site-packages/airflow/example_dags/example_sensors.py
[2025-01-10T19:08:06.125+0000] {logging_mixin.py:190} INFO - [2025-01-10T19:08:06.125+0000] {dag.py:3239} INFO - Sync 1 DAGs
[2025-01-10T19:08:06.157+0000] {logging_mixin.py:190} INFO - [2025-01-10T19:08:06.156+0000] {dag.py:4180} INFO - Setting next_dagrun for example_sensors to None, run_after=None
[2025-01-10T19:08:06.218+0000] {processor.py:208} INFO - Processing /home/airflow/.local/lib/python3.12/site-packages/airflow/example_dags/example_sensors.py took 0.241 seconds
[2025-01-10T19:08:37.172+0000] {processor.py:186} INFO - Started process (PID=3017) to work on /home/airflow/.local/lib/python3.12/site-packages/airflow/example_dags/example_sensors.py
[2025-01-10T19:08:37.176+0000] {processor.py:914} INFO - Processing file /home/airflow/.local/lib/python3.12/site-packages/airflow/example_dags/example_sensors.py for tasks to queue
[2025-01-10T19:08:37.181+0000] {logging_mixin.py:190} INFO - [2025-01-10T19:08:37.180+0000] {dagbag.py:588} INFO - Filling up the DagBag from /home/airflow/.local/lib/python3.12/site-packages/airflow/example_dags/example_sensors.py
[2025-01-10T19:08:37.211+0000] {processor.py:925} INFO - DAG(s) 'example_sensors' retrieved from /home/airflow/.local/lib/python3.12/site-packages/airflow/example_dags/example_sensors.py
[2025-01-10T19:08:37.260+0000] {logging_mixin.py:190} INFO - [2025-01-10T19:08:37.259+0000] {dag.py:3239} INFO - Sync 1 DAGs
[2025-01-10T19:08:37.368+0000] {logging_mixin.py:190} INFO - [2025-01-10T19:08:37.364+0000] {dag.py:4180} INFO - Setting next_dagrun for example_sensors to None, run_after=None
[2025-01-10T19:08:37.489+0000] {processor.py:208} INFO - Processing /home/airflow/.local/lib/python3.12/site-packages/airflow/example_dags/example_sensors.py took 0.328 seconds
[2025-01-10T19:09:09.039+0000] {processor.py:186} INFO - Started process (PID=3081) to work on /home/airflow/.local/lib/python3.12/site-packages/airflow/example_dags/example_sensors.py
[2025-01-10T19:09:09.045+0000] {processor.py:914} INFO - Processing file /home/airflow/.local/lib/python3.12/site-packages/airflow/example_dags/example_sensors.py for tasks to queue
[2025-01-10T19:09:09.053+0000] {logging_mixin.py:190} INFO - [2025-01-10T19:09:09.052+0000] {dagbag.py:588} INFO - Filling up the DagBag from /home/airflow/.local/lib/python3.12/site-packages/airflow/example_dags/example_sensors.py
[2025-01-10T19:09:09.088+0000] {processor.py:925} INFO - DAG(s) 'example_sensors' retrieved from /home/airflow/.local/lib/python3.12/site-packages/airflow/example_dags/example_sensors.py
[2025-01-10T19:09:09.195+0000] {logging_mixin.py:190} INFO - [2025-01-10T19:09:09.190+0000] {dag.py:3239} INFO - Sync 1 DAGs
[2025-01-10T19:09:09.311+0000] {logging_mixin.py:190} INFO - [2025-01-10T19:09:09.310+0000] {dag.py:4180} INFO - Setting next_dagrun for example_sensors to None, run_after=None
[2025-01-10T19:09:09.505+0000] {processor.py:208} INFO - Processing /home/airflow/.local/lib/python3.12/site-packages/airflow/example_dags/example_sensors.py took 0.479 seconds
[2025-01-10T19:09:39.879+0000] {processor.py:186} INFO - Started process (PID=3144) to work on /home/airflow/.local/lib/python3.12/site-packages/airflow/example_dags/example_sensors.py
[2025-01-10T19:09:39.882+0000] {processor.py:914} INFO - Processing file /home/airflow/.local/lib/python3.12/site-packages/airflow/example_dags/example_sensors.py for tasks to queue
[2025-01-10T19:09:39.889+0000] {logging_mixin.py:190} INFO - [2025-01-10T19:09:39.888+0000] {dagbag.py:588} INFO - Filling up the DagBag from /home/airflow/.local/lib/python3.12/site-packages/airflow/example_dags/example_sensors.py
[2025-01-10T19:09:39.923+0000] {processor.py:925} INFO - DAG(s) 'example_sensors' retrieved from /home/airflow/.local/lib/python3.12/site-packages/airflow/example_dags/example_sensors.py
[2025-01-10T19:09:39.997+0000] {logging_mixin.py:190} INFO - [2025-01-10T19:09:39.996+0000] {dag.py:3239} INFO - Sync 1 DAGs
[2025-01-10T19:09:40.035+0000] {logging_mixin.py:190} INFO - [2025-01-10T19:09:40.035+0000] {dag.py:4180} INFO - Setting next_dagrun for example_sensors to None, run_after=None
[2025-01-10T19:09:40.082+0000] {processor.py:208} INFO - Processing /home/airflow/.local/lib/python3.12/site-packages/airflow/example_dags/example_sensors.py took 0.217 seconds
[2025-01-10T19:10:13.020+0000] {processor.py:186} INFO - Started process (PID=3208) to work on /home/airflow/.local/lib/python3.12/site-packages/airflow/example_dags/example_sensors.py
[2025-01-10T19:10:13.023+0000] {processor.py:914} INFO - Processing file /home/airflow/.local/lib/python3.12/site-packages/airflow/example_dags/example_sensors.py for tasks to queue
[2025-01-10T19:10:13.031+0000] {logging_mixin.py:190} INFO - [2025-01-10T19:10:13.030+0000] {dagbag.py:588} INFO - Filling up the DagBag from /home/airflow/.local/lib/python3.12/site-packages/airflow/example_dags/example_sensors.py
[2025-01-10T19:10:13.066+0000] {processor.py:925} INFO - DAG(s) 'example_sensors' retrieved from /home/airflow/.local/lib/python3.12/site-packages/airflow/example_dags/example_sensors.py
[2025-01-10T19:10:13.315+0000] {logging_mixin.py:190} INFO - [2025-01-10T19:10:13.220+0000] {dag.py:3239} INFO - Sync 1 DAGs
[2025-01-10T19:10:13.389+0000] {logging_mixin.py:190} INFO - [2025-01-10T19:10:13.388+0000] {dag.py:4180} INFO - Setting next_dagrun for example_sensors to None, run_after=None
[2025-01-10T19:10:13.474+0000] {processor.py:208} INFO - Processing /home/airflow/.local/lib/python3.12/site-packages/airflow/example_dags/example_sensors.py took 0.470 seconds
[2025-01-10T19:10:43.897+0000] {processor.py:186} INFO - Started process (PID=3272) to work on /home/airflow/.local/lib/python3.12/site-packages/airflow/example_dags/example_sensors.py
[2025-01-10T19:10:43.898+0000] {processor.py:914} INFO - Processing file /home/airflow/.local/lib/python3.12/site-packages/airflow/example_dags/example_sensors.py for tasks to queue
[2025-01-10T19:10:43.903+0000] {logging_mixin.py:190} INFO - [2025-01-10T19:10:43.902+0000] {dagbag.py:588} INFO - Filling up the DagBag from /home/airflow/.local/lib/python3.12/site-packages/airflow/example_dags/example_sensors.py
[2025-01-10T19:10:43.938+0000] {processor.py:925} INFO - DAG(s) 'example_sensors' retrieved from /home/airflow/.local/lib/python3.12/site-packages/airflow/example_dags/example_sensors.py
[2025-01-10T19:10:44.049+0000] {logging_mixin.py:190} INFO - [2025-01-10T19:10:44.048+0000] {dag.py:3239} INFO - Sync 1 DAGs
[2025-01-10T19:10:44.107+0000] {logging_mixin.py:190} INFO - [2025-01-10T19:10:44.106+0000] {dag.py:4180} INFO - Setting next_dagrun for example_sensors to None, run_after=None
[2025-01-10T19:10:44.159+0000] {processor.py:208} INFO - Processing /home/airflow/.local/lib/python3.12/site-packages/airflow/example_dags/example_sensors.py took 0.275 seconds
[2025-01-10T19:11:14.703+0000] {processor.py:186} INFO - Started process (PID=3335) to work on /home/airflow/.local/lib/python3.12/site-packages/airflow/example_dags/example_sensors.py
[2025-01-10T19:11:14.707+0000] {processor.py:914} INFO - Processing file /home/airflow/.local/lib/python3.12/site-packages/airflow/example_dags/example_sensors.py for tasks to queue
[2025-01-10T19:11:14.712+0000] {logging_mixin.py:190} INFO - [2025-01-10T19:11:14.711+0000] {dagbag.py:588} INFO - Filling up the DagBag from /home/airflow/.local/lib/python3.12/site-packages/airflow/example_dags/example_sensors.py
[2025-01-10T19:11:14.737+0000] {processor.py:925} INFO - DAG(s) 'example_sensors' retrieved from /home/airflow/.local/lib/python3.12/site-packages/airflow/example_dags/example_sensors.py
[2025-01-10T19:11:14.829+0000] {logging_mixin.py:190} INFO - [2025-01-10T19:11:14.828+0000] {dag.py:3239} INFO - Sync 1 DAGs
[2025-01-10T19:11:14.871+0000] {logging_mixin.py:190} INFO - [2025-01-10T19:11:14.870+0000] {dag.py:4180} INFO - Setting next_dagrun for example_sensors to None, run_after=None
[2025-01-10T19:11:14.928+0000] {processor.py:208} INFO - Processing /home/airflow/.local/lib/python3.12/site-packages/airflow/example_dags/example_sensors.py took 0.239 seconds
[2025-01-10T19:11:45.632+0000] {processor.py:186} INFO - Started process (PID=3405) to work on /home/airflow/.local/lib/python3.12/site-packages/airflow/example_dags/example_sensors.py
[2025-01-10T19:11:45.635+0000] {processor.py:914} INFO - Processing file /home/airflow/.local/lib/python3.12/site-packages/airflow/example_dags/example_sensors.py for tasks to queue
[2025-01-10T19:11:45.643+0000] {logging_mixin.py:190} INFO - [2025-01-10T19:11:45.641+0000] {dagbag.py:588} INFO - Filling up the DagBag from /home/airflow/.local/lib/python3.12/site-packages/airflow/example_dags/example_sensors.py
[2025-01-10T19:11:45.688+0000] {processor.py:925} INFO - DAG(s) 'example_sensors' retrieved from /home/airflow/.local/lib/python3.12/site-packages/airflow/example_dags/example_sensors.py
[2025-01-10T19:11:45.811+0000] {logging_mixin.py:190} INFO - [2025-01-10T19:11:45.810+0000] {dag.py:3239} INFO - Sync 1 DAGs
[2025-01-10T19:11:45.860+0000] {logging_mixin.py:190} INFO - [2025-01-10T19:11:45.859+0000] {dag.py:4180} INFO - Setting next_dagrun for example_sensors to None, run_after=None
[2025-01-10T19:11:45.918+0000] {processor.py:208} INFO - Processing /home/airflow/.local/lib/python3.12/site-packages/airflow/example_dags/example_sensors.py took 0.307 seconds
[2025-01-10T19:12:16.673+0000] {processor.py:186} INFO - Started process (PID=3469) to work on /home/airflow/.local/lib/python3.12/site-packages/airflow/example_dags/example_sensors.py
[2025-01-10T19:12:16.675+0000] {processor.py:914} INFO - Processing file /home/airflow/.local/lib/python3.12/site-packages/airflow/example_dags/example_sensors.py for tasks to queue
[2025-01-10T19:12:16.683+0000] {logging_mixin.py:190} INFO - [2025-01-10T19:12:16.682+0000] {dagbag.py:588} INFO - Filling up the DagBag from /home/airflow/.local/lib/python3.12/site-packages/airflow/example_dags/example_sensors.py
[2025-01-10T19:12:16.748+0000] {processor.py:925} INFO - DAG(s) 'example_sensors' retrieved from /home/airflow/.local/lib/python3.12/site-packages/airflow/example_dags/example_sensors.py
[2025-01-10T19:12:16.932+0000] {logging_mixin.py:190} INFO - [2025-01-10T19:12:16.931+0000] {dag.py:3239} INFO - Sync 1 DAGs
[2025-01-10T19:12:17.035+0000] {logging_mixin.py:190} INFO - [2025-01-10T19:12:17.034+0000] {dag.py:4180} INFO - Setting next_dagrun for example_sensors to None, run_after=None
[2025-01-10T19:12:17.107+0000] {processor.py:208} INFO - Processing /home/airflow/.local/lib/python3.12/site-packages/airflow/example_dags/example_sensors.py took 0.454 seconds
[2025-01-10T19:12:47.277+0000] {processor.py:186} INFO - Started process (PID=3532) to work on /home/airflow/.local/lib/python3.12/site-packages/airflow/example_dags/example_sensors.py
[2025-01-10T19:12:47.280+0000] {processor.py:914} INFO - Processing file /home/airflow/.local/lib/python3.12/site-packages/airflow/example_dags/example_sensors.py for tasks to queue
[2025-01-10T19:12:47.288+0000] {logging_mixin.py:190} INFO - [2025-01-10T19:12:47.287+0000] {dagbag.py:588} INFO - Filling up the DagBag from /home/airflow/.local/lib/python3.12/site-packages/airflow/example_dags/example_sensors.py
[2025-01-10T19:12:47.345+0000] {processor.py:925} INFO - DAG(s) 'example_sensors' retrieved from /home/airflow/.local/lib/python3.12/site-packages/airflow/example_dags/example_sensors.py
[2025-01-10T19:12:47.447+0000] {logging_mixin.py:190} INFO - [2025-01-10T19:12:47.447+0000] {dag.py:3239} INFO - Sync 1 DAGs
[2025-01-10T19:12:47.497+0000] {logging_mixin.py:190} INFO - [2025-01-10T19:12:47.496+0000] {dag.py:4180} INFO - Setting next_dagrun for example_sensors to None, run_after=None
[2025-01-10T19:12:47.555+0000] {processor.py:208} INFO - Processing /home/airflow/.local/lib/python3.12/site-packages/airflow/example_dags/example_sensors.py took 0.304 seconds
[2025-01-10T19:13:18.536+0000] {processor.py:186} INFO - Started process (PID=3596) to work on /home/airflow/.local/lib/python3.12/site-packages/airflow/example_dags/example_sensors.py
[2025-01-10T19:13:18.541+0000] {processor.py:914} INFO - Processing file /home/airflow/.local/lib/python3.12/site-packages/airflow/example_dags/example_sensors.py for tasks to queue
[2025-01-10T19:13:18.550+0000] {logging_mixin.py:190} INFO - [2025-01-10T19:13:18.548+0000] {dagbag.py:588} INFO - Filling up the DagBag from /home/airflow/.local/lib/python3.12/site-packages/airflow/example_dags/example_sensors.py
[2025-01-10T19:13:18.590+0000] {processor.py:925} INFO - DAG(s) 'example_sensors' retrieved from /home/airflow/.local/lib/python3.12/site-packages/airflow/example_dags/example_sensors.py
[2025-01-10T19:13:18.696+0000] {logging_mixin.py:190} INFO - [2025-01-10T19:13:18.695+0000] {dag.py:3239} INFO - Sync 1 DAGs
[2025-01-10T19:13:18.746+0000] {logging_mixin.py:190} INFO - [2025-01-10T19:13:18.746+0000] {dag.py:4180} INFO - Setting next_dagrun for example_sensors to None, run_after=None
[2025-01-10T19:13:18.824+0000] {processor.py:208} INFO - Processing /home/airflow/.local/lib/python3.12/site-packages/airflow/example_dags/example_sensors.py took 0.337 seconds
[2025-01-10T19:13:49.290+0000] {processor.py:186} INFO - Started process (PID=3660) to work on /home/airflow/.local/lib/python3.12/site-packages/airflow/example_dags/example_sensors.py
[2025-01-10T19:13:49.292+0000] {processor.py:914} INFO - Processing file /home/airflow/.local/lib/python3.12/site-packages/airflow/example_dags/example_sensors.py for tasks to queue
[2025-01-10T19:13:49.300+0000] {logging_mixin.py:190} INFO - [2025-01-10T19:13:49.299+0000] {dagbag.py:588} INFO - Filling up the DagBag from /home/airflow/.local/lib/python3.12/site-packages/airflow/example_dags/example_sensors.py
[2025-01-10T19:13:49.329+0000] {processor.py:925} INFO - DAG(s) 'example_sensors' retrieved from /home/airflow/.local/lib/python3.12/site-packages/airflow/example_dags/example_sensors.py
[2025-01-10T19:13:49.422+0000] {logging_mixin.py:190} INFO - [2025-01-10T19:13:49.421+0000] {dag.py:3239} INFO - Sync 1 DAGs
[2025-01-10T19:13:49.499+0000] {logging_mixin.py:190} INFO - [2025-01-10T19:13:49.499+0000] {dag.py:4180} INFO - Setting next_dagrun for example_sensors to None, run_after=None
[2025-01-10T19:13:49.579+0000] {processor.py:208} INFO - Processing /home/airflow/.local/lib/python3.12/site-packages/airflow/example_dags/example_sensors.py took 0.306 seconds
[2025-01-10T19:14:19.848+0000] {processor.py:186} INFO - Started process (PID=3722) to work on /home/airflow/.local/lib/python3.12/site-packages/airflow/example_dags/example_sensors.py
[2025-01-10T19:14:19.854+0000] {processor.py:914} INFO - Processing file /home/airflow/.local/lib/python3.12/site-packages/airflow/example_dags/example_sensors.py for tasks to queue
[2025-01-10T19:14:19.860+0000] {logging_mixin.py:190} INFO - [2025-01-10T19:14:19.859+0000] {dagbag.py:588} INFO - Filling up the DagBag from /home/airflow/.local/lib/python3.12/site-packages/airflow/example_dags/example_sensors.py
[2025-01-10T19:14:19.901+0000] {processor.py:925} INFO - DAG(s) 'example_sensors' retrieved from /home/airflow/.local/lib/python3.12/site-packages/airflow/example_dags/example_sensors.py
[2025-01-10T19:14:19.975+0000] {logging_mixin.py:190} INFO - [2025-01-10T19:14:19.975+0000] {dag.py:3239} INFO - Sync 1 DAGs
[2025-01-10T19:14:20.018+0000] {logging_mixin.py:190} INFO - [2025-01-10T19:14:20.017+0000] {dag.py:4180} INFO - Setting next_dagrun for example_sensors to None, run_after=None
[2025-01-10T19:14:20.077+0000] {processor.py:208} INFO - Processing /home/airflow/.local/lib/python3.12/site-packages/airflow/example_dags/example_sensors.py took 0.248 seconds
[2025-01-10T19:14:50.335+0000] {processor.py:186} INFO - Started process (PID=3786) to work on /home/airflow/.local/lib/python3.12/site-packages/airflow/example_dags/example_sensors.py
[2025-01-10T19:14:50.341+0000] {processor.py:914} INFO - Processing file /home/airflow/.local/lib/python3.12/site-packages/airflow/example_dags/example_sensors.py for tasks to queue
[2025-01-10T19:14:50.344+0000] {logging_mixin.py:190} INFO - [2025-01-10T19:14:50.343+0000] {dagbag.py:588} INFO - Filling up the DagBag from /home/airflow/.local/lib/python3.12/site-packages/airflow/example_dags/example_sensors.py
[2025-01-10T19:14:50.384+0000] {processor.py:925} INFO - DAG(s) 'example_sensors' retrieved from /home/airflow/.local/lib/python3.12/site-packages/airflow/example_dags/example_sensors.py
[2025-01-10T19:14:50.457+0000] {logging_mixin.py:190} INFO - [2025-01-10T19:14:50.457+0000] {dag.py:3239} INFO - Sync 1 DAGs
[2025-01-10T19:14:50.496+0000] {logging_mixin.py:190} INFO - [2025-01-10T19:14:50.495+0000] {dag.py:4180} INFO - Setting next_dagrun for example_sensors to None, run_after=None
[2025-01-10T19:14:50.550+0000] {processor.py:208} INFO - Processing /home/airflow/.local/lib/python3.12/site-packages/airflow/example_dags/example_sensors.py took 0.233 seconds
[2025-01-10T19:15:21.002+0000] {processor.py:186} INFO - Started process (PID=3850) to work on /home/airflow/.local/lib/python3.12/site-packages/airflow/example_dags/example_sensors.py
[2025-01-10T19:15:21.007+0000] {processor.py:914} INFO - Processing file /home/airflow/.local/lib/python3.12/site-packages/airflow/example_dags/example_sensors.py for tasks to queue
[2025-01-10T19:15:21.016+0000] {logging_mixin.py:190} INFO - [2025-01-10T19:15:21.014+0000] {dagbag.py:588} INFO - Filling up the DagBag from /home/airflow/.local/lib/python3.12/site-packages/airflow/example_dags/example_sensors.py
[2025-01-10T19:15:21.090+0000] {processor.py:925} INFO - DAG(s) 'example_sensors' retrieved from /home/airflow/.local/lib/python3.12/site-packages/airflow/example_dags/example_sensors.py
[2025-01-10T19:15:21.232+0000] {logging_mixin.py:190} INFO - [2025-01-10T19:15:21.231+0000] {dag.py:3239} INFO - Sync 1 DAGs
[2025-01-10T19:15:21.267+0000] {logging_mixin.py:190} INFO - [2025-01-10T19:15:21.266+0000] {dag.py:4180} INFO - Setting next_dagrun for example_sensors to None, run_after=None
[2025-01-10T19:15:21.316+0000] {processor.py:208} INFO - Processing /home/airflow/.local/lib/python3.12/site-packages/airflow/example_dags/example_sensors.py took 0.359 seconds
[2025-01-10T19:15:51.968+0000] {processor.py:186} INFO - Started process (PID=3914) to work on /home/airflow/.local/lib/python3.12/site-packages/airflow/example_dags/example_sensors.py
[2025-01-10T19:15:51.970+0000] {processor.py:914} INFO - Processing file /home/airflow/.local/lib/python3.12/site-packages/airflow/example_dags/example_sensors.py for tasks to queue
[2025-01-10T19:15:51.973+0000] {logging_mixin.py:190} INFO - [2025-01-10T19:15:51.972+0000] {dagbag.py:588} INFO - Filling up the DagBag from /home/airflow/.local/lib/python3.12/site-packages/airflow/example_dags/example_sensors.py
[2025-01-10T19:15:52.008+0000] {processor.py:925} INFO - DAG(s) 'example_sensors' retrieved from /home/airflow/.local/lib/python3.12/site-packages/airflow/example_dags/example_sensors.py
[2025-01-10T19:15:52.075+0000] {logging_mixin.py:190} INFO - [2025-01-10T19:15:52.075+0000] {dag.py:3239} INFO - Sync 1 DAGs
[2025-01-10T19:15:52.110+0000] {logging_mixin.py:190} INFO - [2025-01-10T19:15:52.109+0000] {dag.py:4180} INFO - Setting next_dagrun for example_sensors to None, run_after=None
[2025-01-10T19:15:52.157+0000] {processor.py:208} INFO - Processing /home/airflow/.local/lib/python3.12/site-packages/airflow/example_dags/example_sensors.py took 0.205 seconds
[2025-01-10T19:16:22.777+0000] {processor.py:186} INFO - Started process (PID=3977) to work on /home/airflow/.local/lib/python3.12/site-packages/airflow/example_dags/example_sensors.py
[2025-01-10T19:16:22.784+0000] {processor.py:914} INFO - Processing file /home/airflow/.local/lib/python3.12/site-packages/airflow/example_dags/example_sensors.py for tasks to queue
[2025-01-10T19:16:22.789+0000] {logging_mixin.py:190} INFO - [2025-01-10T19:16:22.788+0000] {dagbag.py:588} INFO - Filling up the DagBag from /home/airflow/.local/lib/python3.12/site-packages/airflow/example_dags/example_sensors.py
[2025-01-10T19:16:22.836+0000] {processor.py:925} INFO - DAG(s) 'example_sensors' retrieved from /home/airflow/.local/lib/python3.12/site-packages/airflow/example_dags/example_sensors.py
[2025-01-10T19:16:22.959+0000] {logging_mixin.py:190} INFO - [2025-01-10T19:16:22.958+0000] {dag.py:3239} INFO - Sync 1 DAGs
[2025-01-10T19:16:23.027+0000] {logging_mixin.py:190} INFO - [2025-01-10T19:16:23.026+0000] {dag.py:4180} INFO - Setting next_dagrun for example_sensors to None, run_after=None
[2025-01-10T19:16:23.101+0000] {processor.py:208} INFO - Processing /home/airflow/.local/lib/python3.12/site-packages/airflow/example_dags/example_sensors.py took 0.348 seconds
[2025-01-10T19:16:53.415+0000] {processor.py:186} INFO - Started process (PID=4041) to work on /home/airflow/.local/lib/python3.12/site-packages/airflow/example_dags/example_sensors.py
[2025-01-10T19:16:53.417+0000] {processor.py:914} INFO - Processing file /home/airflow/.local/lib/python3.12/site-packages/airflow/example_dags/example_sensors.py for tasks to queue
[2025-01-10T19:16:53.423+0000] {logging_mixin.py:190} INFO - [2025-01-10T19:16:53.423+0000] {dagbag.py:588} INFO - Filling up the DagBag from /home/airflow/.local/lib/python3.12/site-packages/airflow/example_dags/example_sensors.py
[2025-01-10T19:16:53.465+0000] {processor.py:925} INFO - DAG(s) 'example_sensors' retrieved from /home/airflow/.local/lib/python3.12/site-packages/airflow/example_dags/example_sensors.py
[2025-01-10T19:16:53.536+0000] {logging_mixin.py:190} INFO - [2025-01-10T19:16:53.536+0000] {dag.py:3239} INFO - Sync 1 DAGs
[2025-01-10T19:16:53.596+0000] {logging_mixin.py:190} INFO - [2025-01-10T19:16:53.595+0000] {dag.py:4180} INFO - Setting next_dagrun for example_sensors to None, run_after=None
[2025-01-10T19:16:53.662+0000] {processor.py:208} INFO - Processing /home/airflow/.local/lib/python3.12/site-packages/airflow/example_dags/example_sensors.py took 0.272 seconds
[2025-01-10T19:17:24.212+0000] {processor.py:186} INFO - Started process (PID=4105) to work on /home/airflow/.local/lib/python3.12/site-packages/airflow/example_dags/example_sensors.py
[2025-01-10T19:17:24.215+0000] {processor.py:914} INFO - Processing file /home/airflow/.local/lib/python3.12/site-packages/airflow/example_dags/example_sensors.py for tasks to queue
[2025-01-10T19:17:24.219+0000] {logging_mixin.py:190} INFO - [2025-01-10T19:17:24.217+0000] {dagbag.py:588} INFO - Filling up the DagBag from /home/airflow/.local/lib/python3.12/site-packages/airflow/example_dags/example_sensors.py
[2025-01-10T19:17:24.251+0000] {processor.py:925} INFO - DAG(s) 'example_sensors' retrieved from /home/airflow/.local/lib/python3.12/site-packages/airflow/example_dags/example_sensors.py
[2025-01-10T19:17:24.331+0000] {logging_mixin.py:190} INFO - [2025-01-10T19:17:24.330+0000] {dag.py:3239} INFO - Sync 1 DAGs
[2025-01-10T19:17:24.385+0000] {logging_mixin.py:190} INFO - [2025-01-10T19:17:24.385+0000] {dag.py:4180} INFO - Setting next_dagrun for example_sensors to None, run_after=None
[2025-01-10T19:17:24.440+0000] {processor.py:208} INFO - Processing /home/airflow/.local/lib/python3.12/site-packages/airflow/example_dags/example_sensors.py took 0.247 seconds
[2025-01-10T19:17:54.823+0000] {processor.py:186} INFO - Started process (PID=4169) to work on /home/airflow/.local/lib/python3.12/site-packages/airflow/example_dags/example_sensors.py
[2025-01-10T19:17:54.825+0000] {processor.py:914} INFO - Processing file /home/airflow/.local/lib/python3.12/site-packages/airflow/example_dags/example_sensors.py for tasks to queue
[2025-01-10T19:17:54.827+0000] {logging_mixin.py:190} INFO - [2025-01-10T19:17:54.827+0000] {dagbag.py:588} INFO - Filling up the DagBag from /home/airflow/.local/lib/python3.12/site-packages/airflow/example_dags/example_sensors.py
[2025-01-10T19:17:54.855+0000] {processor.py:925} INFO - DAG(s) 'example_sensors' retrieved from /home/airflow/.local/lib/python3.12/site-packages/airflow/example_dags/example_sensors.py
[2025-01-10T19:17:54.947+0000] {logging_mixin.py:190} INFO - [2025-01-10T19:17:54.946+0000] {dag.py:3239} INFO - Sync 1 DAGs
[2025-01-10T19:17:55.007+0000] {logging_mixin.py:190} INFO - [2025-01-10T19:17:55.006+0000] {dag.py:4180} INFO - Setting next_dagrun for example_sensors to None, run_after=None
[2025-01-10T19:17:55.067+0000] {processor.py:208} INFO - Processing /home/airflow/.local/lib/python3.12/site-packages/airflow/example_dags/example_sensors.py took 0.281 seconds
[2025-01-10T19:18:25.704+0000] {processor.py:186} INFO - Started process (PID=4233) to work on /home/airflow/.local/lib/python3.12/site-packages/airflow/example_dags/example_sensors.py
[2025-01-10T19:18:25.709+0000] {processor.py:914} INFO - Processing file /home/airflow/.local/lib/python3.12/site-packages/airflow/example_dags/example_sensors.py for tasks to queue
[2025-01-10T19:18:25.714+0000] {logging_mixin.py:190} INFO - [2025-01-10T19:18:25.713+0000] {dagbag.py:588} INFO - Filling up the DagBag from /home/airflow/.local/lib/python3.12/site-packages/airflow/example_dags/example_sensors.py
[2025-01-10T19:18:25.779+0000] {processor.py:925} INFO - DAG(s) 'example_sensors' retrieved from /home/airflow/.local/lib/python3.12/site-packages/airflow/example_dags/example_sensors.py
[2025-01-10T19:18:25.912+0000] {logging_mixin.py:190} INFO - [2025-01-10T19:18:25.911+0000] {dag.py:3239} INFO - Sync 1 DAGs
[2025-01-10T19:18:25.998+0000] {logging_mixin.py:190} INFO - [2025-01-10T19:18:25.997+0000] {dag.py:4180} INFO - Setting next_dagrun for example_sensors to None, run_after=None
[2025-01-10T19:18:26.092+0000] {processor.py:208} INFO - Processing /home/airflow/.local/lib/python3.12/site-packages/airflow/example_dags/example_sensors.py took 0.418 seconds
[2025-01-10T19:18:57.300+0000] {processor.py:186} INFO - Started process (PID=4297) to work on /home/airflow/.local/lib/python3.12/site-packages/airflow/example_dags/example_sensors.py
[2025-01-10T19:18:57.303+0000] {processor.py:914} INFO - Processing file /home/airflow/.local/lib/python3.12/site-packages/airflow/example_dags/example_sensors.py for tasks to queue
[2025-01-10T19:18:57.306+0000] {logging_mixin.py:190} INFO - [2025-01-10T19:18:57.305+0000] {dagbag.py:588} INFO - Filling up the DagBag from /home/airflow/.local/lib/python3.12/site-packages/airflow/example_dags/example_sensors.py
[2025-01-10T19:18:57.334+0000] {processor.py:925} INFO - DAG(s) 'example_sensors' retrieved from /home/airflow/.local/lib/python3.12/site-packages/airflow/example_dags/example_sensors.py
[2025-01-10T19:18:57.393+0000] {logging_mixin.py:190} INFO - [2025-01-10T19:18:57.393+0000] {dag.py:3239} INFO - Sync 1 DAGs
[2025-01-10T19:18:57.422+0000] {logging_mixin.py:190} INFO - [2025-01-10T19:18:57.422+0000] {dag.py:4180} INFO - Setting next_dagrun for example_sensors to None, run_after=None
[2025-01-10T19:18:57.457+0000] {processor.py:208} INFO - Processing /home/airflow/.local/lib/python3.12/site-packages/airflow/example_dags/example_sensors.py took 0.172 seconds
[2025-01-10T19:19:28.046+0000] {processor.py:186} INFO - Started process (PID=4361) to work on /home/airflow/.local/lib/python3.12/site-packages/airflow/example_dags/example_sensors.py
[2025-01-10T19:19:28.049+0000] {processor.py:914} INFO - Processing file /home/airflow/.local/lib/python3.12/site-packages/airflow/example_dags/example_sensors.py for tasks to queue
[2025-01-10T19:19:28.052+0000] {logging_mixin.py:190} INFO - [2025-01-10T19:19:28.051+0000] {dagbag.py:588} INFO - Filling up the DagBag from /home/airflow/.local/lib/python3.12/site-packages/airflow/example_dags/example_sensors.py
[2025-01-10T19:19:28.085+0000] {processor.py:925} INFO - DAG(s) 'example_sensors' retrieved from /home/airflow/.local/lib/python3.12/site-packages/airflow/example_dags/example_sensors.py
[2025-01-10T19:19:28.160+0000] {logging_mixin.py:190} INFO - [2025-01-10T19:19:28.159+0000] {dag.py:3239} INFO - Sync 1 DAGs
[2025-01-10T19:19:28.198+0000] {logging_mixin.py:190} INFO - [2025-01-10T19:19:28.198+0000] {dag.py:4180} INFO - Setting next_dagrun for example_sensors to None, run_after=None
[2025-01-10T19:19:28.240+0000] {processor.py:208} INFO - Processing /home/airflow/.local/lib/python3.12/site-packages/airflow/example_dags/example_sensors.py took 0.212 seconds
[2025-01-10T19:19:58.594+0000] {processor.py:186} INFO - Started process (PID=4424) to work on /home/airflow/.local/lib/python3.12/site-packages/airflow/example_dags/example_sensors.py
[2025-01-10T19:19:58.597+0000] {processor.py:914} INFO - Processing file /home/airflow/.local/lib/python3.12/site-packages/airflow/example_dags/example_sensors.py for tasks to queue
[2025-01-10T19:19:58.600+0000] {logging_mixin.py:190} INFO - [2025-01-10T19:19:58.600+0000] {dagbag.py:588} INFO - Filling up the DagBag from /home/airflow/.local/lib/python3.12/site-packages/airflow/example_dags/example_sensors.py
[2025-01-10T19:19:58.636+0000] {processor.py:925} INFO - DAG(s) 'example_sensors' retrieved from /home/airflow/.local/lib/python3.12/site-packages/airflow/example_dags/example_sensors.py
[2025-01-10T19:19:58.746+0000] {logging_mixin.py:190} INFO - [2025-01-10T19:19:58.745+0000] {dag.py:3239} INFO - Sync 1 DAGs
[2025-01-10T19:19:58.812+0000] {logging_mixin.py:190} INFO - [2025-01-10T19:19:58.811+0000] {dag.py:4180} INFO - Setting next_dagrun for example_sensors to None, run_after=None
[2025-01-10T19:19:58.870+0000] {processor.py:208} INFO - Processing /home/airflow/.local/lib/python3.12/site-packages/airflow/example_dags/example_sensors.py took 0.293 seconds
[2025-01-10T19:20:32.615+0000] {processor.py:186} INFO - Started process (PID=4490) to work on /home/airflow/.local/lib/python3.12/site-packages/airflow/example_dags/example_sensors.py
[2025-01-10T19:20:32.617+0000] {processor.py:914} INFO - Processing file /home/airflow/.local/lib/python3.12/site-packages/airflow/example_dags/example_sensors.py for tasks to queue
[2025-01-10T19:20:32.619+0000] {logging_mixin.py:190} INFO - [2025-01-10T19:20:32.619+0000] {dagbag.py:588} INFO - Filling up the DagBag from /home/airflow/.local/lib/python3.12/site-packages/airflow/example_dags/example_sensors.py
[2025-01-10T19:20:32.646+0000] {processor.py:925} INFO - DAG(s) 'example_sensors' retrieved from /home/airflow/.local/lib/python3.12/site-packages/airflow/example_dags/example_sensors.py
[2025-01-10T19:20:32.765+0000] {logging_mixin.py:190} INFO - [2025-01-10T19:20:32.764+0000] {dag.py:3239} INFO - Sync 1 DAGs
[2025-01-10T19:20:32.841+0000] {logging_mixin.py:190} INFO - [2025-01-10T19:20:32.840+0000] {dag.py:4180} INFO - Setting next_dagrun for example_sensors to None, run_after=None
[2025-01-10T19:20:32.919+0000] {processor.py:208} INFO - Processing /home/airflow/.local/lib/python3.12/site-packages/airflow/example_dags/example_sensors.py took 0.318 seconds
[2025-01-10T19:21:07.384+0000] {processor.py:186} INFO - Started process (PID=4555) to work on /home/airflow/.local/lib/python3.12/site-packages/airflow/example_dags/example_sensors.py
[2025-01-10T19:21:07.388+0000] {processor.py:914} INFO - Processing file /home/airflow/.local/lib/python3.12/site-packages/airflow/example_dags/example_sensors.py for tasks to queue
[2025-01-10T19:21:07.393+0000] {logging_mixin.py:190} INFO - [2025-01-10T19:21:07.392+0000] {dagbag.py:588} INFO - Filling up the DagBag from /home/airflow/.local/lib/python3.12/site-packages/airflow/example_dags/example_sensors.py
[2025-01-10T19:21:07.462+0000] {processor.py:925} INFO - DAG(s) 'example_sensors' retrieved from /home/airflow/.local/lib/python3.12/site-packages/airflow/example_dags/example_sensors.py
[2025-01-10T19:21:07.544+0000] {logging_mixin.py:190} INFO - [2025-01-10T19:21:07.543+0000] {dag.py:3239} INFO - Sync 1 DAGs
[2025-01-10T19:21:07.577+0000] {logging_mixin.py:190} INFO - [2025-01-10T19:21:07.576+0000] {dag.py:4180} INFO - Setting next_dagrun for example_sensors to None, run_after=None
[2025-01-10T19:21:07.627+0000] {processor.py:208} INFO - Processing /home/airflow/.local/lib/python3.12/site-packages/airflow/example_dags/example_sensors.py took 0.277 seconds
[2025-01-10T19:21:42.236+0000] {processor.py:186} INFO - Started process (PID=4623) to work on /home/airflow/.local/lib/python3.12/site-packages/airflow/example_dags/example_sensors.py
[2025-01-10T19:21:42.240+0000] {processor.py:914} INFO - Processing file /home/airflow/.local/lib/python3.12/site-packages/airflow/example_dags/example_sensors.py for tasks to queue
[2025-01-10T19:21:42.245+0000] {logging_mixin.py:190} INFO - [2025-01-10T19:21:42.244+0000] {dagbag.py:588} INFO - Filling up the DagBag from /home/airflow/.local/lib/python3.12/site-packages/airflow/example_dags/example_sensors.py
[2025-01-10T19:21:42.302+0000] {processor.py:925} INFO - DAG(s) 'example_sensors' retrieved from /home/airflow/.local/lib/python3.12/site-packages/airflow/example_dags/example_sensors.py
[2025-01-10T19:21:42.456+0000] {logging_mixin.py:190} INFO - [2025-01-10T19:21:42.455+0000] {dag.py:3239} INFO - Sync 1 DAGs
[2025-01-10T19:21:42.571+0000] {logging_mixin.py:190} INFO - [2025-01-10T19:21:42.570+0000] {dag.py:4180} INFO - Setting next_dagrun for example_sensors to None, run_after=None
[2025-01-10T19:21:42.683+0000] {processor.py:208} INFO - Processing /home/airflow/.local/lib/python3.12/site-packages/airflow/example_dags/example_sensors.py took 0.470 seconds
[2025-01-10T19:22:18.674+0000] {processor.py:186} INFO - Started process (PID=4687) to work on /home/airflow/.local/lib/python3.12/site-packages/airflow/example_dags/example_sensors.py
[2025-01-10T19:22:18.677+0000] {processor.py:914} INFO - Processing file /home/airflow/.local/lib/python3.12/site-packages/airflow/example_dags/example_sensors.py for tasks to queue
[2025-01-10T19:22:18.680+0000] {logging_mixin.py:190} INFO - [2025-01-10T19:22:18.679+0000] {dagbag.py:588} INFO - Filling up the DagBag from /home/airflow/.local/lib/python3.12/site-packages/airflow/example_dags/example_sensors.py
[2025-01-10T19:22:18.714+0000] {processor.py:925} INFO - DAG(s) 'example_sensors' retrieved from /home/airflow/.local/lib/python3.12/site-packages/airflow/example_dags/example_sensors.py
[2025-01-10T19:22:18.794+0000] {logging_mixin.py:190} INFO - [2025-01-10T19:22:18.793+0000] {dag.py:3239} INFO - Sync 1 DAGs
[2025-01-10T19:22:18.859+0000] {logging_mixin.py:190} INFO - [2025-01-10T19:22:18.858+0000] {dag.py:4180} INFO - Setting next_dagrun for example_sensors to None, run_after=None
[2025-01-10T19:22:18.928+0000] {processor.py:208} INFO - Processing /home/airflow/.local/lib/python3.12/site-packages/airflow/example_dags/example_sensors.py took 0.270 seconds
[2025-01-10T19:22:54.221+0000] {processor.py:186} INFO - Started process (PID=4757) to work on /home/airflow/.local/lib/python3.12/site-packages/airflow/example_dags/example_sensors.py
[2025-01-10T19:22:54.230+0000] {processor.py:914} INFO - Processing file /home/airflow/.local/lib/python3.12/site-packages/airflow/example_dags/example_sensors.py for tasks to queue
[2025-01-10T19:22:54.239+0000] {logging_mixin.py:190} INFO - [2025-01-10T19:22:54.236+0000] {dagbag.py:588} INFO - Filling up the DagBag from /home/airflow/.local/lib/python3.12/site-packages/airflow/example_dags/example_sensors.py
[2025-01-10T19:22:54.433+0000] {processor.py:925} INFO - DAG(s) 'example_sensors' retrieved from /home/airflow/.local/lib/python3.12/site-packages/airflow/example_dags/example_sensors.py
[2025-01-10T19:22:54.735+0000] {logging_mixin.py:190} INFO - [2025-01-10T19:22:54.734+0000] {dag.py:3239} INFO - Sync 1 DAGs
[2025-01-10T19:22:55.004+0000] {logging_mixin.py:190} INFO - [2025-01-10T19:22:55.004+0000] {dag.py:4180} INFO - Setting next_dagrun for example_sensors to None, run_after=None
[2025-01-10T19:22:55.135+0000] {processor.py:208} INFO - Processing /home/airflow/.local/lib/python3.12/site-packages/airflow/example_dags/example_sensors.py took 0.996 seconds
