[2025-01-10T18:44:29.521+0000] {processor.py:186} INFO - Started process (PID=80) to work on /home/airflow/.local/lib/python3.12/site-packages/airflow/example_dags/example_xcom.py
[2025-01-10T18:44:29.523+0000] {processor.py:914} INFO - Processing file /home/airflow/.local/lib/python3.12/site-packages/airflow/example_dags/example_xcom.py for tasks to queue
[2025-01-10T18:44:29.529+0000] {logging_mixin.py:190} INFO - [2025-01-10T18:44:29.528+0000] {dagbag.py:588} INFO - Filling up the DagBag from /home/airflow/.local/lib/python3.12/site-packages/airflow/example_dags/example_xcom.py
[2025-01-10T18:44:29.574+0000] {processor.py:925} INFO - DAG(s) 'example_xcom' retrieved from /home/airflow/.local/lib/python3.12/site-packages/airflow/example_dags/example_xcom.py
[2025-01-10T18:44:29.842+0000] {logging_mixin.py:190} INFO - [2025-01-10T18:44:29.841+0000] {override.py:1911} INFO - Created Permission View: can edit on DAG:example_xcom
[2025-01-10T18:44:29.865+0000] {logging_mixin.py:190} INFO - [2025-01-10T18:44:29.865+0000] {override.py:1911} INFO - Created Permission View: can read on DAG:example_xcom
[2025-01-10T18:44:29.880+0000] {logging_mixin.py:190} INFO - [2025-01-10T18:44:29.880+0000] {override.py:1911} INFO - Created Permission View: can delete on DAG:example_xcom
[2025-01-10T18:44:29.900+0000] {logging_mixin.py:190} INFO - [2025-01-10T18:44:29.900+0000] {override.py:1911} INFO - Created Permission View: menu access on DAG Run:example_xcom
[2025-01-10T18:44:29.917+0000] {logging_mixin.py:190} INFO - [2025-01-10T18:44:29.916+0000] {override.py:1911} INFO - Created Permission View: can read on DAG Run:example_xcom
[2025-01-10T18:44:29.935+0000] {logging_mixin.py:190} INFO - [2025-01-10T18:44:29.934+0000] {override.py:1911} INFO - Created Permission View: can create on DAG Run:example_xcom
[2025-01-10T18:44:29.950+0000] {logging_mixin.py:190} INFO - [2025-01-10T18:44:29.949+0000] {override.py:1911} INFO - Created Permission View: can delete on DAG Run:example_xcom
[2025-01-10T18:44:29.951+0000] {logging_mixin.py:190} INFO - [2025-01-10T18:44:29.951+0000] {dag.py:3239} INFO - Sync 1 DAGs
[2025-01-10T18:44:29.982+0000] {logging_mixin.py:190} INFO - [2025-01-10T18:44:29.982+0000] {dag.py:3262} INFO - Creating ORM DAG for example_xcom
[2025-01-10T18:44:30.005+0000] {logging_mixin.py:190} INFO - [2025-01-10T18:44:30.005+0000] {dag.py:4180} INFO - Setting next_dagrun for example_xcom to 2021-01-01 00:00:00+00:00, run_after=2021-01-01 00:00:00+00:00
[2025-01-10T18:44:30.041+0000] {processor.py:208} INFO - Processing /home/airflow/.local/lib/python3.12/site-packages/airflow/example_dags/example_xcom.py took 0.536 seconds
[2025-01-10T18:45:01.474+0000] {processor.py:186} INFO - Started process (PID=143) to work on /home/airflow/.local/lib/python3.12/site-packages/airflow/example_dags/example_xcom.py
[2025-01-10T18:45:01.477+0000] {processor.py:914} INFO - Processing file /home/airflow/.local/lib/python3.12/site-packages/airflow/example_dags/example_xcom.py for tasks to queue
[2025-01-10T18:45:01.483+0000] {logging_mixin.py:190} INFO - [2025-01-10T18:45:01.483+0000] {dagbag.py:588} INFO - Filling up the DagBag from /home/airflow/.local/lib/python3.12/site-packages/airflow/example_dags/example_xcom.py
[2025-01-10T18:45:01.510+0000] {processor.py:925} INFO - DAG(s) 'example_xcom' retrieved from /home/airflow/.local/lib/python3.12/site-packages/airflow/example_dags/example_xcom.py
[2025-01-10T18:45:01.565+0000] {logging_mixin.py:190} INFO - [2025-01-10T18:45:01.564+0000] {dag.py:3239} INFO - Sync 1 DAGs
[2025-01-10T18:45:01.616+0000] {logging_mixin.py:190} INFO - [2025-01-10T18:45:01.615+0000] {dag.py:4180} INFO - Setting next_dagrun for example_xcom to 2021-01-01 00:00:00+00:00, run_after=2021-01-01 00:00:00+00:00
[2025-01-10T18:45:01.661+0000] {processor.py:208} INFO - Processing /home/airflow/.local/lib/python3.12/site-packages/airflow/example_dags/example_xcom.py took 0.202 seconds
[2025-01-10T18:45:33.033+0000] {processor.py:186} INFO - Started process (PID=206) to work on /home/airflow/.local/lib/python3.12/site-packages/airflow/example_dags/example_xcom.py
[2025-01-10T18:45:33.036+0000] {processor.py:914} INFO - Processing file /home/airflow/.local/lib/python3.12/site-packages/airflow/example_dags/example_xcom.py for tasks to queue
[2025-01-10T18:45:33.049+0000] {logging_mixin.py:190} INFO - [2025-01-10T18:45:33.048+0000] {dagbag.py:588} INFO - Filling up the DagBag from /home/airflow/.local/lib/python3.12/site-packages/airflow/example_dags/example_xcom.py
[2025-01-10T18:45:33.101+0000] {processor.py:925} INFO - DAG(s) 'example_xcom' retrieved from /home/airflow/.local/lib/python3.12/site-packages/airflow/example_dags/example_xcom.py
[2025-01-10T18:45:33.186+0000] {logging_mixin.py:190} INFO - [2025-01-10T18:45:33.185+0000] {dag.py:3239} INFO - Sync 1 DAGs
[2025-01-10T18:45:33.273+0000] {logging_mixin.py:190} INFO - [2025-01-10T18:45:33.272+0000] {dag.py:4180} INFO - Setting next_dagrun for example_xcom to 2021-01-01 00:00:00+00:00, run_after=2021-01-01 00:00:00+00:00
[2025-01-10T18:45:33.345+0000] {processor.py:208} INFO - Processing /home/airflow/.local/lib/python3.12/site-packages/airflow/example_dags/example_xcom.py took 0.324 seconds
[2025-01-10T18:46:03.732+0000] {processor.py:186} INFO - Started process (PID=268) to work on /home/airflow/.local/lib/python3.12/site-packages/airflow/example_dags/example_xcom.py
[2025-01-10T18:46:03.734+0000] {processor.py:914} INFO - Processing file /home/airflow/.local/lib/python3.12/site-packages/airflow/example_dags/example_xcom.py for tasks to queue
[2025-01-10T18:46:03.740+0000] {logging_mixin.py:190} INFO - [2025-01-10T18:46:03.739+0000] {dagbag.py:588} INFO - Filling up the DagBag from /home/airflow/.local/lib/python3.12/site-packages/airflow/example_dags/example_xcom.py
[2025-01-10T18:46:03.758+0000] {processor.py:925} INFO - DAG(s) 'example_xcom' retrieved from /home/airflow/.local/lib/python3.12/site-packages/airflow/example_dags/example_xcom.py
[2025-01-10T18:46:03.794+0000] {logging_mixin.py:190} INFO - [2025-01-10T18:46:03.793+0000] {dag.py:3239} INFO - Sync 1 DAGs
[2025-01-10T18:46:03.845+0000] {logging_mixin.py:190} INFO - [2025-01-10T18:46:03.845+0000] {dag.py:4180} INFO - Setting next_dagrun for example_xcom to 2021-01-01 00:00:00+00:00, run_after=2021-01-01 00:00:00+00:00
[2025-01-10T18:46:03.887+0000] {processor.py:208} INFO - Processing /home/airflow/.local/lib/python3.12/site-packages/airflow/example_dags/example_xcom.py took 0.166 seconds
[2025-01-10T18:46:34.238+0000] {processor.py:186} INFO - Started process (PID=330) to work on /home/airflow/.local/lib/python3.12/site-packages/airflow/example_dags/example_xcom.py
[2025-01-10T18:46:34.244+0000] {processor.py:914} INFO - Processing file /home/airflow/.local/lib/python3.12/site-packages/airflow/example_dags/example_xcom.py for tasks to queue
[2025-01-10T18:46:34.265+0000] {logging_mixin.py:190} INFO - [2025-01-10T18:46:34.264+0000] {dagbag.py:588} INFO - Filling up the DagBag from /home/airflow/.local/lib/python3.12/site-packages/airflow/example_dags/example_xcom.py
[2025-01-10T18:46:34.310+0000] {processor.py:925} INFO - DAG(s) 'example_xcom' retrieved from /home/airflow/.local/lib/python3.12/site-packages/airflow/example_dags/example_xcom.py
[2025-01-10T18:46:34.385+0000] {logging_mixin.py:190} INFO - [2025-01-10T18:46:34.384+0000] {dag.py:3239} INFO - Sync 1 DAGs
[2025-01-10T18:46:34.458+0000] {logging_mixin.py:190} INFO - [2025-01-10T18:46:34.457+0000] {dag.py:4180} INFO - Setting next_dagrun for example_xcom to 2021-01-01 00:00:00+00:00, run_after=2021-01-01 00:00:00+00:00
[2025-01-10T18:46:34.520+0000] {processor.py:208} INFO - Processing /home/airflow/.local/lib/python3.12/site-packages/airflow/example_dags/example_xcom.py took 0.317 seconds
[2025-01-10T18:47:05.463+0000] {processor.py:186} INFO - Started process (PID=393) to work on /home/airflow/.local/lib/python3.12/site-packages/airflow/example_dags/example_xcom.py
[2025-01-10T18:47:05.466+0000] {processor.py:914} INFO - Processing file /home/airflow/.local/lib/python3.12/site-packages/airflow/example_dags/example_xcom.py for tasks to queue
[2025-01-10T18:47:05.473+0000] {logging_mixin.py:190} INFO - [2025-01-10T18:47:05.473+0000] {dagbag.py:588} INFO - Filling up the DagBag from /home/airflow/.local/lib/python3.12/site-packages/airflow/example_dags/example_xcom.py
[2025-01-10T18:47:05.498+0000] {processor.py:925} INFO - DAG(s) 'example_xcom' retrieved from /home/airflow/.local/lib/python3.12/site-packages/airflow/example_dags/example_xcom.py
[2025-01-10T18:47:05.545+0000] {logging_mixin.py:190} INFO - [2025-01-10T18:47:05.545+0000] {dag.py:3239} INFO - Sync 1 DAGs
[2025-01-10T18:47:05.628+0000] {logging_mixin.py:190} INFO - [2025-01-10T18:47:05.627+0000] {dag.py:4180} INFO - Setting next_dagrun for example_xcom to 2021-01-01 00:00:00+00:00, run_after=2021-01-01 00:00:00+00:00
[2025-01-10T18:47:05.673+0000] {processor.py:208} INFO - Processing /home/airflow/.local/lib/python3.12/site-packages/airflow/example_dags/example_xcom.py took 0.238 seconds
[2025-01-10T18:47:37.633+0000] {processor.py:186} INFO - Started process (PID=454) to work on /home/airflow/.local/lib/python3.12/site-packages/airflow/example_dags/example_xcom.py
[2025-01-10T18:47:37.636+0000] {processor.py:914} INFO - Processing file /home/airflow/.local/lib/python3.12/site-packages/airflow/example_dags/example_xcom.py for tasks to queue
[2025-01-10T18:47:37.641+0000] {logging_mixin.py:190} INFO - [2025-01-10T18:47:37.640+0000] {dagbag.py:588} INFO - Filling up the DagBag from /home/airflow/.local/lib/python3.12/site-packages/airflow/example_dags/example_xcom.py
[2025-01-10T18:47:37.664+0000] {processor.py:925} INFO - DAG(s) 'example_xcom' retrieved from /home/airflow/.local/lib/python3.12/site-packages/airflow/example_dags/example_xcom.py
[2025-01-10T18:47:37.720+0000] {logging_mixin.py:190} INFO - [2025-01-10T18:47:37.720+0000] {dag.py:3239} INFO - Sync 1 DAGs
[2025-01-10T18:47:37.824+0000] {logging_mixin.py:190} INFO - [2025-01-10T18:47:37.823+0000] {dag.py:4180} INFO - Setting next_dagrun for example_xcom to 2021-01-01 00:00:00+00:00, run_after=2021-01-01 00:00:00+00:00
[2025-01-10T18:47:37.903+0000] {processor.py:208} INFO - Processing /home/airflow/.local/lib/python3.12/site-packages/airflow/example_dags/example_xcom.py took 0.285 seconds
[2025-01-10T18:48:08.286+0000] {processor.py:186} INFO - Started process (PID=517) to work on /home/airflow/.local/lib/python3.12/site-packages/airflow/example_dags/example_xcom.py
[2025-01-10T18:48:08.290+0000] {processor.py:914} INFO - Processing file /home/airflow/.local/lib/python3.12/site-packages/airflow/example_dags/example_xcom.py for tasks to queue
[2025-01-10T18:48:08.302+0000] {logging_mixin.py:190} INFO - [2025-01-10T18:48:08.300+0000] {dagbag.py:588} INFO - Filling up the DagBag from /home/airflow/.local/lib/python3.12/site-packages/airflow/example_dags/example_xcom.py
[2025-01-10T18:48:08.343+0000] {processor.py:925} INFO - DAG(s) 'example_xcom' retrieved from /home/airflow/.local/lib/python3.12/site-packages/airflow/example_dags/example_xcom.py
[2025-01-10T18:48:08.417+0000] {logging_mixin.py:190} INFO - [2025-01-10T18:48:08.416+0000] {dag.py:3239} INFO - Sync 1 DAGs
[2025-01-10T18:48:08.483+0000] {logging_mixin.py:190} INFO - [2025-01-10T18:48:08.482+0000] {dag.py:4180} INFO - Setting next_dagrun for example_xcom to 2021-01-01 00:00:00+00:00, run_after=2021-01-01 00:00:00+00:00
[2025-01-10T18:48:08.539+0000] {processor.py:208} INFO - Processing /home/airflow/.local/lib/python3.12/site-packages/airflow/example_dags/example_xcom.py took 0.274 seconds
[2025-01-10T18:48:38.648+0000] {processor.py:186} INFO - Started process (PID=578) to work on /home/airflow/.local/lib/python3.12/site-packages/airflow/example_dags/example_xcom.py
[2025-01-10T18:48:38.652+0000] {processor.py:914} INFO - Processing file /home/airflow/.local/lib/python3.12/site-packages/airflow/example_dags/example_xcom.py for tasks to queue
[2025-01-10T18:48:38.664+0000] {logging_mixin.py:190} INFO - [2025-01-10T18:48:38.663+0000] {dagbag.py:588} INFO - Filling up the DagBag from /home/airflow/.local/lib/python3.12/site-packages/airflow/example_dags/example_xcom.py
[2025-01-10T18:48:38.717+0000] {processor.py:925} INFO - DAG(s) 'example_xcom' retrieved from /home/airflow/.local/lib/python3.12/site-packages/airflow/example_dags/example_xcom.py
[2025-01-10T18:48:38.777+0000] {logging_mixin.py:190} INFO - [2025-01-10T18:48:38.776+0000] {dag.py:3239} INFO - Sync 1 DAGs
[2025-01-10T18:48:38.823+0000] {logging_mixin.py:190} INFO - [2025-01-10T18:48:38.823+0000] {dag.py:4180} INFO - Setting next_dagrun for example_xcom to 2021-01-01 00:00:00+00:00, run_after=2021-01-01 00:00:00+00:00
[2025-01-10T18:48:38.857+0000] {processor.py:208} INFO - Processing /home/airflow/.local/lib/python3.12/site-packages/airflow/example_dags/example_xcom.py took 0.229 seconds
[2025-01-10T18:49:10.357+0000] {processor.py:186} INFO - Started process (PID=646) to work on /home/airflow/.local/lib/python3.12/site-packages/airflow/example_dags/example_xcom.py
[2025-01-10T18:49:10.365+0000] {processor.py:914} INFO - Processing file /home/airflow/.local/lib/python3.12/site-packages/airflow/example_dags/example_xcom.py for tasks to queue
[2025-01-10T18:49:10.373+0000] {logging_mixin.py:190} INFO - [2025-01-10T18:49:10.372+0000] {dagbag.py:588} INFO - Filling up the DagBag from /home/airflow/.local/lib/python3.12/site-packages/airflow/example_dags/example_xcom.py
[2025-01-10T18:49:10.400+0000] {processor.py:925} INFO - DAG(s) 'example_xcom' retrieved from /home/airflow/.local/lib/python3.12/site-packages/airflow/example_dags/example_xcom.py
[2025-01-10T18:49:10.469+0000] {logging_mixin.py:190} INFO - [2025-01-10T18:49:10.468+0000] {dag.py:3239} INFO - Sync 1 DAGs
[2025-01-10T18:49:10.540+0000] {logging_mixin.py:190} INFO - [2025-01-10T18:49:10.540+0000] {dag.py:4180} INFO - Setting next_dagrun for example_xcom to 2021-01-01 00:00:00+00:00, run_after=2021-01-01 00:00:00+00:00
[2025-01-10T18:49:10.580+0000] {processor.py:208} INFO - Processing /home/airflow/.local/lib/python3.12/site-packages/airflow/example_dags/example_xcom.py took 0.254 seconds
[2025-01-10T18:49:41.349+0000] {processor.py:186} INFO - Started process (PID=709) to work on /home/airflow/.local/lib/python3.12/site-packages/airflow/example_dags/example_xcom.py
[2025-01-10T18:49:41.351+0000] {processor.py:914} INFO - Processing file /home/airflow/.local/lib/python3.12/site-packages/airflow/example_dags/example_xcom.py for tasks to queue
[2025-01-10T18:49:41.356+0000] {logging_mixin.py:190} INFO - [2025-01-10T18:49:41.355+0000] {dagbag.py:588} INFO - Filling up the DagBag from /home/airflow/.local/lib/python3.12/site-packages/airflow/example_dags/example_xcom.py
[2025-01-10T18:49:41.384+0000] {processor.py:925} INFO - DAG(s) 'example_xcom' retrieved from /home/airflow/.local/lib/python3.12/site-packages/airflow/example_dags/example_xcom.py
[2025-01-10T18:49:41.544+0000] {logging_mixin.py:190} INFO - [2025-01-10T18:49:41.541+0000] {dag.py:3239} INFO - Sync 1 DAGs
[2025-01-10T18:49:41.752+0000] {logging_mixin.py:190} INFO - [2025-01-10T18:49:41.751+0000] {dag.py:4180} INFO - Setting next_dagrun for example_xcom to 2021-01-01 00:00:00+00:00, run_after=2021-01-01 00:00:00+00:00
[2025-01-10T18:49:41.909+0000] {processor.py:208} INFO - Processing /home/airflow/.local/lib/python3.12/site-packages/airflow/example_dags/example_xcom.py took 0.572 seconds
[2025-01-10T18:50:12.590+0000] {processor.py:186} INFO - Started process (PID=771) to work on /home/airflow/.local/lib/python3.12/site-packages/airflow/example_dags/example_xcom.py
[2025-01-10T18:50:12.592+0000] {processor.py:914} INFO - Processing file /home/airflow/.local/lib/python3.12/site-packages/airflow/example_dags/example_xcom.py for tasks to queue
[2025-01-10T18:50:12.599+0000] {logging_mixin.py:190} INFO - [2025-01-10T18:50:12.599+0000] {dagbag.py:588} INFO - Filling up the DagBag from /home/airflow/.local/lib/python3.12/site-packages/airflow/example_dags/example_xcom.py
[2025-01-10T18:50:12.622+0000] {processor.py:925} INFO - DAG(s) 'example_xcom' retrieved from /home/airflow/.local/lib/python3.12/site-packages/airflow/example_dags/example_xcom.py
[2025-01-10T18:50:12.686+0000] {logging_mixin.py:190} INFO - [2025-01-10T18:50:12.685+0000] {dag.py:3239} INFO - Sync 1 DAGs
[2025-01-10T18:50:12.798+0000] {logging_mixin.py:190} INFO - [2025-01-10T18:50:12.797+0000] {dag.py:4180} INFO - Setting next_dagrun for example_xcom to 2021-01-01 00:00:00+00:00, run_after=2021-01-01 00:00:00+00:00
[2025-01-10T18:50:12.864+0000] {processor.py:208} INFO - Processing /home/airflow/.local/lib/python3.12/site-packages/airflow/example_dags/example_xcom.py took 0.287 seconds
[2025-01-10T18:50:43.099+0000] {processor.py:186} INFO - Started process (PID=834) to work on /home/airflow/.local/lib/python3.12/site-packages/airflow/example_dags/example_xcom.py
[2025-01-10T18:50:43.103+0000] {processor.py:914} INFO - Processing file /home/airflow/.local/lib/python3.12/site-packages/airflow/example_dags/example_xcom.py for tasks to queue
[2025-01-10T18:50:43.114+0000] {logging_mixin.py:190} INFO - [2025-01-10T18:50:43.113+0000] {dagbag.py:588} INFO - Filling up the DagBag from /home/airflow/.local/lib/python3.12/site-packages/airflow/example_dags/example_xcom.py
[2025-01-10T18:50:43.144+0000] {processor.py:925} INFO - DAG(s) 'example_xcom' retrieved from /home/airflow/.local/lib/python3.12/site-packages/airflow/example_dags/example_xcom.py
[2025-01-10T18:50:43.208+0000] {logging_mixin.py:190} INFO - [2025-01-10T18:50:43.207+0000] {dag.py:3239} INFO - Sync 1 DAGs
[2025-01-10T18:50:43.267+0000] {logging_mixin.py:190} INFO - [2025-01-10T18:50:43.266+0000] {dag.py:4180} INFO - Setting next_dagrun for example_xcom to 2021-01-01 00:00:00+00:00, run_after=2021-01-01 00:00:00+00:00
[2025-01-10T18:50:43.308+0000] {processor.py:208} INFO - Processing /home/airflow/.local/lib/python3.12/site-packages/airflow/example_dags/example_xcom.py took 0.233 seconds
[2025-01-10T18:51:13.535+0000] {processor.py:186} INFO - Started process (PID=897) to work on /home/airflow/.local/lib/python3.12/site-packages/airflow/example_dags/example_xcom.py
[2025-01-10T18:51:13.536+0000] {processor.py:914} INFO - Processing file /home/airflow/.local/lib/python3.12/site-packages/airflow/example_dags/example_xcom.py for tasks to queue
[2025-01-10T18:51:13.540+0000] {logging_mixin.py:190} INFO - [2025-01-10T18:51:13.540+0000] {dagbag.py:588} INFO - Filling up the DagBag from /home/airflow/.local/lib/python3.12/site-packages/airflow/example_dags/example_xcom.py
[2025-01-10T18:51:13.556+0000] {processor.py:925} INFO - DAG(s) 'example_xcom' retrieved from /home/airflow/.local/lib/python3.12/site-packages/airflow/example_dags/example_xcom.py
[2025-01-10T18:51:13.612+0000] {logging_mixin.py:190} INFO - [2025-01-10T18:51:13.611+0000] {dag.py:3239} INFO - Sync 1 DAGs
[2025-01-10T18:51:13.667+0000] {logging_mixin.py:190} INFO - [2025-01-10T18:51:13.667+0000] {dag.py:4180} INFO - Setting next_dagrun for example_xcom to 2021-01-01 00:00:00+00:00, run_after=2021-01-01 00:00:00+00:00
[2025-01-10T18:51:13.728+0000] {processor.py:208} INFO - Processing /home/airflow/.local/lib/python3.12/site-packages/airflow/example_dags/example_xcom.py took 0.206 seconds
[2025-01-10T18:51:43.869+0000] {processor.py:186} INFO - Started process (PID=960) to work on /home/airflow/.local/lib/python3.12/site-packages/airflow/example_dags/example_xcom.py
[2025-01-10T18:51:43.871+0000] {processor.py:914} INFO - Processing file /home/airflow/.local/lib/python3.12/site-packages/airflow/example_dags/example_xcom.py for tasks to queue
[2025-01-10T18:51:43.882+0000] {logging_mixin.py:190} INFO - [2025-01-10T18:51:43.881+0000] {dagbag.py:588} INFO - Filling up the DagBag from /home/airflow/.local/lib/python3.12/site-packages/airflow/example_dags/example_xcom.py
[2025-01-10T18:51:43.912+0000] {processor.py:925} INFO - DAG(s) 'example_xcom' retrieved from /home/airflow/.local/lib/python3.12/site-packages/airflow/example_dags/example_xcom.py
[2025-01-10T18:51:43.983+0000] {logging_mixin.py:190} INFO - [2025-01-10T18:51:43.983+0000] {dag.py:3239} INFO - Sync 1 DAGs
[2025-01-10T18:51:44.066+0000] {logging_mixin.py:190} INFO - [2025-01-10T18:51:44.065+0000] {dag.py:4180} INFO - Setting next_dagrun for example_xcom to 2021-01-01 00:00:00+00:00, run_after=2021-01-01 00:00:00+00:00
[2025-01-10T18:51:44.153+0000] {processor.py:208} INFO - Processing /home/airflow/.local/lib/python3.12/site-packages/airflow/example_dags/example_xcom.py took 0.315 seconds
[2025-01-10T18:52:14.330+0000] {processor.py:186} INFO - Started process (PID=1022) to work on /home/airflow/.local/lib/python3.12/site-packages/airflow/example_dags/example_xcom.py
[2025-01-10T18:52:14.332+0000] {processor.py:914} INFO - Processing file /home/airflow/.local/lib/python3.12/site-packages/airflow/example_dags/example_xcom.py for tasks to queue
[2025-01-10T18:52:14.338+0000] {logging_mixin.py:190} INFO - [2025-01-10T18:52:14.337+0000] {dagbag.py:588} INFO - Filling up the DagBag from /home/airflow/.local/lib/python3.12/site-packages/airflow/example_dags/example_xcom.py
[2025-01-10T18:52:14.358+0000] {processor.py:925} INFO - DAG(s) 'example_xcom' retrieved from /home/airflow/.local/lib/python3.12/site-packages/airflow/example_dags/example_xcom.py
[2025-01-10T18:52:14.413+0000] {logging_mixin.py:190} INFO - [2025-01-10T18:52:14.413+0000] {dag.py:3239} INFO - Sync 1 DAGs
[2025-01-10T18:52:14.479+0000] {logging_mixin.py:190} INFO - [2025-01-10T18:52:14.478+0000] {dag.py:4180} INFO - Setting next_dagrun for example_xcom to 2021-01-01 00:00:00+00:00, run_after=2021-01-01 00:00:00+00:00
[2025-01-10T18:52:14.520+0000] {processor.py:208} INFO - Processing /home/airflow/.local/lib/python3.12/site-packages/airflow/example_dags/example_xcom.py took 0.205 seconds
[2025-01-10T18:52:44.800+0000] {processor.py:186} INFO - Started process (PID=1085) to work on /home/airflow/.local/lib/python3.12/site-packages/airflow/example_dags/example_xcom.py
[2025-01-10T18:52:44.802+0000] {processor.py:914} INFO - Processing file /home/airflow/.local/lib/python3.12/site-packages/airflow/example_dags/example_xcom.py for tasks to queue
[2025-01-10T18:52:44.808+0000] {logging_mixin.py:190} INFO - [2025-01-10T18:52:44.808+0000] {dagbag.py:588} INFO - Filling up the DagBag from /home/airflow/.local/lib/python3.12/site-packages/airflow/example_dags/example_xcom.py
[2025-01-10T18:52:44.831+0000] {processor.py:925} INFO - DAG(s) 'example_xcom' retrieved from /home/airflow/.local/lib/python3.12/site-packages/airflow/example_dags/example_xcom.py
[2025-01-10T18:52:44.890+0000] {logging_mixin.py:190} INFO - [2025-01-10T18:52:44.889+0000] {dag.py:3239} INFO - Sync 1 DAGs
[2025-01-10T18:52:44.975+0000] {logging_mixin.py:190} INFO - [2025-01-10T18:52:44.974+0000] {dag.py:4180} INFO - Setting next_dagrun for example_xcom to 2021-01-01 00:00:00+00:00, run_after=2021-01-01 00:00:00+00:00
[2025-01-10T18:52:45.026+0000] {processor.py:208} INFO - Processing /home/airflow/.local/lib/python3.12/site-packages/airflow/example_dags/example_xcom.py took 0.241 seconds
[2025-01-10T18:53:15.518+0000] {processor.py:186} INFO - Started process (PID=1148) to work on /home/airflow/.local/lib/python3.12/site-packages/airflow/example_dags/example_xcom.py
[2025-01-10T18:53:15.519+0000] {processor.py:914} INFO - Processing file /home/airflow/.local/lib/python3.12/site-packages/airflow/example_dags/example_xcom.py for tasks to queue
[2025-01-10T18:53:15.522+0000] {logging_mixin.py:190} INFO - [2025-01-10T18:53:15.522+0000] {dagbag.py:588} INFO - Filling up the DagBag from /home/airflow/.local/lib/python3.12/site-packages/airflow/example_dags/example_xcom.py
[2025-01-10T18:53:15.532+0000] {processor.py:925} INFO - DAG(s) 'example_xcom' retrieved from /home/airflow/.local/lib/python3.12/site-packages/airflow/example_dags/example_xcom.py
[2025-01-10T18:53:15.558+0000] {logging_mixin.py:190} INFO - [2025-01-10T18:53:15.558+0000] {dag.py:3239} INFO - Sync 1 DAGs
[2025-01-10T18:53:15.591+0000] {logging_mixin.py:190} INFO - [2025-01-10T18:53:15.591+0000] {dag.py:4180} INFO - Setting next_dagrun for example_xcom to 2021-01-01 00:00:00+00:00, run_after=2021-01-01 00:00:00+00:00
[2025-01-10T18:53:15.616+0000] {processor.py:208} INFO - Processing /home/airflow/.local/lib/python3.12/site-packages/airflow/example_dags/example_xcom.py took 0.105 seconds
[2025-01-10T18:53:46.033+0000] {processor.py:186} INFO - Started process (PID=1211) to work on /home/airflow/.local/lib/python3.12/site-packages/airflow/example_dags/example_xcom.py
[2025-01-10T18:53:46.037+0000] {processor.py:914} INFO - Processing file /home/airflow/.local/lib/python3.12/site-packages/airflow/example_dags/example_xcom.py for tasks to queue
[2025-01-10T18:53:46.048+0000] {logging_mixin.py:190} INFO - [2025-01-10T18:53:46.047+0000] {dagbag.py:588} INFO - Filling up the DagBag from /home/airflow/.local/lib/python3.12/site-packages/airflow/example_dags/example_xcom.py
[2025-01-10T18:53:46.090+0000] {processor.py:925} INFO - DAG(s) 'example_xcom' retrieved from /home/airflow/.local/lib/python3.12/site-packages/airflow/example_dags/example_xcom.py
[2025-01-10T18:53:46.168+0000] {logging_mixin.py:190} INFO - [2025-01-10T18:53:46.167+0000] {dag.py:3239} INFO - Sync 1 DAGs
[2025-01-10T18:53:46.232+0000] {logging_mixin.py:190} INFO - [2025-01-10T18:53:46.231+0000] {dag.py:4180} INFO - Setting next_dagrun for example_xcom to 2021-01-01 00:00:00+00:00, run_after=2021-01-01 00:00:00+00:00
[2025-01-10T18:53:46.291+0000] {processor.py:208} INFO - Processing /home/airflow/.local/lib/python3.12/site-packages/airflow/example_dags/example_xcom.py took 0.278 seconds
[2025-01-10T18:54:16.828+0000] {processor.py:186} INFO - Started process (PID=1274) to work on /home/airflow/.local/lib/python3.12/site-packages/airflow/example_dags/example_xcom.py
[2025-01-10T18:54:16.831+0000] {processor.py:914} INFO - Processing file /home/airflow/.local/lib/python3.12/site-packages/airflow/example_dags/example_xcom.py for tasks to queue
[2025-01-10T18:54:16.838+0000] {logging_mixin.py:190} INFO - [2025-01-10T18:54:16.836+0000] {dagbag.py:588} INFO - Filling up the DagBag from /home/airflow/.local/lib/python3.12/site-packages/airflow/example_dags/example_xcom.py
[2025-01-10T18:54:16.865+0000] {processor.py:925} INFO - DAG(s) 'example_xcom' retrieved from /home/airflow/.local/lib/python3.12/site-packages/airflow/example_dags/example_xcom.py
[2025-01-10T18:54:16.933+0000] {logging_mixin.py:190} INFO - [2025-01-10T18:54:16.932+0000] {dag.py:3239} INFO - Sync 1 DAGs
[2025-01-10T18:54:17.012+0000] {logging_mixin.py:190} INFO - [2025-01-10T18:54:17.011+0000] {dag.py:4180} INFO - Setting next_dagrun for example_xcom to 2021-01-01 00:00:00+00:00, run_after=2021-01-01 00:00:00+00:00
[2025-01-10T18:54:17.070+0000] {processor.py:208} INFO - Processing /home/airflow/.local/lib/python3.12/site-packages/airflow/example_dags/example_xcom.py took 0.261 seconds
[2025-01-10T18:54:47.906+0000] {processor.py:186} INFO - Started process (PID=1335) to work on /home/airflow/.local/lib/python3.12/site-packages/airflow/example_dags/example_xcom.py
[2025-01-10T18:54:47.908+0000] {processor.py:914} INFO - Processing file /home/airflow/.local/lib/python3.12/site-packages/airflow/example_dags/example_xcom.py for tasks to queue
[2025-01-10T18:54:47.916+0000] {logging_mixin.py:190} INFO - [2025-01-10T18:54:47.915+0000] {dagbag.py:588} INFO - Filling up the DagBag from /home/airflow/.local/lib/python3.12/site-packages/airflow/example_dags/example_xcom.py
[2025-01-10T18:54:47.942+0000] {processor.py:925} INFO - DAG(s) 'example_xcom' retrieved from /home/airflow/.local/lib/python3.12/site-packages/airflow/example_dags/example_xcom.py
[2025-01-10T18:54:48.003+0000] {logging_mixin.py:190} INFO - [2025-01-10T18:54:48.003+0000] {dag.py:3239} INFO - Sync 1 DAGs
[2025-01-10T18:54:48.066+0000] {logging_mixin.py:190} INFO - [2025-01-10T18:54:48.065+0000] {dag.py:4180} INFO - Setting next_dagrun for example_xcom to 2021-01-01 00:00:00+00:00, run_after=2021-01-01 00:00:00+00:00
[2025-01-10T18:54:48.109+0000] {processor.py:208} INFO - Processing /home/airflow/.local/lib/python3.12/site-packages/airflow/example_dags/example_xcom.py took 0.222 seconds
[2025-01-10T18:55:18.393+0000] {processor.py:186} INFO - Started process (PID=1398) to work on /home/airflow/.local/lib/python3.12/site-packages/airflow/example_dags/example_xcom.py
[2025-01-10T18:55:18.395+0000] {processor.py:914} INFO - Processing file /home/airflow/.local/lib/python3.12/site-packages/airflow/example_dags/example_xcom.py for tasks to queue
[2025-01-10T18:55:18.402+0000] {logging_mixin.py:190} INFO - [2025-01-10T18:55:18.401+0000] {dagbag.py:588} INFO - Filling up the DagBag from /home/airflow/.local/lib/python3.12/site-packages/airflow/example_dags/example_xcom.py
[2025-01-10T18:55:18.431+0000] {processor.py:925} INFO - DAG(s) 'example_xcom' retrieved from /home/airflow/.local/lib/python3.12/site-packages/airflow/example_dags/example_xcom.py
[2025-01-10T18:55:18.540+0000] {logging_mixin.py:190} INFO - [2025-01-10T18:55:18.539+0000] {dag.py:3239} INFO - Sync 1 DAGs
[2025-01-10T18:55:18.614+0000] {logging_mixin.py:190} INFO - [2025-01-10T18:55:18.614+0000] {dag.py:4180} INFO - Setting next_dagrun for example_xcom to 2021-01-01 00:00:00+00:00, run_after=2021-01-01 00:00:00+00:00
[2025-01-10T18:55:18.665+0000] {processor.py:208} INFO - Processing /home/airflow/.local/lib/python3.12/site-packages/airflow/example_dags/example_xcom.py took 0.290 seconds
[2025-01-10T18:55:49.036+0000] {processor.py:186} INFO - Started process (PID=1461) to work on /home/airflow/.local/lib/python3.12/site-packages/airflow/example_dags/example_xcom.py
[2025-01-10T18:55:49.039+0000] {processor.py:914} INFO - Processing file /home/airflow/.local/lib/python3.12/site-packages/airflow/example_dags/example_xcom.py for tasks to queue
[2025-01-10T18:55:49.047+0000] {logging_mixin.py:190} INFO - [2025-01-10T18:55:49.046+0000] {dagbag.py:588} INFO - Filling up the DagBag from /home/airflow/.local/lib/python3.12/site-packages/airflow/example_dags/example_xcom.py
[2025-01-10T18:55:49.075+0000] {processor.py:925} INFO - DAG(s) 'example_xcom' retrieved from /home/airflow/.local/lib/python3.12/site-packages/airflow/example_dags/example_xcom.py
[2025-01-10T18:55:49.120+0000] {logging_mixin.py:190} INFO - [2025-01-10T18:55:49.119+0000] {dag.py:3239} INFO - Sync 1 DAGs
[2025-01-10T18:55:49.171+0000] {logging_mixin.py:190} INFO - [2025-01-10T18:55:49.171+0000] {dag.py:4180} INFO - Setting next_dagrun for example_xcom to 2021-01-01 00:00:00+00:00, run_after=2021-01-01 00:00:00+00:00
[2025-01-10T18:55:49.220+0000] {processor.py:208} INFO - Processing /home/airflow/.local/lib/python3.12/site-packages/airflow/example_dags/example_xcom.py took 0.204 seconds
[2025-01-10T18:56:20.145+0000] {processor.py:186} INFO - Started process (PID=1524) to work on /home/airflow/.local/lib/python3.12/site-packages/airflow/example_dags/example_xcom.py
[2025-01-10T18:56:20.150+0000] {processor.py:914} INFO - Processing file /home/airflow/.local/lib/python3.12/site-packages/airflow/example_dags/example_xcom.py for tasks to queue
[2025-01-10T18:56:20.157+0000] {logging_mixin.py:190} INFO - [2025-01-10T18:56:20.156+0000] {dagbag.py:588} INFO - Filling up the DagBag from /home/airflow/.local/lib/python3.12/site-packages/airflow/example_dags/example_xcom.py
[2025-01-10T18:56:20.183+0000] {processor.py:925} INFO - DAG(s) 'example_xcom' retrieved from /home/airflow/.local/lib/python3.12/site-packages/airflow/example_dags/example_xcom.py
[2025-01-10T18:56:20.229+0000] {logging_mixin.py:190} INFO - [2025-01-10T18:56:20.229+0000] {dag.py:3239} INFO - Sync 1 DAGs
[2025-01-10T18:56:20.275+0000] {logging_mixin.py:190} INFO - [2025-01-10T18:56:20.274+0000] {dag.py:4180} INFO - Setting next_dagrun for example_xcom to 2021-01-01 00:00:00+00:00, run_after=2021-01-01 00:00:00+00:00
[2025-01-10T18:56:20.309+0000] {processor.py:208} INFO - Processing /home/airflow/.local/lib/python3.12/site-packages/airflow/example_dags/example_xcom.py took 0.185 seconds
[2025-01-10T18:56:51.088+0000] {processor.py:186} INFO - Started process (PID=1587) to work on /home/airflow/.local/lib/python3.12/site-packages/airflow/example_dags/example_xcom.py
[2025-01-10T18:56:51.094+0000] {processor.py:914} INFO - Processing file /home/airflow/.local/lib/python3.12/site-packages/airflow/example_dags/example_xcom.py for tasks to queue
[2025-01-10T18:56:51.101+0000] {logging_mixin.py:190} INFO - [2025-01-10T18:56:51.100+0000] {dagbag.py:588} INFO - Filling up the DagBag from /home/airflow/.local/lib/python3.12/site-packages/airflow/example_dags/example_xcom.py
[2025-01-10T18:56:51.143+0000] {processor.py:925} INFO - DAG(s) 'example_xcom' retrieved from /home/airflow/.local/lib/python3.12/site-packages/airflow/example_dags/example_xcom.py
[2025-01-10T18:56:51.277+0000] {logging_mixin.py:190} INFO - [2025-01-10T18:56:51.276+0000] {dag.py:3239} INFO - Sync 1 DAGs
[2025-01-10T18:56:51.443+0000] {logging_mixin.py:190} INFO - [2025-01-10T18:56:51.443+0000] {dag.py:4180} INFO - Setting next_dagrun for example_xcom to 2021-01-01 00:00:00+00:00, run_after=2021-01-01 00:00:00+00:00
[2025-01-10T18:56:51.541+0000] {processor.py:208} INFO - Processing /home/airflow/.local/lib/python3.12/site-packages/airflow/example_dags/example_xcom.py took 0.478 seconds
[2025-01-10T18:57:21.816+0000] {processor.py:186} INFO - Started process (PID=1649) to work on /home/airflow/.local/lib/python3.12/site-packages/airflow/example_dags/example_xcom.py
[2025-01-10T18:57:21.818+0000] {processor.py:914} INFO - Processing file /home/airflow/.local/lib/python3.12/site-packages/airflow/example_dags/example_xcom.py for tasks to queue
[2025-01-10T18:57:21.824+0000] {logging_mixin.py:190} INFO - [2025-01-10T18:57:21.823+0000] {dagbag.py:588} INFO - Filling up the DagBag from /home/airflow/.local/lib/python3.12/site-packages/airflow/example_dags/example_xcom.py
[2025-01-10T18:57:21.845+0000] {processor.py:925} INFO - DAG(s) 'example_xcom' retrieved from /home/airflow/.local/lib/python3.12/site-packages/airflow/example_dags/example_xcom.py
[2025-01-10T18:57:21.898+0000] {logging_mixin.py:190} INFO - [2025-01-10T18:57:21.897+0000] {dag.py:3239} INFO - Sync 1 DAGs
[2025-01-10T18:57:21.966+0000] {logging_mixin.py:190} INFO - [2025-01-10T18:57:21.966+0000] {dag.py:4180} INFO - Setting next_dagrun for example_xcom to 2021-01-01 00:00:00+00:00, run_after=2021-01-01 00:00:00+00:00
[2025-01-10T18:57:22.023+0000] {processor.py:208} INFO - Processing /home/airflow/.local/lib/python3.12/site-packages/airflow/example_dags/example_xcom.py took 0.223 seconds
[2025-01-10T18:57:54.079+0000] {processor.py:186} INFO - Started process (PID=1712) to work on /home/airflow/.local/lib/python3.12/site-packages/airflow/example_dags/example_xcom.py
[2025-01-10T18:57:54.080+0000] {processor.py:914} INFO - Processing file /home/airflow/.local/lib/python3.12/site-packages/airflow/example_dags/example_xcom.py for tasks to queue
[2025-01-10T18:57:54.085+0000] {logging_mixin.py:190} INFO - [2025-01-10T18:57:54.084+0000] {dagbag.py:588} INFO - Filling up the DagBag from /home/airflow/.local/lib/python3.12/site-packages/airflow/example_dags/example_xcom.py
[2025-01-10T18:57:54.102+0000] {processor.py:925} INFO - DAG(s) 'example_xcom' retrieved from /home/airflow/.local/lib/python3.12/site-packages/airflow/example_dags/example_xcom.py
[2025-01-10T18:57:54.145+0000] {logging_mixin.py:190} INFO - [2025-01-10T18:57:54.144+0000] {dag.py:3239} INFO - Sync 1 DAGs
[2025-01-10T18:57:54.192+0000] {logging_mixin.py:190} INFO - [2025-01-10T18:57:54.192+0000] {dag.py:4180} INFO - Setting next_dagrun for example_xcom to 2021-01-01 00:00:00+00:00, run_after=2021-01-01 00:00:00+00:00
[2025-01-10T18:57:54.225+0000] {processor.py:208} INFO - Processing /home/airflow/.local/lib/python3.12/site-packages/airflow/example_dags/example_xcom.py took 0.158 seconds
[2025-01-10T18:58:25.501+0000] {processor.py:186} INFO - Started process (PID=1774) to work on /home/airflow/.local/lib/python3.12/site-packages/airflow/example_dags/example_xcom.py
[2025-01-10T18:58:25.504+0000] {processor.py:914} INFO - Processing file /home/airflow/.local/lib/python3.12/site-packages/airflow/example_dags/example_xcom.py for tasks to queue
[2025-01-10T18:58:25.519+0000] {logging_mixin.py:190} INFO - [2025-01-10T18:58:25.518+0000] {dagbag.py:588} INFO - Filling up the DagBag from /home/airflow/.local/lib/python3.12/site-packages/airflow/example_dags/example_xcom.py
[2025-01-10T18:58:25.572+0000] {processor.py:925} INFO - DAG(s) 'example_xcom' retrieved from /home/airflow/.local/lib/python3.12/site-packages/airflow/example_dags/example_xcom.py
[2025-01-10T18:58:25.681+0000] {logging_mixin.py:190} INFO - [2025-01-10T18:58:25.680+0000] {dag.py:3239} INFO - Sync 1 DAGs
[2025-01-10T18:58:25.741+0000] {logging_mixin.py:190} INFO - [2025-01-10T18:58:25.741+0000] {dag.py:4180} INFO - Setting next_dagrun for example_xcom to 2021-01-01 00:00:00+00:00, run_after=2021-01-01 00:00:00+00:00
[2025-01-10T18:58:25.826+0000] {processor.py:208} INFO - Processing /home/airflow/.local/lib/python3.12/site-packages/airflow/example_dags/example_xcom.py took 0.350 seconds
[2025-01-10T18:58:57.237+0000] {processor.py:186} INFO - Started process (PID=1837) to work on /home/airflow/.local/lib/python3.12/site-packages/airflow/example_dags/example_xcom.py
[2025-01-10T18:58:57.240+0000] {processor.py:914} INFO - Processing file /home/airflow/.local/lib/python3.12/site-packages/airflow/example_dags/example_xcom.py for tasks to queue
[2025-01-10T18:58:57.246+0000] {logging_mixin.py:190} INFO - [2025-01-10T18:58:57.246+0000] {dagbag.py:588} INFO - Filling up the DagBag from /home/airflow/.local/lib/python3.12/site-packages/airflow/example_dags/example_xcom.py
[2025-01-10T18:58:57.294+0000] {processor.py:925} INFO - DAG(s) 'example_xcom' retrieved from /home/airflow/.local/lib/python3.12/site-packages/airflow/example_dags/example_xcom.py
[2025-01-10T18:58:57.374+0000] {logging_mixin.py:190} INFO - [2025-01-10T18:58:57.374+0000] {dag.py:3239} INFO - Sync 1 DAGs
[2025-01-10T18:58:57.455+0000] {logging_mixin.py:190} INFO - [2025-01-10T18:58:57.452+0000] {dag.py:4180} INFO - Setting next_dagrun for example_xcom to 2021-01-01 00:00:00+00:00, run_after=2021-01-01 00:00:00+00:00
[2025-01-10T18:58:57.560+0000] {processor.py:208} INFO - Processing /home/airflow/.local/lib/python3.12/site-packages/airflow/example_dags/example_xcom.py took 0.364 seconds
[2025-01-10T18:59:27.793+0000] {processor.py:186} INFO - Started process (PID=1899) to work on /home/airflow/.local/lib/python3.12/site-packages/airflow/example_dags/example_xcom.py
[2025-01-10T18:59:27.798+0000] {processor.py:914} INFO - Processing file /home/airflow/.local/lib/python3.12/site-packages/airflow/example_dags/example_xcom.py for tasks to queue
[2025-01-10T18:59:27.814+0000] {logging_mixin.py:190} INFO - [2025-01-10T18:59:27.812+0000] {dagbag.py:588} INFO - Filling up the DagBag from /home/airflow/.local/lib/python3.12/site-packages/airflow/example_dags/example_xcom.py
[2025-01-10T18:59:27.861+0000] {processor.py:925} INFO - DAG(s) 'example_xcom' retrieved from /home/airflow/.local/lib/python3.12/site-packages/airflow/example_dags/example_xcom.py
[2025-01-10T18:59:27.972+0000] {logging_mixin.py:190} INFO - [2025-01-10T18:59:27.972+0000] {dag.py:3239} INFO - Sync 1 DAGs
[2025-01-10T18:59:28.066+0000] {logging_mixin.py:190} INFO - [2025-01-10T18:59:28.066+0000] {dag.py:4180} INFO - Setting next_dagrun for example_xcom to 2021-01-01 00:00:00+00:00, run_after=2021-01-01 00:00:00+00:00
[2025-01-10T18:59:28.111+0000] {processor.py:208} INFO - Processing /home/airflow/.local/lib/python3.12/site-packages/airflow/example_dags/example_xcom.py took 0.347 seconds
[2025-01-10T18:59:58.564+0000] {processor.py:186} INFO - Started process (PID=1962) to work on /home/airflow/.local/lib/python3.12/site-packages/airflow/example_dags/example_xcom.py
[2025-01-10T18:59:58.567+0000] {processor.py:914} INFO - Processing file /home/airflow/.local/lib/python3.12/site-packages/airflow/example_dags/example_xcom.py for tasks to queue
[2025-01-10T18:59:58.574+0000] {logging_mixin.py:190} INFO - [2025-01-10T18:59:58.573+0000] {dagbag.py:588} INFO - Filling up the DagBag from /home/airflow/.local/lib/python3.12/site-packages/airflow/example_dags/example_xcom.py
[2025-01-10T18:59:58.599+0000] {processor.py:925} INFO - DAG(s) 'example_xcom' retrieved from /home/airflow/.local/lib/python3.12/site-packages/airflow/example_dags/example_xcom.py
[2025-01-10T18:59:58.656+0000] {logging_mixin.py:190} INFO - [2025-01-10T18:59:58.656+0000] {dag.py:3239} INFO - Sync 1 DAGs
[2025-01-10T18:59:58.714+0000] {logging_mixin.py:190} INFO - [2025-01-10T18:59:58.713+0000] {dag.py:4180} INFO - Setting next_dagrun for example_xcom to 2021-01-01 00:00:00+00:00, run_after=2021-01-01 00:00:00+00:00
[2025-01-10T18:59:58.783+0000] {processor.py:208} INFO - Processing /home/airflow/.local/lib/python3.12/site-packages/airflow/example_dags/example_xcom.py took 0.237 seconds
[2025-01-10T19:00:28.904+0000] {processor.py:186} INFO - Started process (PID=2025) to work on /home/airflow/.local/lib/python3.12/site-packages/airflow/example_dags/example_xcom.py
[2025-01-10T19:00:28.906+0000] {processor.py:914} INFO - Processing file /home/airflow/.local/lib/python3.12/site-packages/airflow/example_dags/example_xcom.py for tasks to queue
[2025-01-10T19:00:28.912+0000] {logging_mixin.py:190} INFO - [2025-01-10T19:00:28.911+0000] {dagbag.py:588} INFO - Filling up the DagBag from /home/airflow/.local/lib/python3.12/site-packages/airflow/example_dags/example_xcom.py
[2025-01-10T19:00:28.935+0000] {processor.py:925} INFO - DAG(s) 'example_xcom' retrieved from /home/airflow/.local/lib/python3.12/site-packages/airflow/example_dags/example_xcom.py
[2025-01-10T19:00:28.991+0000] {logging_mixin.py:190} INFO - [2025-01-10T19:00:28.990+0000] {dag.py:3239} INFO - Sync 1 DAGs
[2025-01-10T19:00:29.055+0000] {logging_mixin.py:190} INFO - [2025-01-10T19:00:29.054+0000] {dag.py:4180} INFO - Setting next_dagrun for example_xcom to 2021-01-01 00:00:00+00:00, run_after=2021-01-01 00:00:00+00:00
[2025-01-10T19:00:29.114+0000] {processor.py:208} INFO - Processing /home/airflow/.local/lib/python3.12/site-packages/airflow/example_dags/example_xcom.py took 0.226 seconds
[2025-01-10T19:00:59.343+0000] {processor.py:186} INFO - Started process (PID=2088) to work on /home/airflow/.local/lib/python3.12/site-packages/airflow/example_dags/example_xcom.py
[2025-01-10T19:00:59.359+0000] {processor.py:914} INFO - Processing file /home/airflow/.local/lib/python3.12/site-packages/airflow/example_dags/example_xcom.py for tasks to queue
[2025-01-10T19:00:59.387+0000] {logging_mixin.py:190} INFO - [2025-01-10T19:00:59.384+0000] {dagbag.py:588} INFO - Filling up the DagBag from /home/airflow/.local/lib/python3.12/site-packages/airflow/example_dags/example_xcom.py
[2025-01-10T19:00:59.471+0000] {processor.py:925} INFO - DAG(s) 'example_xcom' retrieved from /home/airflow/.local/lib/python3.12/site-packages/airflow/example_dags/example_xcom.py
[2025-01-10T19:00:59.621+0000] {logging_mixin.py:190} INFO - [2025-01-10T19:00:59.620+0000] {dag.py:3239} INFO - Sync 1 DAGs
[2025-01-10T19:00:59.808+0000] {logging_mixin.py:190} INFO - [2025-01-10T19:00:59.807+0000] {dag.py:4180} INFO - Setting next_dagrun for example_xcom to 2021-01-01 00:00:00+00:00, run_after=2021-01-01 00:00:00+00:00
[2025-01-10T19:00:59.911+0000] {processor.py:208} INFO - Processing /home/airflow/.local/lib/python3.12/site-packages/airflow/example_dags/example_xcom.py took 0.601 seconds
[2025-01-10T19:01:30.601+0000] {processor.py:186} INFO - Started process (PID=2151) to work on /home/airflow/.local/lib/python3.12/site-packages/airflow/example_dags/example_xcom.py
[2025-01-10T19:01:30.605+0000] {processor.py:914} INFO - Processing file /home/airflow/.local/lib/python3.12/site-packages/airflow/example_dags/example_xcom.py for tasks to queue
[2025-01-10T19:01:30.614+0000] {logging_mixin.py:190} INFO - [2025-01-10T19:01:30.613+0000] {dagbag.py:588} INFO - Filling up the DagBag from /home/airflow/.local/lib/python3.12/site-packages/airflow/example_dags/example_xcom.py
[2025-01-10T19:01:30.641+0000] {processor.py:925} INFO - DAG(s) 'example_xcom' retrieved from /home/airflow/.local/lib/python3.12/site-packages/airflow/example_dags/example_xcom.py
[2025-01-10T19:01:30.696+0000] {logging_mixin.py:190} INFO - [2025-01-10T19:01:30.696+0000] {dag.py:3239} INFO - Sync 1 DAGs
[2025-01-10T19:01:30.759+0000] {logging_mixin.py:190} INFO - [2025-01-10T19:01:30.758+0000] {dag.py:4180} INFO - Setting next_dagrun for example_xcom to 2021-01-01 00:00:00+00:00, run_after=2021-01-01 00:00:00+00:00
[2025-01-10T19:01:30.817+0000] {processor.py:208} INFO - Processing /home/airflow/.local/lib/python3.12/site-packages/airflow/example_dags/example_xcom.py took 0.234 seconds
[2025-01-10T19:02:01.156+0000] {processor.py:186} INFO - Started process (PID=2214) to work on /home/airflow/.local/lib/python3.12/site-packages/airflow/example_dags/example_xcom.py
[2025-01-10T19:02:01.159+0000] {processor.py:914} INFO - Processing file /home/airflow/.local/lib/python3.12/site-packages/airflow/example_dags/example_xcom.py for tasks to queue
[2025-01-10T19:02:01.165+0000] {logging_mixin.py:190} INFO - [2025-01-10T19:02:01.164+0000] {dagbag.py:588} INFO - Filling up the DagBag from /home/airflow/.local/lib/python3.12/site-packages/airflow/example_dags/example_xcom.py
[2025-01-10T19:02:01.193+0000] {processor.py:925} INFO - DAG(s) 'example_xcom' retrieved from /home/airflow/.local/lib/python3.12/site-packages/airflow/example_dags/example_xcom.py
[2025-01-10T19:02:01.247+0000] {logging_mixin.py:190} INFO - [2025-01-10T19:02:01.247+0000] {dag.py:3239} INFO - Sync 1 DAGs
[2025-01-10T19:02:01.308+0000] {logging_mixin.py:190} INFO - [2025-01-10T19:02:01.307+0000] {dag.py:4180} INFO - Setting next_dagrun for example_xcom to 2021-01-01 00:00:00+00:00, run_after=2021-01-01 00:00:00+00:00
[2025-01-10T19:02:01.359+0000] {processor.py:208} INFO - Processing /home/airflow/.local/lib/python3.12/site-packages/airflow/example_dags/example_xcom.py took 0.221 seconds
[2025-01-10T19:02:32.135+0000] {processor.py:186} INFO - Started process (PID=2277) to work on /home/airflow/.local/lib/python3.12/site-packages/airflow/example_dags/example_xcom.py
[2025-01-10T19:02:32.138+0000] {processor.py:914} INFO - Processing file /home/airflow/.local/lib/python3.12/site-packages/airflow/example_dags/example_xcom.py for tasks to queue
[2025-01-10T19:02:32.151+0000] {logging_mixin.py:190} INFO - [2025-01-10T19:02:32.148+0000] {dagbag.py:588} INFO - Filling up the DagBag from /home/airflow/.local/lib/python3.12/site-packages/airflow/example_dags/example_xcom.py
[2025-01-10T19:02:32.196+0000] {processor.py:925} INFO - DAG(s) 'example_xcom' retrieved from /home/airflow/.local/lib/python3.12/site-packages/airflow/example_dags/example_xcom.py
[2025-01-10T19:02:32.303+0000] {logging_mixin.py:190} INFO - [2025-01-10T19:02:32.302+0000] {dag.py:3239} INFO - Sync 1 DAGs
[2025-01-10T19:02:32.410+0000] {logging_mixin.py:190} INFO - [2025-01-10T19:02:32.410+0000] {dag.py:4180} INFO - Setting next_dagrun for example_xcom to 2021-01-01 00:00:00+00:00, run_after=2021-01-01 00:00:00+00:00
[2025-01-10T19:02:32.480+0000] {processor.py:208} INFO - Processing /home/airflow/.local/lib/python3.12/site-packages/airflow/example_dags/example_xcom.py took 0.372 seconds
[2025-01-10T19:03:02.600+0000] {processor.py:186} INFO - Started process (PID=2339) to work on /home/airflow/.local/lib/python3.12/site-packages/airflow/example_dags/example_xcom.py
[2025-01-10T19:03:02.602+0000] {processor.py:914} INFO - Processing file /home/airflow/.local/lib/python3.12/site-packages/airflow/example_dags/example_xcom.py for tasks to queue
[2025-01-10T19:03:02.608+0000] {logging_mixin.py:190} INFO - [2025-01-10T19:03:02.607+0000] {dagbag.py:588} INFO - Filling up the DagBag from /home/airflow/.local/lib/python3.12/site-packages/airflow/example_dags/example_xcom.py
[2025-01-10T19:03:02.635+0000] {processor.py:925} INFO - DAG(s) 'example_xcom' retrieved from /home/airflow/.local/lib/python3.12/site-packages/airflow/example_dags/example_xcom.py
[2025-01-10T19:03:02.689+0000] {logging_mixin.py:190} INFO - [2025-01-10T19:03:02.689+0000] {dag.py:3239} INFO - Sync 1 DAGs
[2025-01-10T19:03:02.739+0000] {logging_mixin.py:190} INFO - [2025-01-10T19:03:02.739+0000] {dag.py:4180} INFO - Setting next_dagrun for example_xcom to 2021-01-01 00:00:00+00:00, run_after=2021-01-01 00:00:00+00:00
[2025-01-10T19:03:02.774+0000] {processor.py:208} INFO - Processing /home/airflow/.local/lib/python3.12/site-packages/airflow/example_dags/example_xcom.py took 0.189 seconds
[2025-01-10T19:03:33.089+0000] {processor.py:186} INFO - Started process (PID=2402) to work on /home/airflow/.local/lib/python3.12/site-packages/airflow/example_dags/example_xcom.py
[2025-01-10T19:03:33.092+0000] {processor.py:914} INFO - Processing file /home/airflow/.local/lib/python3.12/site-packages/airflow/example_dags/example_xcom.py for tasks to queue
[2025-01-10T19:03:33.100+0000] {logging_mixin.py:190} INFO - [2025-01-10T19:03:33.099+0000] {dagbag.py:588} INFO - Filling up the DagBag from /home/airflow/.local/lib/python3.12/site-packages/airflow/example_dags/example_xcom.py
[2025-01-10T19:03:33.127+0000] {processor.py:925} INFO - DAG(s) 'example_xcom' retrieved from /home/airflow/.local/lib/python3.12/site-packages/airflow/example_dags/example_xcom.py
[2025-01-10T19:03:33.174+0000] {logging_mixin.py:190} INFO - [2025-01-10T19:03:33.173+0000] {dag.py:3239} INFO - Sync 1 DAGs
[2025-01-10T19:03:33.227+0000] {logging_mixin.py:190} INFO - [2025-01-10T19:03:33.227+0000] {dag.py:4180} INFO - Setting next_dagrun for example_xcom to 2021-01-01 00:00:00+00:00, run_after=2021-01-01 00:00:00+00:00
[2025-01-10T19:03:33.274+0000] {processor.py:208} INFO - Processing /home/airflow/.local/lib/python3.12/site-packages/airflow/example_dags/example_xcom.py took 0.204 seconds
[2025-01-10T19:04:04.674+0000] {processor.py:186} INFO - Started process (PID=2465) to work on /home/airflow/.local/lib/python3.12/site-packages/airflow/example_dags/example_xcom.py
[2025-01-10T19:04:04.676+0000] {processor.py:914} INFO - Processing file /home/airflow/.local/lib/python3.12/site-packages/airflow/example_dags/example_xcom.py for tasks to queue
[2025-01-10T19:04:04.681+0000] {logging_mixin.py:190} INFO - [2025-01-10T19:04:04.681+0000] {dagbag.py:588} INFO - Filling up the DagBag from /home/airflow/.local/lib/python3.12/site-packages/airflow/example_dags/example_xcom.py
[2025-01-10T19:04:04.700+0000] {processor.py:925} INFO - DAG(s) 'example_xcom' retrieved from /home/airflow/.local/lib/python3.12/site-packages/airflow/example_dags/example_xcom.py
[2025-01-10T19:04:04.765+0000] {logging_mixin.py:190} INFO - [2025-01-10T19:04:04.765+0000] {dag.py:3239} INFO - Sync 1 DAGs
[2025-01-10T19:04:04.824+0000] {logging_mixin.py:190} INFO - [2025-01-10T19:04:04.824+0000] {dag.py:4180} INFO - Setting next_dagrun for example_xcom to 2021-01-01 00:00:00+00:00, run_after=2021-01-01 00:00:00+00:00
[2025-01-10T19:04:04.869+0000] {processor.py:208} INFO - Processing /home/airflow/.local/lib/python3.12/site-packages/airflow/example_dags/example_xcom.py took 0.211 seconds
[2025-01-10T19:04:37.583+0000] {processor.py:186} INFO - Started process (PID=2525) to work on /home/airflow/.local/lib/python3.12/site-packages/airflow/example_dags/example_xcom.py
[2025-01-10T19:04:37.585+0000] {processor.py:914} INFO - Processing file /home/airflow/.local/lib/python3.12/site-packages/airflow/example_dags/example_xcom.py for tasks to queue
[2025-01-10T19:04:37.591+0000] {logging_mixin.py:190} INFO - [2025-01-10T19:04:37.590+0000] {dagbag.py:588} INFO - Filling up the DagBag from /home/airflow/.local/lib/python3.12/site-packages/airflow/example_dags/example_xcom.py
[2025-01-10T19:04:37.628+0000] {processor.py:925} INFO - DAG(s) 'example_xcom' retrieved from /home/airflow/.local/lib/python3.12/site-packages/airflow/example_dags/example_xcom.py
[2025-01-10T19:04:37.699+0000] {logging_mixin.py:190} INFO - [2025-01-10T19:04:37.699+0000] {dag.py:3239} INFO - Sync 1 DAGs
[2025-01-10T19:04:37.786+0000] {logging_mixin.py:190} INFO - [2025-01-10T19:04:37.786+0000] {dag.py:4180} INFO - Setting next_dagrun for example_xcom to 2021-01-01 00:00:00+00:00, run_after=2021-01-01 00:00:00+00:00
[2025-01-10T19:04:37.863+0000] {processor.py:208} INFO - Processing /home/airflow/.local/lib/python3.12/site-packages/airflow/example_dags/example_xcom.py took 0.296 seconds
[2025-01-10T19:05:11.007+0000] {processor.py:186} INFO - Started process (PID=2588) to work on /home/airflow/.local/lib/python3.12/site-packages/airflow/example_dags/example_xcom.py
[2025-01-10T19:05:11.009+0000] {processor.py:914} INFO - Processing file /home/airflow/.local/lib/python3.12/site-packages/airflow/example_dags/example_xcom.py for tasks to queue
[2025-01-10T19:05:11.012+0000] {logging_mixin.py:190} INFO - [2025-01-10T19:05:11.012+0000] {dagbag.py:588} INFO - Filling up the DagBag from /home/airflow/.local/lib/python3.12/site-packages/airflow/example_dags/example_xcom.py
[2025-01-10T19:05:11.028+0000] {processor.py:925} INFO - DAG(s) 'example_xcom' retrieved from /home/airflow/.local/lib/python3.12/site-packages/airflow/example_dags/example_xcom.py
[2025-01-10T19:05:11.079+0000] {logging_mixin.py:190} INFO - [2025-01-10T19:05:11.079+0000] {dag.py:3239} INFO - Sync 1 DAGs
[2025-01-10T19:05:11.126+0000] {logging_mixin.py:190} INFO - [2025-01-10T19:05:11.125+0000] {dag.py:4180} INFO - Setting next_dagrun for example_xcom to 2021-01-01 00:00:00+00:00, run_after=2021-01-01 00:00:00+00:00
[2025-01-10T19:05:11.164+0000] {processor.py:208} INFO - Processing /home/airflow/.local/lib/python3.12/site-packages/airflow/example_dags/example_xcom.py took 0.166 seconds
[2025-01-10T19:05:41.748+0000] {processor.py:186} INFO - Started process (PID=2648) to work on /home/airflow/.local/lib/python3.12/site-packages/airflow/example_dags/example_xcom.py
[2025-01-10T19:05:41.750+0000] {processor.py:914} INFO - Processing file /home/airflow/.local/lib/python3.12/site-packages/airflow/example_dags/example_xcom.py for tasks to queue
[2025-01-10T19:05:41.758+0000] {logging_mixin.py:190} INFO - [2025-01-10T19:05:41.757+0000] {dagbag.py:588} INFO - Filling up the DagBag from /home/airflow/.local/lib/python3.12/site-packages/airflow/example_dags/example_xcom.py
[2025-01-10T19:05:41.782+0000] {processor.py:925} INFO - DAG(s) 'example_xcom' retrieved from /home/airflow/.local/lib/python3.12/site-packages/airflow/example_dags/example_xcom.py
[2025-01-10T19:05:41.832+0000] {logging_mixin.py:190} INFO - [2025-01-10T19:05:41.832+0000] {dag.py:3239} INFO - Sync 1 DAGs
[2025-01-10T19:05:41.890+0000] {logging_mixin.py:190} INFO - [2025-01-10T19:05:41.889+0000] {dag.py:4180} INFO - Setting next_dagrun for example_xcom to 2021-01-01 00:00:00+00:00, run_after=2021-01-01 00:00:00+00:00
[2025-01-10T19:05:41.933+0000] {processor.py:208} INFO - Processing /home/airflow/.local/lib/python3.12/site-packages/airflow/example_dags/example_xcom.py took 0.201 seconds
[2025-01-10T19:06:12.357+0000] {processor.py:186} INFO - Started process (PID=2711) to work on /home/airflow/.local/lib/python3.12/site-packages/airflow/example_dags/example_xcom.py
[2025-01-10T19:06:12.360+0000] {processor.py:914} INFO - Processing file /home/airflow/.local/lib/python3.12/site-packages/airflow/example_dags/example_xcom.py for tasks to queue
[2025-01-10T19:06:12.371+0000] {logging_mixin.py:190} INFO - [2025-01-10T19:06:12.369+0000] {dagbag.py:588} INFO - Filling up the DagBag from /home/airflow/.local/lib/python3.12/site-packages/airflow/example_dags/example_xcom.py
[2025-01-10T19:06:12.403+0000] {processor.py:925} INFO - DAG(s) 'example_xcom' retrieved from /home/airflow/.local/lib/python3.12/site-packages/airflow/example_dags/example_xcom.py
[2025-01-10T19:06:12.462+0000] {logging_mixin.py:190} INFO - [2025-01-10T19:06:12.460+0000] {dag.py:3239} INFO - Sync 1 DAGs
[2025-01-10T19:06:12.564+0000] {logging_mixin.py:190} INFO - [2025-01-10T19:06:12.563+0000] {dag.py:4180} INFO - Setting next_dagrun for example_xcom to 2021-01-01 00:00:00+00:00, run_after=2021-01-01 00:00:00+00:00
[2025-01-10T19:06:12.621+0000] {processor.py:208} INFO - Processing /home/airflow/.local/lib/python3.12/site-packages/airflow/example_dags/example_xcom.py took 0.285 seconds
[2025-01-10T19:06:43.088+0000] {processor.py:186} INFO - Started process (PID=2774) to work on /home/airflow/.local/lib/python3.12/site-packages/airflow/example_dags/example_xcom.py
[2025-01-10T19:06:43.095+0000] {processor.py:914} INFO - Processing file /home/airflow/.local/lib/python3.12/site-packages/airflow/example_dags/example_xcom.py for tasks to queue
[2025-01-10T19:06:43.120+0000] {logging_mixin.py:190} INFO - [2025-01-10T19:06:43.118+0000] {dagbag.py:588} INFO - Filling up the DagBag from /home/airflow/.local/lib/python3.12/site-packages/airflow/example_dags/example_xcom.py
[2025-01-10T19:06:43.155+0000] {processor.py:925} INFO - DAG(s) 'example_xcom' retrieved from /home/airflow/.local/lib/python3.12/site-packages/airflow/example_dags/example_xcom.py
[2025-01-10T19:06:43.228+0000] {logging_mixin.py:190} INFO - [2025-01-10T19:06:43.227+0000] {dag.py:3239} INFO - Sync 1 DAGs
[2025-01-10T19:06:43.364+0000] {logging_mixin.py:190} INFO - [2025-01-10T19:06:43.363+0000] {dag.py:4180} INFO - Setting next_dagrun for example_xcom to 2021-01-01 00:00:00+00:00, run_after=2021-01-01 00:00:00+00:00
[2025-01-10T19:06:43.471+0000] {processor.py:208} INFO - Processing /home/airflow/.local/lib/python3.12/site-packages/airflow/example_dags/example_xcom.py took 0.430 seconds
[2025-01-10T19:07:13.552+0000] {processor.py:186} INFO - Started process (PID=2837) to work on /home/airflow/.local/lib/python3.12/site-packages/airflow/example_dags/example_xcom.py
[2025-01-10T19:07:13.554+0000] {processor.py:914} INFO - Processing file /home/airflow/.local/lib/python3.12/site-packages/airflow/example_dags/example_xcom.py for tasks to queue
[2025-01-10T19:07:13.560+0000] {logging_mixin.py:190} INFO - [2025-01-10T19:07:13.559+0000] {dagbag.py:588} INFO - Filling up the DagBag from /home/airflow/.local/lib/python3.12/site-packages/airflow/example_dags/example_xcom.py
[2025-01-10T19:07:13.582+0000] {processor.py:925} INFO - DAG(s) 'example_xcom' retrieved from /home/airflow/.local/lib/python3.12/site-packages/airflow/example_dags/example_xcom.py
[2025-01-10T19:07:13.627+0000] {logging_mixin.py:190} INFO - [2025-01-10T19:07:13.626+0000] {dag.py:3239} INFO - Sync 1 DAGs
[2025-01-10T19:07:13.675+0000] {logging_mixin.py:190} INFO - [2025-01-10T19:07:13.674+0000] {dag.py:4180} INFO - Setting next_dagrun for example_xcom to 2021-01-01 00:00:00+00:00, run_after=2021-01-01 00:00:00+00:00
[2025-01-10T19:07:13.712+0000] {processor.py:208} INFO - Processing /home/airflow/.local/lib/python3.12/site-packages/airflow/example_dags/example_xcom.py took 0.174 seconds
[2025-01-10T19:07:43.864+0000] {processor.py:186} INFO - Started process (PID=2900) to work on /home/airflow/.local/lib/python3.12/site-packages/airflow/example_dags/example_xcom.py
[2025-01-10T19:07:43.867+0000] {processor.py:914} INFO - Processing file /home/airflow/.local/lib/python3.12/site-packages/airflow/example_dags/example_xcom.py for tasks to queue
[2025-01-10T19:07:43.877+0000] {logging_mixin.py:190} INFO - [2025-01-10T19:07:43.876+0000] {dagbag.py:588} INFO - Filling up the DagBag from /home/airflow/.local/lib/python3.12/site-packages/airflow/example_dags/example_xcom.py
[2025-01-10T19:07:43.912+0000] {processor.py:925} INFO - DAG(s) 'example_xcom' retrieved from /home/airflow/.local/lib/python3.12/site-packages/airflow/example_dags/example_xcom.py
[2025-01-10T19:07:43.968+0000] {logging_mixin.py:190} INFO - [2025-01-10T19:07:43.968+0000] {dag.py:3239} INFO - Sync 1 DAGs
[2025-01-10T19:07:44.031+0000] {logging_mixin.py:190} INFO - [2025-01-10T19:07:44.031+0000] {dag.py:4180} INFO - Setting next_dagrun for example_xcom to 2021-01-01 00:00:00+00:00, run_after=2021-01-01 00:00:00+00:00
[2025-01-10T19:07:44.071+0000] {processor.py:208} INFO - Processing /home/airflow/.local/lib/python3.12/site-packages/airflow/example_dags/example_xcom.py took 0.225 seconds
[2025-01-10T19:08:14.777+0000] {processor.py:186} INFO - Started process (PID=2969) to work on /home/airflow/.local/lib/python3.12/site-packages/airflow/example_dags/example_xcom.py
[2025-01-10T19:08:14.780+0000] {processor.py:914} INFO - Processing file /home/airflow/.local/lib/python3.12/site-packages/airflow/example_dags/example_xcom.py for tasks to queue
[2025-01-10T19:08:14.794+0000] {logging_mixin.py:190} INFO - [2025-01-10T19:08:14.793+0000] {dagbag.py:588} INFO - Filling up the DagBag from /home/airflow/.local/lib/python3.12/site-packages/airflow/example_dags/example_xcom.py
[2025-01-10T19:08:14.839+0000] {processor.py:925} INFO - DAG(s) 'example_xcom' retrieved from /home/airflow/.local/lib/python3.12/site-packages/airflow/example_dags/example_xcom.py
[2025-01-10T19:08:14.892+0000] {logging_mixin.py:190} INFO - [2025-01-10T19:08:14.892+0000] {dag.py:3239} INFO - Sync 1 DAGs
[2025-01-10T19:08:14.955+0000] {logging_mixin.py:190} INFO - [2025-01-10T19:08:14.954+0000] {dag.py:4180} INFO - Setting next_dagrun for example_xcom to 2021-01-01 00:00:00+00:00, run_after=2021-01-01 00:00:00+00:00
[2025-01-10T19:08:15.006+0000] {processor.py:208} INFO - Processing /home/airflow/.local/lib/python3.12/site-packages/airflow/example_dags/example_xcom.py took 0.253 seconds
[2025-01-10T19:08:45.281+0000] {processor.py:186} INFO - Started process (PID=3032) to work on /home/airflow/.local/lib/python3.12/site-packages/airflow/example_dags/example_xcom.py
[2025-01-10T19:08:45.285+0000] {processor.py:914} INFO - Processing file /home/airflow/.local/lib/python3.12/site-packages/airflow/example_dags/example_xcom.py for tasks to queue
[2025-01-10T19:08:45.295+0000] {logging_mixin.py:190} INFO - [2025-01-10T19:08:45.294+0000] {dagbag.py:588} INFO - Filling up the DagBag from /home/airflow/.local/lib/python3.12/site-packages/airflow/example_dags/example_xcom.py
[2025-01-10T19:08:45.331+0000] {processor.py:925} INFO - DAG(s) 'example_xcom' retrieved from /home/airflow/.local/lib/python3.12/site-packages/airflow/example_dags/example_xcom.py
[2025-01-10T19:08:45.380+0000] {logging_mixin.py:190} INFO - [2025-01-10T19:08:45.379+0000] {dag.py:3239} INFO - Sync 1 DAGs
[2025-01-10T19:08:45.433+0000] {logging_mixin.py:190} INFO - [2025-01-10T19:08:45.433+0000] {dag.py:4180} INFO - Setting next_dagrun for example_xcom to 2021-01-01 00:00:00+00:00, run_after=2021-01-01 00:00:00+00:00
[2025-01-10T19:08:45.479+0000] {processor.py:208} INFO - Processing /home/airflow/.local/lib/python3.12/site-packages/airflow/example_dags/example_xcom.py took 0.214 seconds
[2025-01-10T19:09:16.691+0000] {processor.py:186} INFO - Started process (PID=3094) to work on /home/airflow/.local/lib/python3.12/site-packages/airflow/example_dags/example_xcom.py
[2025-01-10T19:09:16.695+0000] {processor.py:914} INFO - Processing file /home/airflow/.local/lib/python3.12/site-packages/airflow/example_dags/example_xcom.py for tasks to queue
[2025-01-10T19:09:16.705+0000] {logging_mixin.py:190} INFO - [2025-01-10T19:09:16.704+0000] {dagbag.py:588} INFO - Filling up the DagBag from /home/airflow/.local/lib/python3.12/site-packages/airflow/example_dags/example_xcom.py
[2025-01-10T19:09:16.753+0000] {processor.py:925} INFO - DAG(s) 'example_xcom' retrieved from /home/airflow/.local/lib/python3.12/site-packages/airflow/example_dags/example_xcom.py
[2025-01-10T19:09:16.837+0000] {logging_mixin.py:190} INFO - [2025-01-10T19:09:16.836+0000] {dag.py:3239} INFO - Sync 1 DAGs
[2025-01-10T19:09:16.979+0000] {logging_mixin.py:190} INFO - [2025-01-10T19:09:16.979+0000] {dag.py:4180} INFO - Setting next_dagrun for example_xcom to 2021-01-01 00:00:00+00:00, run_after=2021-01-01 00:00:00+00:00
[2025-01-10T19:09:17.043+0000] {processor.py:208} INFO - Processing /home/airflow/.local/lib/python3.12/site-packages/airflow/example_dags/example_xcom.py took 0.373 seconds
[2025-01-10T19:09:47.163+0000] {processor.py:186} INFO - Started process (PID=3157) to work on /home/airflow/.local/lib/python3.12/site-packages/airflow/example_dags/example_xcom.py
[2025-01-10T19:09:47.167+0000] {processor.py:914} INFO - Processing file /home/airflow/.local/lib/python3.12/site-packages/airflow/example_dags/example_xcom.py for tasks to queue
[2025-01-10T19:09:47.175+0000] {logging_mixin.py:190} INFO - [2025-01-10T19:09:47.174+0000] {dagbag.py:588} INFO - Filling up the DagBag from /home/airflow/.local/lib/python3.12/site-packages/airflow/example_dags/example_xcom.py
[2025-01-10T19:09:47.210+0000] {processor.py:925} INFO - DAG(s) 'example_xcom' retrieved from /home/airflow/.local/lib/python3.12/site-packages/airflow/example_dags/example_xcom.py
[2025-01-10T19:09:47.280+0000] {logging_mixin.py:190} INFO - [2025-01-10T19:09:47.280+0000] {dag.py:3239} INFO - Sync 1 DAGs
[2025-01-10T19:09:47.341+0000] {logging_mixin.py:190} INFO - [2025-01-10T19:09:47.341+0000] {dag.py:4180} INFO - Setting next_dagrun for example_xcom to 2021-01-01 00:00:00+00:00, run_after=2021-01-01 00:00:00+00:00
[2025-01-10T19:09:47.378+0000] {processor.py:208} INFO - Processing /home/airflow/.local/lib/python3.12/site-packages/airflow/example_dags/example_xcom.py took 0.233 seconds
[2025-01-10T19:10:17.499+0000] {processor.py:186} INFO - Started process (PID=3221) to work on /home/airflow/.local/lib/python3.12/site-packages/airflow/example_dags/example_xcom.py
[2025-01-10T19:10:17.503+0000] {processor.py:914} INFO - Processing file /home/airflow/.local/lib/python3.12/site-packages/airflow/example_dags/example_xcom.py for tasks to queue
[2025-01-10T19:10:17.513+0000] {logging_mixin.py:190} INFO - [2025-01-10T19:10:17.512+0000] {dagbag.py:588} INFO - Filling up the DagBag from /home/airflow/.local/lib/python3.12/site-packages/airflow/example_dags/example_xcom.py
[2025-01-10T19:10:17.550+0000] {processor.py:925} INFO - DAG(s) 'example_xcom' retrieved from /home/airflow/.local/lib/python3.12/site-packages/airflow/example_dags/example_xcom.py
[2025-01-10T19:10:17.623+0000] {logging_mixin.py:190} INFO - [2025-01-10T19:10:17.622+0000] {dag.py:3239} INFO - Sync 1 DAGs
[2025-01-10T19:10:17.705+0000] {logging_mixin.py:190} INFO - [2025-01-10T19:10:17.704+0000] {dag.py:4180} INFO - Setting next_dagrun for example_xcom to 2021-01-01 00:00:00+00:00, run_after=2021-01-01 00:00:00+00:00
[2025-01-10T19:10:17.777+0000] {processor.py:208} INFO - Processing /home/airflow/.local/lib/python3.12/site-packages/airflow/example_dags/example_xcom.py took 0.296 seconds
[2025-01-10T19:10:48.625+0000] {processor.py:186} INFO - Started process (PID=3285) to work on /home/airflow/.local/lib/python3.12/site-packages/airflow/example_dags/example_xcom.py
[2025-01-10T19:10:48.626+0000] {processor.py:914} INFO - Processing file /home/airflow/.local/lib/python3.12/site-packages/airflow/example_dags/example_xcom.py for tasks to queue
[2025-01-10T19:10:48.631+0000] {logging_mixin.py:190} INFO - [2025-01-10T19:10:48.630+0000] {dagbag.py:588} INFO - Filling up the DagBag from /home/airflow/.local/lib/python3.12/site-packages/airflow/example_dags/example_xcom.py
[2025-01-10T19:10:48.655+0000] {processor.py:925} INFO - DAG(s) 'example_xcom' retrieved from /home/airflow/.local/lib/python3.12/site-packages/airflow/example_dags/example_xcom.py
[2025-01-10T19:10:48.714+0000] {logging_mixin.py:190} INFO - [2025-01-10T19:10:48.713+0000] {dag.py:3239} INFO - Sync 1 DAGs
[2025-01-10T19:10:48.772+0000] {logging_mixin.py:190} INFO - [2025-01-10T19:10:48.771+0000] {dag.py:4180} INFO - Setting next_dagrun for example_xcom to 2021-01-01 00:00:00+00:00, run_after=2021-01-01 00:00:00+00:00
[2025-01-10T19:10:48.833+0000] {processor.py:208} INFO - Processing /home/airflow/.local/lib/python3.12/site-packages/airflow/example_dags/example_xcom.py took 0.220 seconds
[2025-01-10T19:11:19.043+0000] {processor.py:186} INFO - Started process (PID=3348) to work on /home/airflow/.local/lib/python3.12/site-packages/airflow/example_dags/example_xcom.py
[2025-01-10T19:11:19.044+0000] {processor.py:914} INFO - Processing file /home/airflow/.local/lib/python3.12/site-packages/airflow/example_dags/example_xcom.py for tasks to queue
[2025-01-10T19:11:19.049+0000] {logging_mixin.py:190} INFO - [2025-01-10T19:11:19.049+0000] {dagbag.py:588} INFO - Filling up the DagBag from /home/airflow/.local/lib/python3.12/site-packages/airflow/example_dags/example_xcom.py
[2025-01-10T19:11:19.068+0000] {processor.py:925} INFO - DAG(s) 'example_xcom' retrieved from /home/airflow/.local/lib/python3.12/site-packages/airflow/example_dags/example_xcom.py
[2025-01-10T19:11:19.152+0000] {logging_mixin.py:190} INFO - [2025-01-10T19:11:19.151+0000] {dag.py:3239} INFO - Sync 1 DAGs
[2025-01-10T19:11:19.230+0000] {logging_mixin.py:190} INFO - [2025-01-10T19:11:19.229+0000] {dag.py:4180} INFO - Setting next_dagrun for example_xcom to 2021-01-01 00:00:00+00:00, run_after=2021-01-01 00:00:00+00:00
[2025-01-10T19:11:19.292+0000] {processor.py:208} INFO - Processing /home/airflow/.local/lib/python3.12/site-packages/airflow/example_dags/example_xcom.py took 0.262 seconds
[2025-01-10T19:11:49.727+0000] {processor.py:186} INFO - Started process (PID=3412) to work on /home/airflow/.local/lib/python3.12/site-packages/airflow/example_dags/example_xcom.py
[2025-01-10T19:11:49.731+0000] {processor.py:914} INFO - Processing file /home/airflow/.local/lib/python3.12/site-packages/airflow/example_dags/example_xcom.py for tasks to queue
[2025-01-10T19:11:49.738+0000] {logging_mixin.py:190} INFO - [2025-01-10T19:11:49.737+0000] {dagbag.py:588} INFO - Filling up the DagBag from /home/airflow/.local/lib/python3.12/site-packages/airflow/example_dags/example_xcom.py
[2025-01-10T19:11:49.766+0000] {processor.py:925} INFO - DAG(s) 'example_xcom' retrieved from /home/airflow/.local/lib/python3.12/site-packages/airflow/example_dags/example_xcom.py
[2025-01-10T19:11:49.825+0000] {logging_mixin.py:190} INFO - [2025-01-10T19:11:49.824+0000] {dag.py:3239} INFO - Sync 1 DAGs
[2025-01-10T19:11:49.884+0000] {logging_mixin.py:190} INFO - [2025-01-10T19:11:49.884+0000] {dag.py:4180} INFO - Setting next_dagrun for example_xcom to 2021-01-01 00:00:00+00:00, run_after=2021-01-01 00:00:00+00:00
[2025-01-10T19:11:49.929+0000] {processor.py:208} INFO - Processing /home/airflow/.local/lib/python3.12/site-packages/airflow/example_dags/example_xcom.py took 0.217 seconds
[2025-01-10T19:12:20.850+0000] {processor.py:186} INFO - Started process (PID=3476) to work on /home/airflow/.local/lib/python3.12/site-packages/airflow/example_dags/example_xcom.py
[2025-01-10T19:12:20.857+0000] {processor.py:914} INFO - Processing file /home/airflow/.local/lib/python3.12/site-packages/airflow/example_dags/example_xcom.py for tasks to queue
[2025-01-10T19:12:20.890+0000] {logging_mixin.py:190} INFO - [2025-01-10T19:12:20.889+0000] {dagbag.py:588} INFO - Filling up the DagBag from /home/airflow/.local/lib/python3.12/site-packages/airflow/example_dags/example_xcom.py
[2025-01-10T19:12:20.941+0000] {processor.py:925} INFO - DAG(s) 'example_xcom' retrieved from /home/airflow/.local/lib/python3.12/site-packages/airflow/example_dags/example_xcom.py
[2025-01-10T19:12:21.071+0000] {logging_mixin.py:190} INFO - [2025-01-10T19:12:21.070+0000] {dag.py:3239} INFO - Sync 1 DAGs
[2025-01-10T19:12:21.158+0000] {logging_mixin.py:190} INFO - [2025-01-10T19:12:21.158+0000] {dag.py:4180} INFO - Setting next_dagrun for example_xcom to 2021-01-01 00:00:00+00:00, run_after=2021-01-01 00:00:00+00:00
[2025-01-10T19:12:21.213+0000] {processor.py:208} INFO - Processing /home/airflow/.local/lib/python3.12/site-packages/airflow/example_dags/example_xcom.py took 0.385 seconds
[2025-01-10T19:12:51.713+0000] {processor.py:186} INFO - Started process (PID=3539) to work on /home/airflow/.local/lib/python3.12/site-packages/airflow/example_dags/example_xcom.py
[2025-01-10T19:12:51.716+0000] {processor.py:914} INFO - Processing file /home/airflow/.local/lib/python3.12/site-packages/airflow/example_dags/example_xcom.py for tasks to queue
[2025-01-10T19:12:51.722+0000] {logging_mixin.py:190} INFO - [2025-01-10T19:12:51.721+0000] {dagbag.py:588} INFO - Filling up the DagBag from /home/airflow/.local/lib/python3.12/site-packages/airflow/example_dags/example_xcom.py
[2025-01-10T19:12:51.750+0000] {processor.py:925} INFO - DAG(s) 'example_xcom' retrieved from /home/airflow/.local/lib/python3.12/site-packages/airflow/example_dags/example_xcom.py
[2025-01-10T19:12:51.899+0000] {logging_mixin.py:190} INFO - [2025-01-10T19:12:51.897+0000] {dag.py:3239} INFO - Sync 1 DAGs
[2025-01-10T19:12:51.991+0000] {logging_mixin.py:190} INFO - [2025-01-10T19:12:51.990+0000] {dag.py:4180} INFO - Setting next_dagrun for example_xcom to 2021-01-01 00:00:00+00:00, run_after=2021-01-01 00:00:00+00:00
[2025-01-10T19:12:52.051+0000] {processor.py:208} INFO - Processing /home/airflow/.local/lib/python3.12/site-packages/airflow/example_dags/example_xcom.py took 0.357 seconds
[2025-01-10T19:13:22.667+0000] {processor.py:186} INFO - Started process (PID=3603) to work on /home/airflow/.local/lib/python3.12/site-packages/airflow/example_dags/example_xcom.py
[2025-01-10T19:13:22.671+0000] {processor.py:914} INFO - Processing file /home/airflow/.local/lib/python3.12/site-packages/airflow/example_dags/example_xcom.py for tasks to queue
[2025-01-10T19:13:22.683+0000] {logging_mixin.py:190} INFO - [2025-01-10T19:13:22.682+0000] {dagbag.py:588} INFO - Filling up the DagBag from /home/airflow/.local/lib/python3.12/site-packages/airflow/example_dags/example_xcom.py
[2025-01-10T19:13:22.728+0000] {processor.py:925} INFO - DAG(s) 'example_xcom' retrieved from /home/airflow/.local/lib/python3.12/site-packages/airflow/example_dags/example_xcom.py
[2025-01-10T19:13:22.842+0000] {logging_mixin.py:190} INFO - [2025-01-10T19:13:22.841+0000] {dag.py:3239} INFO - Sync 1 DAGs
[2025-01-10T19:13:22.949+0000] {logging_mixin.py:190} INFO - [2025-01-10T19:13:22.947+0000] {dag.py:4180} INFO - Setting next_dagrun for example_xcom to 2021-01-01 00:00:00+00:00, run_after=2021-01-01 00:00:00+00:00
[2025-01-10T19:13:23.048+0000] {processor.py:208} INFO - Processing /home/airflow/.local/lib/python3.12/site-packages/airflow/example_dags/example_xcom.py took 0.408 seconds
[2025-01-10T19:13:53.882+0000] {processor.py:186} INFO - Started process (PID=3667) to work on /home/airflow/.local/lib/python3.12/site-packages/airflow/example_dags/example_xcom.py
[2025-01-10T19:13:53.886+0000] {processor.py:914} INFO - Processing file /home/airflow/.local/lib/python3.12/site-packages/airflow/example_dags/example_xcom.py for tasks to queue
[2025-01-10T19:13:53.893+0000] {logging_mixin.py:190} INFO - [2025-01-10T19:13:53.891+0000] {dagbag.py:588} INFO - Filling up the DagBag from /home/airflow/.local/lib/python3.12/site-packages/airflow/example_dags/example_xcom.py
[2025-01-10T19:13:53.941+0000] {processor.py:925} INFO - DAG(s) 'example_xcom' retrieved from /home/airflow/.local/lib/python3.12/site-packages/airflow/example_dags/example_xcom.py
[2025-01-10T19:13:54.045+0000] {logging_mixin.py:190} INFO - [2025-01-10T19:13:54.044+0000] {dag.py:3239} INFO - Sync 1 DAGs
[2025-01-10T19:13:54.172+0000] {logging_mixin.py:190} INFO - [2025-01-10T19:13:54.171+0000] {dag.py:4180} INFO - Setting next_dagrun for example_xcom to 2021-01-01 00:00:00+00:00, run_after=2021-01-01 00:00:00+00:00
[2025-01-10T19:13:54.254+0000] {processor.py:208} INFO - Processing /home/airflow/.local/lib/python3.12/site-packages/airflow/example_dags/example_xcom.py took 0.389 seconds
[2025-01-10T19:14:24.482+0000] {processor.py:186} INFO - Started process (PID=3729) to work on /home/airflow/.local/lib/python3.12/site-packages/airflow/example_dags/example_xcom.py
[2025-01-10T19:14:24.485+0000] {processor.py:914} INFO - Processing file /home/airflow/.local/lib/python3.12/site-packages/airflow/example_dags/example_xcom.py for tasks to queue
[2025-01-10T19:14:24.488+0000] {logging_mixin.py:190} INFO - [2025-01-10T19:14:24.487+0000] {dagbag.py:588} INFO - Filling up the DagBag from /home/airflow/.local/lib/python3.12/site-packages/airflow/example_dags/example_xcom.py
[2025-01-10T19:14:24.536+0000] {processor.py:925} INFO - DAG(s) 'example_xcom' retrieved from /home/airflow/.local/lib/python3.12/site-packages/airflow/example_dags/example_xcom.py
[2025-01-10T19:14:24.618+0000] {logging_mixin.py:190} INFO - [2025-01-10T19:14:24.617+0000] {dag.py:3239} INFO - Sync 1 DAGs
[2025-01-10T19:14:24.718+0000] {logging_mixin.py:190} INFO - [2025-01-10T19:14:24.717+0000] {dag.py:4180} INFO - Setting next_dagrun for example_xcom to 2021-01-01 00:00:00+00:00, run_after=2021-01-01 00:00:00+00:00
[2025-01-10T19:14:24.766+0000] {processor.py:208} INFO - Processing /home/airflow/.local/lib/python3.12/site-packages/airflow/example_dags/example_xcom.py took 0.302 seconds
[2025-01-10T19:14:55.316+0000] {processor.py:186} INFO - Started process (PID=3793) to work on /home/airflow/.local/lib/python3.12/site-packages/airflow/example_dags/example_xcom.py
[2025-01-10T19:14:55.325+0000] {processor.py:914} INFO - Processing file /home/airflow/.local/lib/python3.12/site-packages/airflow/example_dags/example_xcom.py for tasks to queue
[2025-01-10T19:14:55.333+0000] {logging_mixin.py:190} INFO - [2025-01-10T19:14:55.331+0000] {dagbag.py:588} INFO - Filling up the DagBag from /home/airflow/.local/lib/python3.12/site-packages/airflow/example_dags/example_xcom.py
[2025-01-10T19:14:55.384+0000] {processor.py:925} INFO - DAG(s) 'example_xcom' retrieved from /home/airflow/.local/lib/python3.12/site-packages/airflow/example_dags/example_xcom.py
[2025-01-10T19:14:55.441+0000] {logging_mixin.py:190} INFO - [2025-01-10T19:14:55.440+0000] {dag.py:3239} INFO - Sync 1 DAGs
[2025-01-10T19:14:55.558+0000] {logging_mixin.py:190} INFO - [2025-01-10T19:14:55.557+0000] {dag.py:4180} INFO - Setting next_dagrun for example_xcom to 2021-01-01 00:00:00+00:00, run_after=2021-01-01 00:00:00+00:00
[2025-01-10T19:14:55.638+0000] {processor.py:208} INFO - Processing /home/airflow/.local/lib/python3.12/site-packages/airflow/example_dags/example_xcom.py took 0.361 seconds
[2025-01-10T19:15:26.554+0000] {processor.py:186} INFO - Started process (PID=3857) to work on /home/airflow/.local/lib/python3.12/site-packages/airflow/example_dags/example_xcom.py
[2025-01-10T19:15:26.557+0000] {processor.py:914} INFO - Processing file /home/airflow/.local/lib/python3.12/site-packages/airflow/example_dags/example_xcom.py for tasks to queue
[2025-01-10T19:15:26.561+0000] {logging_mixin.py:190} INFO - [2025-01-10T19:15:26.561+0000] {dagbag.py:588} INFO - Filling up the DagBag from /home/airflow/.local/lib/python3.12/site-packages/airflow/example_dags/example_xcom.py
[2025-01-10T19:15:26.589+0000] {processor.py:925} INFO - DAG(s) 'example_xcom' retrieved from /home/airflow/.local/lib/python3.12/site-packages/airflow/example_dags/example_xcom.py
[2025-01-10T19:15:26.649+0000] {logging_mixin.py:190} INFO - [2025-01-10T19:15:26.648+0000] {dag.py:3239} INFO - Sync 1 DAGs
[2025-01-10T19:15:26.796+0000] {logging_mixin.py:190} INFO - [2025-01-10T19:15:26.795+0000] {dag.py:4180} INFO - Setting next_dagrun for example_xcom to 2021-01-01 00:00:00+00:00, run_after=2021-01-01 00:00:00+00:00
[2025-01-10T19:15:26.879+0000] {processor.py:208} INFO - Processing /home/airflow/.local/lib/python3.12/site-packages/airflow/example_dags/example_xcom.py took 0.353 seconds
[2025-01-10T19:15:57.015+0000] {processor.py:186} INFO - Started process (PID=3920) to work on /home/airflow/.local/lib/python3.12/site-packages/airflow/example_dags/example_xcom.py
[2025-01-10T19:15:57.019+0000] {processor.py:914} INFO - Processing file /home/airflow/.local/lib/python3.12/site-packages/airflow/example_dags/example_xcom.py for tasks to queue
[2025-01-10T19:15:57.023+0000] {logging_mixin.py:190} INFO - [2025-01-10T19:15:57.022+0000] {dagbag.py:588} INFO - Filling up the DagBag from /home/airflow/.local/lib/python3.12/site-packages/airflow/example_dags/example_xcom.py
[2025-01-10T19:15:57.067+0000] {processor.py:925} INFO - DAG(s) 'example_xcom' retrieved from /home/airflow/.local/lib/python3.12/site-packages/airflow/example_dags/example_xcom.py
[2025-01-10T19:15:57.126+0000] {logging_mixin.py:190} INFO - [2025-01-10T19:15:57.125+0000] {dag.py:3239} INFO - Sync 1 DAGs
[2025-01-10T19:15:57.198+0000] {logging_mixin.py:190} INFO - [2025-01-10T19:15:57.197+0000] {dag.py:4180} INFO - Setting next_dagrun for example_xcom to 2021-01-01 00:00:00+00:00, run_after=2021-01-01 00:00:00+00:00
[2025-01-10T19:15:57.241+0000] {processor.py:208} INFO - Processing /home/airflow/.local/lib/python3.12/site-packages/airflow/example_dags/example_xcom.py took 0.252 seconds
[2025-01-10T19:16:27.804+0000] {processor.py:186} INFO - Started process (PID=3983) to work on /home/airflow/.local/lib/python3.12/site-packages/airflow/example_dags/example_xcom.py
[2025-01-10T19:16:27.806+0000] {processor.py:914} INFO - Processing file /home/airflow/.local/lib/python3.12/site-packages/airflow/example_dags/example_xcom.py for tasks to queue
[2025-01-10T19:16:27.810+0000] {logging_mixin.py:190} INFO - [2025-01-10T19:16:27.809+0000] {dagbag.py:588} INFO - Filling up the DagBag from /home/airflow/.local/lib/python3.12/site-packages/airflow/example_dags/example_xcom.py
[2025-01-10T19:16:27.843+0000] {processor.py:925} INFO - DAG(s) 'example_xcom' retrieved from /home/airflow/.local/lib/python3.12/site-packages/airflow/example_dags/example_xcom.py
[2025-01-10T19:16:27.920+0000] {logging_mixin.py:190} INFO - [2025-01-10T19:16:27.920+0000] {dag.py:3239} INFO - Sync 1 DAGs
[2025-01-10T19:16:28.000+0000] {logging_mixin.py:190} INFO - [2025-01-10T19:16:28.000+0000] {dag.py:4180} INFO - Setting next_dagrun for example_xcom to 2021-01-01 00:00:00+00:00, run_after=2021-01-01 00:00:00+00:00
[2025-01-10T19:16:28.056+0000] {processor.py:208} INFO - Processing /home/airflow/.local/lib/python3.12/site-packages/airflow/example_dags/example_xcom.py took 0.269 seconds
[2025-01-10T19:16:58.149+0000] {processor.py:186} INFO - Started process (PID=4046) to work on /home/airflow/.local/lib/python3.12/site-packages/airflow/example_dags/example_xcom.py
[2025-01-10T19:16:58.152+0000] {processor.py:914} INFO - Processing file /home/airflow/.local/lib/python3.12/site-packages/airflow/example_dags/example_xcom.py for tasks to queue
[2025-01-10T19:16:58.157+0000] {logging_mixin.py:190} INFO - [2025-01-10T19:16:58.155+0000] {dagbag.py:588} INFO - Filling up the DagBag from /home/airflow/.local/lib/python3.12/site-packages/airflow/example_dags/example_xcom.py
[2025-01-10T19:16:58.193+0000] {processor.py:925} INFO - DAG(s) 'example_xcom' retrieved from /home/airflow/.local/lib/python3.12/site-packages/airflow/example_dags/example_xcom.py
[2025-01-10T19:16:58.264+0000] {logging_mixin.py:190} INFO - [2025-01-10T19:16:58.263+0000] {dag.py:3239} INFO - Sync 1 DAGs
[2025-01-10T19:16:58.360+0000] {logging_mixin.py:190} INFO - [2025-01-10T19:16:58.359+0000] {dag.py:4180} INFO - Setting next_dagrun for example_xcom to 2021-01-01 00:00:00+00:00, run_after=2021-01-01 00:00:00+00:00
[2025-01-10T19:16:58.424+0000] {processor.py:208} INFO - Processing /home/airflow/.local/lib/python3.12/site-packages/airflow/example_dags/example_xcom.py took 0.296 seconds
[2025-01-10T19:17:29.097+0000] {processor.py:186} INFO - Started process (PID=4111) to work on /home/airflow/.local/lib/python3.12/site-packages/airflow/example_dags/example_xcom.py
[2025-01-10T19:17:29.103+0000] {processor.py:914} INFO - Processing file /home/airflow/.local/lib/python3.12/site-packages/airflow/example_dags/example_xcom.py for tasks to queue
[2025-01-10T19:17:29.106+0000] {logging_mixin.py:190} INFO - [2025-01-10T19:17:29.105+0000] {dagbag.py:588} INFO - Filling up the DagBag from /home/airflow/.local/lib/python3.12/site-packages/airflow/example_dags/example_xcom.py
[2025-01-10T19:17:29.139+0000] {processor.py:925} INFO - DAG(s) 'example_xcom' retrieved from /home/airflow/.local/lib/python3.12/site-packages/airflow/example_dags/example_xcom.py
[2025-01-10T19:17:29.217+0000] {logging_mixin.py:190} INFO - [2025-01-10T19:17:29.217+0000] {dag.py:3239} INFO - Sync 1 DAGs
[2025-01-10T19:17:29.302+0000] {logging_mixin.py:190} INFO - [2025-01-10T19:17:29.301+0000] {dag.py:4180} INFO - Setting next_dagrun for example_xcom to 2021-01-01 00:00:00+00:00, run_after=2021-01-01 00:00:00+00:00
[2025-01-10T19:17:29.352+0000] {processor.py:208} INFO - Processing /home/airflow/.local/lib/python3.12/site-packages/airflow/example_dags/example_xcom.py took 0.279 seconds
[2025-01-10T19:17:59.625+0000] {processor.py:186} INFO - Started process (PID=4175) to work on /home/airflow/.local/lib/python3.12/site-packages/airflow/example_dags/example_xcom.py
[2025-01-10T19:17:59.629+0000] {processor.py:914} INFO - Processing file /home/airflow/.local/lib/python3.12/site-packages/airflow/example_dags/example_xcom.py for tasks to queue
[2025-01-10T19:17:59.636+0000] {logging_mixin.py:190} INFO - [2025-01-10T19:17:59.635+0000] {dagbag.py:588} INFO - Filling up the DagBag from /home/airflow/.local/lib/python3.12/site-packages/airflow/example_dags/example_xcom.py
[2025-01-10T19:17:59.671+0000] {processor.py:925} INFO - DAG(s) 'example_xcom' retrieved from /home/airflow/.local/lib/python3.12/site-packages/airflow/example_dags/example_xcom.py
[2025-01-10T19:17:59.743+0000] {logging_mixin.py:190} INFO - [2025-01-10T19:17:59.742+0000] {dag.py:3239} INFO - Sync 1 DAGs
[2025-01-10T19:17:59.851+0000] {logging_mixin.py:190} INFO - [2025-01-10T19:17:59.850+0000] {dag.py:4180} INFO - Setting next_dagrun for example_xcom to 2021-01-01 00:00:00+00:00, run_after=2021-01-01 00:00:00+00:00
[2025-01-10T19:17:59.926+0000] {processor.py:208} INFO - Processing /home/airflow/.local/lib/python3.12/site-packages/airflow/example_dags/example_xcom.py took 0.322 seconds
[2025-01-10T19:18:30.690+0000] {processor.py:186} INFO - Started process (PID=4239) to work on /home/airflow/.local/lib/python3.12/site-packages/airflow/example_dags/example_xcom.py
[2025-01-10T19:18:30.692+0000] {processor.py:914} INFO - Processing file /home/airflow/.local/lib/python3.12/site-packages/airflow/example_dags/example_xcom.py for tasks to queue
[2025-01-10T19:18:30.695+0000] {logging_mixin.py:190} INFO - [2025-01-10T19:18:30.694+0000] {dagbag.py:588} INFO - Filling up the DagBag from /home/airflow/.local/lib/python3.12/site-packages/airflow/example_dags/example_xcom.py
[2025-01-10T19:18:30.733+0000] {processor.py:925} INFO - DAG(s) 'example_xcom' retrieved from /home/airflow/.local/lib/python3.12/site-packages/airflow/example_dags/example_xcom.py
[2025-01-10T19:18:30.820+0000] {logging_mixin.py:190} INFO - [2025-01-10T19:18:30.819+0000] {dag.py:3239} INFO - Sync 1 DAGs
[2025-01-10T19:18:30.898+0000] {logging_mixin.py:190} INFO - [2025-01-10T19:18:30.897+0000] {dag.py:4180} INFO - Setting next_dagrun for example_xcom to 2021-01-01 00:00:00+00:00, run_after=2021-01-01 00:00:00+00:00
[2025-01-10T19:18:30.962+0000] {processor.py:208} INFO - Processing /home/airflow/.local/lib/python3.12/site-packages/airflow/example_dags/example_xcom.py took 0.290 seconds
[2025-01-10T19:19:01.102+0000] {processor.py:186} INFO - Started process (PID=4303) to work on /home/airflow/.local/lib/python3.12/site-packages/airflow/example_dags/example_xcom.py
[2025-01-10T19:19:01.104+0000] {processor.py:914} INFO - Processing file /home/airflow/.local/lib/python3.12/site-packages/airflow/example_dags/example_xcom.py for tasks to queue
[2025-01-10T19:19:01.107+0000] {logging_mixin.py:190} INFO - [2025-01-10T19:19:01.106+0000] {dagbag.py:588} INFO - Filling up the DagBag from /home/airflow/.local/lib/python3.12/site-packages/airflow/example_dags/example_xcom.py
[2025-01-10T19:19:01.128+0000] {processor.py:925} INFO - DAG(s) 'example_xcom' retrieved from /home/airflow/.local/lib/python3.12/site-packages/airflow/example_dags/example_xcom.py
[2025-01-10T19:19:01.175+0000] {logging_mixin.py:190} INFO - [2025-01-10T19:19:01.174+0000] {dag.py:3239} INFO - Sync 1 DAGs
[2025-01-10T19:19:01.224+0000] {logging_mixin.py:190} INFO - [2025-01-10T19:19:01.223+0000] {dag.py:4180} INFO - Setting next_dagrun for example_xcom to 2021-01-01 00:00:00+00:00, run_after=2021-01-01 00:00:00+00:00
[2025-01-10T19:19:01.262+0000] {processor.py:208} INFO - Processing /home/airflow/.local/lib/python3.12/site-packages/airflow/example_dags/example_xcom.py took 0.173 seconds
[2025-01-10T19:19:32.112+0000] {processor.py:186} INFO - Started process (PID=4367) to work on /home/airflow/.local/lib/python3.12/site-packages/airflow/example_dags/example_xcom.py
[2025-01-10T19:19:32.114+0000] {processor.py:914} INFO - Processing file /home/airflow/.local/lib/python3.12/site-packages/airflow/example_dags/example_xcom.py for tasks to queue
[2025-01-10T19:19:32.118+0000] {logging_mixin.py:190} INFO - [2025-01-10T19:19:32.117+0000] {dagbag.py:588} INFO - Filling up the DagBag from /home/airflow/.local/lib/python3.12/site-packages/airflow/example_dags/example_xcom.py
[2025-01-10T19:19:32.154+0000] {processor.py:925} INFO - DAG(s) 'example_xcom' retrieved from /home/airflow/.local/lib/python3.12/site-packages/airflow/example_dags/example_xcom.py
[2025-01-10T19:19:32.226+0000] {logging_mixin.py:190} INFO - [2025-01-10T19:19:32.225+0000] {dag.py:3239} INFO - Sync 1 DAGs
[2025-01-10T19:19:32.284+0000] {logging_mixin.py:190} INFO - [2025-01-10T19:19:32.284+0000] {dag.py:4180} INFO - Setting next_dagrun for example_xcom to 2021-01-01 00:00:00+00:00, run_after=2021-01-01 00:00:00+00:00
[2025-01-10T19:19:32.338+0000] {processor.py:208} INFO - Processing /home/airflow/.local/lib/python3.12/site-packages/airflow/example_dags/example_xcom.py took 0.250 seconds
[2025-01-10T19:20:02.832+0000] {processor.py:186} INFO - Started process (PID=4431) to work on /home/airflow/.local/lib/python3.12/site-packages/airflow/example_dags/example_xcom.py
[2025-01-10T19:20:02.835+0000] {processor.py:914} INFO - Processing file /home/airflow/.local/lib/python3.12/site-packages/airflow/example_dags/example_xcom.py for tasks to queue
[2025-01-10T19:20:02.840+0000] {logging_mixin.py:190} INFO - [2025-01-10T19:20:02.838+0000] {dagbag.py:588} INFO - Filling up the DagBag from /home/airflow/.local/lib/python3.12/site-packages/airflow/example_dags/example_xcom.py
[2025-01-10T19:20:02.874+0000] {processor.py:925} INFO - DAG(s) 'example_xcom' retrieved from /home/airflow/.local/lib/python3.12/site-packages/airflow/example_dags/example_xcom.py
[2025-01-10T19:20:03.049+0000] {logging_mixin.py:190} INFO - [2025-01-10T19:20:03.048+0000] {dag.py:3239} INFO - Sync 1 DAGs
[2025-01-10T19:20:03.253+0000] {logging_mixin.py:190} INFO - [2025-01-10T19:20:03.251+0000] {dag.py:4180} INFO - Setting next_dagrun for example_xcom to 2021-01-01 00:00:00+00:00, run_after=2021-01-01 00:00:00+00:00
[2025-01-10T19:20:03.356+0000] {processor.py:208} INFO - Processing /home/airflow/.local/lib/python3.12/site-packages/airflow/example_dags/example_xcom.py took 0.552 seconds
[2025-01-10T19:20:34.584+0000] {processor.py:186} INFO - Started process (PID=4495) to work on /home/airflow/.local/lib/python3.12/site-packages/airflow/example_dags/example_xcom.py
[2025-01-10T19:20:34.586+0000] {processor.py:914} INFO - Processing file /home/airflow/.local/lib/python3.12/site-packages/airflow/example_dags/example_xcom.py for tasks to queue
[2025-01-10T19:20:34.589+0000] {logging_mixin.py:190} INFO - [2025-01-10T19:20:34.588+0000] {dagbag.py:588} INFO - Filling up the DagBag from /home/airflow/.local/lib/python3.12/site-packages/airflow/example_dags/example_xcom.py
[2025-01-10T19:20:34.608+0000] {processor.py:925} INFO - DAG(s) 'example_xcom' retrieved from /home/airflow/.local/lib/python3.12/site-packages/airflow/example_dags/example_xcom.py
[2025-01-10T19:20:34.670+0000] {logging_mixin.py:190} INFO - [2025-01-10T19:20:34.669+0000] {dag.py:3239} INFO - Sync 1 DAGs
[2025-01-10T19:20:34.754+0000] {logging_mixin.py:190} INFO - [2025-01-10T19:20:34.754+0000] {dag.py:4180} INFO - Setting next_dagrun for example_xcom to 2021-01-01 00:00:00+00:00, run_after=2021-01-01 00:00:00+00:00
[2025-01-10T19:20:34.821+0000] {processor.py:208} INFO - Processing /home/airflow/.local/lib/python3.12/site-packages/airflow/example_dags/example_xcom.py took 0.253 seconds
[2025-01-10T19:21:05.992+0000] {processor.py:186} INFO - Started process (PID=4550) to work on /home/airflow/.local/lib/python3.12/site-packages/airflow/example_dags/example_xcom.py
[2025-01-10T19:21:05.994+0000] {processor.py:914} INFO - Processing file /home/airflow/.local/lib/python3.12/site-packages/airflow/example_dags/example_xcom.py for tasks to queue
[2025-01-10T19:21:05.996+0000] {logging_mixin.py:190} INFO - [2025-01-10T19:21:05.996+0000] {dagbag.py:588} INFO - Filling up the DagBag from /home/airflow/.local/lib/python3.12/site-packages/airflow/example_dags/example_xcom.py
[2025-01-10T19:21:06.016+0000] {processor.py:925} INFO - DAG(s) 'example_xcom' retrieved from /home/airflow/.local/lib/python3.12/site-packages/airflow/example_dags/example_xcom.py
[2025-01-10T19:21:06.106+0000] {logging_mixin.py:190} INFO - [2025-01-10T19:21:06.104+0000] {dag.py:3239} INFO - Sync 1 DAGs
[2025-01-10T19:21:06.280+0000] {logging_mixin.py:190} INFO - [2025-01-10T19:21:06.279+0000] {dag.py:4180} INFO - Setting next_dagrun for example_xcom to 2021-01-01 00:00:00+00:00, run_after=2021-01-01 00:00:00+00:00
[2025-01-10T19:21:06.335+0000] {processor.py:208} INFO - Processing /home/airflow/.local/lib/python3.12/site-packages/airflow/example_dags/example_xcom.py took 0.352 seconds
[2025-01-10T19:21:38.184+0000] {processor.py:186} INFO - Started process (PID=4610) to work on /home/airflow/.local/lib/python3.12/site-packages/airflow/example_dags/example_xcom.py
[2025-01-10T19:21:38.188+0000] {processor.py:914} INFO - Processing file /home/airflow/.local/lib/python3.12/site-packages/airflow/example_dags/example_xcom.py for tasks to queue
[2025-01-10T19:21:38.194+0000] {logging_mixin.py:190} INFO - [2025-01-10T19:21:38.192+0000] {dagbag.py:588} INFO - Filling up the DagBag from /home/airflow/.local/lib/python3.12/site-packages/airflow/example_dags/example_xcom.py
[2025-01-10T19:21:38.248+0000] {processor.py:925} INFO - DAG(s) 'example_xcom' retrieved from /home/airflow/.local/lib/python3.12/site-packages/airflow/example_dags/example_xcom.py
[2025-01-10T19:21:38.362+0000] {logging_mixin.py:190} INFO - [2025-01-10T19:21:38.360+0000] {dag.py:3239} INFO - Sync 1 DAGs
[2025-01-10T19:21:38.464+0000] {logging_mixin.py:190} INFO - [2025-01-10T19:21:38.462+0000] {dag.py:4180} INFO - Setting next_dagrun for example_xcom to 2021-01-01 00:00:00+00:00, run_after=2021-01-01 00:00:00+00:00
[2025-01-10T19:21:38.597+0000] {processor.py:208} INFO - Processing /home/airflow/.local/lib/python3.12/site-packages/airflow/example_dags/example_xcom.py took 0.441 seconds
[2025-01-10T19:22:11.720+0000] {processor.py:186} INFO - Started process (PID=4671) to work on /home/airflow/.local/lib/python3.12/site-packages/airflow/example_dags/example_xcom.py
[2025-01-10T19:22:11.722+0000] {processor.py:914} INFO - Processing file /home/airflow/.local/lib/python3.12/site-packages/airflow/example_dags/example_xcom.py for tasks to queue
[2025-01-10T19:22:11.726+0000] {logging_mixin.py:190} INFO - [2025-01-10T19:22:11.725+0000] {dagbag.py:588} INFO - Filling up the DagBag from /home/airflow/.local/lib/python3.12/site-packages/airflow/example_dags/example_xcom.py
[2025-01-10T19:22:11.759+0000] {processor.py:925} INFO - DAG(s) 'example_xcom' retrieved from /home/airflow/.local/lib/python3.12/site-packages/airflow/example_dags/example_xcom.py
[2025-01-10T19:22:11.831+0000] {logging_mixin.py:190} INFO - [2025-01-10T19:22:11.831+0000] {dag.py:3239} INFO - Sync 1 DAGs
[2025-01-10T19:22:11.897+0000] {logging_mixin.py:190} INFO - [2025-01-10T19:22:11.897+0000] {dag.py:4180} INFO - Setting next_dagrun for example_xcom to 2021-01-01 00:00:00+00:00, run_after=2021-01-01 00:00:00+00:00
[2025-01-10T19:22:11.982+0000] {processor.py:208} INFO - Processing /home/airflow/.local/lib/python3.12/site-packages/airflow/example_dags/example_xcom.py took 0.283 seconds
[2025-01-10T19:22:42.727+0000] {processor.py:186} INFO - Started process (PID=4735) to work on /home/airflow/.local/lib/python3.12/site-packages/airflow/example_dags/example_xcom.py
[2025-01-10T19:22:42.731+0000] {processor.py:914} INFO - Processing file /home/airflow/.local/lib/python3.12/site-packages/airflow/example_dags/example_xcom.py for tasks to queue
[2025-01-10T19:22:42.738+0000] {logging_mixin.py:190} INFO - [2025-01-10T19:22:42.737+0000] {dagbag.py:588} INFO - Filling up the DagBag from /home/airflow/.local/lib/python3.12/site-packages/airflow/example_dags/example_xcom.py
[2025-01-10T19:22:42.820+0000] {processor.py:925} INFO - DAG(s) 'example_xcom' retrieved from /home/airflow/.local/lib/python3.12/site-packages/airflow/example_dags/example_xcom.py
[2025-01-10T19:22:42.877+0000] {logging_mixin.py:190} INFO - [2025-01-10T19:22:42.877+0000] {dag.py:3239} INFO - Sync 1 DAGs
[2025-01-10T19:22:42.953+0000] {logging_mixin.py:190} INFO - [2025-01-10T19:22:42.952+0000] {dag.py:4180} INFO - Setting next_dagrun for example_xcom to 2021-01-01 00:00:00+00:00, run_after=2021-01-01 00:00:00+00:00
[2025-01-10T19:22:43.116+0000] {processor.py:208} INFO - Processing /home/airflow/.local/lib/python3.12/site-packages/airflow/example_dags/example_xcom.py took 0.571 seconds
