[2025-01-10T18:44:59.142+0000] {processor.py:186} INFO - Started process (PID=133) to work on /home/airflow/.local/lib/python3.12/site-packages/airflow/example_dags/example_complex.py
[2025-01-10T18:44:59.144+0000] {processor.py:914} INFO - Processing file /home/airflow/.local/lib/python3.12/site-packages/airflow/example_dags/example_complex.py for tasks to queue
[2025-01-10T18:44:59.150+0000] {logging_mixin.py:190} INFO - [2025-01-10T18:44:59.149+0000] {dagbag.py:588} INFO - Filling up the DagBag from /home/airflow/.local/lib/python3.12/site-packages/airflow/example_dags/example_complex.py
[2025-01-10T18:44:59.201+0000] {processor.py:925} INFO - DAG(s) 'example_complex' retrieved from /home/airflow/.local/lib/python3.12/site-packages/airflow/example_dags/example_complex.py
[2025-01-10T18:44:59.826+0000] {logging_mixin.py:190} INFO - [2025-01-10T18:44:59.824+0000] {override.py:1911} INFO - Created Permission View: can edit on DAG:example_complex
[2025-01-10T18:44:59.861+0000] {logging_mixin.py:190} INFO - [2025-01-10T18:44:59.860+0000] {override.py:1911} INFO - Created Permission View: can read on DAG:example_complex
[2025-01-10T18:44:59.881+0000] {logging_mixin.py:190} INFO - [2025-01-10T18:44:59.880+0000] {override.py:1911} INFO - Created Permission View: can delete on DAG:example_complex
[2025-01-10T18:44:59.903+0000] {logging_mixin.py:190} INFO - [2025-01-10T18:44:59.902+0000] {override.py:1911} INFO - Created Permission View: menu access on DAG Run:example_complex
[2025-01-10T18:44:59.926+0000] {logging_mixin.py:190} INFO - [2025-01-10T18:44:59.926+0000] {override.py:1911} INFO - Created Permission View: can read on DAG Run:example_complex
[2025-01-10T18:44:59.949+0000] {logging_mixin.py:190} INFO - [2025-01-10T18:44:59.948+0000] {override.py:1911} INFO - Created Permission View: can create on DAG Run:example_complex
[2025-01-10T18:44:59.969+0000] {logging_mixin.py:190} INFO - [2025-01-10T18:44:59.968+0000] {override.py:1911} INFO - Created Permission View: can delete on DAG Run:example_complex
[2025-01-10T18:44:59.970+0000] {logging_mixin.py:190} INFO - [2025-01-10T18:44:59.970+0000] {dag.py:3239} INFO - Sync 1 DAGs
[2025-01-10T18:45:00.009+0000] {logging_mixin.py:190} INFO - [2025-01-10T18:45:00.009+0000] {dag.py:3262} INFO - Creating ORM DAG for example_complex
[2025-01-10T18:45:00.015+0000] {logging_mixin.py:190} INFO - [2025-01-10T18:45:00.014+0000] {dag.py:4180} INFO - Setting next_dagrun for example_complex to None, run_after=None
[2025-01-10T18:45:00.083+0000] {processor.py:208} INFO - Processing /home/airflow/.local/lib/python3.12/site-packages/airflow/example_dags/example_complex.py took 0.957 seconds
[2025-01-10T18:45:30.294+0000] {processor.py:186} INFO - Started process (PID=195) to work on /home/airflow/.local/lib/python3.12/site-packages/airflow/example_dags/example_complex.py
[2025-01-10T18:45:30.298+0000] {processor.py:914} INFO - Processing file /home/airflow/.local/lib/python3.12/site-packages/airflow/example_dags/example_complex.py for tasks to queue
[2025-01-10T18:45:30.309+0000] {logging_mixin.py:190} INFO - [2025-01-10T18:45:30.307+0000] {dagbag.py:588} INFO - Filling up the DagBag from /home/airflow/.local/lib/python3.12/site-packages/airflow/example_dags/example_complex.py
[2025-01-10T18:45:30.363+0000] {processor.py:925} INFO - DAG(s) 'example_complex' retrieved from /home/airflow/.local/lib/python3.12/site-packages/airflow/example_dags/example_complex.py
[2025-01-10T18:45:30.540+0000] {logging_mixin.py:190} INFO - [2025-01-10T18:45:30.540+0000] {dag.py:3239} INFO - Sync 1 DAGs
[2025-01-10T18:45:30.612+0000] {logging_mixin.py:190} INFO - [2025-01-10T18:45:30.611+0000] {dag.py:4180} INFO - Setting next_dagrun for example_complex to None, run_after=None
[2025-01-10T18:45:30.763+0000] {processor.py:208} INFO - Processing /home/airflow/.local/lib/python3.12/site-packages/airflow/example_dags/example_complex.py took 0.503 seconds
[2025-01-10T18:46:01.434+0000] {processor.py:186} INFO - Started process (PID=257) to work on /home/airflow/.local/lib/python3.12/site-packages/airflow/example_dags/example_complex.py
[2025-01-10T18:46:01.437+0000] {processor.py:914} INFO - Processing file /home/airflow/.local/lib/python3.12/site-packages/airflow/example_dags/example_complex.py for tasks to queue
[2025-01-10T18:46:01.443+0000] {logging_mixin.py:190} INFO - [2025-01-10T18:46:01.442+0000] {dagbag.py:588} INFO - Filling up the DagBag from /home/airflow/.local/lib/python3.12/site-packages/airflow/example_dags/example_complex.py
[2025-01-10T18:46:01.479+0000] {processor.py:925} INFO - DAG(s) 'example_complex' retrieved from /home/airflow/.local/lib/python3.12/site-packages/airflow/example_dags/example_complex.py
[2025-01-10T18:46:01.569+0000] {logging_mixin.py:190} INFO - [2025-01-10T18:46:01.568+0000] {dag.py:3239} INFO - Sync 1 DAGs
[2025-01-10T18:46:01.623+0000] {logging_mixin.py:190} INFO - [2025-01-10T18:46:01.623+0000] {dag.py:4180} INFO - Setting next_dagrun for example_complex to None, run_after=None
[2025-01-10T18:46:01.688+0000] {processor.py:208} INFO - Processing /home/airflow/.local/lib/python3.12/site-packages/airflow/example_dags/example_complex.py took 0.270 seconds
[2025-01-10T18:46:32.198+0000] {processor.py:186} INFO - Started process (PID=321) to work on /home/airflow/.local/lib/python3.12/site-packages/airflow/example_dags/example_complex.py
[2025-01-10T18:46:32.201+0000] {processor.py:914} INFO - Processing file /home/airflow/.local/lib/python3.12/site-packages/airflow/example_dags/example_complex.py for tasks to queue
[2025-01-10T18:46:32.208+0000] {logging_mixin.py:190} INFO - [2025-01-10T18:46:32.207+0000] {dagbag.py:588} INFO - Filling up the DagBag from /home/airflow/.local/lib/python3.12/site-packages/airflow/example_dags/example_complex.py
[2025-01-10T18:46:32.246+0000] {processor.py:925} INFO - DAG(s) 'example_complex' retrieved from /home/airflow/.local/lib/python3.12/site-packages/airflow/example_dags/example_complex.py
[2025-01-10T18:46:32.374+0000] {logging_mixin.py:190} INFO - [2025-01-10T18:46:32.373+0000] {dag.py:3239} INFO - Sync 1 DAGs
[2025-01-10T18:46:32.432+0000] {logging_mixin.py:190} INFO - [2025-01-10T18:46:32.431+0000] {dag.py:4180} INFO - Setting next_dagrun for example_complex to None, run_after=None
[2025-01-10T18:46:32.499+0000] {processor.py:208} INFO - Processing /home/airflow/.local/lib/python3.12/site-packages/airflow/example_dags/example_complex.py took 0.322 seconds
[2025-01-10T18:47:02.742+0000] {processor.py:186} INFO - Started process (PID=384) to work on /home/airflow/.local/lib/python3.12/site-packages/airflow/example_dags/example_complex.py
[2025-01-10T18:47:02.745+0000] {processor.py:914} INFO - Processing file /home/airflow/.local/lib/python3.12/site-packages/airflow/example_dags/example_complex.py for tasks to queue
[2025-01-10T18:47:02.751+0000] {logging_mixin.py:190} INFO - [2025-01-10T18:47:02.751+0000] {dagbag.py:588} INFO - Filling up the DagBag from /home/airflow/.local/lib/python3.12/site-packages/airflow/example_dags/example_complex.py
[2025-01-10T18:47:02.784+0000] {processor.py:925} INFO - DAG(s) 'example_complex' retrieved from /home/airflow/.local/lib/python3.12/site-packages/airflow/example_dags/example_complex.py
[2025-01-10T18:47:02.876+0000] {logging_mixin.py:190} INFO - [2025-01-10T18:47:02.876+0000] {dag.py:3239} INFO - Sync 1 DAGs
[2025-01-10T18:47:02.925+0000] {logging_mixin.py:190} INFO - [2025-01-10T18:47:02.925+0000] {dag.py:4180} INFO - Setting next_dagrun for example_complex to None, run_after=None
[2025-01-10T18:47:02.972+0000] {processor.py:208} INFO - Processing /home/airflow/.local/lib/python3.12/site-packages/airflow/example_dags/example_complex.py took 0.248 seconds
[2025-01-10T18:47:33.360+0000] {processor.py:186} INFO - Started process (PID=445) to work on /home/airflow/.local/lib/python3.12/site-packages/airflow/example_dags/example_complex.py
[2025-01-10T18:47:33.364+0000] {processor.py:914} INFO - Processing file /home/airflow/.local/lib/python3.12/site-packages/airflow/example_dags/example_complex.py for tasks to queue
[2025-01-10T18:47:33.372+0000] {logging_mixin.py:190} INFO - [2025-01-10T18:47:33.371+0000] {dagbag.py:588} INFO - Filling up the DagBag from /home/airflow/.local/lib/python3.12/site-packages/airflow/example_dags/example_complex.py
[2025-01-10T18:47:33.425+0000] {processor.py:925} INFO - DAG(s) 'example_complex' retrieved from /home/airflow/.local/lib/python3.12/site-packages/airflow/example_dags/example_complex.py
[2025-01-10T18:47:33.663+0000] {logging_mixin.py:190} INFO - [2025-01-10T18:47:33.662+0000] {dag.py:3239} INFO - Sync 1 DAGs
[2025-01-10T18:47:33.704+0000] {logging_mixin.py:190} INFO - [2025-01-10T18:47:33.702+0000] {dag.py:4180} INFO - Setting next_dagrun for example_complex to None, run_after=None
[2025-01-10T18:47:33.933+0000] {processor.py:208} INFO - Processing /home/airflow/.local/lib/python3.12/site-packages/airflow/example_dags/example_complex.py took 0.601 seconds
[2025-01-10T18:48:04.108+0000] {processor.py:186} INFO - Started process (PID=508) to work on /home/airflow/.local/lib/python3.12/site-packages/airflow/example_dags/example_complex.py
[2025-01-10T18:48:04.112+0000] {processor.py:914} INFO - Processing file /home/airflow/.local/lib/python3.12/site-packages/airflow/example_dags/example_complex.py for tasks to queue
[2025-01-10T18:48:04.117+0000] {logging_mixin.py:190} INFO - [2025-01-10T18:48:04.117+0000] {dagbag.py:588} INFO - Filling up the DagBag from /home/airflow/.local/lib/python3.12/site-packages/airflow/example_dags/example_complex.py
[2025-01-10T18:48:04.149+0000] {processor.py:925} INFO - DAG(s) 'example_complex' retrieved from /home/airflow/.local/lib/python3.12/site-packages/airflow/example_dags/example_complex.py
[2025-01-10T18:48:04.259+0000] {logging_mixin.py:190} INFO - [2025-01-10T18:48:04.259+0000] {dag.py:3239} INFO - Sync 1 DAGs
[2025-01-10T18:48:04.299+0000] {logging_mixin.py:190} INFO - [2025-01-10T18:48:04.298+0000] {dag.py:4180} INFO - Setting next_dagrun for example_complex to None, run_after=None
[2025-01-10T18:48:04.339+0000] {processor.py:208} INFO - Processing /home/airflow/.local/lib/python3.12/site-packages/airflow/example_dags/example_complex.py took 0.245 seconds
[2025-01-10T18:48:34.889+0000] {processor.py:186} INFO - Started process (PID=570) to work on /home/airflow/.local/lib/python3.12/site-packages/airflow/example_dags/example_complex.py
[2025-01-10T18:48:34.893+0000] {processor.py:914} INFO - Processing file /home/airflow/.local/lib/python3.12/site-packages/airflow/example_dags/example_complex.py for tasks to queue
[2025-01-10T18:48:34.900+0000] {logging_mixin.py:190} INFO - [2025-01-10T18:48:34.899+0000] {dagbag.py:588} INFO - Filling up the DagBag from /home/airflow/.local/lib/python3.12/site-packages/airflow/example_dags/example_complex.py
[2025-01-10T18:48:34.947+0000] {processor.py:925} INFO - DAG(s) 'example_complex' retrieved from /home/airflow/.local/lib/python3.12/site-packages/airflow/example_dags/example_complex.py
[2025-01-10T18:48:35.029+0000] {logging_mixin.py:190} INFO - [2025-01-10T18:48:35.029+0000] {dag.py:3239} INFO - Sync 1 DAGs
[2025-01-10T18:48:35.065+0000] {logging_mixin.py:190} INFO - [2025-01-10T18:48:35.065+0000] {dag.py:4180} INFO - Setting next_dagrun for example_complex to None, run_after=None
[2025-01-10T18:48:35.225+0000] {processor.py:208} INFO - Processing /home/airflow/.local/lib/python3.12/site-packages/airflow/example_dags/example_complex.py took 0.363 seconds
[2025-01-10T18:49:05.317+0000] {processor.py:186} INFO - Started process (PID=631) to work on /home/airflow/.local/lib/python3.12/site-packages/airflow/example_dags/example_complex.py
[2025-01-10T18:49:05.319+0000] {processor.py:914} INFO - Processing file /home/airflow/.local/lib/python3.12/site-packages/airflow/example_dags/example_complex.py for tasks to queue
[2025-01-10T18:49:05.325+0000] {logging_mixin.py:190} INFO - [2025-01-10T18:49:05.324+0000] {dagbag.py:588} INFO - Filling up the DagBag from /home/airflow/.local/lib/python3.12/site-packages/airflow/example_dags/example_complex.py
[2025-01-10T18:49:05.356+0000] {processor.py:925} INFO - DAG(s) 'example_complex' retrieved from /home/airflow/.local/lib/python3.12/site-packages/airflow/example_dags/example_complex.py
[2025-01-10T18:49:05.430+0000] {logging_mixin.py:190} INFO - [2025-01-10T18:49:05.430+0000] {dag.py:3239} INFO - Sync 1 DAGs
[2025-01-10T18:49:05.461+0000] {logging_mixin.py:190} INFO - [2025-01-10T18:49:05.460+0000] {dag.py:4180} INFO - Setting next_dagrun for example_complex to None, run_after=None
[2025-01-10T18:49:05.500+0000] {processor.py:208} INFO - Processing /home/airflow/.local/lib/python3.12/site-packages/airflow/example_dags/example_complex.py took 0.198 seconds
[2025-01-10T18:49:35.822+0000] {processor.py:186} INFO - Started process (PID=694) to work on /home/airflow/.local/lib/python3.12/site-packages/airflow/example_dags/example_complex.py
[2025-01-10T18:49:35.827+0000] {processor.py:914} INFO - Processing file /home/airflow/.local/lib/python3.12/site-packages/airflow/example_dags/example_complex.py for tasks to queue
[2025-01-10T18:49:35.840+0000] {logging_mixin.py:190} INFO - [2025-01-10T18:49:35.835+0000] {dagbag.py:588} INFO - Filling up the DagBag from /home/airflow/.local/lib/python3.12/site-packages/airflow/example_dags/example_complex.py
[2025-01-10T18:49:35.908+0000] {processor.py:925} INFO - DAG(s) 'example_complex' retrieved from /home/airflow/.local/lib/python3.12/site-packages/airflow/example_dags/example_complex.py
[2025-01-10T18:49:36.150+0000] {logging_mixin.py:190} INFO - [2025-01-10T18:49:36.149+0000] {dag.py:3239} INFO - Sync 1 DAGs
[2025-01-10T18:49:36.233+0000] {logging_mixin.py:190} INFO - [2025-01-10T18:49:36.233+0000] {dag.py:4180} INFO - Setting next_dagrun for example_complex to None, run_after=None
[2025-01-10T18:49:36.318+0000] {processor.py:208} INFO - Processing /home/airflow/.local/lib/python3.12/site-packages/airflow/example_dags/example_complex.py took 0.531 seconds
[2025-01-10T18:50:07.264+0000] {processor.py:186} INFO - Started process (PID=758) to work on /home/airflow/.local/lib/python3.12/site-packages/airflow/example_dags/example_complex.py
[2025-01-10T18:50:07.267+0000] {processor.py:914} INFO - Processing file /home/airflow/.local/lib/python3.12/site-packages/airflow/example_dags/example_complex.py for tasks to queue
[2025-01-10T18:50:07.277+0000] {logging_mixin.py:190} INFO - [2025-01-10T18:50:07.276+0000] {dagbag.py:588} INFO - Filling up the DagBag from /home/airflow/.local/lib/python3.12/site-packages/airflow/example_dags/example_complex.py
[2025-01-10T18:50:07.314+0000] {processor.py:925} INFO - DAG(s) 'example_complex' retrieved from /home/airflow/.local/lib/python3.12/site-packages/airflow/example_dags/example_complex.py
[2025-01-10T18:50:07.410+0000] {logging_mixin.py:190} INFO - [2025-01-10T18:50:07.410+0000] {dag.py:3239} INFO - Sync 1 DAGs
[2025-01-10T18:50:07.445+0000] {logging_mixin.py:190} INFO - [2025-01-10T18:50:07.445+0000] {dag.py:4180} INFO - Setting next_dagrun for example_complex to None, run_after=None
[2025-01-10T18:50:07.491+0000] {processor.py:208} INFO - Processing /home/airflow/.local/lib/python3.12/site-packages/airflow/example_dags/example_complex.py took 0.244 seconds
[2025-01-10T18:50:37.609+0000] {processor.py:186} INFO - Started process (PID=820) to work on /home/airflow/.local/lib/python3.12/site-packages/airflow/example_dags/example_complex.py
[2025-01-10T18:50:37.613+0000] {processor.py:914} INFO - Processing file /home/airflow/.local/lib/python3.12/site-packages/airflow/example_dags/example_complex.py for tasks to queue
[2025-01-10T18:50:37.619+0000] {logging_mixin.py:190} INFO - [2025-01-10T18:50:37.618+0000] {dagbag.py:588} INFO - Filling up the DagBag from /home/airflow/.local/lib/python3.12/site-packages/airflow/example_dags/example_complex.py
[2025-01-10T18:50:37.650+0000] {processor.py:925} INFO - DAG(s) 'example_complex' retrieved from /home/airflow/.local/lib/python3.12/site-packages/airflow/example_dags/example_complex.py
[2025-01-10T18:50:37.747+0000] {logging_mixin.py:190} INFO - [2025-01-10T18:50:37.746+0000] {dag.py:3239} INFO - Sync 1 DAGs
[2025-01-10T18:50:37.786+0000] {logging_mixin.py:190} INFO - [2025-01-10T18:50:37.785+0000] {dag.py:4180} INFO - Setting next_dagrun for example_complex to None, run_after=None
[2025-01-10T18:50:37.826+0000] {processor.py:208} INFO - Processing /home/airflow/.local/lib/python3.12/site-packages/airflow/example_dags/example_complex.py took 0.232 seconds
[2025-01-10T18:51:08.388+0000] {processor.py:186} INFO - Started process (PID=884) to work on /home/airflow/.local/lib/python3.12/site-packages/airflow/example_dags/example_complex.py
[2025-01-10T18:51:08.392+0000] {processor.py:914} INFO - Processing file /home/airflow/.local/lib/python3.12/site-packages/airflow/example_dags/example_complex.py for tasks to queue
[2025-01-10T18:51:08.399+0000] {logging_mixin.py:190} INFO - [2025-01-10T18:51:08.398+0000] {dagbag.py:588} INFO - Filling up the DagBag from /home/airflow/.local/lib/python3.12/site-packages/airflow/example_dags/example_complex.py
[2025-01-10T18:51:08.434+0000] {processor.py:925} INFO - DAG(s) 'example_complex' retrieved from /home/airflow/.local/lib/python3.12/site-packages/airflow/example_dags/example_complex.py
[2025-01-10T18:51:08.540+0000] {logging_mixin.py:190} INFO - [2025-01-10T18:51:08.539+0000] {dag.py:3239} INFO - Sync 1 DAGs
[2025-01-10T18:51:08.607+0000] {logging_mixin.py:190} INFO - [2025-01-10T18:51:08.606+0000] {dag.py:4180} INFO - Setting next_dagrun for example_complex to None, run_after=None
[2025-01-10T18:51:08.700+0000] {processor.py:208} INFO - Processing /home/airflow/.local/lib/python3.12/site-packages/airflow/example_dags/example_complex.py took 0.329 seconds
[2025-01-10T18:51:38.857+0000] {processor.py:186} INFO - Started process (PID=947) to work on /home/airflow/.local/lib/python3.12/site-packages/airflow/example_dags/example_complex.py
[2025-01-10T18:51:38.859+0000] {processor.py:914} INFO - Processing file /home/airflow/.local/lib/python3.12/site-packages/airflow/example_dags/example_complex.py for tasks to queue
[2025-01-10T18:51:38.865+0000] {logging_mixin.py:190} INFO - [2025-01-10T18:51:38.864+0000] {dagbag.py:588} INFO - Filling up the DagBag from /home/airflow/.local/lib/python3.12/site-packages/airflow/example_dags/example_complex.py
[2025-01-10T18:51:38.894+0000] {processor.py:925} INFO - DAG(s) 'example_complex' retrieved from /home/airflow/.local/lib/python3.12/site-packages/airflow/example_dags/example_complex.py
[2025-01-10T18:51:38.966+0000] {logging_mixin.py:190} INFO - [2025-01-10T18:51:38.965+0000] {dag.py:3239} INFO - Sync 1 DAGs
[2025-01-10T18:51:39.004+0000] {logging_mixin.py:190} INFO - [2025-01-10T18:51:39.003+0000] {dag.py:4180} INFO - Setting next_dagrun for example_complex to None, run_after=None
[2025-01-10T18:51:39.041+0000] {processor.py:208} INFO - Processing /home/airflow/.local/lib/python3.12/site-packages/airflow/example_dags/example_complex.py took 0.199 seconds
[2025-01-10T18:52:09.581+0000] {processor.py:186} INFO - Started process (PID=1010) to work on /home/airflow/.local/lib/python3.12/site-packages/airflow/example_dags/example_complex.py
[2025-01-10T18:52:09.583+0000] {processor.py:914} INFO - Processing file /home/airflow/.local/lib/python3.12/site-packages/airflow/example_dags/example_complex.py for tasks to queue
[2025-01-10T18:52:09.588+0000] {logging_mixin.py:190} INFO - [2025-01-10T18:52:09.588+0000] {dagbag.py:588} INFO - Filling up the DagBag from /home/airflow/.local/lib/python3.12/site-packages/airflow/example_dags/example_complex.py
[2025-01-10T18:52:09.618+0000] {processor.py:925} INFO - DAG(s) 'example_complex' retrieved from /home/airflow/.local/lib/python3.12/site-packages/airflow/example_dags/example_complex.py
[2025-01-10T18:52:09.692+0000] {logging_mixin.py:190} INFO - [2025-01-10T18:52:09.691+0000] {dag.py:3239} INFO - Sync 1 DAGs
[2025-01-10T18:52:09.729+0000] {logging_mixin.py:190} INFO - [2025-01-10T18:52:09.729+0000] {dag.py:4180} INFO - Setting next_dagrun for example_complex to None, run_after=None
[2025-01-10T18:52:09.785+0000] {processor.py:208} INFO - Processing /home/airflow/.local/lib/python3.12/site-packages/airflow/example_dags/example_complex.py took 0.219 seconds
[2025-01-10T18:52:40.013+0000] {processor.py:186} INFO - Started process (PID=1073) to work on /home/airflow/.local/lib/python3.12/site-packages/airflow/example_dags/example_complex.py
[2025-01-10T18:52:40.016+0000] {processor.py:914} INFO - Processing file /home/airflow/.local/lib/python3.12/site-packages/airflow/example_dags/example_complex.py for tasks to queue
[2025-01-10T18:52:40.022+0000] {logging_mixin.py:190} INFO - [2025-01-10T18:52:40.021+0000] {dagbag.py:588} INFO - Filling up the DagBag from /home/airflow/.local/lib/python3.12/site-packages/airflow/example_dags/example_complex.py
[2025-01-10T18:52:40.055+0000] {processor.py:925} INFO - DAG(s) 'example_complex' retrieved from /home/airflow/.local/lib/python3.12/site-packages/airflow/example_dags/example_complex.py
[2025-01-10T18:52:40.130+0000] {logging_mixin.py:190} INFO - [2025-01-10T18:52:40.129+0000] {dag.py:3239} INFO - Sync 1 DAGs
[2025-01-10T18:52:40.159+0000] {logging_mixin.py:190} INFO - [2025-01-10T18:52:40.159+0000] {dag.py:4180} INFO - Setting next_dagrun for example_complex to None, run_after=None
[2025-01-10T18:52:40.206+0000] {processor.py:208} INFO - Processing /home/airflow/.local/lib/python3.12/site-packages/airflow/example_dags/example_complex.py took 0.206 seconds
[2025-01-10T18:53:10.842+0000] {processor.py:186} INFO - Started process (PID=1142) to work on /home/airflow/.local/lib/python3.12/site-packages/airflow/example_dags/example_complex.py
[2025-01-10T18:53:10.843+0000] {processor.py:914} INFO - Processing file /home/airflow/.local/lib/python3.12/site-packages/airflow/example_dags/example_complex.py for tasks to queue
[2025-01-10T18:53:10.847+0000] {logging_mixin.py:190} INFO - [2025-01-10T18:53:10.846+0000] {dagbag.py:588} INFO - Filling up the DagBag from /home/airflow/.local/lib/python3.12/site-packages/airflow/example_dags/example_complex.py
[2025-01-10T18:53:10.875+0000] {processor.py:925} INFO - DAG(s) 'example_complex' retrieved from /home/airflow/.local/lib/python3.12/site-packages/airflow/example_dags/example_complex.py
[2025-01-10T18:53:10.954+0000] {logging_mixin.py:190} INFO - [2025-01-10T18:53:10.954+0000] {dag.py:3239} INFO - Sync 1 DAGs
[2025-01-10T18:53:11.000+0000] {logging_mixin.py:190} INFO - [2025-01-10T18:53:10.999+0000] {dag.py:4180} INFO - Setting next_dagrun for example_complex to None, run_after=None
[2025-01-10T18:53:11.052+0000] {processor.py:208} INFO - Processing /home/airflow/.local/lib/python3.12/site-packages/airflow/example_dags/example_complex.py took 0.221 seconds
[2025-01-10T18:53:41.452+0000] {processor.py:186} INFO - Started process (PID=1204) to work on /home/airflow/.local/lib/python3.12/site-packages/airflow/example_dags/example_complex.py
[2025-01-10T18:53:41.454+0000] {processor.py:914} INFO - Processing file /home/airflow/.local/lib/python3.12/site-packages/airflow/example_dags/example_complex.py for tasks to queue
[2025-01-10T18:53:41.461+0000] {logging_mixin.py:190} INFO - [2025-01-10T18:53:41.460+0000] {dagbag.py:588} INFO - Filling up the DagBag from /home/airflow/.local/lib/python3.12/site-packages/airflow/example_dags/example_complex.py
[2025-01-10T18:53:41.509+0000] {processor.py:925} INFO - DAG(s) 'example_complex' retrieved from /home/airflow/.local/lib/python3.12/site-packages/airflow/example_dags/example_complex.py
[2025-01-10T18:53:41.649+0000] {logging_mixin.py:190} INFO - [2025-01-10T18:53:41.648+0000] {dag.py:3239} INFO - Sync 1 DAGs
[2025-01-10T18:53:41.726+0000] {logging_mixin.py:190} INFO - [2025-01-10T18:53:41.726+0000] {dag.py:4180} INFO - Setting next_dagrun for example_complex to None, run_after=None
[2025-01-10T18:53:41.789+0000] {processor.py:208} INFO - Processing /home/airflow/.local/lib/python3.12/site-packages/airflow/example_dags/example_complex.py took 0.356 seconds
[2025-01-10T18:54:12.610+0000] {processor.py:186} INFO - Started process (PID=1267) to work on /home/airflow/.local/lib/python3.12/site-packages/airflow/example_dags/example_complex.py
[2025-01-10T18:54:12.612+0000] {processor.py:914} INFO - Processing file /home/airflow/.local/lib/python3.12/site-packages/airflow/example_dags/example_complex.py for tasks to queue
[2025-01-10T18:54:12.618+0000] {logging_mixin.py:190} INFO - [2025-01-10T18:54:12.617+0000] {dagbag.py:588} INFO - Filling up the DagBag from /home/airflow/.local/lib/python3.12/site-packages/airflow/example_dags/example_complex.py
[2025-01-10T18:54:12.649+0000] {processor.py:925} INFO - DAG(s) 'example_complex' retrieved from /home/airflow/.local/lib/python3.12/site-packages/airflow/example_dags/example_complex.py
[2025-01-10T18:54:12.726+0000] {logging_mixin.py:190} INFO - [2025-01-10T18:54:12.726+0000] {dag.py:3239} INFO - Sync 1 DAGs
[2025-01-10T18:54:12.764+0000] {logging_mixin.py:190} INFO - [2025-01-10T18:54:12.764+0000] {dag.py:4180} INFO - Setting next_dagrun for example_complex to None, run_after=None
[2025-01-10T18:54:12.807+0000] {processor.py:208} INFO - Processing /home/airflow/.local/lib/python3.12/site-packages/airflow/example_dags/example_complex.py took 0.211 seconds
[2025-01-10T18:54:43.023+0000] {processor.py:186} INFO - Started process (PID=1329) to work on /home/airflow/.local/lib/python3.12/site-packages/airflow/example_dags/example_complex.py
[2025-01-10T18:54:43.024+0000] {processor.py:914} INFO - Processing file /home/airflow/.local/lib/python3.12/site-packages/airflow/example_dags/example_complex.py for tasks to queue
[2025-01-10T18:54:43.028+0000] {logging_mixin.py:190} INFO - [2025-01-10T18:54:43.028+0000] {dagbag.py:588} INFO - Filling up the DagBag from /home/airflow/.local/lib/python3.12/site-packages/airflow/example_dags/example_complex.py
[2025-01-10T18:54:43.054+0000] {processor.py:925} INFO - DAG(s) 'example_complex' retrieved from /home/airflow/.local/lib/python3.12/site-packages/airflow/example_dags/example_complex.py
[2025-01-10T18:54:43.132+0000] {logging_mixin.py:190} INFO - [2025-01-10T18:54:43.131+0000] {dag.py:3239} INFO - Sync 1 DAGs
[2025-01-10T18:54:43.166+0000] {logging_mixin.py:190} INFO - [2025-01-10T18:54:43.165+0000] {dag.py:4180} INFO - Setting next_dagrun for example_complex to None, run_after=None
[2025-01-10T18:54:43.211+0000] {processor.py:208} INFO - Processing /home/airflow/.local/lib/python3.12/site-packages/airflow/example_dags/example_complex.py took 0.199 seconds
[2025-01-10T18:55:13.300+0000] {processor.py:186} INFO - Started process (PID=1391) to work on /home/airflow/.local/lib/python3.12/site-packages/airflow/example_dags/example_complex.py
[2025-01-10T18:55:13.302+0000] {processor.py:914} INFO - Processing file /home/airflow/.local/lib/python3.12/site-packages/airflow/example_dags/example_complex.py for tasks to queue
[2025-01-10T18:55:13.308+0000] {logging_mixin.py:190} INFO - [2025-01-10T18:55:13.307+0000] {dagbag.py:588} INFO - Filling up the DagBag from /home/airflow/.local/lib/python3.12/site-packages/airflow/example_dags/example_complex.py
[2025-01-10T18:55:13.341+0000] {processor.py:925} INFO - DAG(s) 'example_complex' retrieved from /home/airflow/.local/lib/python3.12/site-packages/airflow/example_dags/example_complex.py
[2025-01-10T18:55:13.421+0000] {logging_mixin.py:190} INFO - [2025-01-10T18:55:13.420+0000] {dag.py:3239} INFO - Sync 1 DAGs
[2025-01-10T18:55:13.453+0000] {logging_mixin.py:190} INFO - [2025-01-10T18:55:13.453+0000] {dag.py:4180} INFO - Setting next_dagrun for example_complex to None, run_after=None
[2025-01-10T18:55:13.497+0000] {processor.py:208} INFO - Processing /home/airflow/.local/lib/python3.12/site-packages/airflow/example_dags/example_complex.py took 0.211 seconds
[2025-01-10T18:55:43.964+0000] {processor.py:186} INFO - Started process (PID=1453) to work on /home/airflow/.local/lib/python3.12/site-packages/airflow/example_dags/example_complex.py
[2025-01-10T18:55:43.966+0000] {processor.py:914} INFO - Processing file /home/airflow/.local/lib/python3.12/site-packages/airflow/example_dags/example_complex.py for tasks to queue
[2025-01-10T18:55:43.971+0000] {logging_mixin.py:190} INFO - [2025-01-10T18:55:43.971+0000] {dagbag.py:588} INFO - Filling up the DagBag from /home/airflow/.local/lib/python3.12/site-packages/airflow/example_dags/example_complex.py
[2025-01-10T18:55:44.006+0000] {processor.py:925} INFO - DAG(s) 'example_complex' retrieved from /home/airflow/.local/lib/python3.12/site-packages/airflow/example_dags/example_complex.py
[2025-01-10T18:55:44.113+0000] {logging_mixin.py:190} INFO - [2025-01-10T18:55:44.112+0000] {dag.py:3239} INFO - Sync 1 DAGs
[2025-01-10T18:55:44.145+0000] {logging_mixin.py:190} INFO - [2025-01-10T18:55:44.144+0000] {dag.py:4180} INFO - Setting next_dagrun for example_complex to None, run_after=None
[2025-01-10T18:55:44.186+0000] {processor.py:208} INFO - Processing /home/airflow/.local/lib/python3.12/site-packages/airflow/example_dags/example_complex.py took 0.234 seconds
[2025-01-10T18:56:15.985+0000] {processor.py:186} INFO - Started process (PID=1516) to work on /home/airflow/.local/lib/python3.12/site-packages/airflow/example_dags/example_complex.py
[2025-01-10T18:56:15.987+0000] {processor.py:914} INFO - Processing file /home/airflow/.local/lib/python3.12/site-packages/airflow/example_dags/example_complex.py for tasks to queue
[2025-01-10T18:56:15.997+0000] {logging_mixin.py:190} INFO - [2025-01-10T18:56:15.996+0000] {dagbag.py:588} INFO - Filling up the DagBag from /home/airflow/.local/lib/python3.12/site-packages/airflow/example_dags/example_complex.py
[2025-01-10T18:56:16.092+0000] {processor.py:925} INFO - DAG(s) 'example_complex' retrieved from /home/airflow/.local/lib/python3.12/site-packages/airflow/example_dags/example_complex.py
[2025-01-10T18:56:16.220+0000] {logging_mixin.py:190} INFO - [2025-01-10T18:56:16.219+0000] {dag.py:3239} INFO - Sync 1 DAGs
[2025-01-10T18:56:16.305+0000] {logging_mixin.py:190} INFO - [2025-01-10T18:56:16.303+0000] {dag.py:4180} INFO - Setting next_dagrun for example_complex to None, run_after=None
[2025-01-10T18:56:16.394+0000] {processor.py:208} INFO - Processing /home/airflow/.local/lib/python3.12/site-packages/airflow/example_dags/example_complex.py took 0.448 seconds
[2025-01-10T18:56:48.405+0000] {processor.py:186} INFO - Started process (PID=1579) to work on /home/airflow/.local/lib/python3.12/site-packages/airflow/example_dags/example_complex.py
[2025-01-10T18:56:48.409+0000] {processor.py:914} INFO - Processing file /home/airflow/.local/lib/python3.12/site-packages/airflow/example_dags/example_complex.py for tasks to queue
[2025-01-10T18:56:48.424+0000] {logging_mixin.py:190} INFO - [2025-01-10T18:56:48.423+0000] {dagbag.py:588} INFO - Filling up the DagBag from /home/airflow/.local/lib/python3.12/site-packages/airflow/example_dags/example_complex.py
[2025-01-10T18:56:48.490+0000] {processor.py:925} INFO - DAG(s) 'example_complex' retrieved from /home/airflow/.local/lib/python3.12/site-packages/airflow/example_dags/example_complex.py
[2025-01-10T18:56:48.680+0000] {logging_mixin.py:190} INFO - [2025-01-10T18:56:48.678+0000] {dag.py:3239} INFO - Sync 1 DAGs
[2025-01-10T18:56:48.815+0000] {logging_mixin.py:190} INFO - [2025-01-10T18:56:48.813+0000] {dag.py:4180} INFO - Setting next_dagrun for example_complex to None, run_after=None
[2025-01-10T18:56:48.916+0000] {processor.py:208} INFO - Processing /home/airflow/.local/lib/python3.12/site-packages/airflow/example_dags/example_complex.py took 0.535 seconds
[2025-01-10T18:57:19.868+0000] {processor.py:186} INFO - Started process (PID=1642) to work on /home/airflow/.local/lib/python3.12/site-packages/airflow/example_dags/example_complex.py
[2025-01-10T18:57:19.871+0000] {processor.py:914} INFO - Processing file /home/airflow/.local/lib/python3.12/site-packages/airflow/example_dags/example_complex.py for tasks to queue
[2025-01-10T18:57:19.879+0000] {logging_mixin.py:190} INFO - [2025-01-10T18:57:19.878+0000] {dagbag.py:588} INFO - Filling up the DagBag from /home/airflow/.local/lib/python3.12/site-packages/airflow/example_dags/example_complex.py
[2025-01-10T18:57:19.913+0000] {processor.py:925} INFO - DAG(s) 'example_complex' retrieved from /home/airflow/.local/lib/python3.12/site-packages/airflow/example_dags/example_complex.py
[2025-01-10T18:57:20.004+0000] {logging_mixin.py:190} INFO - [2025-01-10T18:57:20.004+0000] {dag.py:3239} INFO - Sync 1 DAGs
[2025-01-10T18:57:20.038+0000] {logging_mixin.py:190} INFO - [2025-01-10T18:57:20.038+0000] {dag.py:4180} INFO - Setting next_dagrun for example_complex to None, run_after=None
[2025-01-10T18:57:20.091+0000] {processor.py:208} INFO - Processing /home/airflow/.local/lib/python3.12/site-packages/airflow/example_dags/example_complex.py took 0.245 seconds
[2025-01-10T18:57:50.210+0000] {processor.py:186} INFO - Started process (PID=1704) to work on /home/airflow/.local/lib/python3.12/site-packages/airflow/example_dags/example_complex.py
[2025-01-10T18:57:50.213+0000] {processor.py:914} INFO - Processing file /home/airflow/.local/lib/python3.12/site-packages/airflow/example_dags/example_complex.py for tasks to queue
[2025-01-10T18:57:50.220+0000] {logging_mixin.py:190} INFO - [2025-01-10T18:57:50.219+0000] {dagbag.py:588} INFO - Filling up the DagBag from /home/airflow/.local/lib/python3.12/site-packages/airflow/example_dags/example_complex.py
[2025-01-10T18:57:50.277+0000] {processor.py:925} INFO - DAG(s) 'example_complex' retrieved from /home/airflow/.local/lib/python3.12/site-packages/airflow/example_dags/example_complex.py
[2025-01-10T18:57:50.446+0000] {logging_mixin.py:190} INFO - [2025-01-10T18:57:50.444+0000] {dag.py:3239} INFO - Sync 1 DAGs
[2025-01-10T18:57:50.540+0000] {logging_mixin.py:190} INFO - [2025-01-10T18:57:50.537+0000] {dag.py:4180} INFO - Setting next_dagrun for example_complex to None, run_after=None
[2025-01-10T18:57:50.695+0000] {processor.py:208} INFO - Processing /home/airflow/.local/lib/python3.12/site-packages/airflow/example_dags/example_complex.py took 0.502 seconds
[2025-01-10T18:58:21.498+0000] {processor.py:186} INFO - Started process (PID=1767) to work on /home/airflow/.local/lib/python3.12/site-packages/airflow/example_dags/example_complex.py
[2025-01-10T18:58:21.502+0000] {processor.py:914} INFO - Processing file /home/airflow/.local/lib/python3.12/site-packages/airflow/example_dags/example_complex.py for tasks to queue
[2025-01-10T18:58:21.512+0000] {logging_mixin.py:190} INFO - [2025-01-10T18:58:21.511+0000] {dagbag.py:588} INFO - Filling up the DagBag from /home/airflow/.local/lib/python3.12/site-packages/airflow/example_dags/example_complex.py
[2025-01-10T18:58:21.549+0000] {processor.py:925} INFO - DAG(s) 'example_complex' retrieved from /home/airflow/.local/lib/python3.12/site-packages/airflow/example_dags/example_complex.py
[2025-01-10T18:58:21.640+0000] {logging_mixin.py:190} INFO - [2025-01-10T18:58:21.639+0000] {dag.py:3239} INFO - Sync 1 DAGs
[2025-01-10T18:58:21.673+0000] {logging_mixin.py:190} INFO - [2025-01-10T18:58:21.673+0000] {dag.py:4180} INFO - Setting next_dagrun for example_complex to None, run_after=None
[2025-01-10T18:58:21.706+0000] {processor.py:208} INFO - Processing /home/airflow/.local/lib/python3.12/site-packages/airflow/example_dags/example_complex.py took 0.234 seconds
[2025-01-10T18:58:52.181+0000] {processor.py:186} INFO - Started process (PID=1830) to work on /home/airflow/.local/lib/python3.12/site-packages/airflow/example_dags/example_complex.py
[2025-01-10T18:58:52.186+0000] {processor.py:914} INFO - Processing file /home/airflow/.local/lib/python3.12/site-packages/airflow/example_dags/example_complex.py for tasks to queue
[2025-01-10T18:58:52.194+0000] {logging_mixin.py:190} INFO - [2025-01-10T18:58:52.193+0000] {dagbag.py:588} INFO - Filling up the DagBag from /home/airflow/.local/lib/python3.12/site-packages/airflow/example_dags/example_complex.py
[2025-01-10T18:58:52.268+0000] {processor.py:925} INFO - DAG(s) 'example_complex' retrieved from /home/airflow/.local/lib/python3.12/site-packages/airflow/example_dags/example_complex.py
[2025-01-10T18:58:52.419+0000] {logging_mixin.py:190} INFO - [2025-01-10T18:58:52.418+0000] {dag.py:3239} INFO - Sync 1 DAGs
[2025-01-10T18:58:52.483+0000] {logging_mixin.py:190} INFO - [2025-01-10T18:58:52.482+0000] {dag.py:4180} INFO - Setting next_dagrun for example_complex to None, run_after=None
[2025-01-10T18:58:52.560+0000] {processor.py:208} INFO - Processing /home/airflow/.local/lib/python3.12/site-packages/airflow/example_dags/example_complex.py took 0.408 seconds
[2025-01-10T18:59:22.711+0000] {processor.py:186} INFO - Started process (PID=1893) to work on /home/airflow/.local/lib/python3.12/site-packages/airflow/example_dags/example_complex.py
[2025-01-10T18:59:22.719+0000] {processor.py:914} INFO - Processing file /home/airflow/.local/lib/python3.12/site-packages/airflow/example_dags/example_complex.py for tasks to queue
[2025-01-10T18:59:22.726+0000] {logging_mixin.py:190} INFO - [2025-01-10T18:59:22.725+0000] {dagbag.py:588} INFO - Filling up the DagBag from /home/airflow/.local/lib/python3.12/site-packages/airflow/example_dags/example_complex.py
[2025-01-10T18:59:22.770+0000] {processor.py:925} INFO - DAG(s) 'example_complex' retrieved from /home/airflow/.local/lib/python3.12/site-packages/airflow/example_dags/example_complex.py
[2025-01-10T18:59:22.867+0000] {logging_mixin.py:190} INFO - [2025-01-10T18:59:22.867+0000] {dag.py:3239} INFO - Sync 1 DAGs
[2025-01-10T18:59:22.930+0000] {logging_mixin.py:190} INFO - [2025-01-10T18:59:22.929+0000] {dag.py:4180} INFO - Setting next_dagrun for example_complex to None, run_after=None
[2025-01-10T18:59:23.014+0000] {processor.py:208} INFO - Processing /home/airflow/.local/lib/python3.12/site-packages/airflow/example_dags/example_complex.py took 0.328 seconds
[2025-01-10T18:59:53.712+0000] {processor.py:186} INFO - Started process (PID=1956) to work on /home/airflow/.local/lib/python3.12/site-packages/airflow/example_dags/example_complex.py
[2025-01-10T18:59:53.714+0000] {processor.py:914} INFO - Processing file /home/airflow/.local/lib/python3.12/site-packages/airflow/example_dags/example_complex.py for tasks to queue
[2025-01-10T18:59:53.720+0000] {logging_mixin.py:190} INFO - [2025-01-10T18:59:53.719+0000] {dagbag.py:588} INFO - Filling up the DagBag from /home/airflow/.local/lib/python3.12/site-packages/airflow/example_dags/example_complex.py
[2025-01-10T18:59:53.755+0000] {processor.py:925} INFO - DAG(s) 'example_complex' retrieved from /home/airflow/.local/lib/python3.12/site-packages/airflow/example_dags/example_complex.py
[2025-01-10T18:59:53.872+0000] {logging_mixin.py:190} INFO - [2025-01-10T18:59:53.871+0000] {dag.py:3239} INFO - Sync 1 DAGs
[2025-01-10T18:59:53.945+0000] {logging_mixin.py:190} INFO - [2025-01-10T18:59:53.945+0000] {dag.py:4180} INFO - Setting next_dagrun for example_complex to None, run_after=None
[2025-01-10T18:59:54.003+0000] {processor.py:208} INFO - Processing /home/airflow/.local/lib/python3.12/site-packages/airflow/example_dags/example_complex.py took 0.308 seconds
[2025-01-10T19:00:24.785+0000] {processor.py:186} INFO - Started process (PID=2019) to work on /home/airflow/.local/lib/python3.12/site-packages/airflow/example_dags/example_complex.py
[2025-01-10T19:00:24.788+0000] {processor.py:914} INFO - Processing file /home/airflow/.local/lib/python3.12/site-packages/airflow/example_dags/example_complex.py for tasks to queue
[2025-01-10T19:00:24.796+0000] {logging_mixin.py:190} INFO - [2025-01-10T19:00:24.795+0000] {dagbag.py:588} INFO - Filling up the DagBag from /home/airflow/.local/lib/python3.12/site-packages/airflow/example_dags/example_complex.py
[2025-01-10T19:00:24.864+0000] {processor.py:925} INFO - DAG(s) 'example_complex' retrieved from /home/airflow/.local/lib/python3.12/site-packages/airflow/example_dags/example_complex.py
[2025-01-10T19:00:25.019+0000] {logging_mixin.py:190} INFO - [2025-01-10T19:00:25.018+0000] {dag.py:3239} INFO - Sync 1 DAGs
[2025-01-10T19:00:25.095+0000] {logging_mixin.py:190} INFO - [2025-01-10T19:00:25.095+0000] {dag.py:4180} INFO - Setting next_dagrun for example_complex to None, run_after=None
[2025-01-10T19:00:25.175+0000] {processor.py:208} INFO - Processing /home/airflow/.local/lib/python3.12/site-packages/airflow/example_dags/example_complex.py took 0.424 seconds
[2025-01-10T19:00:55.402+0000] {processor.py:186} INFO - Started process (PID=2082) to work on /home/airflow/.local/lib/python3.12/site-packages/airflow/example_dags/example_complex.py
[2025-01-10T19:00:55.404+0000] {processor.py:914} INFO - Processing file /home/airflow/.local/lib/python3.12/site-packages/airflow/example_dags/example_complex.py for tasks to queue
[2025-01-10T19:00:55.410+0000] {logging_mixin.py:190} INFO - [2025-01-10T19:00:55.409+0000] {dagbag.py:588} INFO - Filling up the DagBag from /home/airflow/.local/lib/python3.12/site-packages/airflow/example_dags/example_complex.py
[2025-01-10T19:00:55.441+0000] {processor.py:925} INFO - DAG(s) 'example_complex' retrieved from /home/airflow/.local/lib/python3.12/site-packages/airflow/example_dags/example_complex.py
[2025-01-10T19:00:55.530+0000] {logging_mixin.py:190} INFO - [2025-01-10T19:00:55.529+0000] {dag.py:3239} INFO - Sync 1 DAGs
[2025-01-10T19:00:55.574+0000] {logging_mixin.py:190} INFO - [2025-01-10T19:00:55.574+0000] {dag.py:4180} INFO - Setting next_dagrun for example_complex to None, run_after=None
[2025-01-10T19:00:55.623+0000] {processor.py:208} INFO - Processing /home/airflow/.local/lib/python3.12/site-packages/airflow/example_dags/example_complex.py took 0.237 seconds
[2025-01-10T19:01:26.700+0000] {processor.py:186} INFO - Started process (PID=2145) to work on /home/airflow/.local/lib/python3.12/site-packages/airflow/example_dags/example_complex.py
[2025-01-10T19:01:26.704+0000] {processor.py:914} INFO - Processing file /home/airflow/.local/lib/python3.12/site-packages/airflow/example_dags/example_complex.py for tasks to queue
[2025-01-10T19:01:26.717+0000] {logging_mixin.py:190} INFO - [2025-01-10T19:01:26.716+0000] {dagbag.py:588} INFO - Filling up the DagBag from /home/airflow/.local/lib/python3.12/site-packages/airflow/example_dags/example_complex.py
[2025-01-10T19:01:26.834+0000] {processor.py:925} INFO - DAG(s) 'example_complex' retrieved from /home/airflow/.local/lib/python3.12/site-packages/airflow/example_dags/example_complex.py
[2025-01-10T19:01:26.984+0000] {logging_mixin.py:190} INFO - [2025-01-10T19:01:26.983+0000] {dag.py:3239} INFO - Sync 1 DAGs
[2025-01-10T19:01:27.026+0000] {logging_mixin.py:190} INFO - [2025-01-10T19:01:27.026+0000] {dag.py:4180} INFO - Setting next_dagrun for example_complex to None, run_after=None
[2025-01-10T19:01:27.083+0000] {processor.py:208} INFO - Processing /home/airflow/.local/lib/python3.12/site-packages/airflow/example_dags/example_complex.py took 0.415 seconds
[2025-01-10T19:01:57.209+0000] {processor.py:186} INFO - Started process (PID=2207) to work on /home/airflow/.local/lib/python3.12/site-packages/airflow/example_dags/example_complex.py
[2025-01-10T19:01:57.212+0000] {processor.py:914} INFO - Processing file /home/airflow/.local/lib/python3.12/site-packages/airflow/example_dags/example_complex.py for tasks to queue
[2025-01-10T19:01:57.219+0000] {logging_mixin.py:190} INFO - [2025-01-10T19:01:57.218+0000] {dagbag.py:588} INFO - Filling up the DagBag from /home/airflow/.local/lib/python3.12/site-packages/airflow/example_dags/example_complex.py
[2025-01-10T19:01:57.263+0000] {processor.py:925} INFO - DAG(s) 'example_complex' retrieved from /home/airflow/.local/lib/python3.12/site-packages/airflow/example_dags/example_complex.py
[2025-01-10T19:01:57.406+0000] {logging_mixin.py:190} INFO - [2025-01-10T19:01:57.405+0000] {dag.py:3239} INFO - Sync 1 DAGs
[2025-01-10T19:01:57.494+0000] {logging_mixin.py:190} INFO - [2025-01-10T19:01:57.493+0000] {dag.py:4180} INFO - Setting next_dagrun for example_complex to None, run_after=None
[2025-01-10T19:01:57.572+0000] {processor.py:208} INFO - Processing /home/airflow/.local/lib/python3.12/site-packages/airflow/example_dags/example_complex.py took 0.382 seconds
[2025-01-10T19:02:27.736+0000] {processor.py:186} INFO - Started process (PID=2270) to work on /home/airflow/.local/lib/python3.12/site-packages/airflow/example_dags/example_complex.py
[2025-01-10T19:02:27.738+0000] {processor.py:914} INFO - Processing file /home/airflow/.local/lib/python3.12/site-packages/airflow/example_dags/example_complex.py for tasks to queue
[2025-01-10T19:02:27.745+0000] {logging_mixin.py:190} INFO - [2025-01-10T19:02:27.744+0000] {dagbag.py:588} INFO - Filling up the DagBag from /home/airflow/.local/lib/python3.12/site-packages/airflow/example_dags/example_complex.py
[2025-01-10T19:02:27.774+0000] {processor.py:925} INFO - DAG(s) 'example_complex' retrieved from /home/airflow/.local/lib/python3.12/site-packages/airflow/example_dags/example_complex.py
[2025-01-10T19:02:27.843+0000] {logging_mixin.py:190} INFO - [2025-01-10T19:02:27.843+0000] {dag.py:3239} INFO - Sync 1 DAGs
[2025-01-10T19:02:27.872+0000] {logging_mixin.py:190} INFO - [2025-01-10T19:02:27.872+0000] {dag.py:4180} INFO - Setting next_dagrun for example_complex to None, run_after=None
[2025-01-10T19:02:27.914+0000] {processor.py:208} INFO - Processing /home/airflow/.local/lib/python3.12/site-packages/airflow/example_dags/example_complex.py took 0.197 seconds
[2025-01-10T19:02:58.339+0000] {processor.py:186} INFO - Started process (PID=2333) to work on /home/airflow/.local/lib/python3.12/site-packages/airflow/example_dags/example_complex.py
[2025-01-10T19:02:58.341+0000] {processor.py:914} INFO - Processing file /home/airflow/.local/lib/python3.12/site-packages/airflow/example_dags/example_complex.py for tasks to queue
[2025-01-10T19:02:58.346+0000] {logging_mixin.py:190} INFO - [2025-01-10T19:02:58.346+0000] {dagbag.py:588} INFO - Filling up the DagBag from /home/airflow/.local/lib/python3.12/site-packages/airflow/example_dags/example_complex.py
[2025-01-10T19:02:58.373+0000] {processor.py:925} INFO - DAG(s) 'example_complex' retrieved from /home/airflow/.local/lib/python3.12/site-packages/airflow/example_dags/example_complex.py
[2025-01-10T19:02:58.484+0000] {logging_mixin.py:190} INFO - [2025-01-10T19:02:58.483+0000] {dag.py:3239} INFO - Sync 1 DAGs
[2025-01-10T19:02:58.531+0000] {logging_mixin.py:190} INFO - [2025-01-10T19:02:58.531+0000] {dag.py:4180} INFO - Setting next_dagrun for example_complex to None, run_after=None
[2025-01-10T19:02:58.589+0000] {processor.py:208} INFO - Processing /home/airflow/.local/lib/python3.12/site-packages/airflow/example_dags/example_complex.py took 0.261 seconds
[2025-01-10T19:03:30.310+0000] {processor.py:186} INFO - Started process (PID=2396) to work on /home/airflow/.local/lib/python3.12/site-packages/airflow/example_dags/example_complex.py
[2025-01-10T19:03:30.312+0000] {processor.py:914} INFO - Processing file /home/airflow/.local/lib/python3.12/site-packages/airflow/example_dags/example_complex.py for tasks to queue
[2025-01-10T19:03:30.319+0000] {logging_mixin.py:190} INFO - [2025-01-10T19:03:30.319+0000] {dagbag.py:588} INFO - Filling up the DagBag from /home/airflow/.local/lib/python3.12/site-packages/airflow/example_dags/example_complex.py
[2025-01-10T19:03:30.353+0000] {processor.py:925} INFO - DAG(s) 'example_complex' retrieved from /home/airflow/.local/lib/python3.12/site-packages/airflow/example_dags/example_complex.py
[2025-01-10T19:03:30.434+0000] {logging_mixin.py:190} INFO - [2025-01-10T19:03:30.433+0000] {dag.py:3239} INFO - Sync 1 DAGs
[2025-01-10T19:03:30.471+0000] {logging_mixin.py:190} INFO - [2025-01-10T19:03:30.471+0000] {dag.py:4180} INFO - Setting next_dagrun for example_complex to None, run_after=None
[2025-01-10T19:03:30.528+0000] {processor.py:208} INFO - Processing /home/airflow/.local/lib/python3.12/site-packages/airflow/example_dags/example_complex.py took 0.234 seconds
[2025-01-10T19:04:03.901+0000] {processor.py:186} INFO - Started process (PID=2459) to work on /home/airflow/.local/lib/python3.12/site-packages/airflow/example_dags/example_complex.py
[2025-01-10T19:04:03.905+0000] {processor.py:914} INFO - Processing file /home/airflow/.local/lib/python3.12/site-packages/airflow/example_dags/example_complex.py for tasks to queue
[2025-01-10T19:04:03.913+0000] {logging_mixin.py:190} INFO - [2025-01-10T19:04:03.911+0000] {dagbag.py:588} INFO - Filling up the DagBag from /home/airflow/.local/lib/python3.12/site-packages/airflow/example_dags/example_complex.py
[2025-01-10T19:04:03.975+0000] {processor.py:925} INFO - DAG(s) 'example_complex' retrieved from /home/airflow/.local/lib/python3.12/site-packages/airflow/example_dags/example_complex.py
[2025-01-10T19:04:04.114+0000] {logging_mixin.py:190} INFO - [2025-01-10T19:04:04.113+0000] {dag.py:3239} INFO - Sync 1 DAGs
[2025-01-10T19:04:04.158+0000] {logging_mixin.py:190} INFO - [2025-01-10T19:04:04.158+0000] {dag.py:4180} INFO - Setting next_dagrun for example_complex to None, run_after=None
[2025-01-10T19:04:04.211+0000] {processor.py:208} INFO - Processing /home/airflow/.local/lib/python3.12/site-packages/airflow/example_dags/example_complex.py took 0.330 seconds
[2025-01-10T19:04:38.952+0000] {processor.py:186} INFO - Started process (PID=2530) to work on /home/airflow/.local/lib/python3.12/site-packages/airflow/example_dags/example_complex.py
[2025-01-10T19:04:38.956+0000] {processor.py:914} INFO - Processing file /home/airflow/.local/lib/python3.12/site-packages/airflow/example_dags/example_complex.py for tasks to queue
[2025-01-10T19:04:38.961+0000] {logging_mixin.py:190} INFO - [2025-01-10T19:04:38.961+0000] {dagbag.py:588} INFO - Filling up the DagBag from /home/airflow/.local/lib/python3.12/site-packages/airflow/example_dags/example_complex.py
[2025-01-10T19:04:39.009+0000] {processor.py:925} INFO - DAG(s) 'example_complex' retrieved from /home/airflow/.local/lib/python3.12/site-packages/airflow/example_dags/example_complex.py
[2025-01-10T19:04:39.357+0000] {logging_mixin.py:190} INFO - [2025-01-10T19:04:39.354+0000] {dag.py:3239} INFO - Sync 1 DAGs
[2025-01-10T19:04:39.476+0000] {logging_mixin.py:190} INFO - [2025-01-10T19:04:39.475+0000] {dag.py:4180} INFO - Setting next_dagrun for example_complex to None, run_after=None
[2025-01-10T19:04:39.529+0000] {processor.py:208} INFO - Processing /home/airflow/.local/lib/python3.12/site-packages/airflow/example_dags/example_complex.py took 0.597 seconds
[2025-01-10T19:05:12.461+0000] {processor.py:186} INFO - Started process (PID=2596) to work on /home/airflow/.local/lib/python3.12/site-packages/airflow/example_dags/example_complex.py
[2025-01-10T19:05:12.463+0000] {processor.py:914} INFO - Processing file /home/airflow/.local/lib/python3.12/site-packages/airflow/example_dags/example_complex.py for tasks to queue
[2025-01-10T19:05:12.470+0000] {logging_mixin.py:190} INFO - [2025-01-10T19:05:12.469+0000] {dagbag.py:588} INFO - Filling up the DagBag from /home/airflow/.local/lib/python3.12/site-packages/airflow/example_dags/example_complex.py
[2025-01-10T19:05:12.500+0000] {processor.py:925} INFO - DAG(s) 'example_complex' retrieved from /home/airflow/.local/lib/python3.12/site-packages/airflow/example_dags/example_complex.py
[2025-01-10T19:05:12.580+0000] {logging_mixin.py:190} INFO - [2025-01-10T19:05:12.579+0000] {dag.py:3239} INFO - Sync 1 DAGs
[2025-01-10T19:05:12.611+0000] {logging_mixin.py:190} INFO - [2025-01-10T19:05:12.611+0000] {dag.py:4180} INFO - Setting next_dagrun for example_complex to None, run_after=None
[2025-01-10T19:05:12.649+0000] {processor.py:208} INFO - Processing /home/airflow/.local/lib/python3.12/site-packages/airflow/example_dags/example_complex.py took 0.201 seconds
[2025-01-10T19:05:45.844+0000] {processor.py:186} INFO - Started process (PID=2671) to work on /home/airflow/.local/lib/python3.12/site-packages/airflow/example_dags/example_complex.py
[2025-01-10T19:05:45.847+0000] {processor.py:914} INFO - Processing file /home/airflow/.local/lib/python3.12/site-packages/airflow/example_dags/example_complex.py for tasks to queue
[2025-01-10T19:05:45.853+0000] {logging_mixin.py:190} INFO - [2025-01-10T19:05:45.852+0000] {dagbag.py:588} INFO - Filling up the DagBag from /home/airflow/.local/lib/python3.12/site-packages/airflow/example_dags/example_complex.py
[2025-01-10T19:05:45.904+0000] {processor.py:925} INFO - DAG(s) 'example_complex' retrieved from /home/airflow/.local/lib/python3.12/site-packages/airflow/example_dags/example_complex.py
[2025-01-10T19:05:45.995+0000] {logging_mixin.py:190} INFO - [2025-01-10T19:05:45.995+0000] {dag.py:3239} INFO - Sync 1 DAGs
[2025-01-10T19:05:46.037+0000] {logging_mixin.py:190} INFO - [2025-01-10T19:05:46.036+0000] {dag.py:4180} INFO - Setting next_dagrun for example_complex to None, run_after=None
[2025-01-10T19:05:46.082+0000] {processor.py:208} INFO - Processing /home/airflow/.local/lib/python3.12/site-packages/airflow/example_dags/example_complex.py took 0.251 seconds
[2025-01-10T19:06:18.316+0000] {processor.py:186} INFO - Started process (PID=2737) to work on /home/airflow/.local/lib/python3.12/site-packages/airflow/example_dags/example_complex.py
[2025-01-10T19:06:18.319+0000] {processor.py:914} INFO - Processing file /home/airflow/.local/lib/python3.12/site-packages/airflow/example_dags/example_complex.py for tasks to queue
[2025-01-10T19:06:18.327+0000] {logging_mixin.py:190} INFO - [2025-01-10T19:06:18.326+0000] {dagbag.py:588} INFO - Filling up the DagBag from /home/airflow/.local/lib/python3.12/site-packages/airflow/example_dags/example_complex.py
[2025-01-10T19:06:18.358+0000] {processor.py:925} INFO - DAG(s) 'example_complex' retrieved from /home/airflow/.local/lib/python3.12/site-packages/airflow/example_dags/example_complex.py
[2025-01-10T19:06:18.433+0000] {logging_mixin.py:190} INFO - [2025-01-10T19:06:18.432+0000] {dag.py:3239} INFO - Sync 1 DAGs
[2025-01-10T19:06:18.497+0000] {logging_mixin.py:190} INFO - [2025-01-10T19:06:18.496+0000] {dag.py:4180} INFO - Setting next_dagrun for example_complex to None, run_after=None
[2025-01-10T19:06:18.538+0000] {processor.py:208} INFO - Processing /home/airflow/.local/lib/python3.12/site-packages/airflow/example_dags/example_complex.py took 0.243 seconds
[2025-01-10T19:06:52.380+0000] {processor.py:186} INFO - Started process (PID=2799) to work on /home/airflow/.local/lib/python3.12/site-packages/airflow/example_dags/example_complex.py
[2025-01-10T19:06:52.387+0000] {processor.py:914} INFO - Processing file /home/airflow/.local/lib/python3.12/site-packages/airflow/example_dags/example_complex.py for tasks to queue
[2025-01-10T19:06:52.404+0000] {logging_mixin.py:190} INFO - [2025-01-10T19:06:52.401+0000] {dagbag.py:588} INFO - Filling up the DagBag from /home/airflow/.local/lib/python3.12/site-packages/airflow/example_dags/example_complex.py
[2025-01-10T19:06:52.462+0000] {processor.py:925} INFO - DAG(s) 'example_complex' retrieved from /home/airflow/.local/lib/python3.12/site-packages/airflow/example_dags/example_complex.py
[2025-01-10T19:06:52.614+0000] {logging_mixin.py:190} INFO - [2025-01-10T19:06:52.613+0000] {dag.py:3239} INFO - Sync 1 DAGs
[2025-01-10T19:06:52.689+0000] {logging_mixin.py:190} INFO - [2025-01-10T19:06:52.688+0000] {dag.py:4180} INFO - Setting next_dagrun for example_complex to None, run_after=None
[2025-01-10T19:06:52.742+0000] {processor.py:208} INFO - Processing /home/airflow/.local/lib/python3.12/site-packages/airflow/example_dags/example_complex.py took 0.408 seconds
[2025-01-10T19:07:25.321+0000] {processor.py:186} INFO - Started process (PID=2862) to work on /home/airflow/.local/lib/python3.12/site-packages/airflow/example_dags/example_complex.py
[2025-01-10T19:07:25.325+0000] {processor.py:914} INFO - Processing file /home/airflow/.local/lib/python3.12/site-packages/airflow/example_dags/example_complex.py for tasks to queue
[2025-01-10T19:07:25.330+0000] {logging_mixin.py:190} INFO - [2025-01-10T19:07:25.329+0000] {dagbag.py:588} INFO - Filling up the DagBag from /home/airflow/.local/lib/python3.12/site-packages/airflow/example_dags/example_complex.py
[2025-01-10T19:07:25.360+0000] {processor.py:925} INFO - DAG(s) 'example_complex' retrieved from /home/airflow/.local/lib/python3.12/site-packages/airflow/example_dags/example_complex.py
[2025-01-10T19:07:25.481+0000] {logging_mixin.py:190} INFO - [2025-01-10T19:07:25.480+0000] {dag.py:3239} INFO - Sync 1 DAGs
[2025-01-10T19:07:25.520+0000] {logging_mixin.py:190} INFO - [2025-01-10T19:07:25.519+0000] {dag.py:4180} INFO - Setting next_dagrun for example_complex to None, run_after=None
[2025-01-10T19:07:25.568+0000] {processor.py:208} INFO - Processing /home/airflow/.local/lib/python3.12/site-packages/airflow/example_dags/example_complex.py took 0.257 seconds
[2025-01-10T19:07:56.951+0000] {processor.py:186} INFO - Started process (PID=2925) to work on /home/airflow/.local/lib/python3.12/site-packages/airflow/example_dags/example_complex.py
[2025-01-10T19:07:56.953+0000] {processor.py:914} INFO - Processing file /home/airflow/.local/lib/python3.12/site-packages/airflow/example_dags/example_complex.py for tasks to queue
[2025-01-10T19:07:56.959+0000] {logging_mixin.py:190} INFO - [2025-01-10T19:07:56.958+0000] {dagbag.py:588} INFO - Filling up the DagBag from /home/airflow/.local/lib/python3.12/site-packages/airflow/example_dags/example_complex.py
[2025-01-10T19:07:57.066+0000] {processor.py:925} INFO - DAG(s) 'example_complex' retrieved from /home/airflow/.local/lib/python3.12/site-packages/airflow/example_dags/example_complex.py
[2025-01-10T19:07:57.299+0000] {logging_mixin.py:190} INFO - [2025-01-10T19:07:57.298+0000] {dag.py:3239} INFO - Sync 1 DAGs
[2025-01-10T19:07:57.378+0000] {logging_mixin.py:190} INFO - [2025-01-10T19:07:57.377+0000] {dag.py:4180} INFO - Setting next_dagrun for example_complex to None, run_after=None
[2025-01-10T19:07:57.478+0000] {processor.py:208} INFO - Processing /home/airflow/.local/lib/python3.12/site-packages/airflow/example_dags/example_complex.py took 0.545 seconds
[2025-01-10T19:08:28.609+0000] {processor.py:186} INFO - Started process (PID=2987) to work on /home/airflow/.local/lib/python3.12/site-packages/airflow/example_dags/example_complex.py
[2025-01-10T19:08:28.613+0000] {processor.py:914} INFO - Processing file /home/airflow/.local/lib/python3.12/site-packages/airflow/example_dags/example_complex.py for tasks to queue
[2025-01-10T19:08:28.621+0000] {logging_mixin.py:190} INFO - [2025-01-10T19:08:28.620+0000] {dagbag.py:588} INFO - Filling up the DagBag from /home/airflow/.local/lib/python3.12/site-packages/airflow/example_dags/example_complex.py
[2025-01-10T19:08:28.669+0000] {processor.py:925} INFO - DAG(s) 'example_complex' retrieved from /home/airflow/.local/lib/python3.12/site-packages/airflow/example_dags/example_complex.py
[2025-01-10T19:08:28.838+0000] {logging_mixin.py:190} INFO - [2025-01-10T19:08:28.837+0000] {dag.py:3239} INFO - Sync 1 DAGs
[2025-01-10T19:08:28.912+0000] {logging_mixin.py:190} INFO - [2025-01-10T19:08:28.912+0000] {dag.py:4180} INFO - Setting next_dagrun for example_complex to None, run_after=None
[2025-01-10T19:08:28.971+0000] {processor.py:208} INFO - Processing /home/airflow/.local/lib/python3.12/site-packages/airflow/example_dags/example_complex.py took 0.387 seconds
[2025-01-10T19:08:59.435+0000] {processor.py:186} INFO - Started process (PID=3051) to work on /home/airflow/.local/lib/python3.12/site-packages/airflow/example_dags/example_complex.py
[2025-01-10T19:08:59.438+0000] {processor.py:914} INFO - Processing file /home/airflow/.local/lib/python3.12/site-packages/airflow/example_dags/example_complex.py for tasks to queue
[2025-01-10T19:08:59.444+0000] {logging_mixin.py:190} INFO - [2025-01-10T19:08:59.444+0000] {dagbag.py:588} INFO - Filling up the DagBag from /home/airflow/.local/lib/python3.12/site-packages/airflow/example_dags/example_complex.py
[2025-01-10T19:08:59.481+0000] {processor.py:925} INFO - DAG(s) 'example_complex' retrieved from /home/airflow/.local/lib/python3.12/site-packages/airflow/example_dags/example_complex.py
[2025-01-10T19:08:59.594+0000] {logging_mixin.py:190} INFO - [2025-01-10T19:08:59.592+0000] {dag.py:3239} INFO - Sync 1 DAGs
[2025-01-10T19:08:59.731+0000] {logging_mixin.py:190} INFO - [2025-01-10T19:08:59.730+0000] {dag.py:4180} INFO - Setting next_dagrun for example_complex to None, run_after=None
[2025-01-10T19:08:59.843+0000] {processor.py:208} INFO - Processing /home/airflow/.local/lib/python3.12/site-packages/airflow/example_dags/example_complex.py took 0.425 seconds
[2025-01-10T19:09:30.417+0000] {processor.py:186} INFO - Started process (PID=3112) to work on /home/airflow/.local/lib/python3.12/site-packages/airflow/example_dags/example_complex.py
[2025-01-10T19:09:30.419+0000] {processor.py:914} INFO - Processing file /home/airflow/.local/lib/python3.12/site-packages/airflow/example_dags/example_complex.py for tasks to queue
[2025-01-10T19:09:30.426+0000] {logging_mixin.py:190} INFO - [2025-01-10T19:09:30.425+0000] {dagbag.py:588} INFO - Filling up the DagBag from /home/airflow/.local/lib/python3.12/site-packages/airflow/example_dags/example_complex.py
[2025-01-10T19:09:30.460+0000] {processor.py:925} INFO - DAG(s) 'example_complex' retrieved from /home/airflow/.local/lib/python3.12/site-packages/airflow/example_dags/example_complex.py
[2025-01-10T19:09:30.546+0000] {logging_mixin.py:190} INFO - [2025-01-10T19:09:30.546+0000] {dag.py:3239} INFO - Sync 1 DAGs
[2025-01-10T19:09:30.580+0000] {logging_mixin.py:190} INFO - [2025-01-10T19:09:30.579+0000] {dag.py:4180} INFO - Setting next_dagrun for example_complex to None, run_after=None
[2025-01-10T19:09:30.628+0000] {processor.py:208} INFO - Processing /home/airflow/.local/lib/python3.12/site-packages/airflow/example_dags/example_complex.py took 0.229 seconds
[2025-01-10T19:10:00.773+0000] {processor.py:186} INFO - Started process (PID=3176) to work on /home/airflow/.local/lib/python3.12/site-packages/airflow/example_dags/example_complex.py
[2025-01-10T19:10:00.776+0000] {processor.py:914} INFO - Processing file /home/airflow/.local/lib/python3.12/site-packages/airflow/example_dags/example_complex.py for tasks to queue
[2025-01-10T19:10:00.782+0000] {logging_mixin.py:190} INFO - [2025-01-10T19:10:00.781+0000] {dagbag.py:588} INFO - Filling up the DagBag from /home/airflow/.local/lib/python3.12/site-packages/airflow/example_dags/example_complex.py
[2025-01-10T19:10:00.819+0000] {processor.py:925} INFO - DAG(s) 'example_complex' retrieved from /home/airflow/.local/lib/python3.12/site-packages/airflow/example_dags/example_complex.py
[2025-01-10T19:10:00.890+0000] {logging_mixin.py:190} INFO - [2025-01-10T19:10:00.890+0000] {dag.py:3239} INFO - Sync 1 DAGs
[2025-01-10T19:10:00.936+0000] {logging_mixin.py:190} INFO - [2025-01-10T19:10:00.936+0000] {dag.py:4180} INFO - Setting next_dagrun for example_complex to None, run_after=None
[2025-01-10T19:10:00.989+0000] {processor.py:208} INFO - Processing /home/airflow/.local/lib/python3.12/site-packages/airflow/example_dags/example_complex.py took 0.231 seconds
[2025-01-10T19:10:31.586+0000] {processor.py:186} INFO - Started process (PID=3240) to work on /home/airflow/.local/lib/python3.12/site-packages/airflow/example_dags/example_complex.py
[2025-01-10T19:10:31.589+0000] {processor.py:914} INFO - Processing file /home/airflow/.local/lib/python3.12/site-packages/airflow/example_dags/example_complex.py for tasks to queue
[2025-01-10T19:10:31.594+0000] {logging_mixin.py:190} INFO - [2025-01-10T19:10:31.593+0000] {dagbag.py:588} INFO - Filling up the DagBag from /home/airflow/.local/lib/python3.12/site-packages/airflow/example_dags/example_complex.py
[2025-01-10T19:10:31.626+0000] {processor.py:925} INFO - DAG(s) 'example_complex' retrieved from /home/airflow/.local/lib/python3.12/site-packages/airflow/example_dags/example_complex.py
[2025-01-10T19:10:31.701+0000] {logging_mixin.py:190} INFO - [2025-01-10T19:10:31.701+0000] {dag.py:3239} INFO - Sync 1 DAGs
[2025-01-10T19:10:31.736+0000] {logging_mixin.py:190} INFO - [2025-01-10T19:10:31.736+0000] {dag.py:4180} INFO - Setting next_dagrun for example_complex to None, run_after=None
[2025-01-10T19:10:31.771+0000] {processor.py:208} INFO - Processing /home/airflow/.local/lib/python3.12/site-packages/airflow/example_dags/example_complex.py took 0.199 seconds
[2025-01-10T19:11:02.202+0000] {processor.py:186} INFO - Started process (PID=3305) to work on /home/airflow/.local/lib/python3.12/site-packages/airflow/example_dags/example_complex.py
[2025-01-10T19:11:02.205+0000] {processor.py:914} INFO - Processing file /home/airflow/.local/lib/python3.12/site-packages/airflow/example_dags/example_complex.py for tasks to queue
[2025-01-10T19:11:02.213+0000] {logging_mixin.py:190} INFO - [2025-01-10T19:11:02.212+0000] {dagbag.py:588} INFO - Filling up the DagBag from /home/airflow/.local/lib/python3.12/site-packages/airflow/example_dags/example_complex.py
[2025-01-10T19:11:02.256+0000] {processor.py:925} INFO - DAG(s) 'example_complex' retrieved from /home/airflow/.local/lib/python3.12/site-packages/airflow/example_dags/example_complex.py
[2025-01-10T19:11:02.339+0000] {logging_mixin.py:190} INFO - [2025-01-10T19:11:02.339+0000] {dag.py:3239} INFO - Sync 1 DAGs
[2025-01-10T19:11:02.390+0000] {logging_mixin.py:190} INFO - [2025-01-10T19:11:02.390+0000] {dag.py:4180} INFO - Setting next_dagrun for example_complex to None, run_after=None
[2025-01-10T19:11:02.440+0000] {processor.py:208} INFO - Processing /home/airflow/.local/lib/python3.12/site-packages/airflow/example_dags/example_complex.py took 0.255 seconds
[2025-01-10T19:11:32.967+0000] {processor.py:186} INFO - Started process (PID=3370) to work on /home/airflow/.local/lib/python3.12/site-packages/airflow/example_dags/example_complex.py
[2025-01-10T19:11:32.970+0000] {processor.py:914} INFO - Processing file /home/airflow/.local/lib/python3.12/site-packages/airflow/example_dags/example_complex.py for tasks to queue
[2025-01-10T19:11:32.976+0000] {logging_mixin.py:190} INFO - [2025-01-10T19:11:32.976+0000] {dagbag.py:588} INFO - Filling up the DagBag from /home/airflow/.local/lib/python3.12/site-packages/airflow/example_dags/example_complex.py
[2025-01-10T19:11:33.006+0000] {processor.py:925} INFO - DAG(s) 'example_complex' retrieved from /home/airflow/.local/lib/python3.12/site-packages/airflow/example_dags/example_complex.py
[2025-01-10T19:11:33.090+0000] {logging_mixin.py:190} INFO - [2025-01-10T19:11:33.090+0000] {dag.py:3239} INFO - Sync 1 DAGs
[2025-01-10T19:11:33.196+0000] {logging_mixin.py:190} INFO - [2025-01-10T19:11:33.195+0000] {dag.py:4180} INFO - Setting next_dagrun for example_complex to None, run_after=None
[2025-01-10T19:11:33.240+0000] {processor.py:208} INFO - Processing /home/airflow/.local/lib/python3.12/site-packages/airflow/example_dags/example_complex.py took 0.300 seconds
[2025-01-10T19:12:03.422+0000] {processor.py:186} INFO - Started process (PID=3435) to work on /home/airflow/.local/lib/python3.12/site-packages/airflow/example_dags/example_complex.py
[2025-01-10T19:12:03.424+0000] {processor.py:914} INFO - Processing file /home/airflow/.local/lib/python3.12/site-packages/airflow/example_dags/example_complex.py for tasks to queue
[2025-01-10T19:12:03.429+0000] {logging_mixin.py:190} INFO - [2025-01-10T19:12:03.428+0000] {dagbag.py:588} INFO - Filling up the DagBag from /home/airflow/.local/lib/python3.12/site-packages/airflow/example_dags/example_complex.py
[2025-01-10T19:12:03.488+0000] {processor.py:925} INFO - DAG(s) 'example_complex' retrieved from /home/airflow/.local/lib/python3.12/site-packages/airflow/example_dags/example_complex.py
[2025-01-10T19:12:03.673+0000] {logging_mixin.py:190} INFO - [2025-01-10T19:12:03.672+0000] {dag.py:3239} INFO - Sync 1 DAGs
[2025-01-10T19:12:03.736+0000] {logging_mixin.py:190} INFO - [2025-01-10T19:12:03.735+0000] {dag.py:4180} INFO - Setting next_dagrun for example_complex to None, run_after=None
[2025-01-10T19:12:03.792+0000] {processor.py:208} INFO - Processing /home/airflow/.local/lib/python3.12/site-packages/airflow/example_dags/example_complex.py took 0.383 seconds
[2025-01-10T19:12:34.181+0000] {processor.py:186} INFO - Started process (PID=3499) to work on /home/airflow/.local/lib/python3.12/site-packages/airflow/example_dags/example_complex.py
[2025-01-10T19:12:34.184+0000] {processor.py:914} INFO - Processing file /home/airflow/.local/lib/python3.12/site-packages/airflow/example_dags/example_complex.py for tasks to queue
[2025-01-10T19:12:34.198+0000] {logging_mixin.py:190} INFO - [2025-01-10T19:12:34.196+0000] {dagbag.py:588} INFO - Filling up the DagBag from /home/airflow/.local/lib/python3.12/site-packages/airflow/example_dags/example_complex.py
[2025-01-10T19:12:34.270+0000] {processor.py:925} INFO - DAG(s) 'example_complex' retrieved from /home/airflow/.local/lib/python3.12/site-packages/airflow/example_dags/example_complex.py
[2025-01-10T19:12:34.490+0000] {logging_mixin.py:190} INFO - [2025-01-10T19:12:34.489+0000] {dag.py:3239} INFO - Sync 1 DAGs
[2025-01-10T19:12:34.597+0000] {logging_mixin.py:190} INFO - [2025-01-10T19:12:34.596+0000] {dag.py:4180} INFO - Setting next_dagrun for example_complex to None, run_after=None
[2025-01-10T19:12:34.700+0000] {processor.py:208} INFO - Processing /home/airflow/.local/lib/python3.12/site-packages/airflow/example_dags/example_complex.py took 0.545 seconds
[2025-01-10T19:13:04.926+0000] {processor.py:186} INFO - Started process (PID=3562) to work on /home/airflow/.local/lib/python3.12/site-packages/airflow/example_dags/example_complex.py
[2025-01-10T19:13:04.929+0000] {processor.py:914} INFO - Processing file /home/airflow/.local/lib/python3.12/site-packages/airflow/example_dags/example_complex.py for tasks to queue
[2025-01-10T19:13:04.935+0000] {logging_mixin.py:190} INFO - [2025-01-10T19:13:04.934+0000] {dagbag.py:588} INFO - Filling up the DagBag from /home/airflow/.local/lib/python3.12/site-packages/airflow/example_dags/example_complex.py
[2025-01-10T19:13:04.967+0000] {processor.py:925} INFO - DAG(s) 'example_complex' retrieved from /home/airflow/.local/lib/python3.12/site-packages/airflow/example_dags/example_complex.py
[2025-01-10T19:13:05.064+0000] {logging_mixin.py:190} INFO - [2025-01-10T19:13:05.064+0000] {dag.py:3239} INFO - Sync 1 DAGs
[2025-01-10T19:13:05.097+0000] {logging_mixin.py:190} INFO - [2025-01-10T19:13:05.096+0000] {dag.py:4180} INFO - Setting next_dagrun for example_complex to None, run_after=None
[2025-01-10T19:13:05.141+0000] {processor.py:208} INFO - Processing /home/airflow/.local/lib/python3.12/site-packages/airflow/example_dags/example_complex.py took 0.226 seconds
[2025-01-10T19:13:35.903+0000] {processor.py:186} INFO - Started process (PID=3627) to work on /home/airflow/.local/lib/python3.12/site-packages/airflow/example_dags/example_complex.py
[2025-01-10T19:13:35.906+0000] {processor.py:914} INFO - Processing file /home/airflow/.local/lib/python3.12/site-packages/airflow/example_dags/example_complex.py for tasks to queue
[2025-01-10T19:13:35.914+0000] {logging_mixin.py:190} INFO - [2025-01-10T19:13:35.913+0000] {dagbag.py:588} INFO - Filling up the DagBag from /home/airflow/.local/lib/python3.12/site-packages/airflow/example_dags/example_complex.py
[2025-01-10T19:13:35.943+0000] {processor.py:925} INFO - DAG(s) 'example_complex' retrieved from /home/airflow/.local/lib/python3.12/site-packages/airflow/example_dags/example_complex.py
[2025-01-10T19:13:36.030+0000] {logging_mixin.py:190} INFO - [2025-01-10T19:13:36.030+0000] {dag.py:3239} INFO - Sync 1 DAGs
[2025-01-10T19:13:36.072+0000] {logging_mixin.py:190} INFO - [2025-01-10T19:13:36.071+0000] {dag.py:4180} INFO - Setting next_dagrun for example_complex to None, run_after=None
[2025-01-10T19:13:36.123+0000] {processor.py:208} INFO - Processing /home/airflow/.local/lib/python3.12/site-packages/airflow/example_dags/example_complex.py took 0.236 seconds
[2025-01-10T19:14:10.578+0000] {processor.py:186} INFO - Started process (PID=3694) to work on /home/airflow/.local/lib/python3.12/site-packages/airflow/example_dags/example_complex.py
[2025-01-10T19:14:10.583+0000] {processor.py:914} INFO - Processing file /home/airflow/.local/lib/python3.12/site-packages/airflow/example_dags/example_complex.py for tasks to queue
[2025-01-10T19:14:10.589+0000] {logging_mixin.py:190} INFO - [2025-01-10T19:14:10.587+0000] {dagbag.py:588} INFO - Filling up the DagBag from /home/airflow/.local/lib/python3.12/site-packages/airflow/example_dags/example_complex.py
[2025-01-10T19:14:10.681+0000] {processor.py:925} INFO - DAG(s) 'example_complex' retrieved from /home/airflow/.local/lib/python3.12/site-packages/airflow/example_dags/example_complex.py
[2025-01-10T19:14:10.857+0000] {logging_mixin.py:190} INFO - [2025-01-10T19:14:10.856+0000] {dag.py:3239} INFO - Sync 1 DAGs
[2025-01-10T19:14:10.931+0000] {logging_mixin.py:190} INFO - [2025-01-10T19:14:10.930+0000] {dag.py:4180} INFO - Setting next_dagrun for example_complex to None, run_after=None
[2025-01-10T19:14:11.023+0000] {processor.py:208} INFO - Processing /home/airflow/.local/lib/python3.12/site-packages/airflow/example_dags/example_complex.py took 0.492 seconds
[2025-01-10T19:14:41.412+0000] {processor.py:186} INFO - Started process (PID=3758) to work on /home/airflow/.local/lib/python3.12/site-packages/airflow/example_dags/example_complex.py
[2025-01-10T19:14:41.415+0000] {processor.py:914} INFO - Processing file /home/airflow/.local/lib/python3.12/site-packages/airflow/example_dags/example_complex.py for tasks to queue
[2025-01-10T19:14:41.418+0000] {logging_mixin.py:190} INFO - [2025-01-10T19:14:41.417+0000] {dagbag.py:588} INFO - Filling up the DagBag from /home/airflow/.local/lib/python3.12/site-packages/airflow/example_dags/example_complex.py
[2025-01-10T19:14:41.453+0000] {processor.py:925} INFO - DAG(s) 'example_complex' retrieved from /home/airflow/.local/lib/python3.12/site-packages/airflow/example_dags/example_complex.py
[2025-01-10T19:14:41.554+0000] {logging_mixin.py:190} INFO - [2025-01-10T19:14:41.554+0000] {dag.py:3239} INFO - Sync 1 DAGs
[2025-01-10T19:14:41.596+0000] {logging_mixin.py:190} INFO - [2025-01-10T19:14:41.596+0000] {dag.py:4180} INFO - Setting next_dagrun for example_complex to None, run_after=None
[2025-01-10T19:14:41.652+0000] {processor.py:208} INFO - Processing /home/airflow/.local/lib/python3.12/site-packages/airflow/example_dags/example_complex.py took 0.258 seconds
[2025-01-10T19:15:12.195+0000] {processor.py:186} INFO - Started process (PID=3822) to work on /home/airflow/.local/lib/python3.12/site-packages/airflow/example_dags/example_complex.py
[2025-01-10T19:15:12.200+0000] {processor.py:914} INFO - Processing file /home/airflow/.local/lib/python3.12/site-packages/airflow/example_dags/example_complex.py for tasks to queue
[2025-01-10T19:15:12.209+0000] {logging_mixin.py:190} INFO - [2025-01-10T19:15:12.207+0000] {dagbag.py:588} INFO - Filling up the DagBag from /home/airflow/.local/lib/python3.12/site-packages/airflow/example_dags/example_complex.py
[2025-01-10T19:15:12.291+0000] {processor.py:925} INFO - DAG(s) 'example_complex' retrieved from /home/airflow/.local/lib/python3.12/site-packages/airflow/example_dags/example_complex.py
[2025-01-10T19:15:12.451+0000] {logging_mixin.py:190} INFO - [2025-01-10T19:15:12.450+0000] {dag.py:3239} INFO - Sync 1 DAGs
[2025-01-10T19:15:12.500+0000] {logging_mixin.py:190} INFO - [2025-01-10T19:15:12.499+0000] {dag.py:4180} INFO - Setting next_dagrun for example_complex to None, run_after=None
[2025-01-10T19:15:12.547+0000] {processor.py:208} INFO - Processing /home/airflow/.local/lib/python3.12/site-packages/airflow/example_dags/example_complex.py took 0.389 seconds
[2025-01-10T19:15:43.410+0000] {processor.py:186} INFO - Started process (PID=3886) to work on /home/airflow/.local/lib/python3.12/site-packages/airflow/example_dags/example_complex.py
[2025-01-10T19:15:43.411+0000] {processor.py:914} INFO - Processing file /home/airflow/.local/lib/python3.12/site-packages/airflow/example_dags/example_complex.py for tasks to queue
[2025-01-10T19:15:43.413+0000] {logging_mixin.py:190} INFO - [2025-01-10T19:15:43.413+0000] {dagbag.py:588} INFO - Filling up the DagBag from /home/airflow/.local/lib/python3.12/site-packages/airflow/example_dags/example_complex.py
[2025-01-10T19:15:43.435+0000] {processor.py:925} INFO - DAG(s) 'example_complex' retrieved from /home/airflow/.local/lib/python3.12/site-packages/airflow/example_dags/example_complex.py
[2025-01-10T19:15:43.643+0000] {logging_mixin.py:190} INFO - [2025-01-10T19:15:43.643+0000] {dag.py:3239} INFO - Sync 1 DAGs
[2025-01-10T19:15:43.685+0000] {logging_mixin.py:190} INFO - [2025-01-10T19:15:43.685+0000] {dag.py:4180} INFO - Setting next_dagrun for example_complex to None, run_after=None
[2025-01-10T19:15:43.736+0000] {processor.py:208} INFO - Processing /home/airflow/.local/lib/python3.12/site-packages/airflow/example_dags/example_complex.py took 0.338 seconds
[2025-01-10T19:16:14.068+0000] {processor.py:186} INFO - Started process (PID=3949) to work on /home/airflow/.local/lib/python3.12/site-packages/airflow/example_dags/example_complex.py
[2025-01-10T19:16:14.070+0000] {processor.py:914} INFO - Processing file /home/airflow/.local/lib/python3.12/site-packages/airflow/example_dags/example_complex.py for tasks to queue
[2025-01-10T19:16:14.072+0000] {logging_mixin.py:190} INFO - [2025-01-10T19:16:14.072+0000] {dagbag.py:588} INFO - Filling up the DagBag from /home/airflow/.local/lib/python3.12/site-packages/airflow/example_dags/example_complex.py
[2025-01-10T19:16:14.112+0000] {processor.py:925} INFO - DAG(s) 'example_complex' retrieved from /home/airflow/.local/lib/python3.12/site-packages/airflow/example_dags/example_complex.py
[2025-01-10T19:16:14.559+0000] {logging_mixin.py:190} INFO - [2025-01-10T19:16:14.558+0000] {dag.py:3239} INFO - Sync 1 DAGs
[2025-01-10T19:16:14.661+0000] {logging_mixin.py:190} INFO - [2025-01-10T19:16:14.660+0000] {dag.py:4180} INFO - Setting next_dagrun for example_complex to None, run_after=None
[2025-01-10T19:16:14.881+0000] {processor.py:208} INFO - Processing /home/airflow/.local/lib/python3.12/site-packages/airflow/example_dags/example_complex.py took 0.850 seconds
[2025-01-10T19:16:45.702+0000] {processor.py:186} INFO - Started process (PID=4013) to work on /home/airflow/.local/lib/python3.12/site-packages/airflow/example_dags/example_complex.py
[2025-01-10T19:16:45.706+0000] {processor.py:914} INFO - Processing file /home/airflow/.local/lib/python3.12/site-packages/airflow/example_dags/example_complex.py for tasks to queue
[2025-01-10T19:16:45.711+0000] {logging_mixin.py:190} INFO - [2025-01-10T19:16:45.710+0000] {dagbag.py:588} INFO - Filling up the DagBag from /home/airflow/.local/lib/python3.12/site-packages/airflow/example_dags/example_complex.py
[2025-01-10T19:16:45.754+0000] {processor.py:925} INFO - DAG(s) 'example_complex' retrieved from /home/airflow/.local/lib/python3.12/site-packages/airflow/example_dags/example_complex.py
[2025-01-10T19:16:45.843+0000] {logging_mixin.py:190} INFO - [2025-01-10T19:16:45.842+0000] {dag.py:3239} INFO - Sync 1 DAGs
[2025-01-10T19:16:45.886+0000] {logging_mixin.py:190} INFO - [2025-01-10T19:16:45.886+0000] {dag.py:4180} INFO - Setting next_dagrun for example_complex to None, run_after=None
[2025-01-10T19:16:45.939+0000] {processor.py:208} INFO - Processing /home/airflow/.local/lib/python3.12/site-packages/airflow/example_dags/example_complex.py took 0.253 seconds
[2025-01-10T19:17:16.637+0000] {processor.py:186} INFO - Started process (PID=4077) to work on /home/airflow/.local/lib/python3.12/site-packages/airflow/example_dags/example_complex.py
[2025-01-10T19:17:16.640+0000] {processor.py:914} INFO - Processing file /home/airflow/.local/lib/python3.12/site-packages/airflow/example_dags/example_complex.py for tasks to queue
[2025-01-10T19:17:16.647+0000] {logging_mixin.py:190} INFO - [2025-01-10T19:17:16.646+0000] {dagbag.py:588} INFO - Filling up the DagBag from /home/airflow/.local/lib/python3.12/site-packages/airflow/example_dags/example_complex.py
[2025-01-10T19:17:16.729+0000] {processor.py:925} INFO - DAG(s) 'example_complex' retrieved from /home/airflow/.local/lib/python3.12/site-packages/airflow/example_dags/example_complex.py
[2025-01-10T19:17:16.886+0000] {logging_mixin.py:190} INFO - [2025-01-10T19:17:16.885+0000] {dag.py:3239} INFO - Sync 1 DAGs
[2025-01-10T19:17:16.965+0000] {logging_mixin.py:190} INFO - [2025-01-10T19:17:16.964+0000] {dag.py:4180} INFO - Setting next_dagrun for example_complex to None, run_after=None
[2025-01-10T19:17:17.054+0000] {processor.py:208} INFO - Processing /home/airflow/.local/lib/python3.12/site-packages/airflow/example_dags/example_complex.py took 0.443 seconds
[2025-01-10T19:17:47.831+0000] {processor.py:186} INFO - Started process (PID=4141) to work on /home/airflow/.local/lib/python3.12/site-packages/airflow/example_dags/example_complex.py
[2025-01-10T19:17:47.833+0000] {processor.py:914} INFO - Processing file /home/airflow/.local/lib/python3.12/site-packages/airflow/example_dags/example_complex.py for tasks to queue
[2025-01-10T19:17:47.837+0000] {logging_mixin.py:190} INFO - [2025-01-10T19:17:47.836+0000] {dagbag.py:588} INFO - Filling up the DagBag from /home/airflow/.local/lib/python3.12/site-packages/airflow/example_dags/example_complex.py
[2025-01-10T19:17:47.872+0000] {processor.py:925} INFO - DAG(s) 'example_complex' retrieved from /home/airflow/.local/lib/python3.12/site-packages/airflow/example_dags/example_complex.py
[2025-01-10T19:17:47.952+0000] {logging_mixin.py:190} INFO - [2025-01-10T19:17:47.951+0000] {dag.py:3239} INFO - Sync 1 DAGs
[2025-01-10T19:17:48.019+0000] {logging_mixin.py:190} INFO - [2025-01-10T19:17:48.018+0000] {dag.py:4180} INFO - Setting next_dagrun for example_complex to None, run_after=None
[2025-01-10T19:17:48.099+0000] {processor.py:208} INFO - Processing /home/airflow/.local/lib/python3.12/site-packages/airflow/example_dags/example_complex.py took 0.290 seconds
[2025-01-10T19:18:18.769+0000] {processor.py:186} INFO - Started process (PID=4205) to work on /home/airflow/.local/lib/python3.12/site-packages/airflow/example_dags/example_complex.py
[2025-01-10T19:18:18.771+0000] {processor.py:914} INFO - Processing file /home/airflow/.local/lib/python3.12/site-packages/airflow/example_dags/example_complex.py for tasks to queue
[2025-01-10T19:18:18.774+0000] {logging_mixin.py:190} INFO - [2025-01-10T19:18:18.773+0000] {dagbag.py:588} INFO - Filling up the DagBag from /home/airflow/.local/lib/python3.12/site-packages/airflow/example_dags/example_complex.py
[2025-01-10T19:18:18.803+0000] {processor.py:925} INFO - DAG(s) 'example_complex' retrieved from /home/airflow/.local/lib/python3.12/site-packages/airflow/example_dags/example_complex.py
[2025-01-10T19:18:18.908+0000] {logging_mixin.py:190} INFO - [2025-01-10T19:18:18.907+0000] {dag.py:3239} INFO - Sync 1 DAGs
[2025-01-10T19:18:18.952+0000] {logging_mixin.py:190} INFO - [2025-01-10T19:18:18.951+0000] {dag.py:4180} INFO - Setting next_dagrun for example_complex to None, run_after=None
[2025-01-10T19:18:19.001+0000] {processor.py:208} INFO - Processing /home/airflow/.local/lib/python3.12/site-packages/airflow/example_dags/example_complex.py took 0.244 seconds
[2025-01-10T19:18:51.568+0000] {processor.py:186} INFO - Started process (PID=4272) to work on /home/airflow/.local/lib/python3.12/site-packages/airflow/example_dags/example_complex.py
[2025-01-10T19:18:51.571+0000] {processor.py:914} INFO - Processing file /home/airflow/.local/lib/python3.12/site-packages/airflow/example_dags/example_complex.py for tasks to queue
[2025-01-10T19:18:51.576+0000] {logging_mixin.py:190} INFO - [2025-01-10T19:18:51.575+0000] {dagbag.py:588} INFO - Filling up the DagBag from /home/airflow/.local/lib/python3.12/site-packages/airflow/example_dags/example_complex.py
[2025-01-10T19:18:51.636+0000] {processor.py:925} INFO - DAG(s) 'example_complex' retrieved from /home/airflow/.local/lib/python3.12/site-packages/airflow/example_dags/example_complex.py
[2025-01-10T19:18:51.768+0000] {logging_mixin.py:190} INFO - [2025-01-10T19:18:51.768+0000] {dag.py:3239} INFO - Sync 1 DAGs
[2025-01-10T19:18:51.862+0000] {logging_mixin.py:190} INFO - [2025-01-10T19:18:51.861+0000] {dag.py:4180} INFO - Setting next_dagrun for example_complex to None, run_after=None
[2025-01-10T19:18:51.921+0000] {processor.py:208} INFO - Processing /home/airflow/.local/lib/python3.12/site-packages/airflow/example_dags/example_complex.py took 0.372 seconds
[2025-01-10T19:19:22.643+0000] {processor.py:186} INFO - Started process (PID=4335) to work on /home/airflow/.local/lib/python3.12/site-packages/airflow/example_dags/example_complex.py
[2025-01-10T19:19:22.644+0000] {processor.py:914} INFO - Processing file /home/airflow/.local/lib/python3.12/site-packages/airflow/example_dags/example_complex.py for tasks to queue
[2025-01-10T19:19:22.646+0000] {logging_mixin.py:190} INFO - [2025-01-10T19:19:22.645+0000] {dagbag.py:588} INFO - Filling up the DagBag from /home/airflow/.local/lib/python3.12/site-packages/airflow/example_dags/example_complex.py
[2025-01-10T19:19:22.668+0000] {processor.py:925} INFO - DAG(s) 'example_complex' retrieved from /home/airflow/.local/lib/python3.12/site-packages/airflow/example_dags/example_complex.py
[2025-01-10T19:19:22.732+0000] {logging_mixin.py:190} INFO - [2025-01-10T19:19:22.732+0000] {dag.py:3239} INFO - Sync 1 DAGs
[2025-01-10T19:19:22.763+0000] {logging_mixin.py:190} INFO - [2025-01-10T19:19:22.762+0000] {dag.py:4180} INFO - Setting next_dagrun for example_complex to None, run_after=None
[2025-01-10T19:19:22.801+0000] {processor.py:208} INFO - Processing /home/airflow/.local/lib/python3.12/site-packages/airflow/example_dags/example_complex.py took 0.168 seconds
[2025-01-10T19:19:54.348+0000] {processor.py:186} INFO - Started process (PID=4399) to work on /home/airflow/.local/lib/python3.12/site-packages/airflow/example_dags/example_complex.py
[2025-01-10T19:19:54.350+0000] {processor.py:914} INFO - Processing file /home/airflow/.local/lib/python3.12/site-packages/airflow/example_dags/example_complex.py for tasks to queue
[2025-01-10T19:19:54.352+0000] {logging_mixin.py:190} INFO - [2025-01-10T19:19:54.351+0000] {dagbag.py:588} INFO - Filling up the DagBag from /home/airflow/.local/lib/python3.12/site-packages/airflow/example_dags/example_complex.py
[2025-01-10T19:19:54.373+0000] {processor.py:925} INFO - DAG(s) 'example_complex' retrieved from /home/airflow/.local/lib/python3.12/site-packages/airflow/example_dags/example_complex.py
[2025-01-10T19:19:54.444+0000] {logging_mixin.py:190} INFO - [2025-01-10T19:19:54.444+0000] {dag.py:3239} INFO - Sync 1 DAGs
[2025-01-10T19:19:54.477+0000] {logging_mixin.py:190} INFO - [2025-01-10T19:19:54.477+0000] {dag.py:4180} INFO - Setting next_dagrun for example_complex to None, run_after=None
[2025-01-10T19:19:54.520+0000] {processor.py:208} INFO - Processing /home/airflow/.local/lib/python3.12/site-packages/airflow/example_dags/example_complex.py took 0.182 seconds
[2025-01-10T19:20:28.101+0000] {processor.py:186} INFO - Started process (PID=4466) to work on /home/airflow/.local/lib/python3.12/site-packages/airflow/example_dags/example_complex.py
[2025-01-10T19:20:28.103+0000] {processor.py:914} INFO - Processing file /home/airflow/.local/lib/python3.12/site-packages/airflow/example_dags/example_complex.py for tasks to queue
[2025-01-10T19:20:28.107+0000] {logging_mixin.py:190} INFO - [2025-01-10T19:20:28.106+0000] {dagbag.py:588} INFO - Filling up the DagBag from /home/airflow/.local/lib/python3.12/site-packages/airflow/example_dags/example_complex.py
[2025-01-10T19:20:28.149+0000] {processor.py:925} INFO - DAG(s) 'example_complex' retrieved from /home/airflow/.local/lib/python3.12/site-packages/airflow/example_dags/example_complex.py
[2025-01-10T19:20:28.287+0000] {logging_mixin.py:190} INFO - [2025-01-10T19:20:28.286+0000] {dag.py:3239} INFO - Sync 1 DAGs
[2025-01-10T19:20:28.359+0000] {logging_mixin.py:190} INFO - [2025-01-10T19:20:28.359+0000] {dag.py:4180} INFO - Setting next_dagrun for example_complex to None, run_after=None
[2025-01-10T19:20:28.415+0000] {processor.py:208} INFO - Processing /home/airflow/.local/lib/python3.12/site-packages/airflow/example_dags/example_complex.py took 0.330 seconds
[2025-01-10T19:21:01.254+0000] {processor.py:186} INFO - Started process (PID=4529) to work on /home/airflow/.local/lib/python3.12/site-packages/airflow/example_dags/example_complex.py
[2025-01-10T19:21:01.255+0000] {processor.py:914} INFO - Processing file /home/airflow/.local/lib/python3.12/site-packages/airflow/example_dags/example_complex.py for tasks to queue
[2025-01-10T19:21:01.257+0000] {logging_mixin.py:190} INFO - [2025-01-10T19:21:01.257+0000] {dagbag.py:588} INFO - Filling up the DagBag from /home/airflow/.local/lib/python3.12/site-packages/airflow/example_dags/example_complex.py
[2025-01-10T19:21:01.279+0000] {processor.py:925} INFO - DAG(s) 'example_complex' retrieved from /home/airflow/.local/lib/python3.12/site-packages/airflow/example_dags/example_complex.py
[2025-01-10T19:21:01.367+0000] {logging_mixin.py:190} INFO - [2025-01-10T19:21:01.366+0000] {dag.py:3239} INFO - Sync 1 DAGs
[2025-01-10T19:21:01.404+0000] {logging_mixin.py:190} INFO - [2025-01-10T19:21:01.404+0000] {dag.py:4180} INFO - Setting next_dagrun for example_complex to None, run_after=None
[2025-01-10T19:21:01.440+0000] {processor.py:208} INFO - Processing /home/airflow/.local/lib/python3.12/site-packages/airflow/example_dags/example_complex.py took 0.198 seconds
[2025-01-10T19:21:32.875+0000] {processor.py:186} INFO - Started process (PID=4593) to work on /home/airflow/.local/lib/python3.12/site-packages/airflow/example_dags/example_complex.py
[2025-01-10T19:21:32.883+0000] {processor.py:914} INFO - Processing file /home/airflow/.local/lib/python3.12/site-packages/airflow/example_dags/example_complex.py for tasks to queue
[2025-01-10T19:21:32.891+0000] {logging_mixin.py:190} INFO - [2025-01-10T19:21:32.889+0000] {dagbag.py:588} INFO - Filling up the DagBag from /home/airflow/.local/lib/python3.12/site-packages/airflow/example_dags/example_complex.py
[2025-01-10T19:21:32.951+0000] {processor.py:925} INFO - DAG(s) 'example_complex' retrieved from /home/airflow/.local/lib/python3.12/site-packages/airflow/example_dags/example_complex.py
[2025-01-10T19:21:33.093+0000] {logging_mixin.py:190} INFO - [2025-01-10T19:21:33.093+0000] {dag.py:3239} INFO - Sync 1 DAGs
[2025-01-10T19:21:33.202+0000] {logging_mixin.py:190} INFO - [2025-01-10T19:21:33.202+0000] {dag.py:4180} INFO - Setting next_dagrun for example_complex to None, run_after=None
[2025-01-10T19:21:33.252+0000] {processor.py:208} INFO - Processing /home/airflow/.local/lib/python3.12/site-packages/airflow/example_dags/example_complex.py took 0.416 seconds
[2025-01-10T19:22:05.491+0000] {processor.py:186} INFO - Started process (PID=4656) to work on /home/airflow/.local/lib/python3.12/site-packages/airflow/example_dags/example_complex.py
[2025-01-10T19:22:05.500+0000] {processor.py:914} INFO - Processing file /home/airflow/.local/lib/python3.12/site-packages/airflow/example_dags/example_complex.py for tasks to queue
[2025-01-10T19:22:05.506+0000] {logging_mixin.py:190} INFO - [2025-01-10T19:22:05.505+0000] {dagbag.py:588} INFO - Filling up the DagBag from /home/airflow/.local/lib/python3.12/site-packages/airflow/example_dags/example_complex.py
[2025-01-10T19:22:05.575+0000] {processor.py:925} INFO - DAG(s) 'example_complex' retrieved from /home/airflow/.local/lib/python3.12/site-packages/airflow/example_dags/example_complex.py
[2025-01-10T19:22:05.897+0000] {logging_mixin.py:190} INFO - [2025-01-10T19:22:05.896+0000] {dag.py:3239} INFO - Sync 1 DAGs
[2025-01-10T19:22:05.976+0000] {logging_mixin.py:190} INFO - [2025-01-10T19:22:05.975+0000] {dag.py:4180} INFO - Setting next_dagrun for example_complex to None, run_after=None
[2025-01-10T19:22:06.107+0000] {processor.py:208} INFO - Processing /home/airflow/.local/lib/python3.12/site-packages/airflow/example_dags/example_complex.py took 0.646 seconds
[2025-01-10T19:22:36.537+0000] {processor.py:186} INFO - Started process (PID=4720) to work on /home/airflow/.local/lib/python3.12/site-packages/airflow/example_dags/example_complex.py
[2025-01-10T19:22:36.538+0000] {processor.py:914} INFO - Processing file /home/airflow/.local/lib/python3.12/site-packages/airflow/example_dags/example_complex.py for tasks to queue
[2025-01-10T19:22:36.540+0000] {logging_mixin.py:190} INFO - [2025-01-10T19:22:36.540+0000] {dagbag.py:588} INFO - Filling up the DagBag from /home/airflow/.local/lib/python3.12/site-packages/airflow/example_dags/example_complex.py
[2025-01-10T19:22:36.590+0000] {processor.py:925} INFO - DAG(s) 'example_complex' retrieved from /home/airflow/.local/lib/python3.12/site-packages/airflow/example_dags/example_complex.py
[2025-01-10T19:22:36.777+0000] {logging_mixin.py:190} INFO - [2025-01-10T19:22:36.776+0000] {dag.py:3239} INFO - Sync 1 DAGs
[2025-01-10T19:22:36.819+0000] {logging_mixin.py:190} INFO - [2025-01-10T19:22:36.818+0000] {dag.py:4180} INFO - Setting next_dagrun for example_complex to None, run_after=None
[2025-01-10T19:22:36.879+0000] {processor.py:208} INFO - Processing /home/airflow/.local/lib/python3.12/site-packages/airflow/example_dags/example_complex.py took 0.355 seconds
