[2025-01-10T18:44:43.923+0000] {processor.py:186} INFO - Started process (PID=110) to work on /home/airflow/.local/lib/python3.12/site-packages/airflow/example_dags/example_sla_dag.py
[2025-01-10T18:44:43.928+0000] {processor.py:914} INFO - Processing file /home/airflow/.local/lib/python3.12/site-packages/airflow/example_dags/example_sla_dag.py for tasks to queue
[2025-01-10T18:44:43.935+0000] {logging_mixin.py:190} INFO - [2025-01-10T18:44:43.934+0000] {dagbag.py:588} INFO - Filling up the DagBag from /home/airflow/.local/lib/python3.12/site-packages/airflow/example_dags/example_sla_dag.py
[2025-01-10T18:44:43.970+0000] {processor.py:925} INFO - DAG(s) 'example_sla_dag' retrieved from /home/airflow/.local/lib/python3.12/site-packages/airflow/example_dags/example_sla_dag.py
[2025-01-10T18:44:44.214+0000] {logging_mixin.py:190} INFO - [2025-01-10T18:44:44.213+0000] {override.py:1911} INFO - Created Permission View: can edit on DAG:example_sla_dag
[2025-01-10T18:44:44.235+0000] {logging_mixin.py:190} INFO - [2025-01-10T18:44:44.234+0000] {override.py:1911} INFO - Created Permission View: can read on DAG:example_sla_dag
[2025-01-10T18:44:44.246+0000] {logging_mixin.py:190} INFO - [2025-01-10T18:44:44.245+0000] {override.py:1911} INFO - Created Permission View: can delete on DAG:example_sla_dag
[2025-01-10T18:44:44.260+0000] {logging_mixin.py:190} INFO - [2025-01-10T18:44:44.259+0000] {override.py:1911} INFO - Created Permission View: menu access on DAG Run:example_sla_dag
[2025-01-10T18:44:44.274+0000] {logging_mixin.py:190} INFO - [2025-01-10T18:44:44.274+0000] {override.py:1911} INFO - Created Permission View: can read on DAG Run:example_sla_dag
[2025-01-10T18:44:44.290+0000] {logging_mixin.py:190} INFO - [2025-01-10T18:44:44.289+0000] {override.py:1911} INFO - Created Permission View: can create on DAG Run:example_sla_dag
[2025-01-10T18:44:44.308+0000] {logging_mixin.py:190} INFO - [2025-01-10T18:44:44.307+0000] {override.py:1911} INFO - Created Permission View: can delete on DAG Run:example_sla_dag
[2025-01-10T18:44:44.309+0000] {logging_mixin.py:190} INFO - [2025-01-10T18:44:44.309+0000] {dag.py:3239} INFO - Sync 1 DAGs
[2025-01-10T18:44:44.344+0000] {logging_mixin.py:190} INFO - [2025-01-10T18:44:44.343+0000] {dag.py:3262} INFO - Creating ORM DAG for example_sla_dag
[2025-01-10T18:44:44.373+0000] {logging_mixin.py:190} INFO - [2025-01-10T18:44:44.372+0000] {dag.py:4180} INFO - Setting next_dagrun for example_sla_dag to 2025-01-10 18:42:00+00:00, run_after=2025-01-10 18:44:00+00:00
[2025-01-10T18:44:44.418+0000] {processor.py:208} INFO - Processing /home/airflow/.local/lib/python3.12/site-packages/airflow/example_dags/example_sla_dag.py took 0.511 seconds
[2025-01-10T18:45:15.196+0000] {processor.py:186} INFO - Started process (PID=173) to work on /home/airflow/.local/lib/python3.12/site-packages/airflow/example_dags/example_sla_dag.py
[2025-01-10T18:45:15.198+0000] {processor.py:914} INFO - Processing file /home/airflow/.local/lib/python3.12/site-packages/airflow/example_dags/example_sla_dag.py for tasks to queue
[2025-01-10T18:45:15.205+0000] {logging_mixin.py:190} INFO - [2025-01-10T18:45:15.205+0000] {dagbag.py:588} INFO - Filling up the DagBag from /home/airflow/.local/lib/python3.12/site-packages/airflow/example_dags/example_sla_dag.py
[2025-01-10T18:45:15.232+0000] {processor.py:925} INFO - DAG(s) 'example_sla_dag' retrieved from /home/airflow/.local/lib/python3.12/site-packages/airflow/example_dags/example_sla_dag.py
[2025-01-10T18:45:15.317+0000] {logging_mixin.py:190} INFO - [2025-01-10T18:45:15.316+0000] {dag.py:3239} INFO - Sync 1 DAGs
[2025-01-10T18:45:15.456+0000] {logging_mixin.py:190} INFO - [2025-01-10T18:45:15.455+0000] {dag.py:4180} INFO - Setting next_dagrun for example_sla_dag to 2025-01-10 18:42:00+00:00, run_after=2025-01-10 18:44:00+00:00
[2025-01-10T18:45:15.535+0000] {processor.py:208} INFO - Processing /home/airflow/.local/lib/python3.12/site-packages/airflow/example_dags/example_sla_dag.py took 0.372 seconds
[2025-01-10T18:45:45.661+0000] {processor.py:186} INFO - Started process (PID=236) to work on /home/airflow/.local/lib/python3.12/site-packages/airflow/example_dags/example_sla_dag.py
[2025-01-10T18:45:45.663+0000] {processor.py:914} INFO - Processing file /home/airflow/.local/lib/python3.12/site-packages/airflow/example_dags/example_sla_dag.py for tasks to queue
[2025-01-10T18:45:45.670+0000] {logging_mixin.py:190} INFO - [2025-01-10T18:45:45.670+0000] {dagbag.py:588} INFO - Filling up the DagBag from /home/airflow/.local/lib/python3.12/site-packages/airflow/example_dags/example_sla_dag.py
[2025-01-10T18:45:45.708+0000] {processor.py:925} INFO - DAG(s) 'example_sla_dag' retrieved from /home/airflow/.local/lib/python3.12/site-packages/airflow/example_dags/example_sla_dag.py
[2025-01-10T18:45:45.778+0000] {logging_mixin.py:190} INFO - [2025-01-10T18:45:45.777+0000] {dag.py:3239} INFO - Sync 1 DAGs
[2025-01-10T18:45:45.983+0000] {logging_mixin.py:190} INFO - [2025-01-10T18:45:45.982+0000] {dag.py:4180} INFO - Setting next_dagrun for example_sla_dag to 2025-01-10 18:42:00+00:00, run_after=2025-01-10 18:44:00+00:00
[2025-01-10T18:45:46.081+0000] {processor.py:208} INFO - Processing /home/airflow/.local/lib/python3.12/site-packages/airflow/example_dags/example_sla_dag.py took 0.440 seconds
[2025-01-10T18:46:18.924+0000] {processor.py:186} INFO - Started process (PID=300) to work on /home/airflow/.local/lib/python3.12/site-packages/airflow/example_dags/example_sla_dag.py
[2025-01-10T18:46:18.928+0000] {processor.py:914} INFO - Processing file /home/airflow/.local/lib/python3.12/site-packages/airflow/example_dags/example_sla_dag.py for tasks to queue
[2025-01-10T18:46:18.938+0000] {logging_mixin.py:190} INFO - [2025-01-10T18:46:18.936+0000] {dagbag.py:588} INFO - Filling up the DagBag from /home/airflow/.local/lib/python3.12/site-packages/airflow/example_dags/example_sla_dag.py
[2025-01-10T18:46:19.050+0000] {processor.py:925} INFO - DAG(s) 'example_sla_dag' retrieved from /home/airflow/.local/lib/python3.12/site-packages/airflow/example_dags/example_sla_dag.py
[2025-01-10T18:46:19.186+0000] {logging_mixin.py:190} INFO - [2025-01-10T18:46:19.185+0000] {dag.py:3239} INFO - Sync 1 DAGs
[2025-01-10T18:46:19.430+0000] {logging_mixin.py:190} INFO - [2025-01-10T18:46:19.430+0000] {dag.py:4180} INFO - Setting next_dagrun for example_sla_dag to 2025-01-10 18:44:00+00:00, run_after=2025-01-10 18:46:00+00:00
[2025-01-10T18:46:19.525+0000] {processor.py:208} INFO - Processing /home/airflow/.local/lib/python3.12/site-packages/airflow/example_dags/example_sla_dag.py took 0.621 seconds
[2025-01-10T18:46:51.168+0000] {processor.py:186} INFO - Started process (PID=363) to work on /home/airflow/.local/lib/python3.12/site-packages/airflow/example_dags/example_sla_dag.py
[2025-01-10T18:46:51.176+0000] {processor.py:914} INFO - Processing file /home/airflow/.local/lib/python3.12/site-packages/airflow/example_dags/example_sla_dag.py for tasks to queue
[2025-01-10T18:46:51.187+0000] {logging_mixin.py:190} INFO - [2025-01-10T18:46:51.186+0000] {dagbag.py:588} INFO - Filling up the DagBag from /home/airflow/.local/lib/python3.12/site-packages/airflow/example_dags/example_sla_dag.py
[2025-01-10T18:46:51.264+0000] {processor.py:925} INFO - DAG(s) 'example_sla_dag' retrieved from /home/airflow/.local/lib/python3.12/site-packages/airflow/example_dags/example_sla_dag.py
[2025-01-10T18:46:51.382+0000] {logging_mixin.py:190} INFO - [2025-01-10T18:46:51.381+0000] {dag.py:3239} INFO - Sync 1 DAGs
[2025-01-10T18:46:51.503+0000] {logging_mixin.py:190} INFO - [2025-01-10T18:46:51.502+0000] {dag.py:4180} INFO - Setting next_dagrun for example_sla_dag to 2025-01-10 18:44:00+00:00, run_after=2025-01-10 18:46:00+00:00
[2025-01-10T18:46:51.562+0000] {processor.py:208} INFO - Processing /home/airflow/.local/lib/python3.12/site-packages/airflow/example_dags/example_sla_dag.py took 0.431 seconds
[2025-01-10T18:47:22.332+0000] {processor.py:186} INFO - Started process (PID=424) to work on /home/airflow/.local/lib/python3.12/site-packages/airflow/example_dags/example_sla_dag.py
[2025-01-10T18:47:22.334+0000] {processor.py:914} INFO - Processing file /home/airflow/.local/lib/python3.12/site-packages/airflow/example_dags/example_sla_dag.py for tasks to queue
[2025-01-10T18:47:22.340+0000] {logging_mixin.py:190} INFO - [2025-01-10T18:47:22.339+0000] {dagbag.py:588} INFO - Filling up the DagBag from /home/airflow/.local/lib/python3.12/site-packages/airflow/example_dags/example_sla_dag.py
[2025-01-10T18:47:22.365+0000] {processor.py:925} INFO - DAG(s) 'example_sla_dag' retrieved from /home/airflow/.local/lib/python3.12/site-packages/airflow/example_dags/example_sla_dag.py
[2025-01-10T18:47:22.418+0000] {logging_mixin.py:190} INFO - [2025-01-10T18:47:22.417+0000] {dag.py:3239} INFO - Sync 1 DAGs
[2025-01-10T18:47:22.476+0000] {logging_mixin.py:190} INFO - [2025-01-10T18:47:22.476+0000] {dag.py:4180} INFO - Setting next_dagrun for example_sla_dag to 2025-01-10 18:44:00+00:00, run_after=2025-01-10 18:46:00+00:00
[2025-01-10T18:47:22.513+0000] {processor.py:208} INFO - Processing /home/airflow/.local/lib/python3.12/site-packages/airflow/example_dags/example_sla_dag.py took 0.192 seconds
[2025-01-10T18:47:52.735+0000] {processor.py:186} INFO - Started process (PID=487) to work on /home/airflow/.local/lib/python3.12/site-packages/airflow/example_dags/example_sla_dag.py
[2025-01-10T18:47:52.736+0000] {processor.py:914} INFO - Processing file /home/airflow/.local/lib/python3.12/site-packages/airflow/example_dags/example_sla_dag.py for tasks to queue
[2025-01-10T18:47:52.742+0000] {logging_mixin.py:190} INFO - [2025-01-10T18:47:52.742+0000] {dagbag.py:588} INFO - Filling up the DagBag from /home/airflow/.local/lib/python3.12/site-packages/airflow/example_dags/example_sla_dag.py
[2025-01-10T18:47:52.768+0000] {processor.py:925} INFO - DAG(s) 'example_sla_dag' retrieved from /home/airflow/.local/lib/python3.12/site-packages/airflow/example_dags/example_sla_dag.py
[2025-01-10T18:47:52.818+0000] {logging_mixin.py:190} INFO - [2025-01-10T18:47:52.817+0000] {dag.py:3239} INFO - Sync 1 DAGs
[2025-01-10T18:47:52.891+0000] {logging_mixin.py:190} INFO - [2025-01-10T18:47:52.891+0000] {dag.py:4180} INFO - Setting next_dagrun for example_sla_dag to 2025-01-10 18:44:00+00:00, run_after=2025-01-10 18:46:00+00:00
[2025-01-10T18:47:52.983+0000] {processor.py:208} INFO - Processing /home/airflow/.local/lib/python3.12/site-packages/airflow/example_dags/example_sla_dag.py took 0.260 seconds
[2025-01-10T18:48:23.073+0000] {processor.py:186} INFO - Started process (PID=549) to work on /home/airflow/.local/lib/python3.12/site-packages/airflow/example_dags/example_sla_dag.py
[2025-01-10T18:48:23.075+0000] {processor.py:914} INFO - Processing file /home/airflow/.local/lib/python3.12/site-packages/airflow/example_dags/example_sla_dag.py for tasks to queue
[2025-01-10T18:48:23.084+0000] {logging_mixin.py:190} INFO - [2025-01-10T18:48:23.083+0000] {dagbag.py:588} INFO - Filling up the DagBag from /home/airflow/.local/lib/python3.12/site-packages/airflow/example_dags/example_sla_dag.py
[2025-01-10T18:48:23.110+0000] {processor.py:925} INFO - DAG(s) 'example_sla_dag' retrieved from /home/airflow/.local/lib/python3.12/site-packages/airflow/example_dags/example_sla_dag.py
[2025-01-10T18:48:23.159+0000] {logging_mixin.py:190} INFO - [2025-01-10T18:48:23.159+0000] {dag.py:3239} INFO - Sync 1 DAGs
[2025-01-10T18:48:23.216+0000] {logging_mixin.py:190} INFO - [2025-01-10T18:48:23.215+0000] {dag.py:4180} INFO - Setting next_dagrun for example_sla_dag to 2025-01-10 18:46:00+00:00, run_after=2025-01-10 18:48:00+00:00
[2025-01-10T18:48:23.252+0000] {processor.py:208} INFO - Processing /home/airflow/.local/lib/python3.12/site-packages/airflow/example_dags/example_sla_dag.py took 0.194 seconds
[2025-01-10T18:48:53.731+0000] {processor.py:186} INFO - Started process (PID=611) to work on /home/airflow/.local/lib/python3.12/site-packages/airflow/example_dags/example_sla_dag.py
[2025-01-10T18:48:53.733+0000] {processor.py:914} INFO - Processing file /home/airflow/.local/lib/python3.12/site-packages/airflow/example_dags/example_sla_dag.py for tasks to queue
[2025-01-10T18:48:53.740+0000] {logging_mixin.py:190} INFO - [2025-01-10T18:48:53.739+0000] {dagbag.py:588} INFO - Filling up the DagBag from /home/airflow/.local/lib/python3.12/site-packages/airflow/example_dags/example_sla_dag.py
[2025-01-10T18:48:53.767+0000] {processor.py:925} INFO - DAG(s) 'example_sla_dag' retrieved from /home/airflow/.local/lib/python3.12/site-packages/airflow/example_dags/example_sla_dag.py
[2025-01-10T18:48:53.803+0000] {logging_mixin.py:190} INFO - [2025-01-10T18:48:53.803+0000] {dag.py:3239} INFO - Sync 1 DAGs
[2025-01-10T18:48:53.879+0000] {logging_mixin.py:190} INFO - [2025-01-10T18:48:53.879+0000] {dag.py:4180} INFO - Setting next_dagrun for example_sla_dag to 2025-01-10 18:46:00+00:00, run_after=2025-01-10 18:48:00+00:00
[2025-01-10T18:48:53.946+0000] {processor.py:208} INFO - Processing /home/airflow/.local/lib/python3.12/site-packages/airflow/example_dags/example_sla_dag.py took 0.230 seconds
[2025-01-10T18:49:24.319+0000] {processor.py:186} INFO - Started process (PID=674) to work on /home/airflow/.local/lib/python3.12/site-packages/airflow/example_dags/example_sla_dag.py
[2025-01-10T18:49:24.321+0000] {processor.py:914} INFO - Processing file /home/airflow/.local/lib/python3.12/site-packages/airflow/example_dags/example_sla_dag.py for tasks to queue
[2025-01-10T18:49:24.328+0000] {logging_mixin.py:190} INFO - [2025-01-10T18:49:24.327+0000] {dagbag.py:588} INFO - Filling up the DagBag from /home/airflow/.local/lib/python3.12/site-packages/airflow/example_dags/example_sla_dag.py
[2025-01-10T18:49:24.353+0000] {processor.py:925} INFO - DAG(s) 'example_sla_dag' retrieved from /home/airflow/.local/lib/python3.12/site-packages/airflow/example_dags/example_sla_dag.py
[2025-01-10T18:49:24.413+0000] {logging_mixin.py:190} INFO - [2025-01-10T18:49:24.412+0000] {dag.py:3239} INFO - Sync 1 DAGs
[2025-01-10T18:49:24.477+0000] {logging_mixin.py:190} INFO - [2025-01-10T18:49:24.476+0000] {dag.py:4180} INFO - Setting next_dagrun for example_sla_dag to 2025-01-10 18:46:00+00:00, run_after=2025-01-10 18:48:00+00:00
[2025-01-10T18:49:24.519+0000] {processor.py:208} INFO - Processing /home/airflow/.local/lib/python3.12/site-packages/airflow/example_dags/example_sla_dag.py took 0.216 seconds
[2025-01-10T18:49:55.238+0000] {processor.py:186} INFO - Started process (PID=737) to work on /home/airflow/.local/lib/python3.12/site-packages/airflow/example_dags/example_sla_dag.py
[2025-01-10T18:49:55.241+0000] {processor.py:914} INFO - Processing file /home/airflow/.local/lib/python3.12/site-packages/airflow/example_dags/example_sla_dag.py for tasks to queue
[2025-01-10T18:49:55.249+0000] {logging_mixin.py:190} INFO - [2025-01-10T18:49:55.248+0000] {dagbag.py:588} INFO - Filling up the DagBag from /home/airflow/.local/lib/python3.12/site-packages/airflow/example_dags/example_sla_dag.py
[2025-01-10T18:49:55.352+0000] {processor.py:925} INFO - DAG(s) 'example_sla_dag' retrieved from /home/airflow/.local/lib/python3.12/site-packages/airflow/example_dags/example_sla_dag.py
[2025-01-10T18:49:55.508+0000] {logging_mixin.py:190} INFO - [2025-01-10T18:49:55.507+0000] {dag.py:3239} INFO - Sync 1 DAGs
[2025-01-10T18:49:55.711+0000] {logging_mixin.py:190} INFO - [2025-01-10T18:49:55.710+0000] {dag.py:4180} INFO - Setting next_dagrun for example_sla_dag to 2025-01-10 18:46:00+00:00, run_after=2025-01-10 18:48:00+00:00
[2025-01-10T18:49:55.868+0000] {processor.py:208} INFO - Processing /home/airflow/.local/lib/python3.12/site-packages/airflow/example_dags/example_sla_dag.py took 0.656 seconds
[2025-01-10T18:50:26.300+0000] {processor.py:186} INFO - Started process (PID=799) to work on /home/airflow/.local/lib/python3.12/site-packages/airflow/example_dags/example_sla_dag.py
[2025-01-10T18:50:26.304+0000] {processor.py:914} INFO - Processing file /home/airflow/.local/lib/python3.12/site-packages/airflow/example_dags/example_sla_dag.py for tasks to queue
[2025-01-10T18:50:26.313+0000] {logging_mixin.py:190} INFO - [2025-01-10T18:50:26.311+0000] {dagbag.py:588} INFO - Filling up the DagBag from /home/airflow/.local/lib/python3.12/site-packages/airflow/example_dags/example_sla_dag.py
[2025-01-10T18:50:26.344+0000] {processor.py:925} INFO - DAG(s) 'example_sla_dag' retrieved from /home/airflow/.local/lib/python3.12/site-packages/airflow/example_dags/example_sla_dag.py
[2025-01-10T18:50:26.412+0000] {logging_mixin.py:190} INFO - [2025-01-10T18:50:26.411+0000] {dag.py:3239} INFO - Sync 1 DAGs
[2025-01-10T18:50:26.491+0000] {logging_mixin.py:190} INFO - [2025-01-10T18:50:26.490+0000] {dag.py:4180} INFO - Setting next_dagrun for example_sla_dag to 2025-01-10 18:48:00+00:00, run_after=2025-01-10 18:50:00+00:00
[2025-01-10T18:50:26.527+0000] {processor.py:208} INFO - Processing /home/airflow/.local/lib/python3.12/site-packages/airflow/example_dags/example_sla_dag.py took 0.247 seconds
[2025-01-10T18:50:56.639+0000] {processor.py:186} INFO - Started process (PID=861) to work on /home/airflow/.local/lib/python3.12/site-packages/airflow/example_dags/example_sla_dag.py
[2025-01-10T18:50:56.642+0000] {processor.py:914} INFO - Processing file /home/airflow/.local/lib/python3.12/site-packages/airflow/example_dags/example_sla_dag.py for tasks to queue
[2025-01-10T18:50:56.649+0000] {logging_mixin.py:190} INFO - [2025-01-10T18:50:56.648+0000] {dagbag.py:588} INFO - Filling up the DagBag from /home/airflow/.local/lib/python3.12/site-packages/airflow/example_dags/example_sla_dag.py
[2025-01-10T18:50:56.682+0000] {processor.py:925} INFO - DAG(s) 'example_sla_dag' retrieved from /home/airflow/.local/lib/python3.12/site-packages/airflow/example_dags/example_sla_dag.py
[2025-01-10T18:50:56.754+0000] {logging_mixin.py:190} INFO - [2025-01-10T18:50:56.753+0000] {dag.py:3239} INFO - Sync 1 DAGs
[2025-01-10T18:50:56.826+0000] {logging_mixin.py:190} INFO - [2025-01-10T18:50:56.825+0000] {dag.py:4180} INFO - Setting next_dagrun for example_sla_dag to 2025-01-10 18:48:00+00:00, run_after=2025-01-10 18:50:00+00:00
[2025-01-10T18:50:56.872+0000] {processor.py:208} INFO - Processing /home/airflow/.local/lib/python3.12/site-packages/airflow/example_dags/example_sla_dag.py took 0.250 seconds
[2025-01-10T18:51:27.087+0000] {processor.py:186} INFO - Started process (PID=924) to work on /home/airflow/.local/lib/python3.12/site-packages/airflow/example_dags/example_sla_dag.py
[2025-01-10T18:51:27.089+0000] {processor.py:914} INFO - Processing file /home/airflow/.local/lib/python3.12/site-packages/airflow/example_dags/example_sla_dag.py for tasks to queue
[2025-01-10T18:51:27.092+0000] {logging_mixin.py:190} INFO - [2025-01-10T18:51:27.092+0000] {dagbag.py:588} INFO - Filling up the DagBag from /home/airflow/.local/lib/python3.12/site-packages/airflow/example_dags/example_sla_dag.py
[2025-01-10T18:51:27.115+0000] {processor.py:925} INFO - DAG(s) 'example_sla_dag' retrieved from /home/airflow/.local/lib/python3.12/site-packages/airflow/example_dags/example_sla_dag.py
[2025-01-10T18:51:27.164+0000] {logging_mixin.py:190} INFO - [2025-01-10T18:51:27.163+0000] {dag.py:3239} INFO - Sync 1 DAGs
[2025-01-10T18:51:27.255+0000] {logging_mixin.py:190} INFO - [2025-01-10T18:51:27.253+0000] {dag.py:4180} INFO - Setting next_dagrun for example_sla_dag to 2025-01-10 18:48:00+00:00, run_after=2025-01-10 18:50:00+00:00
[2025-01-10T18:51:27.316+0000] {processor.py:208} INFO - Processing /home/airflow/.local/lib/python3.12/site-packages/airflow/example_dags/example_sla_dag.py took 0.239 seconds
[2025-01-10T18:51:57.871+0000] {processor.py:186} INFO - Started process (PID=987) to work on /home/airflow/.local/lib/python3.12/site-packages/airflow/example_dags/example_sla_dag.py
[2025-01-10T18:51:57.874+0000] {processor.py:914} INFO - Processing file /home/airflow/.local/lib/python3.12/site-packages/airflow/example_dags/example_sla_dag.py for tasks to queue
[2025-01-10T18:51:57.882+0000] {logging_mixin.py:190} INFO - [2025-01-10T18:51:57.881+0000] {dagbag.py:588} INFO - Filling up the DagBag from /home/airflow/.local/lib/python3.12/site-packages/airflow/example_dags/example_sla_dag.py
[2025-01-10T18:51:57.912+0000] {processor.py:925} INFO - DAG(s) 'example_sla_dag' retrieved from /home/airflow/.local/lib/python3.12/site-packages/airflow/example_dags/example_sla_dag.py
[2025-01-10T18:51:57.956+0000] {logging_mixin.py:190} INFO - [2025-01-10T18:51:57.955+0000] {dag.py:3239} INFO - Sync 1 DAGs
[2025-01-10T18:51:58.017+0000] {logging_mixin.py:190} INFO - [2025-01-10T18:51:58.017+0000] {dag.py:4180} INFO - Setting next_dagrun for example_sla_dag to 2025-01-10 18:48:00+00:00, run_after=2025-01-10 18:50:00+00:00
[2025-01-10T18:51:58.055+0000] {processor.py:208} INFO - Processing /home/airflow/.local/lib/python3.12/site-packages/airflow/example_dags/example_sla_dag.py took 0.200 seconds
[2025-01-10T18:52:28.704+0000] {processor.py:186} INFO - Started process (PID=1050) to work on /home/airflow/.local/lib/python3.12/site-packages/airflow/example_dags/example_sla_dag.py
[2025-01-10T18:52:28.707+0000] {processor.py:914} INFO - Processing file /home/airflow/.local/lib/python3.12/site-packages/airflow/example_dags/example_sla_dag.py for tasks to queue
[2025-01-10T18:52:28.719+0000] {logging_mixin.py:190} INFO - [2025-01-10T18:52:28.717+0000] {dagbag.py:588} INFO - Filling up the DagBag from /home/airflow/.local/lib/python3.12/site-packages/airflow/example_dags/example_sla_dag.py
[2025-01-10T18:52:28.757+0000] {processor.py:925} INFO - DAG(s) 'example_sla_dag' retrieved from /home/airflow/.local/lib/python3.12/site-packages/airflow/example_dags/example_sla_dag.py
[2025-01-10T18:52:28.841+0000] {logging_mixin.py:190} INFO - [2025-01-10T18:52:28.839+0000] {dag.py:3239} INFO - Sync 1 DAGs
[2025-01-10T18:52:28.958+0000] {logging_mixin.py:190} INFO - [2025-01-10T18:52:28.956+0000] {dag.py:4180} INFO - Setting next_dagrun for example_sla_dag to 2025-01-10 18:50:00+00:00, run_after=2025-01-10 18:52:00+00:00
[2025-01-10T18:52:29.045+0000] {processor.py:208} INFO - Processing /home/airflow/.local/lib/python3.12/site-packages/airflow/example_dags/example_sla_dag.py took 0.360 seconds
[2025-01-10T18:53:00.156+0000] {processor.py:186} INFO - Started process (PID=1113) to work on /home/airflow/.local/lib/python3.12/site-packages/airflow/example_dags/example_sla_dag.py
[2025-01-10T18:53:00.158+0000] {processor.py:914} INFO - Processing file /home/airflow/.local/lib/python3.12/site-packages/airflow/example_dags/example_sla_dag.py for tasks to queue
[2025-01-10T18:53:00.165+0000] {logging_mixin.py:190} INFO - [2025-01-10T18:53:00.164+0000] {dagbag.py:588} INFO - Filling up the DagBag from /home/airflow/.local/lib/python3.12/site-packages/airflow/example_dags/example_sla_dag.py
[2025-01-10T18:53:00.203+0000] {processor.py:925} INFO - DAG(s) 'example_sla_dag' retrieved from /home/airflow/.local/lib/python3.12/site-packages/airflow/example_dags/example_sla_dag.py
[2025-01-10T18:53:00.251+0000] {logging_mixin.py:190} INFO - [2025-01-10T18:53:00.250+0000] {dag.py:3239} INFO - Sync 1 DAGs
[2025-01-10T18:53:00.375+0000] {logging_mixin.py:190} INFO - [2025-01-10T18:53:00.374+0000] {dag.py:4180} INFO - Setting next_dagrun for example_sla_dag to 2025-01-10 18:50:00+00:00, run_after=2025-01-10 18:52:00+00:00
[2025-01-10T18:53:00.427+0000] {processor.py:208} INFO - Processing /home/airflow/.local/lib/python3.12/site-packages/airflow/example_dags/example_sla_dag.py took 0.289 seconds
[2025-01-10T18:53:30.931+0000] {processor.py:186} INFO - Started process (PID=1175) to work on /home/airflow/.local/lib/python3.12/site-packages/airflow/example_dags/example_sla_dag.py
[2025-01-10T18:53:30.939+0000] {processor.py:914} INFO - Processing file /home/airflow/.local/lib/python3.12/site-packages/airflow/example_dags/example_sla_dag.py for tasks to queue
[2025-01-10T18:53:30.956+0000] {logging_mixin.py:190} INFO - [2025-01-10T18:53:30.954+0000] {dagbag.py:588} INFO - Filling up the DagBag from /home/airflow/.local/lib/python3.12/site-packages/airflow/example_dags/example_sla_dag.py
[2025-01-10T18:53:31.035+0000] {processor.py:925} INFO - DAG(s) 'example_sla_dag' retrieved from /home/airflow/.local/lib/python3.12/site-packages/airflow/example_dags/example_sla_dag.py
[2025-01-10T18:53:31.119+0000] {logging_mixin.py:190} INFO - [2025-01-10T18:53:31.118+0000] {dag.py:3239} INFO - Sync 1 DAGs
[2025-01-10T18:53:31.267+0000] {logging_mixin.py:190} INFO - [2025-01-10T18:53:31.266+0000] {dag.py:4180} INFO - Setting next_dagrun for example_sla_dag to 2025-01-10 18:50:00+00:00, run_after=2025-01-10 18:52:00+00:00
[2025-01-10T18:53:31.321+0000] {processor.py:208} INFO - Processing /home/airflow/.local/lib/python3.12/site-packages/airflow/example_dags/example_sla_dag.py took 0.433 seconds
[2025-01-10T18:54:01.441+0000] {processor.py:186} INFO - Started process (PID=1237) to work on /home/airflow/.local/lib/python3.12/site-packages/airflow/example_dags/example_sla_dag.py
[2025-01-10T18:54:01.443+0000] {processor.py:914} INFO - Processing file /home/airflow/.local/lib/python3.12/site-packages/airflow/example_dags/example_sla_dag.py for tasks to queue
[2025-01-10T18:54:01.451+0000] {logging_mixin.py:190} INFO - [2025-01-10T18:54:01.450+0000] {dagbag.py:588} INFO - Filling up the DagBag from /home/airflow/.local/lib/python3.12/site-packages/airflow/example_dags/example_sla_dag.py
[2025-01-10T18:54:01.479+0000] {processor.py:925} INFO - DAG(s) 'example_sla_dag' retrieved from /home/airflow/.local/lib/python3.12/site-packages/airflow/example_dags/example_sla_dag.py
[2025-01-10T18:54:01.536+0000] {logging_mixin.py:190} INFO - [2025-01-10T18:54:01.535+0000] {dag.py:3239} INFO - Sync 1 DAGs
[2025-01-10T18:54:01.613+0000] {logging_mixin.py:190} INFO - [2025-01-10T18:54:01.613+0000] {dag.py:4180} INFO - Setting next_dagrun for example_sla_dag to 2025-01-10 18:52:00+00:00, run_after=2025-01-10 18:54:00+00:00
[2025-01-10T18:54:01.656+0000] {processor.py:208} INFO - Processing /home/airflow/.local/lib/python3.12/site-packages/airflow/example_dags/example_sla_dag.py took 0.231 seconds
[2025-01-10T18:54:32.046+0000] {processor.py:186} INFO - Started process (PID=1300) to work on /home/airflow/.local/lib/python3.12/site-packages/airflow/example_dags/example_sla_dag.py
[2025-01-10T18:54:32.047+0000] {processor.py:914} INFO - Processing file /home/airflow/.local/lib/python3.12/site-packages/airflow/example_dags/example_sla_dag.py for tasks to queue
[2025-01-10T18:54:32.053+0000] {logging_mixin.py:190} INFO - [2025-01-10T18:54:32.052+0000] {dagbag.py:588} INFO - Filling up the DagBag from /home/airflow/.local/lib/python3.12/site-packages/airflow/example_dags/example_sla_dag.py
[2025-01-10T18:54:32.077+0000] {processor.py:925} INFO - DAG(s) 'example_sla_dag' retrieved from /home/airflow/.local/lib/python3.12/site-packages/airflow/example_dags/example_sla_dag.py
[2025-01-10T18:54:32.135+0000] {logging_mixin.py:190} INFO - [2025-01-10T18:54:32.135+0000] {dag.py:3239} INFO - Sync 1 DAGs
[2025-01-10T18:54:32.229+0000] {logging_mixin.py:190} INFO - [2025-01-10T18:54:32.228+0000] {dag.py:4180} INFO - Setting next_dagrun for example_sla_dag to 2025-01-10 18:52:00+00:00, run_after=2025-01-10 18:54:00+00:00
[2025-01-10T18:54:32.273+0000] {processor.py:208} INFO - Processing /home/airflow/.local/lib/python3.12/site-packages/airflow/example_dags/example_sla_dag.py took 0.241 seconds
[2025-01-10T18:55:03.083+0000] {processor.py:186} INFO - Started process (PID=1362) to work on /home/airflow/.local/lib/python3.12/site-packages/airflow/example_dags/example_sla_dag.py
[2025-01-10T18:55:03.086+0000] {processor.py:914} INFO - Processing file /home/airflow/.local/lib/python3.12/site-packages/airflow/example_dags/example_sla_dag.py for tasks to queue
[2025-01-10T18:55:03.092+0000] {logging_mixin.py:190} INFO - [2025-01-10T18:55:03.092+0000] {dagbag.py:588} INFO - Filling up the DagBag from /home/airflow/.local/lib/python3.12/site-packages/airflow/example_dags/example_sla_dag.py
[2025-01-10T18:55:03.122+0000] {processor.py:925} INFO - DAG(s) 'example_sla_dag' retrieved from /home/airflow/.local/lib/python3.12/site-packages/airflow/example_dags/example_sla_dag.py
[2025-01-10T18:55:03.192+0000] {logging_mixin.py:190} INFO - [2025-01-10T18:55:03.191+0000] {dag.py:3239} INFO - Sync 1 DAGs
[2025-01-10T18:55:03.268+0000] {logging_mixin.py:190} INFO - [2025-01-10T18:55:03.267+0000] {dag.py:4180} INFO - Setting next_dagrun for example_sla_dag to 2025-01-10 18:52:00+00:00, run_after=2025-01-10 18:54:00+00:00
[2025-01-10T18:55:03.320+0000] {processor.py:208} INFO - Processing /home/airflow/.local/lib/python3.12/site-packages/airflow/example_dags/example_sla_dag.py took 0.256 seconds
[2025-01-10T18:55:33.441+0000] {processor.py:186} INFO - Started process (PID=1425) to work on /home/airflow/.local/lib/python3.12/site-packages/airflow/example_dags/example_sla_dag.py
[2025-01-10T18:55:33.446+0000] {processor.py:914} INFO - Processing file /home/airflow/.local/lib/python3.12/site-packages/airflow/example_dags/example_sla_dag.py for tasks to queue
[2025-01-10T18:55:33.460+0000] {logging_mixin.py:190} INFO - [2025-01-10T18:55:33.459+0000] {dagbag.py:588} INFO - Filling up the DagBag from /home/airflow/.local/lib/python3.12/site-packages/airflow/example_dags/example_sla_dag.py
[2025-01-10T18:55:33.533+0000] {processor.py:925} INFO - DAG(s) 'example_sla_dag' retrieved from /home/airflow/.local/lib/python3.12/site-packages/airflow/example_dags/example_sla_dag.py
[2025-01-10T18:55:33.605+0000] {logging_mixin.py:190} INFO - [2025-01-10T18:55:33.604+0000] {dag.py:3239} INFO - Sync 1 DAGs
[2025-01-10T18:55:33.674+0000] {logging_mixin.py:190} INFO - [2025-01-10T18:55:33.674+0000] {dag.py:4180} INFO - Setting next_dagrun for example_sla_dag to 2025-01-10 18:52:00+00:00, run_after=2025-01-10 18:54:00+00:00
[2025-01-10T18:55:33.727+0000] {processor.py:208} INFO - Processing /home/airflow/.local/lib/python3.12/site-packages/airflow/example_dags/example_sla_dag.py took 0.311 seconds
[2025-01-10T18:56:04.393+0000] {processor.py:186} INFO - Started process (PID=1488) to work on /home/airflow/.local/lib/python3.12/site-packages/airflow/example_dags/example_sla_dag.py
[2025-01-10T18:56:04.396+0000] {processor.py:914} INFO - Processing file /home/airflow/.local/lib/python3.12/site-packages/airflow/example_dags/example_sla_dag.py for tasks to queue
[2025-01-10T18:56:04.403+0000] {logging_mixin.py:190} INFO - [2025-01-10T18:56:04.402+0000] {dagbag.py:588} INFO - Filling up the DagBag from /home/airflow/.local/lib/python3.12/site-packages/airflow/example_dags/example_sla_dag.py
[2025-01-10T18:56:04.434+0000] {processor.py:925} INFO - DAG(s) 'example_sla_dag' retrieved from /home/airflow/.local/lib/python3.12/site-packages/airflow/example_dags/example_sla_dag.py
[2025-01-10T18:56:04.502+0000] {logging_mixin.py:190} INFO - [2025-01-10T18:56:04.501+0000] {dag.py:3239} INFO - Sync 1 DAGs
[2025-01-10T18:56:04.565+0000] {logging_mixin.py:190} INFO - [2025-01-10T18:56:04.565+0000] {dag.py:4180} INFO - Setting next_dagrun for example_sla_dag to 2025-01-10 18:54:00+00:00, run_after=2025-01-10 18:56:00+00:00
[2025-01-10T18:56:04.603+0000] {processor.py:208} INFO - Processing /home/airflow/.local/lib/python3.12/site-packages/airflow/example_dags/example_sla_dag.py took 0.226 seconds
[2025-01-10T18:56:35.161+0000] {processor.py:186} INFO - Started process (PID=1551) to work on /home/airflow/.local/lib/python3.12/site-packages/airflow/example_dags/example_sla_dag.py
[2025-01-10T18:56:35.163+0000] {processor.py:914} INFO - Processing file /home/airflow/.local/lib/python3.12/site-packages/airflow/example_dags/example_sla_dag.py for tasks to queue
[2025-01-10T18:56:35.170+0000] {logging_mixin.py:190} INFO - [2025-01-10T18:56:35.169+0000] {dagbag.py:588} INFO - Filling up the DagBag from /home/airflow/.local/lib/python3.12/site-packages/airflow/example_dags/example_sla_dag.py
[2025-01-10T18:56:35.221+0000] {processor.py:925} INFO - DAG(s) 'example_sla_dag' retrieved from /home/airflow/.local/lib/python3.12/site-packages/airflow/example_dags/example_sla_dag.py
[2025-01-10T18:56:35.308+0000] {logging_mixin.py:190} INFO - [2025-01-10T18:56:35.306+0000] {dag.py:3239} INFO - Sync 1 DAGs
[2025-01-10T18:56:35.417+0000] {logging_mixin.py:190} INFO - [2025-01-10T18:56:35.416+0000] {dag.py:4180} INFO - Setting next_dagrun for example_sla_dag to 2025-01-10 18:54:00+00:00, run_after=2025-01-10 18:56:00+00:00
[2025-01-10T18:56:35.501+0000] {processor.py:208} INFO - Processing /home/airflow/.local/lib/python3.12/site-packages/airflow/example_dags/example_sla_dag.py took 0.360 seconds
[2025-01-10T18:57:05.927+0000] {processor.py:186} INFO - Started process (PID=1614) to work on /home/airflow/.local/lib/python3.12/site-packages/airflow/example_dags/example_sla_dag.py
[2025-01-10T18:57:05.936+0000] {processor.py:914} INFO - Processing file /home/airflow/.local/lib/python3.12/site-packages/airflow/example_dags/example_sla_dag.py for tasks to queue
[2025-01-10T18:57:05.958+0000] {logging_mixin.py:190} INFO - [2025-01-10T18:57:05.956+0000] {dagbag.py:588} INFO - Filling up the DagBag from /home/airflow/.local/lib/python3.12/site-packages/airflow/example_dags/example_sla_dag.py
[2025-01-10T18:57:06.048+0000] {processor.py:925} INFO - DAG(s) 'example_sla_dag' retrieved from /home/airflow/.local/lib/python3.12/site-packages/airflow/example_dags/example_sla_dag.py
[2025-01-10T18:57:06.138+0000] {logging_mixin.py:190} INFO - [2025-01-10T18:57:06.137+0000] {dag.py:3239} INFO - Sync 1 DAGs
[2025-01-10T18:57:06.242+0000] {logging_mixin.py:190} INFO - [2025-01-10T18:57:06.242+0000] {dag.py:4180} INFO - Setting next_dagrun for example_sla_dag to 2025-01-10 18:54:00+00:00, run_after=2025-01-10 18:56:00+00:00
[2025-01-10T18:57:06.306+0000] {processor.py:208} INFO - Processing /home/airflow/.local/lib/python3.12/site-packages/airflow/example_dags/example_sla_dag.py took 0.426 seconds
[2025-01-10T18:57:36.697+0000] {processor.py:186} INFO - Started process (PID=1676) to work on /home/airflow/.local/lib/python3.12/site-packages/airflow/example_dags/example_sla_dag.py
[2025-01-10T18:57:36.700+0000] {processor.py:914} INFO - Processing file /home/airflow/.local/lib/python3.12/site-packages/airflow/example_dags/example_sla_dag.py for tasks to queue
[2025-01-10T18:57:36.706+0000] {logging_mixin.py:190} INFO - [2025-01-10T18:57:36.706+0000] {dagbag.py:588} INFO - Filling up the DagBag from /home/airflow/.local/lib/python3.12/site-packages/airflow/example_dags/example_sla_dag.py
[2025-01-10T18:57:36.730+0000] {processor.py:925} INFO - DAG(s) 'example_sla_dag' retrieved from /home/airflow/.local/lib/python3.12/site-packages/airflow/example_dags/example_sla_dag.py
[2025-01-10T18:57:36.773+0000] {logging_mixin.py:190} INFO - [2025-01-10T18:57:36.773+0000] {dag.py:3239} INFO - Sync 1 DAGs
[2025-01-10T18:57:36.830+0000] {logging_mixin.py:190} INFO - [2025-01-10T18:57:36.830+0000] {dag.py:4180} INFO - Setting next_dagrun for example_sla_dag to 2025-01-10 18:54:00+00:00, run_after=2025-01-10 18:56:00+00:00
[2025-01-10T18:57:36.878+0000] {processor.py:208} INFO - Processing /home/airflow/.local/lib/python3.12/site-packages/airflow/example_dags/example_sla_dag.py took 0.198 seconds
[2025-01-10T18:58:07.306+0000] {processor.py:186} INFO - Started process (PID=1739) to work on /home/airflow/.local/lib/python3.12/site-packages/airflow/example_dags/example_sla_dag.py
[2025-01-10T18:58:07.310+0000] {processor.py:914} INFO - Processing file /home/airflow/.local/lib/python3.12/site-packages/airflow/example_dags/example_sla_dag.py for tasks to queue
[2025-01-10T18:58:07.317+0000] {logging_mixin.py:190} INFO - [2025-01-10T18:58:07.316+0000] {dagbag.py:588} INFO - Filling up the DagBag from /home/airflow/.local/lib/python3.12/site-packages/airflow/example_dags/example_sla_dag.py
[2025-01-10T18:58:07.369+0000] {processor.py:925} INFO - DAG(s) 'example_sla_dag' retrieved from /home/airflow/.local/lib/python3.12/site-packages/airflow/example_dags/example_sla_dag.py
[2025-01-10T18:58:07.434+0000] {logging_mixin.py:190} INFO - [2025-01-10T18:58:07.433+0000] {dag.py:3239} INFO - Sync 1 DAGs
[2025-01-10T18:58:07.504+0000] {logging_mixin.py:190} INFO - [2025-01-10T18:58:07.503+0000] {dag.py:4180} INFO - Setting next_dagrun for example_sla_dag to 2025-01-10 18:56:00+00:00, run_after=2025-01-10 18:58:00+00:00
[2025-01-10T18:58:07.609+0000] {processor.py:208} INFO - Processing /home/airflow/.local/lib/python3.12/site-packages/airflow/example_dags/example_sla_dag.py took 0.322 seconds
[2025-01-10T18:58:37.812+0000] {processor.py:186} INFO - Started process (PID=1802) to work on /home/airflow/.local/lib/python3.12/site-packages/airflow/example_dags/example_sla_dag.py
[2025-01-10T18:58:37.814+0000] {processor.py:914} INFO - Processing file /home/airflow/.local/lib/python3.12/site-packages/airflow/example_dags/example_sla_dag.py for tasks to queue
[2025-01-10T18:58:37.820+0000] {logging_mixin.py:190} INFO - [2025-01-10T18:58:37.819+0000] {dagbag.py:588} INFO - Filling up the DagBag from /home/airflow/.local/lib/python3.12/site-packages/airflow/example_dags/example_sla_dag.py
[2025-01-10T18:58:37.844+0000] {processor.py:925} INFO - DAG(s) 'example_sla_dag' retrieved from /home/airflow/.local/lib/python3.12/site-packages/airflow/example_dags/example_sla_dag.py
[2025-01-10T18:58:37.906+0000] {logging_mixin.py:190} INFO - [2025-01-10T18:58:37.905+0000] {dag.py:3239} INFO - Sync 1 DAGs
[2025-01-10T18:58:37.981+0000] {logging_mixin.py:190} INFO - [2025-01-10T18:58:37.980+0000] {dag.py:4180} INFO - Setting next_dagrun for example_sla_dag to 2025-01-10 18:56:00+00:00, run_after=2025-01-10 18:58:00+00:00
[2025-01-10T18:58:38.043+0000] {processor.py:208} INFO - Processing /home/airflow/.local/lib/python3.12/site-packages/airflow/example_dags/example_sla_dag.py took 0.247 seconds
[2025-01-10T18:59:10.042+0000] {processor.py:186} INFO - Started process (PID=1865) to work on /home/airflow/.local/lib/python3.12/site-packages/airflow/example_dags/example_sla_dag.py
[2025-01-10T18:59:10.045+0000] {processor.py:914} INFO - Processing file /home/airflow/.local/lib/python3.12/site-packages/airflow/example_dags/example_sla_dag.py for tasks to queue
[2025-01-10T18:59:10.052+0000] {logging_mixin.py:190} INFO - [2025-01-10T18:59:10.051+0000] {dagbag.py:588} INFO - Filling up the DagBag from /home/airflow/.local/lib/python3.12/site-packages/airflow/example_dags/example_sla_dag.py
[2025-01-10T18:59:10.080+0000] {processor.py:925} INFO - DAG(s) 'example_sla_dag' retrieved from /home/airflow/.local/lib/python3.12/site-packages/airflow/example_dags/example_sla_dag.py
[2025-01-10T18:59:10.129+0000] {logging_mixin.py:190} INFO - [2025-01-10T18:59:10.129+0000] {dag.py:3239} INFO - Sync 1 DAGs
[2025-01-10T18:59:10.213+0000] {logging_mixin.py:190} INFO - [2025-01-10T18:59:10.212+0000] {dag.py:4180} INFO - Setting next_dagrun for example_sla_dag to 2025-01-10 18:56:00+00:00, run_after=2025-01-10 18:58:00+00:00
[2025-01-10T18:59:10.246+0000] {processor.py:208} INFO - Processing /home/airflow/.local/lib/python3.12/site-packages/airflow/example_dags/example_sla_dag.py took 0.226 seconds
[2025-01-10T18:59:40.536+0000] {processor.py:186} INFO - Started process (PID=1927) to work on /home/airflow/.local/lib/python3.12/site-packages/airflow/example_dags/example_sla_dag.py
[2025-01-10T18:59:40.538+0000] {processor.py:914} INFO - Processing file /home/airflow/.local/lib/python3.12/site-packages/airflow/example_dags/example_sla_dag.py for tasks to queue
[2025-01-10T18:59:40.543+0000] {logging_mixin.py:190} INFO - [2025-01-10T18:59:40.542+0000] {dagbag.py:588} INFO - Filling up the DagBag from /home/airflow/.local/lib/python3.12/site-packages/airflow/example_dags/example_sla_dag.py
[2025-01-10T18:59:40.567+0000] {processor.py:925} INFO - DAG(s) 'example_sla_dag' retrieved from /home/airflow/.local/lib/python3.12/site-packages/airflow/example_dags/example_sla_dag.py
[2025-01-10T18:59:40.612+0000] {logging_mixin.py:190} INFO - [2025-01-10T18:59:40.611+0000] {dag.py:3239} INFO - Sync 1 DAGs
[2025-01-10T18:59:40.676+0000] {logging_mixin.py:190} INFO - [2025-01-10T18:59:40.676+0000] {dag.py:4180} INFO - Setting next_dagrun for example_sla_dag to 2025-01-10 18:56:00+00:00, run_after=2025-01-10 18:58:00+00:00
[2025-01-10T18:59:40.741+0000] {processor.py:208} INFO - Processing /home/airflow/.local/lib/python3.12/site-packages/airflow/example_dags/example_sla_dag.py took 0.224 seconds
[2025-01-10T19:00:11.561+0000] {processor.py:186} INFO - Started process (PID=1989) to work on /home/airflow/.local/lib/python3.12/site-packages/airflow/example_dags/example_sla_dag.py
[2025-01-10T19:00:11.564+0000] {processor.py:914} INFO - Processing file /home/airflow/.local/lib/python3.12/site-packages/airflow/example_dags/example_sla_dag.py for tasks to queue
[2025-01-10T19:00:11.572+0000] {logging_mixin.py:190} INFO - [2025-01-10T19:00:11.571+0000] {dagbag.py:588} INFO - Filling up the DagBag from /home/airflow/.local/lib/python3.12/site-packages/airflow/example_dags/example_sla_dag.py
[2025-01-10T19:00:11.604+0000] {processor.py:925} INFO - DAG(s) 'example_sla_dag' retrieved from /home/airflow/.local/lib/python3.12/site-packages/airflow/example_dags/example_sla_dag.py
[2025-01-10T19:00:11.667+0000] {logging_mixin.py:190} INFO - [2025-01-10T19:00:11.666+0000] {dag.py:3239} INFO - Sync 1 DAGs
[2025-01-10T19:00:11.794+0000] {logging_mixin.py:190} INFO - [2025-01-10T19:00:11.793+0000] {dag.py:4180} INFO - Setting next_dagrun for example_sla_dag to 2025-01-10 18:58:00+00:00, run_after=2025-01-10 19:00:00+00:00
[2025-01-10T19:00:11.937+0000] {processor.py:208} INFO - Processing /home/airflow/.local/lib/python3.12/site-packages/airflow/example_dags/example_sla_dag.py took 0.394 seconds
[2025-01-10T19:00:42.300+0000] {processor.py:186} INFO - Started process (PID=2052) to work on /home/airflow/.local/lib/python3.12/site-packages/airflow/example_dags/example_sla_dag.py
[2025-01-10T19:00:42.304+0000] {processor.py:914} INFO - Processing file /home/airflow/.local/lib/python3.12/site-packages/airflow/example_dags/example_sla_dag.py for tasks to queue
[2025-01-10T19:00:42.310+0000] {logging_mixin.py:190} INFO - [2025-01-10T19:00:42.310+0000] {dagbag.py:588} INFO - Filling up the DagBag from /home/airflow/.local/lib/python3.12/site-packages/airflow/example_dags/example_sla_dag.py
[2025-01-10T19:00:42.342+0000] {processor.py:925} INFO - DAG(s) 'example_sla_dag' retrieved from /home/airflow/.local/lib/python3.12/site-packages/airflow/example_dags/example_sla_dag.py
[2025-01-10T19:00:42.410+0000] {logging_mixin.py:190} INFO - [2025-01-10T19:00:42.409+0000] {dag.py:3239} INFO - Sync 1 DAGs
[2025-01-10T19:00:42.485+0000] {logging_mixin.py:190} INFO - [2025-01-10T19:00:42.485+0000] {dag.py:4180} INFO - Setting next_dagrun for example_sla_dag to 2025-01-10 18:58:00+00:00, run_after=2025-01-10 19:00:00+00:00
[2025-01-10T19:00:42.527+0000] {processor.py:208} INFO - Processing /home/airflow/.local/lib/python3.12/site-packages/airflow/example_dags/example_sla_dag.py took 0.242 seconds
[2025-01-10T19:01:13.361+0000] {processor.py:186} INFO - Started process (PID=2121) to work on /home/airflow/.local/lib/python3.12/site-packages/airflow/example_dags/example_sla_dag.py
[2025-01-10T19:01:13.363+0000] {processor.py:914} INFO - Processing file /home/airflow/.local/lib/python3.12/site-packages/airflow/example_dags/example_sla_dag.py for tasks to queue
[2025-01-10T19:01:13.369+0000] {logging_mixin.py:190} INFO - [2025-01-10T19:01:13.368+0000] {dagbag.py:588} INFO - Filling up the DagBag from /home/airflow/.local/lib/python3.12/site-packages/airflow/example_dags/example_sla_dag.py
[2025-01-10T19:01:13.414+0000] {processor.py:925} INFO - DAG(s) 'example_sla_dag' retrieved from /home/airflow/.local/lib/python3.12/site-packages/airflow/example_dags/example_sla_dag.py
[2025-01-10T19:01:13.519+0000] {logging_mixin.py:190} INFO - [2025-01-10T19:01:13.517+0000] {dag.py:3239} INFO - Sync 1 DAGs
[2025-01-10T19:01:13.650+0000] {logging_mixin.py:190} INFO - [2025-01-10T19:01:13.649+0000] {dag.py:4180} INFO - Setting next_dagrun for example_sla_dag to 2025-01-10 18:58:00+00:00, run_after=2025-01-10 19:00:00+00:00
[2025-01-10T19:01:13.725+0000] {processor.py:208} INFO - Processing /home/airflow/.local/lib/python3.12/site-packages/airflow/example_dags/example_sla_dag.py took 0.379 seconds
[2025-01-10T19:01:45.034+0000] {processor.py:186} INFO - Started process (PID=2184) to work on /home/airflow/.local/lib/python3.12/site-packages/airflow/example_dags/example_sla_dag.py
[2025-01-10T19:01:45.037+0000] {processor.py:914} INFO - Processing file /home/airflow/.local/lib/python3.12/site-packages/airflow/example_dags/example_sla_dag.py for tasks to queue
[2025-01-10T19:01:45.043+0000] {logging_mixin.py:190} INFO - [2025-01-10T19:01:45.042+0000] {dagbag.py:588} INFO - Filling up the DagBag from /home/airflow/.local/lib/python3.12/site-packages/airflow/example_dags/example_sla_dag.py
[2025-01-10T19:01:45.070+0000] {processor.py:925} INFO - DAG(s) 'example_sla_dag' retrieved from /home/airflow/.local/lib/python3.12/site-packages/airflow/example_dags/example_sla_dag.py
[2025-01-10T19:01:45.127+0000] {logging_mixin.py:190} INFO - [2025-01-10T19:01:45.126+0000] {dag.py:3239} INFO - Sync 1 DAGs
[2025-01-10T19:01:45.199+0000] {logging_mixin.py:190} INFO - [2025-01-10T19:01:45.198+0000] {dag.py:4180} INFO - Setting next_dagrun for example_sla_dag to 2025-01-10 18:58:00+00:00, run_after=2025-01-10 19:00:00+00:00
[2025-01-10T19:01:45.252+0000] {processor.py:208} INFO - Processing /home/airflow/.local/lib/python3.12/site-packages/airflow/example_dags/example_sla_dag.py took 0.235 seconds
[2025-01-10T19:02:15.900+0000] {processor.py:186} INFO - Started process (PID=2247) to work on /home/airflow/.local/lib/python3.12/site-packages/airflow/example_dags/example_sla_dag.py
[2025-01-10T19:02:15.904+0000] {processor.py:914} INFO - Processing file /home/airflow/.local/lib/python3.12/site-packages/airflow/example_dags/example_sla_dag.py for tasks to queue
[2025-01-10T19:02:15.916+0000] {logging_mixin.py:190} INFO - [2025-01-10T19:02:15.914+0000] {dagbag.py:588} INFO - Filling up the DagBag from /home/airflow/.local/lib/python3.12/site-packages/airflow/example_dags/example_sla_dag.py
[2025-01-10T19:02:15.966+0000] {processor.py:925} INFO - DAG(s) 'example_sla_dag' retrieved from /home/airflow/.local/lib/python3.12/site-packages/airflow/example_dags/example_sla_dag.py
[2025-01-10T19:02:16.053+0000] {logging_mixin.py:190} INFO - [2025-01-10T19:02:16.053+0000] {dag.py:3239} INFO - Sync 1 DAGs
[2025-01-10T19:02:16.158+0000] {logging_mixin.py:190} INFO - [2025-01-10T19:02:16.158+0000] {dag.py:4180} INFO - Setting next_dagrun for example_sla_dag to 2025-01-10 19:00:00+00:00, run_after=2025-01-10 19:02:00+00:00
[2025-01-10T19:02:16.236+0000] {processor.py:208} INFO - Processing /home/airflow/.local/lib/python3.12/site-packages/airflow/example_dags/example_sla_dag.py took 0.352 seconds
[2025-01-10T19:02:46.624+0000] {processor.py:186} INFO - Started process (PID=2309) to work on /home/airflow/.local/lib/python3.12/site-packages/airflow/example_dags/example_sla_dag.py
[2025-01-10T19:02:46.626+0000] {processor.py:914} INFO - Processing file /home/airflow/.local/lib/python3.12/site-packages/airflow/example_dags/example_sla_dag.py for tasks to queue
[2025-01-10T19:02:46.635+0000] {logging_mixin.py:190} INFO - [2025-01-10T19:02:46.635+0000] {dagbag.py:588} INFO - Filling up the DagBag from /home/airflow/.local/lib/python3.12/site-packages/airflow/example_dags/example_sla_dag.py
[2025-01-10T19:02:46.668+0000] {processor.py:925} INFO - DAG(s) 'example_sla_dag' retrieved from /home/airflow/.local/lib/python3.12/site-packages/airflow/example_dags/example_sla_dag.py
[2025-01-10T19:02:46.734+0000] {logging_mixin.py:190} INFO - [2025-01-10T19:02:46.733+0000] {dag.py:3239} INFO - Sync 1 DAGs
[2025-01-10T19:02:46.838+0000] {logging_mixin.py:190} INFO - [2025-01-10T19:02:46.837+0000] {dag.py:4180} INFO - Setting next_dagrun for example_sla_dag to 2025-01-10 19:00:00+00:00, run_after=2025-01-10 19:02:00+00:00
[2025-01-10T19:02:46.889+0000] {processor.py:208} INFO - Processing /home/airflow/.local/lib/python3.12/site-packages/airflow/example_dags/example_sla_dag.py took 0.287 seconds
[2025-01-10T19:03:17.851+0000] {processor.py:186} INFO - Started process (PID=2372) to work on /home/airflow/.local/lib/python3.12/site-packages/airflow/example_dags/example_sla_dag.py
[2025-01-10T19:03:17.853+0000] {processor.py:914} INFO - Processing file /home/airflow/.local/lib/python3.12/site-packages/airflow/example_dags/example_sla_dag.py for tasks to queue
[2025-01-10T19:03:17.857+0000] {logging_mixin.py:190} INFO - [2025-01-10T19:03:17.856+0000] {dagbag.py:588} INFO - Filling up the DagBag from /home/airflow/.local/lib/python3.12/site-packages/airflow/example_dags/example_sla_dag.py
[2025-01-10T19:03:17.877+0000] {processor.py:925} INFO - DAG(s) 'example_sla_dag' retrieved from /home/airflow/.local/lib/python3.12/site-packages/airflow/example_dags/example_sla_dag.py
[2025-01-10T19:03:17.924+0000] {logging_mixin.py:190} INFO - [2025-01-10T19:03:17.924+0000] {dag.py:3239} INFO - Sync 1 DAGs
[2025-01-10T19:03:17.987+0000] {logging_mixin.py:190} INFO - [2025-01-10T19:03:17.986+0000] {dag.py:4180} INFO - Setting next_dagrun for example_sla_dag to 2025-01-10 19:00:00+00:00, run_after=2025-01-10 19:02:00+00:00
[2025-01-10T19:03:18.039+0000] {processor.py:208} INFO - Processing /home/airflow/.local/lib/python3.12/site-packages/airflow/example_dags/example_sla_dag.py took 0.199 seconds
[2025-01-10T19:03:49.068+0000] {processor.py:186} INFO - Started process (PID=2435) to work on /home/airflow/.local/lib/python3.12/site-packages/airflow/example_dags/example_sla_dag.py
[2025-01-10T19:03:49.070+0000] {processor.py:914} INFO - Processing file /home/airflow/.local/lib/python3.12/site-packages/airflow/example_dags/example_sla_dag.py for tasks to queue
[2025-01-10T19:03:49.075+0000] {logging_mixin.py:190} INFO - [2025-01-10T19:03:49.074+0000] {dagbag.py:588} INFO - Filling up the DagBag from /home/airflow/.local/lib/python3.12/site-packages/airflow/example_dags/example_sla_dag.py
[2025-01-10T19:03:49.093+0000] {processor.py:925} INFO - DAG(s) 'example_sla_dag' retrieved from /home/airflow/.local/lib/python3.12/site-packages/airflow/example_dags/example_sla_dag.py
[2025-01-10T19:03:49.142+0000] {logging_mixin.py:190} INFO - [2025-01-10T19:03:49.142+0000] {dag.py:3239} INFO - Sync 1 DAGs
[2025-01-10T19:03:49.234+0000] {logging_mixin.py:190} INFO - [2025-01-10T19:03:49.233+0000] {dag.py:4180} INFO - Setting next_dagrun for example_sla_dag to 2025-01-10 19:00:00+00:00, run_after=2025-01-10 19:02:00+00:00
[2025-01-10T19:03:49.276+0000] {processor.py:208} INFO - Processing /home/airflow/.local/lib/python3.12/site-packages/airflow/example_dags/example_sla_dag.py took 0.220 seconds
[2025-01-10T19:04:19.805+0000] {processor.py:186} INFO - Started process (PID=2497) to work on /home/airflow/.local/lib/python3.12/site-packages/airflow/example_dags/example_sla_dag.py
[2025-01-10T19:04:19.808+0000] {processor.py:914} INFO - Processing file /home/airflow/.local/lib/python3.12/site-packages/airflow/example_dags/example_sla_dag.py for tasks to queue
[2025-01-10T19:04:19.818+0000] {logging_mixin.py:190} INFO - [2025-01-10T19:04:19.817+0000] {dagbag.py:588} INFO - Filling up the DagBag from /home/airflow/.local/lib/python3.12/site-packages/airflow/example_dags/example_sla_dag.py
[2025-01-10T19:04:19.853+0000] {processor.py:925} INFO - DAG(s) 'example_sla_dag' retrieved from /home/airflow/.local/lib/python3.12/site-packages/airflow/example_dags/example_sla_dag.py
[2025-01-10T19:04:19.911+0000] {logging_mixin.py:190} INFO - [2025-01-10T19:04:19.910+0000] {dag.py:3239} INFO - Sync 1 DAGs
[2025-01-10T19:04:19.970+0000] {logging_mixin.py:190} INFO - [2025-01-10T19:04:19.969+0000] {dag.py:4180} INFO - Setting next_dagrun for example_sla_dag to 2025-01-10 19:02:00+00:00, run_after=2025-01-10 19:04:00+00:00
[2025-01-10T19:04:20.008+0000] {processor.py:208} INFO - Processing /home/airflow/.local/lib/python3.12/site-packages/airflow/example_dags/example_sla_dag.py took 0.224 seconds
[2025-01-10T19:04:50.722+0000] {processor.py:186} INFO - Started process (PID=2560) to work on /home/airflow/.local/lib/python3.12/site-packages/airflow/example_dags/example_sla_dag.py
[2025-01-10T19:04:50.726+0000] {processor.py:914} INFO - Processing file /home/airflow/.local/lib/python3.12/site-packages/airflow/example_dags/example_sla_dag.py for tasks to queue
[2025-01-10T19:04:50.732+0000] {logging_mixin.py:190} INFO - [2025-01-10T19:04:50.731+0000] {dagbag.py:588} INFO - Filling up the DagBag from /home/airflow/.local/lib/python3.12/site-packages/airflow/example_dags/example_sla_dag.py
[2025-01-10T19:04:50.755+0000] {processor.py:925} INFO - DAG(s) 'example_sla_dag' retrieved from /home/airflow/.local/lib/python3.12/site-packages/airflow/example_dags/example_sla_dag.py
[2025-01-10T19:04:50.806+0000] {logging_mixin.py:190} INFO - [2025-01-10T19:04:50.805+0000] {dag.py:3239} INFO - Sync 1 DAGs
[2025-01-10T19:04:50.877+0000] {logging_mixin.py:190} INFO - [2025-01-10T19:04:50.877+0000] {dag.py:4180} INFO - Setting next_dagrun for example_sla_dag to 2025-01-10 19:02:00+00:00, run_after=2025-01-10 19:04:00+00:00
[2025-01-10T19:04:50.925+0000] {processor.py:208} INFO - Processing /home/airflow/.local/lib/python3.12/site-packages/airflow/example_dags/example_sla_dag.py took 0.216 seconds
[2025-01-10T19:05:21.884+0000] {processor.py:186} INFO - Started process (PID=2623) to work on /home/airflow/.local/lib/python3.12/site-packages/airflow/example_dags/example_sla_dag.py
[2025-01-10T19:05:21.887+0000] {processor.py:914} INFO - Processing file /home/airflow/.local/lib/python3.12/site-packages/airflow/example_dags/example_sla_dag.py for tasks to queue
[2025-01-10T19:05:21.893+0000] {logging_mixin.py:190} INFO - [2025-01-10T19:05:21.893+0000] {dagbag.py:588} INFO - Filling up the DagBag from /home/airflow/.local/lib/python3.12/site-packages/airflow/example_dags/example_sla_dag.py
[2025-01-10T19:05:21.921+0000] {processor.py:925} INFO - DAG(s) 'example_sla_dag' retrieved from /home/airflow/.local/lib/python3.12/site-packages/airflow/example_dags/example_sla_dag.py
[2025-01-10T19:05:21.961+0000] {logging_mixin.py:190} INFO - [2025-01-10T19:05:21.960+0000] {dag.py:3239} INFO - Sync 1 DAGs
[2025-01-10T19:05:22.016+0000] {logging_mixin.py:190} INFO - [2025-01-10T19:05:22.015+0000] {dag.py:4180} INFO - Setting next_dagrun for example_sla_dag to 2025-01-10 19:02:00+00:00, run_after=2025-01-10 19:04:00+00:00
[2025-01-10T19:05:22.065+0000] {processor.py:208} INFO - Processing /home/airflow/.local/lib/python3.12/site-packages/airflow/example_dags/example_sla_dag.py took 0.199 seconds
[2025-01-10T19:05:52.934+0000] {processor.py:186} INFO - Started process (PID=2686) to work on /home/airflow/.local/lib/python3.12/site-packages/airflow/example_dags/example_sla_dag.py
[2025-01-10T19:05:52.937+0000] {processor.py:914} INFO - Processing file /home/airflow/.local/lib/python3.12/site-packages/airflow/example_dags/example_sla_dag.py for tasks to queue
[2025-01-10T19:05:52.943+0000] {logging_mixin.py:190} INFO - [2025-01-10T19:05:52.942+0000] {dagbag.py:588} INFO - Filling up the DagBag from /home/airflow/.local/lib/python3.12/site-packages/airflow/example_dags/example_sla_dag.py
[2025-01-10T19:05:52.970+0000] {processor.py:925} INFO - DAG(s) 'example_sla_dag' retrieved from /home/airflow/.local/lib/python3.12/site-packages/airflow/example_dags/example_sla_dag.py
[2025-01-10T19:05:53.030+0000] {logging_mixin.py:190} INFO - [2025-01-10T19:05:53.030+0000] {dag.py:3239} INFO - Sync 1 DAGs
[2025-01-10T19:05:53.099+0000] {logging_mixin.py:190} INFO - [2025-01-10T19:05:53.099+0000] {dag.py:4180} INFO - Setting next_dagrun for example_sla_dag to 2025-01-10 19:02:00+00:00, run_after=2025-01-10 19:04:00+00:00
[2025-01-10T19:05:53.144+0000] {processor.py:208} INFO - Processing /home/airflow/.local/lib/python3.12/site-packages/airflow/example_dags/example_sla_dag.py took 0.225 seconds
[2025-01-10T19:06:25.549+0000] {processor.py:186} INFO - Started process (PID=2749) to work on /home/airflow/.local/lib/python3.12/site-packages/airflow/example_dags/example_sla_dag.py
[2025-01-10T19:06:25.551+0000] {processor.py:914} INFO - Processing file /home/airflow/.local/lib/python3.12/site-packages/airflow/example_dags/example_sla_dag.py for tasks to queue
[2025-01-10T19:06:25.559+0000] {logging_mixin.py:190} INFO - [2025-01-10T19:06:25.558+0000] {dagbag.py:588} INFO - Filling up the DagBag from /home/airflow/.local/lib/python3.12/site-packages/airflow/example_dags/example_sla_dag.py
[2025-01-10T19:06:25.587+0000] {processor.py:925} INFO - DAG(s) 'example_sla_dag' retrieved from /home/airflow/.local/lib/python3.12/site-packages/airflow/example_dags/example_sla_dag.py
[2025-01-10T19:06:25.700+0000] {logging_mixin.py:190} INFO - [2025-01-10T19:06:25.699+0000] {dag.py:3239} INFO - Sync 1 DAGs
[2025-01-10T19:06:25.840+0000] {logging_mixin.py:190} INFO - [2025-01-10T19:06:25.840+0000] {dag.py:4180} INFO - Setting next_dagrun for example_sla_dag to 2025-01-10 19:04:00+00:00, run_after=2025-01-10 19:06:00+00:00
[2025-01-10T19:06:25.890+0000] {processor.py:208} INFO - Processing /home/airflow/.local/lib/python3.12/site-packages/airflow/example_dags/example_sla_dag.py took 0.358 seconds
[2025-01-10T19:06:57.412+0000] {processor.py:186} INFO - Started process (PID=2812) to work on /home/airflow/.local/lib/python3.12/site-packages/airflow/example_dags/example_sla_dag.py
[2025-01-10T19:06:57.414+0000] {processor.py:914} INFO - Processing file /home/airflow/.local/lib/python3.12/site-packages/airflow/example_dags/example_sla_dag.py for tasks to queue
[2025-01-10T19:06:57.421+0000] {logging_mixin.py:190} INFO - [2025-01-10T19:06:57.421+0000] {dagbag.py:588} INFO - Filling up the DagBag from /home/airflow/.local/lib/python3.12/site-packages/airflow/example_dags/example_sla_dag.py
[2025-01-10T19:06:57.452+0000] {processor.py:925} INFO - DAG(s) 'example_sla_dag' retrieved from /home/airflow/.local/lib/python3.12/site-packages/airflow/example_dags/example_sla_dag.py
[2025-01-10T19:06:57.516+0000] {logging_mixin.py:190} INFO - [2025-01-10T19:06:57.515+0000] {dag.py:3239} INFO - Sync 1 DAGs
[2025-01-10T19:06:57.598+0000] {logging_mixin.py:190} INFO - [2025-01-10T19:06:57.598+0000] {dag.py:4180} INFO - Setting next_dagrun for example_sla_dag to 2025-01-10 19:04:00+00:00, run_after=2025-01-10 19:06:00+00:00
[2025-01-10T19:06:57.637+0000] {processor.py:208} INFO - Processing /home/airflow/.local/lib/python3.12/site-packages/airflow/example_dags/example_sla_dag.py took 0.239 seconds
[2025-01-10T19:07:28.946+0000] {processor.py:186} INFO - Started process (PID=2875) to work on /home/airflow/.local/lib/python3.12/site-packages/airflow/example_dags/example_sla_dag.py
[2025-01-10T19:07:28.948+0000] {processor.py:914} INFO - Processing file /home/airflow/.local/lib/python3.12/site-packages/airflow/example_dags/example_sla_dag.py for tasks to queue
[2025-01-10T19:07:28.953+0000] {logging_mixin.py:190} INFO - [2025-01-10T19:07:28.952+0000] {dagbag.py:588} INFO - Filling up the DagBag from /home/airflow/.local/lib/python3.12/site-packages/airflow/example_dags/example_sla_dag.py
[2025-01-10T19:07:28.973+0000] {processor.py:925} INFO - DAG(s) 'example_sla_dag' retrieved from /home/airflow/.local/lib/python3.12/site-packages/airflow/example_dags/example_sla_dag.py
[2025-01-10T19:07:29.036+0000] {logging_mixin.py:190} INFO - [2025-01-10T19:07:29.036+0000] {dag.py:3239} INFO - Sync 1 DAGs
[2025-01-10T19:07:29.107+0000] {logging_mixin.py:190} INFO - [2025-01-10T19:07:29.106+0000] {dag.py:4180} INFO - Setting next_dagrun for example_sla_dag to 2025-01-10 19:04:00+00:00, run_after=2025-01-10 19:06:00+00:00
[2025-01-10T19:07:29.148+0000] {processor.py:208} INFO - Processing /home/airflow/.local/lib/python3.12/site-packages/airflow/example_dags/example_sla_dag.py took 0.213 seconds
[2025-01-10T19:08:03.258+0000] {processor.py:186} INFO - Started process (PID=2939) to work on /home/airflow/.local/lib/python3.12/site-packages/airflow/example_dags/example_sla_dag.py
[2025-01-10T19:08:03.260+0000] {processor.py:914} INFO - Processing file /home/airflow/.local/lib/python3.12/site-packages/airflow/example_dags/example_sla_dag.py for tasks to queue
[2025-01-10T19:08:03.264+0000] {logging_mixin.py:190} INFO - [2025-01-10T19:08:03.264+0000] {dagbag.py:588} INFO - Filling up the DagBag from /home/airflow/.local/lib/python3.12/site-packages/airflow/example_dags/example_sla_dag.py
[2025-01-10T19:08:03.286+0000] {processor.py:925} INFO - DAG(s) 'example_sla_dag' retrieved from /home/airflow/.local/lib/python3.12/site-packages/airflow/example_dags/example_sla_dag.py
[2025-01-10T19:08:03.338+0000] {logging_mixin.py:190} INFO - [2025-01-10T19:08:03.337+0000] {dag.py:3239} INFO - Sync 1 DAGs
[2025-01-10T19:08:03.414+0000] {logging_mixin.py:190} INFO - [2025-01-10T19:08:03.413+0000] {dag.py:4180} INFO - Setting next_dagrun for example_sla_dag to 2025-01-10 19:06:00+00:00, run_after=2025-01-10 19:08:00+00:00
[2025-01-10T19:08:03.480+0000] {processor.py:208} INFO - Processing /home/airflow/.local/lib/python3.12/site-packages/airflow/example_dags/example_sla_dag.py took 0.235 seconds
[2025-01-10T19:08:33.972+0000] {processor.py:186} INFO - Started process (PID=3001) to work on /home/airflow/.local/lib/python3.12/site-packages/airflow/example_dags/example_sla_dag.py
[2025-01-10T19:08:33.974+0000] {processor.py:914} INFO - Processing file /home/airflow/.local/lib/python3.12/site-packages/airflow/example_dags/example_sla_dag.py for tasks to queue
[2025-01-10T19:08:33.980+0000] {logging_mixin.py:190} INFO - [2025-01-10T19:08:33.979+0000] {dagbag.py:588} INFO - Filling up the DagBag from /home/airflow/.local/lib/python3.12/site-packages/airflow/example_dags/example_sla_dag.py
[2025-01-10T19:08:34.016+0000] {processor.py:925} INFO - DAG(s) 'example_sla_dag' retrieved from /home/airflow/.local/lib/python3.12/site-packages/airflow/example_dags/example_sla_dag.py
[2025-01-10T19:08:34.095+0000] {logging_mixin.py:190} INFO - [2025-01-10T19:08:34.094+0000] {dag.py:3239} INFO - Sync 1 DAGs
[2025-01-10T19:08:34.174+0000] {logging_mixin.py:190} INFO - [2025-01-10T19:08:34.174+0000] {dag.py:4180} INFO - Setting next_dagrun for example_sla_dag to 2025-01-10 19:06:00+00:00, run_after=2025-01-10 19:08:00+00:00
[2025-01-10T19:08:34.230+0000] {processor.py:208} INFO - Processing /home/airflow/.local/lib/python3.12/site-packages/airflow/example_dags/example_sla_dag.py took 0.275 seconds
[2025-01-10T19:09:04.335+0000] {processor.py:186} INFO - Started process (PID=3063) to work on /home/airflow/.local/lib/python3.12/site-packages/airflow/example_dags/example_sla_dag.py
[2025-01-10T19:09:04.339+0000] {processor.py:914} INFO - Processing file /home/airflow/.local/lib/python3.12/site-packages/airflow/example_dags/example_sla_dag.py for tasks to queue
[2025-01-10T19:09:04.346+0000] {logging_mixin.py:190} INFO - [2025-01-10T19:09:04.345+0000] {dagbag.py:588} INFO - Filling up the DagBag from /home/airflow/.local/lib/python3.12/site-packages/airflow/example_dags/example_sla_dag.py
[2025-01-10T19:09:04.375+0000] {processor.py:925} INFO - DAG(s) 'example_sla_dag' retrieved from /home/airflow/.local/lib/python3.12/site-packages/airflow/example_dags/example_sla_dag.py
[2025-01-10T19:09:04.430+0000] {logging_mixin.py:190} INFO - [2025-01-10T19:09:04.429+0000] {dag.py:3239} INFO - Sync 1 DAGs
[2025-01-10T19:09:04.504+0000] {logging_mixin.py:190} INFO - [2025-01-10T19:09:04.504+0000] {dag.py:4180} INFO - Setting next_dagrun for example_sla_dag to 2025-01-10 19:06:00+00:00, run_after=2025-01-10 19:08:00+00:00
[2025-01-10T19:09:04.562+0000] {processor.py:208} INFO - Processing /home/airflow/.local/lib/python3.12/site-packages/airflow/example_dags/example_sla_dag.py took 0.244 seconds
[2025-01-10T19:09:35.133+0000] {processor.py:186} INFO - Started process (PID=3126) to work on /home/airflow/.local/lib/python3.12/site-packages/airflow/example_dags/example_sla_dag.py
[2025-01-10T19:09:35.135+0000] {processor.py:914} INFO - Processing file /home/airflow/.local/lib/python3.12/site-packages/airflow/example_dags/example_sla_dag.py for tasks to queue
[2025-01-10T19:09:35.141+0000] {logging_mixin.py:190} INFO - [2025-01-10T19:09:35.141+0000] {dagbag.py:588} INFO - Filling up the DagBag from /home/airflow/.local/lib/python3.12/site-packages/airflow/example_dags/example_sla_dag.py
[2025-01-10T19:09:35.171+0000] {processor.py:925} INFO - DAG(s) 'example_sla_dag' retrieved from /home/airflow/.local/lib/python3.12/site-packages/airflow/example_dags/example_sla_dag.py
[2025-01-10T19:09:35.214+0000] {logging_mixin.py:190} INFO - [2025-01-10T19:09:35.214+0000] {dag.py:3239} INFO - Sync 1 DAGs
[2025-01-10T19:09:35.400+0000] {logging_mixin.py:190} INFO - [2025-01-10T19:09:35.398+0000] {dag.py:4180} INFO - Setting next_dagrun for example_sla_dag to 2025-01-10 19:06:00+00:00, run_after=2025-01-10 19:08:00+00:00
[2025-01-10T19:09:35.446+0000] {processor.py:208} INFO - Processing /home/airflow/.local/lib/python3.12/site-packages/airflow/example_dags/example_sla_dag.py took 0.332 seconds
[2025-01-10T19:10:05.998+0000] {processor.py:186} INFO - Started process (PID=3189) to work on /home/airflow/.local/lib/python3.12/site-packages/airflow/example_dags/example_sla_dag.py
[2025-01-10T19:10:06.003+0000] {processor.py:914} INFO - Processing file /home/airflow/.local/lib/python3.12/site-packages/airflow/example_dags/example_sla_dag.py for tasks to queue
[2025-01-10T19:10:06.014+0000] {logging_mixin.py:190} INFO - [2025-01-10T19:10:06.012+0000] {dagbag.py:588} INFO - Filling up the DagBag from /home/airflow/.local/lib/python3.12/site-packages/airflow/example_dags/example_sla_dag.py
[2025-01-10T19:10:06.051+0000] {processor.py:925} INFO - DAG(s) 'example_sla_dag' retrieved from /home/airflow/.local/lib/python3.12/site-packages/airflow/example_dags/example_sla_dag.py
[2025-01-10T19:10:06.107+0000] {logging_mixin.py:190} INFO - [2025-01-10T19:10:06.106+0000] {dag.py:3239} INFO - Sync 1 DAGs
[2025-01-10T19:10:06.180+0000] {logging_mixin.py:190} INFO - [2025-01-10T19:10:06.180+0000] {dag.py:4180} INFO - Setting next_dagrun for example_sla_dag to 2025-01-10 19:08:00+00:00, run_after=2025-01-10 19:10:00+00:00
[2025-01-10T19:10:06.231+0000] {processor.py:208} INFO - Processing /home/airflow/.local/lib/python3.12/site-packages/airflow/example_dags/example_sla_dag.py took 0.258 seconds
[2025-01-10T19:10:37.159+0000] {processor.py:186} INFO - Started process (PID=3253) to work on /home/airflow/.local/lib/python3.12/site-packages/airflow/example_dags/example_sla_dag.py
[2025-01-10T19:10:37.162+0000] {processor.py:914} INFO - Processing file /home/airflow/.local/lib/python3.12/site-packages/airflow/example_dags/example_sla_dag.py for tasks to queue
[2025-01-10T19:10:37.172+0000] {logging_mixin.py:190} INFO - [2025-01-10T19:10:37.171+0000] {dagbag.py:588} INFO - Filling up the DagBag from /home/airflow/.local/lib/python3.12/site-packages/airflow/example_dags/example_sla_dag.py
[2025-01-10T19:10:37.207+0000] {processor.py:925} INFO - DAG(s) 'example_sla_dag' retrieved from /home/airflow/.local/lib/python3.12/site-packages/airflow/example_dags/example_sla_dag.py
[2025-01-10T19:10:37.277+0000] {logging_mixin.py:190} INFO - [2025-01-10T19:10:37.276+0000] {dag.py:3239} INFO - Sync 1 DAGs
[2025-01-10T19:10:37.366+0000] {logging_mixin.py:190} INFO - [2025-01-10T19:10:37.366+0000] {dag.py:4180} INFO - Setting next_dagrun for example_sla_dag to 2025-01-10 19:08:00+00:00, run_after=2025-01-10 19:10:00+00:00
[2025-01-10T19:10:37.410+0000] {processor.py:208} INFO - Processing /home/airflow/.local/lib/python3.12/site-packages/airflow/example_dags/example_sla_dag.py took 0.268 seconds
[2025-01-10T19:11:07.784+0000] {processor.py:186} INFO - Started process (PID=3316) to work on /home/airflow/.local/lib/python3.12/site-packages/airflow/example_dags/example_sla_dag.py
[2025-01-10T19:11:07.786+0000] {processor.py:914} INFO - Processing file /home/airflow/.local/lib/python3.12/site-packages/airflow/example_dags/example_sla_dag.py for tasks to queue
[2025-01-10T19:11:07.794+0000] {logging_mixin.py:190} INFO - [2025-01-10T19:11:07.793+0000] {dagbag.py:588} INFO - Filling up the DagBag from /home/airflow/.local/lib/python3.12/site-packages/airflow/example_dags/example_sla_dag.py
[2025-01-10T19:11:07.856+0000] {processor.py:925} INFO - DAG(s) 'example_sla_dag' retrieved from /home/airflow/.local/lib/python3.12/site-packages/airflow/example_dags/example_sla_dag.py
[2025-01-10T19:11:07.943+0000] {logging_mixin.py:190} INFO - [2025-01-10T19:11:07.943+0000] {dag.py:3239} INFO - Sync 1 DAGs
[2025-01-10T19:11:08.014+0000] {logging_mixin.py:190} INFO - [2025-01-10T19:11:08.013+0000] {dag.py:4180} INFO - Setting next_dagrun for example_sla_dag to 2025-01-10 19:08:00+00:00, run_after=2025-01-10 19:10:00+00:00
[2025-01-10T19:11:08.053+0000] {processor.py:208} INFO - Processing /home/airflow/.local/lib/python3.12/site-packages/airflow/example_dags/example_sla_dag.py took 0.282 seconds
[2025-01-10T19:11:38.528+0000] {processor.py:186} INFO - Started process (PID=3380) to work on /home/airflow/.local/lib/python3.12/site-packages/airflow/example_dags/example_sla_dag.py
[2025-01-10T19:11:38.531+0000] {processor.py:914} INFO - Processing file /home/airflow/.local/lib/python3.12/site-packages/airflow/example_dags/example_sla_dag.py for tasks to queue
[2025-01-10T19:11:38.542+0000] {logging_mixin.py:190} INFO - [2025-01-10T19:11:38.541+0000] {dagbag.py:588} INFO - Filling up the DagBag from /home/airflow/.local/lib/python3.12/site-packages/airflow/example_dags/example_sla_dag.py
[2025-01-10T19:11:38.576+0000] {processor.py:925} INFO - DAG(s) 'example_sla_dag' retrieved from /home/airflow/.local/lib/python3.12/site-packages/airflow/example_dags/example_sla_dag.py
[2025-01-10T19:11:38.639+0000] {logging_mixin.py:190} INFO - [2025-01-10T19:11:38.638+0000] {dag.py:3239} INFO - Sync 1 DAGs
[2025-01-10T19:11:38.724+0000] {logging_mixin.py:190} INFO - [2025-01-10T19:11:38.724+0000] {dag.py:4180} INFO - Setting next_dagrun for example_sla_dag to 2025-01-10 19:08:00+00:00, run_after=2025-01-10 19:10:00+00:00
[2025-01-10T19:11:38.775+0000] {processor.py:208} INFO - Processing /home/airflow/.local/lib/python3.12/site-packages/airflow/example_dags/example_sla_dag.py took 0.269 seconds
[2025-01-10T19:12:09.128+0000] {processor.py:186} INFO - Started process (PID=3444) to work on /home/airflow/.local/lib/python3.12/site-packages/airflow/example_dags/example_sla_dag.py
[2025-01-10T19:12:09.132+0000] {processor.py:914} INFO - Processing file /home/airflow/.local/lib/python3.12/site-packages/airflow/example_dags/example_sla_dag.py for tasks to queue
[2025-01-10T19:12:09.177+0000] {logging_mixin.py:190} INFO - [2025-01-10T19:12:09.176+0000] {dagbag.py:588} INFO - Filling up the DagBag from /home/airflow/.local/lib/python3.12/site-packages/airflow/example_dags/example_sla_dag.py
[2025-01-10T19:12:09.247+0000] {processor.py:925} INFO - DAG(s) 'example_sla_dag' retrieved from /home/airflow/.local/lib/python3.12/site-packages/airflow/example_dags/example_sla_dag.py
[2025-01-10T19:12:09.335+0000] {logging_mixin.py:190} INFO - [2025-01-10T19:12:09.335+0000] {dag.py:3239} INFO - Sync 1 DAGs
[2025-01-10T19:12:09.449+0000] {logging_mixin.py:190} INFO - [2025-01-10T19:12:09.448+0000] {dag.py:4180} INFO - Setting next_dagrun for example_sla_dag to 2025-01-10 19:10:00+00:00, run_after=2025-01-10 19:12:00+00:00
[2025-01-10T19:12:09.495+0000] {processor.py:208} INFO - Processing /home/airflow/.local/lib/python3.12/site-packages/airflow/example_dags/example_sla_dag.py took 0.392 seconds
[2025-01-10T19:12:39.823+0000] {processor.py:186} INFO - Started process (PID=3508) to work on /home/airflow/.local/lib/python3.12/site-packages/airflow/example_dags/example_sla_dag.py
[2025-01-10T19:12:39.827+0000] {processor.py:914} INFO - Processing file /home/airflow/.local/lib/python3.12/site-packages/airflow/example_dags/example_sla_dag.py for tasks to queue
[2025-01-10T19:12:39.840+0000] {logging_mixin.py:190} INFO - [2025-01-10T19:12:39.839+0000] {dagbag.py:588} INFO - Filling up the DagBag from /home/airflow/.local/lib/python3.12/site-packages/airflow/example_dags/example_sla_dag.py
[2025-01-10T19:12:39.883+0000] {processor.py:925} INFO - DAG(s) 'example_sla_dag' retrieved from /home/airflow/.local/lib/python3.12/site-packages/airflow/example_dags/example_sla_dag.py
[2025-01-10T19:12:39.955+0000] {logging_mixin.py:190} INFO - [2025-01-10T19:12:39.955+0000] {dag.py:3239} INFO - Sync 1 DAGs
[2025-01-10T19:12:40.070+0000] {logging_mixin.py:190} INFO - [2025-01-10T19:12:40.068+0000] {dag.py:4180} INFO - Setting next_dagrun for example_sla_dag to 2025-01-10 19:10:00+00:00, run_after=2025-01-10 19:12:00+00:00
[2025-01-10T19:12:40.171+0000] {processor.py:208} INFO - Processing /home/airflow/.local/lib/python3.12/site-packages/airflow/example_dags/example_sla_dag.py took 0.370 seconds
[2025-01-10T19:13:10.612+0000] {processor.py:186} INFO - Started process (PID=3572) to work on /home/airflow/.local/lib/python3.12/site-packages/airflow/example_dags/example_sla_dag.py
[2025-01-10T19:13:10.615+0000] {processor.py:914} INFO - Processing file /home/airflow/.local/lib/python3.12/site-packages/airflow/example_dags/example_sla_dag.py for tasks to queue
[2025-01-10T19:13:10.623+0000] {logging_mixin.py:190} INFO - [2025-01-10T19:13:10.622+0000] {dagbag.py:588} INFO - Filling up the DagBag from /home/airflow/.local/lib/python3.12/site-packages/airflow/example_dags/example_sla_dag.py
[2025-01-10T19:13:10.646+0000] {processor.py:925} INFO - DAG(s) 'example_sla_dag' retrieved from /home/airflow/.local/lib/python3.12/site-packages/airflow/example_dags/example_sla_dag.py
[2025-01-10T19:13:10.694+0000] {logging_mixin.py:190} INFO - [2025-01-10T19:13:10.693+0000] {dag.py:3239} INFO - Sync 1 DAGs
[2025-01-10T19:13:10.759+0000] {logging_mixin.py:190} INFO - [2025-01-10T19:13:10.759+0000] {dag.py:4180} INFO - Setting next_dagrun for example_sla_dag to 2025-01-10 19:10:00+00:00, run_after=2025-01-10 19:12:00+00:00
[2025-01-10T19:13:10.815+0000] {processor.py:208} INFO - Processing /home/airflow/.local/lib/python3.12/site-packages/airflow/example_dags/example_sla_dag.py took 0.217 seconds
[2025-01-10T19:13:40.990+0000] {processor.py:186} INFO - Started process (PID=3636) to work on /home/airflow/.local/lib/python3.12/site-packages/airflow/example_dags/example_sla_dag.py
[2025-01-10T19:13:40.993+0000] {processor.py:914} INFO - Processing file /home/airflow/.local/lib/python3.12/site-packages/airflow/example_dags/example_sla_dag.py for tasks to queue
[2025-01-10T19:13:41.008+0000] {logging_mixin.py:190} INFO - [2025-01-10T19:13:41.006+0000] {dagbag.py:588} INFO - Filling up the DagBag from /home/airflow/.local/lib/python3.12/site-packages/airflow/example_dags/example_sla_dag.py
[2025-01-10T19:13:41.035+0000] {processor.py:925} INFO - DAG(s) 'example_sla_dag' retrieved from /home/airflow/.local/lib/python3.12/site-packages/airflow/example_dags/example_sla_dag.py
[2025-01-10T19:13:41.082+0000] {logging_mixin.py:190} INFO - [2025-01-10T19:13:41.081+0000] {dag.py:3239} INFO - Sync 1 DAGs
[2025-01-10T19:13:41.146+0000] {logging_mixin.py:190} INFO - [2025-01-10T19:13:41.146+0000] {dag.py:4180} INFO - Setting next_dagrun for example_sla_dag to 2025-01-10 19:10:00+00:00, run_after=2025-01-10 19:12:00+00:00
[2025-01-10T19:13:41.195+0000] {processor.py:208} INFO - Processing /home/airflow/.local/lib/python3.12/site-packages/airflow/example_dags/example_sla_dag.py took 0.231 seconds
[2025-01-10T19:14:12.115+0000] {processor.py:186} INFO - Started process (PID=3699) to work on /home/airflow/.local/lib/python3.12/site-packages/airflow/example_dags/example_sla_dag.py
[2025-01-10T19:14:12.123+0000] {processor.py:914} INFO - Processing file /home/airflow/.local/lib/python3.12/site-packages/airflow/example_dags/example_sla_dag.py for tasks to queue
[2025-01-10T19:14:12.130+0000] {logging_mixin.py:190} INFO - [2025-01-10T19:14:12.127+0000] {dagbag.py:588} INFO - Filling up the DagBag from /home/airflow/.local/lib/python3.12/site-packages/airflow/example_dags/example_sla_dag.py
[2025-01-10T19:14:12.200+0000] {processor.py:925} INFO - DAG(s) 'example_sla_dag' retrieved from /home/airflow/.local/lib/python3.12/site-packages/airflow/example_dags/example_sla_dag.py
[2025-01-10T19:14:12.434+0000] {logging_mixin.py:190} INFO - [2025-01-10T19:14:12.433+0000] {dag.py:3239} INFO - Sync 1 DAGs
[2025-01-10T19:14:12.607+0000] {logging_mixin.py:190} INFO - [2025-01-10T19:14:12.606+0000] {dag.py:4180} INFO - Setting next_dagrun for example_sla_dag to 2025-01-10 19:12:00+00:00, run_after=2025-01-10 19:14:00+00:00
[2025-01-10T19:14:12.750+0000] {processor.py:208} INFO - Processing /home/airflow/.local/lib/python3.12/site-packages/airflow/example_dags/example_sla_dag.py took 0.676 seconds
[2025-01-10T19:14:43.017+0000] {processor.py:186} INFO - Started process (PID=3763) to work on /home/airflow/.local/lib/python3.12/site-packages/airflow/example_dags/example_sla_dag.py
[2025-01-10T19:14:43.021+0000] {processor.py:914} INFO - Processing file /home/airflow/.local/lib/python3.12/site-packages/airflow/example_dags/example_sla_dag.py for tasks to queue
[2025-01-10T19:14:43.024+0000] {logging_mixin.py:190} INFO - [2025-01-10T19:14:43.023+0000] {dagbag.py:588} INFO - Filling up the DagBag from /home/airflow/.local/lib/python3.12/site-packages/airflow/example_dags/example_sla_dag.py
[2025-01-10T19:14:43.049+0000] {processor.py:925} INFO - DAG(s) 'example_sla_dag' retrieved from /home/airflow/.local/lib/python3.12/site-packages/airflow/example_dags/example_sla_dag.py
[2025-01-10T19:14:43.092+0000] {logging_mixin.py:190} INFO - [2025-01-10T19:14:43.092+0000] {dag.py:3239} INFO - Sync 1 DAGs
[2025-01-10T19:14:43.152+0000] {logging_mixin.py:190} INFO - [2025-01-10T19:14:43.151+0000] {dag.py:4180} INFO - Setting next_dagrun for example_sla_dag to 2025-01-10 19:12:00+00:00, run_after=2025-01-10 19:14:00+00:00
[2025-01-10T19:14:43.192+0000] {processor.py:208} INFO - Processing /home/airflow/.local/lib/python3.12/site-packages/airflow/example_dags/example_sla_dag.py took 0.187 seconds
[2025-01-10T19:15:14.239+0000] {processor.py:186} INFO - Started process (PID=3827) to work on /home/airflow/.local/lib/python3.12/site-packages/airflow/example_dags/example_sla_dag.py
[2025-01-10T19:15:14.246+0000] {processor.py:914} INFO - Processing file /home/airflow/.local/lib/python3.12/site-packages/airflow/example_dags/example_sla_dag.py for tasks to queue
[2025-01-10T19:15:14.254+0000] {logging_mixin.py:190} INFO - [2025-01-10T19:15:14.251+0000] {dagbag.py:588} INFO - Filling up the DagBag from /home/airflow/.local/lib/python3.12/site-packages/airflow/example_dags/example_sla_dag.py
[2025-01-10T19:15:14.303+0000] {processor.py:925} INFO - DAG(s) 'example_sla_dag' retrieved from /home/airflow/.local/lib/python3.12/site-packages/airflow/example_dags/example_sla_dag.py
[2025-01-10T19:15:14.400+0000] {logging_mixin.py:190} INFO - [2025-01-10T19:15:14.399+0000] {dag.py:3239} INFO - Sync 1 DAGs
[2025-01-10T19:15:14.526+0000] {logging_mixin.py:190} INFO - [2025-01-10T19:15:14.526+0000] {dag.py:4180} INFO - Setting next_dagrun for example_sla_dag to 2025-01-10 19:12:00+00:00, run_after=2025-01-10 19:14:00+00:00
[2025-01-10T19:15:14.616+0000] {processor.py:208} INFO - Processing /home/airflow/.local/lib/python3.12/site-packages/airflow/example_dags/example_sla_dag.py took 0.401 seconds
[2025-01-10T19:15:45.360+0000] {processor.py:186} INFO - Started process (PID=3891) to work on /home/airflow/.local/lib/python3.12/site-packages/airflow/example_dags/example_sla_dag.py
[2025-01-10T19:15:45.362+0000] {processor.py:914} INFO - Processing file /home/airflow/.local/lib/python3.12/site-packages/airflow/example_dags/example_sla_dag.py for tasks to queue
[2025-01-10T19:15:45.366+0000] {logging_mixin.py:190} INFO - [2025-01-10T19:15:45.365+0000] {dagbag.py:588} INFO - Filling up the DagBag from /home/airflow/.local/lib/python3.12/site-packages/airflow/example_dags/example_sla_dag.py
[2025-01-10T19:15:45.393+0000] {processor.py:925} INFO - DAG(s) 'example_sla_dag' retrieved from /home/airflow/.local/lib/python3.12/site-packages/airflow/example_dags/example_sla_dag.py
[2025-01-10T19:15:45.436+0000] {logging_mixin.py:190} INFO - [2025-01-10T19:15:45.435+0000] {dag.py:3239} INFO - Sync 1 DAGs
[2025-01-10T19:15:45.544+0000] {logging_mixin.py:190} INFO - [2025-01-10T19:15:45.544+0000] {dag.py:4180} INFO - Setting next_dagrun for example_sla_dag to 2025-01-10 19:12:00+00:00, run_after=2025-01-10 19:14:00+00:00
[2025-01-10T19:15:45.604+0000] {processor.py:208} INFO - Processing /home/airflow/.local/lib/python3.12/site-packages/airflow/example_dags/example_sla_dag.py took 0.261 seconds
[2025-01-10T19:16:16.191+0000] {processor.py:186} INFO - Started process (PID=3955) to work on /home/airflow/.local/lib/python3.12/site-packages/airflow/example_dags/example_sla_dag.py
[2025-01-10T19:16:16.193+0000] {processor.py:914} INFO - Processing file /home/airflow/.local/lib/python3.12/site-packages/airflow/example_dags/example_sla_dag.py for tasks to queue
[2025-01-10T19:16:16.196+0000] {logging_mixin.py:190} INFO - [2025-01-10T19:16:16.195+0000] {dagbag.py:588} INFO - Filling up the DagBag from /home/airflow/.local/lib/python3.12/site-packages/airflow/example_dags/example_sla_dag.py
[2025-01-10T19:16:16.219+0000] {processor.py:925} INFO - DAG(s) 'example_sla_dag' retrieved from /home/airflow/.local/lib/python3.12/site-packages/airflow/example_dags/example_sla_dag.py
[2025-01-10T19:16:16.256+0000] {logging_mixin.py:190} INFO - [2025-01-10T19:16:16.256+0000] {dag.py:3239} INFO - Sync 1 DAGs
[2025-01-10T19:16:16.309+0000] {logging_mixin.py:190} INFO - [2025-01-10T19:16:16.309+0000] {dag.py:4180} INFO - Setting next_dagrun for example_sla_dag to 2025-01-10 19:14:00+00:00, run_after=2025-01-10 19:16:00+00:00
[2025-01-10T19:16:16.345+0000] {processor.py:208} INFO - Processing /home/airflow/.local/lib/python3.12/site-packages/airflow/example_dags/example_sla_dag.py took 0.173 seconds
[2025-01-10T19:16:47.115+0000] {processor.py:186} INFO - Started process (PID=4017) to work on /home/airflow/.local/lib/python3.12/site-packages/airflow/example_dags/example_sla_dag.py
[2025-01-10T19:16:47.120+0000] {processor.py:914} INFO - Processing file /home/airflow/.local/lib/python3.12/site-packages/airflow/example_dags/example_sla_dag.py for tasks to queue
[2025-01-10T19:16:47.124+0000] {logging_mixin.py:190} INFO - [2025-01-10T19:16:47.122+0000] {dagbag.py:588} INFO - Filling up the DagBag from /home/airflow/.local/lib/python3.12/site-packages/airflow/example_dags/example_sla_dag.py
[2025-01-10T19:16:47.166+0000] {processor.py:925} INFO - DAG(s) 'example_sla_dag' retrieved from /home/airflow/.local/lib/python3.12/site-packages/airflow/example_dags/example_sla_dag.py
[2025-01-10T19:16:47.232+0000] {logging_mixin.py:190} INFO - [2025-01-10T19:16:47.231+0000] {dag.py:3239} INFO - Sync 1 DAGs
[2025-01-10T19:16:47.310+0000] {logging_mixin.py:190} INFO - [2025-01-10T19:16:47.310+0000] {dag.py:4180} INFO - Setting next_dagrun for example_sla_dag to 2025-01-10 19:14:00+00:00, run_after=2025-01-10 19:16:00+00:00
[2025-01-10T19:16:47.362+0000] {processor.py:208} INFO - Processing /home/airflow/.local/lib/python3.12/site-packages/airflow/example_dags/example_sla_dag.py took 0.266 seconds
[2025-01-10T19:17:18.313+0000] {processor.py:186} INFO - Started process (PID=4081) to work on /home/airflow/.local/lib/python3.12/site-packages/airflow/example_dags/example_sla_dag.py
[2025-01-10T19:17:18.316+0000] {processor.py:914} INFO - Processing file /home/airflow/.local/lib/python3.12/site-packages/airflow/example_dags/example_sla_dag.py for tasks to queue
[2025-01-10T19:17:18.319+0000] {logging_mixin.py:190} INFO - [2025-01-10T19:17:18.318+0000] {dagbag.py:588} INFO - Filling up the DagBag from /home/airflow/.local/lib/python3.12/site-packages/airflow/example_dags/example_sla_dag.py
[2025-01-10T19:17:18.368+0000] {processor.py:925} INFO - DAG(s) 'example_sla_dag' retrieved from /home/airflow/.local/lib/python3.12/site-packages/airflow/example_dags/example_sla_dag.py
[2025-01-10T19:17:18.470+0000] {logging_mixin.py:190} INFO - [2025-01-10T19:17:18.469+0000] {dag.py:3239} INFO - Sync 1 DAGs
[2025-01-10T19:17:18.660+0000] {logging_mixin.py:190} INFO - [2025-01-10T19:17:18.660+0000] {dag.py:4180} INFO - Setting next_dagrun for example_sla_dag to 2025-01-10 19:14:00+00:00, run_after=2025-01-10 19:16:00+00:00
[2025-01-10T19:17:18.717+0000] {processor.py:208} INFO - Processing /home/airflow/.local/lib/python3.12/site-packages/airflow/example_dags/example_sla_dag.py took 0.423 seconds
[2025-01-10T19:17:49.357+0000] {processor.py:186} INFO - Started process (PID=4151) to work on /home/airflow/.local/lib/python3.12/site-packages/airflow/example_dags/example_sla_dag.py
[2025-01-10T19:17:49.360+0000] {processor.py:914} INFO - Processing file /home/airflow/.local/lib/python3.12/site-packages/airflow/example_dags/example_sla_dag.py for tasks to queue
[2025-01-10T19:17:49.366+0000] {logging_mixin.py:190} INFO - [2025-01-10T19:17:49.365+0000] {dagbag.py:588} INFO - Filling up the DagBag from /home/airflow/.local/lib/python3.12/site-packages/airflow/example_dags/example_sla_dag.py
[2025-01-10T19:17:49.391+0000] {processor.py:925} INFO - DAG(s) 'example_sla_dag' retrieved from /home/airflow/.local/lib/python3.12/site-packages/airflow/example_dags/example_sla_dag.py
[2025-01-10T19:17:49.433+0000] {logging_mixin.py:190} INFO - [2025-01-10T19:17:49.432+0000] {dag.py:3239} INFO - Sync 1 DAGs
[2025-01-10T19:17:49.534+0000] {logging_mixin.py:190} INFO - [2025-01-10T19:17:49.534+0000] {dag.py:4180} INFO - Setting next_dagrun for example_sla_dag to 2025-01-10 19:14:00+00:00, run_after=2025-01-10 19:16:00+00:00
[2025-01-10T19:17:49.590+0000] {processor.py:208} INFO - Processing /home/airflow/.local/lib/python3.12/site-packages/airflow/example_dags/example_sla_dag.py took 0.252 seconds
[2025-01-10T19:18:20.041+0000] {processor.py:186} INFO - Started process (PID=4215) to work on /home/airflow/.local/lib/python3.12/site-packages/airflow/example_dags/example_sla_dag.py
[2025-01-10T19:18:20.043+0000] {processor.py:914} INFO - Processing file /home/airflow/.local/lib/python3.12/site-packages/airflow/example_dags/example_sla_dag.py for tasks to queue
[2025-01-10T19:18:20.048+0000] {logging_mixin.py:190} INFO - [2025-01-10T19:18:20.047+0000] {dagbag.py:588} INFO - Filling up the DagBag from /home/airflow/.local/lib/python3.12/site-packages/airflow/example_dags/example_sla_dag.py
[2025-01-10T19:18:20.084+0000] {processor.py:925} INFO - DAG(s) 'example_sla_dag' retrieved from /home/airflow/.local/lib/python3.12/site-packages/airflow/example_dags/example_sla_dag.py
[2025-01-10T19:18:20.223+0000] {logging_mixin.py:190} INFO - [2025-01-10T19:18:20.221+0000] {dag.py:3239} INFO - Sync 1 DAGs
[2025-01-10T19:18:20.446+0000] {logging_mixin.py:190} INFO - [2025-01-10T19:18:20.445+0000] {dag.py:4180} INFO - Setting next_dagrun for example_sla_dag to 2025-01-10 19:16:00+00:00, run_after=2025-01-10 19:18:00+00:00
[2025-01-10T19:18:20.580+0000] {processor.py:208} INFO - Processing /home/airflow/.local/lib/python3.12/site-packages/airflow/example_dags/example_sla_dag.py took 0.555 seconds
[2025-01-10T19:18:53.673+0000] {processor.py:186} INFO - Started process (PID=4280) to work on /home/airflow/.local/lib/python3.12/site-packages/airflow/example_dags/example_sla_dag.py
[2025-01-10T19:18:53.683+0000] {processor.py:914} INFO - Processing file /home/airflow/.local/lib/python3.12/site-packages/airflow/example_dags/example_sla_dag.py for tasks to queue
[2025-01-10T19:18:53.695+0000] {logging_mixin.py:190} INFO - [2025-01-10T19:18:53.692+0000] {dagbag.py:588} INFO - Filling up the DagBag from /home/airflow/.local/lib/python3.12/site-packages/airflow/example_dags/example_sla_dag.py
[2025-01-10T19:18:53.785+0000] {processor.py:925} INFO - DAG(s) 'example_sla_dag' retrieved from /home/airflow/.local/lib/python3.12/site-packages/airflow/example_dags/example_sla_dag.py
[2025-01-10T19:18:53.878+0000] {logging_mixin.py:190} INFO - [2025-01-10T19:18:53.876+0000] {dag.py:3239} INFO - Sync 1 DAGs
[2025-01-10T19:18:53.970+0000] {logging_mixin.py:190} INFO - [2025-01-10T19:18:53.969+0000] {dag.py:4180} INFO - Setting next_dagrun for example_sla_dag to 2025-01-10 19:16:00+00:00, run_after=2025-01-10 19:18:00+00:00
[2025-01-10T19:18:54.013+0000] {processor.py:208} INFO - Processing /home/airflow/.local/lib/python3.12/site-packages/airflow/example_dags/example_sla_dag.py took 0.402 seconds
[2025-01-10T19:19:24.347+0000] {processor.py:186} INFO - Started process (PID=4344) to work on /home/airflow/.local/lib/python3.12/site-packages/airflow/example_dags/example_sla_dag.py
[2025-01-10T19:19:24.349+0000] {processor.py:914} INFO - Processing file /home/airflow/.local/lib/python3.12/site-packages/airflow/example_dags/example_sla_dag.py for tasks to queue
[2025-01-10T19:19:24.351+0000] {logging_mixin.py:190} INFO - [2025-01-10T19:19:24.350+0000] {dagbag.py:588} INFO - Filling up the DagBag from /home/airflow/.local/lib/python3.12/site-packages/airflow/example_dags/example_sla_dag.py
[2025-01-10T19:19:24.371+0000] {processor.py:925} INFO - DAG(s) 'example_sla_dag' retrieved from /home/airflow/.local/lib/python3.12/site-packages/airflow/example_dags/example_sla_dag.py
[2025-01-10T19:19:24.400+0000] {logging_mixin.py:190} INFO - [2025-01-10T19:19:24.400+0000] {dag.py:3239} INFO - Sync 1 DAGs
[2025-01-10T19:19:24.467+0000] {logging_mixin.py:190} INFO - [2025-01-10T19:19:24.467+0000] {dag.py:4180} INFO - Setting next_dagrun for example_sla_dag to 2025-01-10 19:16:00+00:00, run_after=2025-01-10 19:18:00+00:00
[2025-01-10T19:19:24.510+0000] {processor.py:208} INFO - Processing /home/airflow/.local/lib/python3.12/site-packages/airflow/example_dags/example_sla_dag.py took 0.174 seconds
[2025-01-10T19:19:54.941+0000] {processor.py:186} INFO - Started process (PID=4407) to work on /home/airflow/.local/lib/python3.12/site-packages/airflow/example_dags/example_sla_dag.py
[2025-01-10T19:19:54.944+0000] {processor.py:914} INFO - Processing file /home/airflow/.local/lib/python3.12/site-packages/airflow/example_dags/example_sla_dag.py for tasks to queue
[2025-01-10T19:19:54.946+0000] {logging_mixin.py:190} INFO - [2025-01-10T19:19:54.946+0000] {dagbag.py:588} INFO - Filling up the DagBag from /home/airflow/.local/lib/python3.12/site-packages/airflow/example_dags/example_sla_dag.py
[2025-01-10T19:19:54.971+0000] {processor.py:925} INFO - DAG(s) 'example_sla_dag' retrieved from /home/airflow/.local/lib/python3.12/site-packages/airflow/example_dags/example_sla_dag.py
[2025-01-10T19:19:55.073+0000] {logging_mixin.py:190} INFO - [2025-01-10T19:19:55.072+0000] {dag.py:3239} INFO - Sync 1 DAGs
[2025-01-10T19:19:55.196+0000] {logging_mixin.py:190} INFO - [2025-01-10T19:19:55.195+0000] {dag.py:4180} INFO - Setting next_dagrun for example_sla_dag to 2025-01-10 19:16:00+00:00, run_after=2025-01-10 19:18:00+00:00
[2025-01-10T19:19:55.261+0000] {processor.py:208} INFO - Processing /home/airflow/.local/lib/python3.12/site-packages/airflow/example_dags/example_sla_dag.py took 0.334 seconds
[2025-01-10T19:20:27.722+0000] {processor.py:186} INFO - Started process (PID=4465) to work on /home/airflow/.local/lib/python3.12/site-packages/airflow/example_dags/example_sla_dag.py
[2025-01-10T19:20:27.724+0000] {processor.py:914} INFO - Processing file /home/airflow/.local/lib/python3.12/site-packages/airflow/example_dags/example_sla_dag.py for tasks to queue
[2025-01-10T19:20:27.726+0000] {logging_mixin.py:190} INFO - [2025-01-10T19:20:27.725+0000] {dagbag.py:588} INFO - Filling up the DagBag from /home/airflow/.local/lib/python3.12/site-packages/airflow/example_dags/example_sla_dag.py
[2025-01-10T19:20:27.747+0000] {processor.py:925} INFO - DAG(s) 'example_sla_dag' retrieved from /home/airflow/.local/lib/python3.12/site-packages/airflow/example_dags/example_sla_dag.py
[2025-01-10T19:20:27.803+0000] {logging_mixin.py:190} INFO - [2025-01-10T19:20:27.802+0000] {dag.py:3239} INFO - Sync 1 DAGs
[2025-01-10T19:20:27.943+0000] {logging_mixin.py:190} INFO - [2025-01-10T19:20:27.942+0000] {dag.py:4180} INFO - Setting next_dagrun for example_sla_dag to 2025-01-10 19:18:00+00:00, run_after=2025-01-10 19:20:00+00:00
[2025-01-10T19:20:28.026+0000] {processor.py:208} INFO - Processing /home/airflow/.local/lib/python3.12/site-packages/airflow/example_dags/example_sla_dag.py took 0.318 seconds
[2025-01-10T19:21:00.644+0000] {processor.py:186} INFO - Started process (PID=4528) to work on /home/airflow/.local/lib/python3.12/site-packages/airflow/example_dags/example_sla_dag.py
[2025-01-10T19:21:00.647+0000] {processor.py:914} INFO - Processing file /home/airflow/.local/lib/python3.12/site-packages/airflow/example_dags/example_sla_dag.py for tasks to queue
[2025-01-10T19:21:00.651+0000] {logging_mixin.py:190} INFO - [2025-01-10T19:21:00.650+0000] {dagbag.py:588} INFO - Filling up the DagBag from /home/airflow/.local/lib/python3.12/site-packages/airflow/example_dags/example_sla_dag.py
[2025-01-10T19:21:00.699+0000] {processor.py:925} INFO - DAG(s) 'example_sla_dag' retrieved from /home/airflow/.local/lib/python3.12/site-packages/airflow/example_dags/example_sla_dag.py
[2025-01-10T19:21:00.829+0000] {logging_mixin.py:190} INFO - [2025-01-10T19:21:00.828+0000] {dag.py:3239} INFO - Sync 1 DAGs
[2025-01-10T19:21:01.110+0000] {logging_mixin.py:190} INFO - [2025-01-10T19:21:01.108+0000] {dag.py:4180} INFO - Setting next_dagrun for example_sla_dag to 2025-01-10 19:18:00+00:00, run_after=2025-01-10 19:20:00+00:00
[2025-01-10T19:21:01.210+0000] {processor.py:208} INFO - Processing /home/airflow/.local/lib/python3.12/site-packages/airflow/example_dags/example_sla_dag.py took 0.610 seconds
[2025-01-10T19:21:32.418+0000] {processor.py:186} INFO - Started process (PID=4592) to work on /home/airflow/.local/lib/python3.12/site-packages/airflow/example_dags/example_sla_dag.py
[2025-01-10T19:21:32.421+0000] {processor.py:914} INFO - Processing file /home/airflow/.local/lib/python3.12/site-packages/airflow/example_dags/example_sla_dag.py for tasks to queue
[2025-01-10T19:21:32.424+0000] {logging_mixin.py:190} INFO - [2025-01-10T19:21:32.423+0000] {dagbag.py:588} INFO - Filling up the DagBag from /home/airflow/.local/lib/python3.12/site-packages/airflow/example_dags/example_sla_dag.py
[2025-01-10T19:21:32.451+0000] {processor.py:925} INFO - DAG(s) 'example_sla_dag' retrieved from /home/airflow/.local/lib/python3.12/site-packages/airflow/example_dags/example_sla_dag.py
[2025-01-10T19:21:32.526+0000] {logging_mixin.py:190} INFO - [2025-01-10T19:21:32.525+0000] {dag.py:3239} INFO - Sync 1 DAGs
[2025-01-10T19:21:32.615+0000] {logging_mixin.py:190} INFO - [2025-01-10T19:21:32.615+0000] {dag.py:4180} INFO - Setting next_dagrun for example_sla_dag to 2025-01-10 19:18:00+00:00, run_after=2025-01-10 19:20:00+00:00
[2025-01-10T19:21:32.695+0000] {processor.py:208} INFO - Processing /home/airflow/.local/lib/python3.12/site-packages/airflow/example_dags/example_sla_dag.py took 0.302 seconds
[2025-01-10T19:22:04.588+0000] {processor.py:186} INFO - Started process (PID=4655) to work on /home/airflow/.local/lib/python3.12/site-packages/airflow/example_dags/example_sla_dag.py
[2025-01-10T19:22:04.591+0000] {processor.py:914} INFO - Processing file /home/airflow/.local/lib/python3.12/site-packages/airflow/example_dags/example_sla_dag.py for tasks to queue
[2025-01-10T19:22:04.595+0000] {logging_mixin.py:190} INFO - [2025-01-10T19:22:04.594+0000] {dagbag.py:588} INFO - Filling up the DagBag from /home/airflow/.local/lib/python3.12/site-packages/airflow/example_dags/example_sla_dag.py
[2025-01-10T19:22:04.656+0000] {processor.py:925} INFO - DAG(s) 'example_sla_dag' retrieved from /home/airflow/.local/lib/python3.12/site-packages/airflow/example_dags/example_sla_dag.py
[2025-01-10T19:22:05.021+0000] {logging_mixin.py:190} INFO - [2025-01-10T19:22:05.017+0000] {dag.py:3239} INFO - Sync 1 DAGs
[2025-01-10T19:22:05.234+0000] {logging_mixin.py:190} INFO - [2025-01-10T19:22:05.233+0000] {dag.py:4180} INFO - Setting next_dagrun for example_sla_dag to 2025-01-10 19:20:00+00:00, run_after=2025-01-10 19:22:00+00:00
[2025-01-10T19:22:05.396+0000] {processor.py:208} INFO - Processing /home/airflow/.local/lib/python3.12/site-packages/airflow/example_dags/example_sla_dag.py took 0.829 seconds
[2025-01-10T19:22:36.044+0000] {processor.py:186} INFO - Started process (PID=4719) to work on /home/airflow/.local/lib/python3.12/site-packages/airflow/example_dags/example_sla_dag.py
[2025-01-10T19:22:36.048+0000] {processor.py:914} INFO - Processing file /home/airflow/.local/lib/python3.12/site-packages/airflow/example_dags/example_sla_dag.py for tasks to queue
[2025-01-10T19:22:36.054+0000] {logging_mixin.py:190} INFO - [2025-01-10T19:22:36.053+0000] {dagbag.py:588} INFO - Filling up the DagBag from /home/airflow/.local/lib/python3.12/site-packages/airflow/example_dags/example_sla_dag.py
[2025-01-10T19:22:36.109+0000] {processor.py:925} INFO - DAG(s) 'example_sla_dag' retrieved from /home/airflow/.local/lib/python3.12/site-packages/airflow/example_dags/example_sla_dag.py
[2025-01-10T19:22:36.199+0000] {logging_mixin.py:190} INFO - [2025-01-10T19:22:36.198+0000] {dag.py:3239} INFO - Sync 1 DAGs
[2025-01-10T19:22:36.352+0000] {logging_mixin.py:190} INFO - [2025-01-10T19:22:36.351+0000] {dag.py:4180} INFO - Setting next_dagrun for example_sla_dag to 2025-01-10 19:20:00+00:00, run_after=2025-01-10 19:22:00+00:00
[2025-01-10T19:22:36.450+0000] {processor.py:208} INFO - Processing /home/airflow/.local/lib/python3.12/site-packages/airflow/example_dags/example_sla_dag.py took 0.443 seconds
