[2025-01-10T18:44:38.295+0000] {processor.py:186} INFO - Started process (PID=98) to work on /home/airflow/.local/lib/python3.12/site-packages/airflow/example_dags/example_python_operator.py
[2025-01-10T18:44:38.298+0000] {processor.py:914} INFO - Processing file /home/airflow/.local/lib/python3.12/site-packages/airflow/example_dags/example_python_operator.py for tasks to queue
[2025-01-10T18:44:38.307+0000] {logging_mixin.py:190} INFO - [2025-01-10T18:44:38.306+0000] {dagbag.py:588} INFO - Filling up the DagBag from /home/airflow/.local/lib/python3.12/site-packages/airflow/example_dags/example_python_operator.py
[2025-01-10T18:44:38.438+0000] {processor.py:925} INFO - DAG(s) 'example_python_operator' retrieved from /home/airflow/.local/lib/python3.12/site-packages/airflow/example_dags/example_python_operator.py
[2025-01-10T18:44:38.909+0000] {logging_mixin.py:190} INFO - [2025-01-10T18:44:38.905+0000] {override.py:1911} INFO - Created Permission View: can edit on DAG:example_python_operator
[2025-01-10T18:44:38.973+0000] {logging_mixin.py:190} INFO - [2025-01-10T18:44:38.972+0000] {override.py:1911} INFO - Created Permission View: can read on DAG:example_python_operator
[2025-01-10T18:44:39.027+0000] {logging_mixin.py:190} INFO - [2025-01-10T18:44:39.026+0000] {override.py:1911} INFO - Created Permission View: can delete on DAG:example_python_operator
[2025-01-10T18:44:39.058+0000] {logging_mixin.py:190} INFO - [2025-01-10T18:44:39.058+0000] {override.py:1911} INFO - Created Permission View: menu access on DAG Run:example_python_operator
[2025-01-10T18:44:39.077+0000] {logging_mixin.py:190} INFO - [2025-01-10T18:44:39.076+0000] {override.py:1911} INFO - Created Permission View: can read on DAG Run:example_python_operator
[2025-01-10T18:44:39.098+0000] {logging_mixin.py:190} INFO - [2025-01-10T18:44:39.097+0000] {override.py:1911} INFO - Created Permission View: can create on DAG Run:example_python_operator
[2025-01-10T18:44:39.118+0000] {logging_mixin.py:190} INFO - [2025-01-10T18:44:39.117+0000] {override.py:1911} INFO - Created Permission View: can delete on DAG Run:example_python_operator
[2025-01-10T18:44:39.119+0000] {logging_mixin.py:190} INFO - [2025-01-10T18:44:39.119+0000] {dag.py:3239} INFO - Sync 1 DAGs
[2025-01-10T18:44:39.153+0000] {logging_mixin.py:190} INFO - [2025-01-10T18:44:39.151+0000] {dag.py:3262} INFO - Creating ORM DAG for example_python_operator
[2025-01-10T18:44:39.154+0000] {logging_mixin.py:190} INFO - [2025-01-10T18:44:39.154+0000] {dag.py:4180} INFO - Setting next_dagrun for example_python_operator to None, run_after=None
[2025-01-10T18:44:39.198+0000] {processor.py:208} INFO - Processing /home/airflow/.local/lib/python3.12/site-packages/airflow/example_dags/example_python_operator.py took 0.924 seconds
[2025-01-10T18:45:09.398+0000] {processor.py:186} INFO - Started process (PID=160) to work on /home/airflow/.local/lib/python3.12/site-packages/airflow/example_dags/example_python_operator.py
[2025-01-10T18:45:09.401+0000] {processor.py:914} INFO - Processing file /home/airflow/.local/lib/python3.12/site-packages/airflow/example_dags/example_python_operator.py for tasks to queue
[2025-01-10T18:45:09.414+0000] {logging_mixin.py:190} INFO - [2025-01-10T18:45:09.412+0000] {dagbag.py:588} INFO - Filling up the DagBag from /home/airflow/.local/lib/python3.12/site-packages/airflow/example_dags/example_python_operator.py
[2025-01-10T18:45:09.506+0000] {processor.py:925} INFO - DAG(s) 'example_python_operator' retrieved from /home/airflow/.local/lib/python3.12/site-packages/airflow/example_dags/example_python_operator.py
[2025-01-10T18:45:09.572+0000] {logging_mixin.py:190} INFO - [2025-01-10T18:45:09.571+0000] {dag.py:3239} INFO - Sync 1 DAGs
[2025-01-10T18:45:09.625+0000] {logging_mixin.py:190} INFO - [2025-01-10T18:45:09.624+0000] {dag.py:4180} INFO - Setting next_dagrun for example_python_operator to None, run_after=None
[2025-01-10T18:45:09.684+0000] {processor.py:208} INFO - Processing /home/airflow/.local/lib/python3.12/site-packages/airflow/example_dags/example_python_operator.py took 0.308 seconds
[2025-01-10T18:45:40.257+0000] {processor.py:186} INFO - Started process (PID=223) to work on /home/airflow/.local/lib/python3.12/site-packages/airflow/example_dags/example_python_operator.py
[2025-01-10T18:45:40.260+0000] {processor.py:914} INFO - Processing file /home/airflow/.local/lib/python3.12/site-packages/airflow/example_dags/example_python_operator.py for tasks to queue
[2025-01-10T18:45:40.269+0000] {logging_mixin.py:190} INFO - [2025-01-10T18:45:40.268+0000] {dagbag.py:588} INFO - Filling up the DagBag from /home/airflow/.local/lib/python3.12/site-packages/airflow/example_dags/example_python_operator.py
[2025-01-10T18:45:40.302+0000] {processor.py:925} INFO - DAG(s) 'example_python_operator' retrieved from /home/airflow/.local/lib/python3.12/site-packages/airflow/example_dags/example_python_operator.py
[2025-01-10T18:45:40.362+0000] {logging_mixin.py:190} INFO - [2025-01-10T18:45:40.362+0000] {dag.py:3239} INFO - Sync 1 DAGs
[2025-01-10T18:45:40.455+0000] {logging_mixin.py:190} INFO - [2025-01-10T18:45:40.454+0000] {dag.py:4180} INFO - Setting next_dagrun for example_python_operator to None, run_after=None
[2025-01-10T18:45:40.519+0000] {processor.py:208} INFO - Processing /home/airflow/.local/lib/python3.12/site-packages/airflow/example_dags/example_python_operator.py took 0.282 seconds
[2025-01-10T18:46:10.722+0000] {processor.py:186} INFO - Started process (PID=287) to work on /home/airflow/.local/lib/python3.12/site-packages/airflow/example_dags/example_python_operator.py
[2025-01-10T18:46:10.724+0000] {processor.py:914} INFO - Processing file /home/airflow/.local/lib/python3.12/site-packages/airflow/example_dags/example_python_operator.py for tasks to queue
[2025-01-10T18:46:10.727+0000] {logging_mixin.py:190} INFO - [2025-01-10T18:46:10.727+0000] {dagbag.py:588} INFO - Filling up the DagBag from /home/airflow/.local/lib/python3.12/site-packages/airflow/example_dags/example_python_operator.py
[2025-01-10T18:46:10.762+0000] {processor.py:925} INFO - DAG(s) 'example_python_operator' retrieved from /home/airflow/.local/lib/python3.12/site-packages/airflow/example_dags/example_python_operator.py
[2025-01-10T18:46:10.822+0000] {logging_mixin.py:190} INFO - [2025-01-10T18:46:10.822+0000] {dag.py:3239} INFO - Sync 1 DAGs
[2025-01-10T18:46:10.859+0000] {logging_mixin.py:190} INFO - [2025-01-10T18:46:10.859+0000] {dag.py:4180} INFO - Setting next_dagrun for example_python_operator to None, run_after=None
[2025-01-10T18:46:10.908+0000] {processor.py:208} INFO - Processing /home/airflow/.local/lib/python3.12/site-packages/airflow/example_dags/example_python_operator.py took 0.196 seconds
[2025-01-10T18:46:41.179+0000] {processor.py:186} INFO - Started process (PID=350) to work on /home/airflow/.local/lib/python3.12/site-packages/airflow/example_dags/example_python_operator.py
[2025-01-10T18:46:41.184+0000] {processor.py:914} INFO - Processing file /home/airflow/.local/lib/python3.12/site-packages/airflow/example_dags/example_python_operator.py for tasks to queue
[2025-01-10T18:46:41.191+0000] {logging_mixin.py:190} INFO - [2025-01-10T18:46:41.190+0000] {dagbag.py:588} INFO - Filling up the DagBag from /home/airflow/.local/lib/python3.12/site-packages/airflow/example_dags/example_python_operator.py
[2025-01-10T18:46:41.240+0000] {processor.py:925} INFO - DAG(s) 'example_python_operator' retrieved from /home/airflow/.local/lib/python3.12/site-packages/airflow/example_dags/example_python_operator.py
[2025-01-10T18:46:41.315+0000] {logging_mixin.py:190} INFO - [2025-01-10T18:46:41.314+0000] {dag.py:3239} INFO - Sync 1 DAGs
[2025-01-10T18:46:41.352+0000] {logging_mixin.py:190} INFO - [2025-01-10T18:46:41.352+0000] {dag.py:4180} INFO - Setting next_dagrun for example_python_operator to None, run_after=None
[2025-01-10T18:46:41.429+0000] {processor.py:208} INFO - Processing /home/airflow/.local/lib/python3.12/site-packages/airflow/example_dags/example_python_operator.py took 0.276 seconds
[2025-01-10T18:47:12.415+0000] {processor.py:186} INFO - Started process (PID=411) to work on /home/airflow/.local/lib/python3.12/site-packages/airflow/example_dags/example_python_operator.py
[2025-01-10T18:47:12.420+0000] {processor.py:914} INFO - Processing file /home/airflow/.local/lib/python3.12/site-packages/airflow/example_dags/example_python_operator.py for tasks to queue
[2025-01-10T18:47:12.427+0000] {logging_mixin.py:190} INFO - [2025-01-10T18:47:12.426+0000] {dagbag.py:588} INFO - Filling up the DagBag from /home/airflow/.local/lib/python3.12/site-packages/airflow/example_dags/example_python_operator.py
[2025-01-10T18:47:12.468+0000] {processor.py:925} INFO - DAG(s) 'example_python_operator' retrieved from /home/airflow/.local/lib/python3.12/site-packages/airflow/example_dags/example_python_operator.py
[2025-01-10T18:47:12.504+0000] {logging_mixin.py:190} INFO - [2025-01-10T18:47:12.504+0000] {dag.py:3239} INFO - Sync 1 DAGs
[2025-01-10T18:47:12.536+0000] {logging_mixin.py:190} INFO - [2025-01-10T18:47:12.536+0000] {dag.py:4180} INFO - Setting next_dagrun for example_python_operator to None, run_after=None
[2025-01-10T18:47:12.572+0000] {processor.py:208} INFO - Processing /home/airflow/.local/lib/python3.12/site-packages/airflow/example_dags/example_python_operator.py took 0.173 seconds
[2025-01-10T18:47:42.721+0000] {processor.py:186} INFO - Started process (PID=474) to work on /home/airflow/.local/lib/python3.12/site-packages/airflow/example_dags/example_python_operator.py
[2025-01-10T18:47:42.724+0000] {processor.py:914} INFO - Processing file /home/airflow/.local/lib/python3.12/site-packages/airflow/example_dags/example_python_operator.py for tasks to queue
[2025-01-10T18:47:42.731+0000] {logging_mixin.py:190} INFO - [2025-01-10T18:47:42.730+0000] {dagbag.py:588} INFO - Filling up the DagBag from /home/airflow/.local/lib/python3.12/site-packages/airflow/example_dags/example_python_operator.py
[2025-01-10T18:47:42.758+0000] {processor.py:925} INFO - DAG(s) 'example_python_operator' retrieved from /home/airflow/.local/lib/python3.12/site-packages/airflow/example_dags/example_python_operator.py
[2025-01-10T18:47:42.818+0000] {logging_mixin.py:190} INFO - [2025-01-10T18:47:42.818+0000] {dag.py:3239} INFO - Sync 1 DAGs
[2025-01-10T18:47:42.863+0000] {logging_mixin.py:190} INFO - [2025-01-10T18:47:42.862+0000] {dag.py:4180} INFO - Setting next_dagrun for example_python_operator to None, run_after=None
[2025-01-10T18:47:42.902+0000] {processor.py:208} INFO - Processing /home/airflow/.local/lib/python3.12/site-packages/airflow/example_dags/example_python_operator.py took 0.207 seconds
[2025-01-10T18:48:13.023+0000] {processor.py:186} INFO - Started process (PID=535) to work on /home/airflow/.local/lib/python3.12/site-packages/airflow/example_dags/example_python_operator.py
[2025-01-10T18:48:13.024+0000] {processor.py:914} INFO - Processing file /home/airflow/.local/lib/python3.12/site-packages/airflow/example_dags/example_python_operator.py for tasks to queue
[2025-01-10T18:48:13.029+0000] {logging_mixin.py:190} INFO - [2025-01-10T18:48:13.028+0000] {dagbag.py:588} INFO - Filling up the DagBag from /home/airflow/.local/lib/python3.12/site-packages/airflow/example_dags/example_python_operator.py
[2025-01-10T18:48:13.058+0000] {processor.py:925} INFO - DAG(s) 'example_python_operator' retrieved from /home/airflow/.local/lib/python3.12/site-packages/airflow/example_dags/example_python_operator.py
[2025-01-10T18:48:13.133+0000] {logging_mixin.py:190} INFO - [2025-01-10T18:48:13.133+0000] {dag.py:3239} INFO - Sync 1 DAGs
[2025-01-10T18:48:13.187+0000] {logging_mixin.py:190} INFO - [2025-01-10T18:48:13.186+0000] {dag.py:4180} INFO - Setting next_dagrun for example_python_operator to None, run_after=None
[2025-01-10T18:48:13.287+0000] {processor.py:208} INFO - Processing /home/airflow/.local/lib/python3.12/site-packages/airflow/example_dags/example_python_operator.py took 0.276 seconds
[2025-01-10T18:48:43.590+0000] {processor.py:186} INFO - Started process (PID=597) to work on /home/airflow/.local/lib/python3.12/site-packages/airflow/example_dags/example_python_operator.py
[2025-01-10T18:48:43.594+0000] {processor.py:914} INFO - Processing file /home/airflow/.local/lib/python3.12/site-packages/airflow/example_dags/example_python_operator.py for tasks to queue
[2025-01-10T18:48:43.602+0000] {logging_mixin.py:190} INFO - [2025-01-10T18:48:43.601+0000] {dagbag.py:588} INFO - Filling up the DagBag from /home/airflow/.local/lib/python3.12/site-packages/airflow/example_dags/example_python_operator.py
[2025-01-10T18:48:43.634+0000] {processor.py:925} INFO - DAG(s) 'example_python_operator' retrieved from /home/airflow/.local/lib/python3.12/site-packages/airflow/example_dags/example_python_operator.py
[2025-01-10T18:48:43.681+0000] {logging_mixin.py:190} INFO - [2025-01-10T18:48:43.681+0000] {dag.py:3239} INFO - Sync 1 DAGs
[2025-01-10T18:48:43.716+0000] {logging_mixin.py:190} INFO - [2025-01-10T18:48:43.715+0000] {dag.py:4180} INFO - Setting next_dagrun for example_python_operator to None, run_after=None
[2025-01-10T18:48:43.761+0000] {processor.py:208} INFO - Processing /home/airflow/.local/lib/python3.12/site-packages/airflow/example_dags/example_python_operator.py took 0.185 seconds
[2025-01-10T18:49:14.677+0000] {processor.py:186} INFO - Started process (PID=660) to work on /home/airflow/.local/lib/python3.12/site-packages/airflow/example_dags/example_python_operator.py
[2025-01-10T18:49:14.679+0000] {processor.py:914} INFO - Processing file /home/airflow/.local/lib/python3.12/site-packages/airflow/example_dags/example_python_operator.py for tasks to queue
[2025-01-10T18:49:14.686+0000] {logging_mixin.py:190} INFO - [2025-01-10T18:49:14.685+0000] {dagbag.py:588} INFO - Filling up the DagBag from /home/airflow/.local/lib/python3.12/site-packages/airflow/example_dags/example_python_operator.py
[2025-01-10T18:49:14.715+0000] {processor.py:925} INFO - DAG(s) 'example_python_operator' retrieved from /home/airflow/.local/lib/python3.12/site-packages/airflow/example_dags/example_python_operator.py
[2025-01-10T18:49:14.751+0000] {logging_mixin.py:190} INFO - [2025-01-10T18:49:14.751+0000] {dag.py:3239} INFO - Sync 1 DAGs
[2025-01-10T18:49:14.779+0000] {logging_mixin.py:190} INFO - [2025-01-10T18:49:14.779+0000] {dag.py:4180} INFO - Setting next_dagrun for example_python_operator to None, run_after=None
[2025-01-10T18:49:14.812+0000] {processor.py:208} INFO - Processing /home/airflow/.local/lib/python3.12/site-packages/airflow/example_dags/example_python_operator.py took 0.148 seconds
[2025-01-10T18:49:45.666+0000] {processor.py:186} INFO - Started process (PID=722) to work on /home/airflow/.local/lib/python3.12/site-packages/airflow/example_dags/example_python_operator.py
[2025-01-10T18:49:45.668+0000] {processor.py:914} INFO - Processing file /home/airflow/.local/lib/python3.12/site-packages/airflow/example_dags/example_python_operator.py for tasks to queue
[2025-01-10T18:49:45.676+0000] {logging_mixin.py:190} INFO - [2025-01-10T18:49:45.675+0000] {dagbag.py:588} INFO - Filling up the DagBag from /home/airflow/.local/lib/python3.12/site-packages/airflow/example_dags/example_python_operator.py
[2025-01-10T18:49:45.715+0000] {processor.py:925} INFO - DAG(s) 'example_python_operator' retrieved from /home/airflow/.local/lib/python3.12/site-packages/airflow/example_dags/example_python_operator.py
[2025-01-10T18:49:45.817+0000] {logging_mixin.py:190} INFO - [2025-01-10T18:49:45.816+0000] {dag.py:3239} INFO - Sync 1 DAGs
[2025-01-10T18:49:46.042+0000] {logging_mixin.py:190} INFO - [2025-01-10T18:49:46.041+0000] {dag.py:4180} INFO - Setting next_dagrun for example_python_operator to None, run_after=None
[2025-01-10T18:49:46.126+0000] {processor.py:208} INFO - Processing /home/airflow/.local/lib/python3.12/site-packages/airflow/example_dags/example_python_operator.py took 0.478 seconds
[2025-01-10T18:50:16.732+0000] {processor.py:186} INFO - Started process (PID=785) to work on /home/airflow/.local/lib/python3.12/site-packages/airflow/example_dags/example_python_operator.py
[2025-01-10T18:50:16.734+0000] {processor.py:914} INFO - Processing file /home/airflow/.local/lib/python3.12/site-packages/airflow/example_dags/example_python_operator.py for tasks to queue
[2025-01-10T18:50:16.739+0000] {logging_mixin.py:190} INFO - [2025-01-10T18:50:16.738+0000] {dagbag.py:588} INFO - Filling up the DagBag from /home/airflow/.local/lib/python3.12/site-packages/airflow/example_dags/example_python_operator.py
[2025-01-10T18:50:16.772+0000] {processor.py:925} INFO - DAG(s) 'example_python_operator' retrieved from /home/airflow/.local/lib/python3.12/site-packages/airflow/example_dags/example_python_operator.py
[2025-01-10T18:50:16.828+0000] {logging_mixin.py:190} INFO - [2025-01-10T18:50:16.827+0000] {dag.py:3239} INFO - Sync 1 DAGs
[2025-01-10T18:50:16.859+0000] {logging_mixin.py:190} INFO - [2025-01-10T18:50:16.859+0000] {dag.py:4180} INFO - Setting next_dagrun for example_python_operator to None, run_after=None
[2025-01-10T18:50:16.894+0000] {processor.py:208} INFO - Processing /home/airflow/.local/lib/python3.12/site-packages/airflow/example_dags/example_python_operator.py took 0.174 seconds
[2025-01-10T18:50:48.033+0000] {processor.py:186} INFO - Started process (PID=848) to work on /home/airflow/.local/lib/python3.12/site-packages/airflow/example_dags/example_python_operator.py
[2025-01-10T18:50:48.036+0000] {processor.py:914} INFO - Processing file /home/airflow/.local/lib/python3.12/site-packages/airflow/example_dags/example_python_operator.py for tasks to queue
[2025-01-10T18:50:48.042+0000] {logging_mixin.py:190} INFO - [2025-01-10T18:50:48.042+0000] {dagbag.py:588} INFO - Filling up the DagBag from /home/airflow/.local/lib/python3.12/site-packages/airflow/example_dags/example_python_operator.py
[2025-01-10T18:50:48.068+0000] {processor.py:925} INFO - DAG(s) 'example_python_operator' retrieved from /home/airflow/.local/lib/python3.12/site-packages/airflow/example_dags/example_python_operator.py
[2025-01-10T18:50:48.122+0000] {logging_mixin.py:190} INFO - [2025-01-10T18:50:48.122+0000] {dag.py:3239} INFO - Sync 1 DAGs
[2025-01-10T18:50:48.156+0000] {logging_mixin.py:190} INFO - [2025-01-10T18:50:48.156+0000] {dag.py:4180} INFO - Setting next_dagrun for example_python_operator to None, run_after=None
[2025-01-10T18:50:48.196+0000] {processor.py:208} INFO - Processing /home/airflow/.local/lib/python3.12/site-packages/airflow/example_dags/example_python_operator.py took 0.181 seconds
[2025-01-10T18:51:18.423+0000] {processor.py:186} INFO - Started process (PID=910) to work on /home/airflow/.local/lib/python3.12/site-packages/airflow/example_dags/example_python_operator.py
[2025-01-10T18:51:18.425+0000] {processor.py:914} INFO - Processing file /home/airflow/.local/lib/python3.12/site-packages/airflow/example_dags/example_python_operator.py for tasks to queue
[2025-01-10T18:51:18.432+0000] {logging_mixin.py:190} INFO - [2025-01-10T18:51:18.431+0000] {dagbag.py:588} INFO - Filling up the DagBag from /home/airflow/.local/lib/python3.12/site-packages/airflow/example_dags/example_python_operator.py
[2025-01-10T18:51:18.469+0000] {processor.py:925} INFO - DAG(s) 'example_python_operator' retrieved from /home/airflow/.local/lib/python3.12/site-packages/airflow/example_dags/example_python_operator.py
[2025-01-10T18:51:18.527+0000] {logging_mixin.py:190} INFO - [2025-01-10T18:51:18.526+0000] {dag.py:3239} INFO - Sync 1 DAGs
[2025-01-10T18:51:18.558+0000] {logging_mixin.py:190} INFO - [2025-01-10T18:51:18.558+0000] {dag.py:4180} INFO - Setting next_dagrun for example_python_operator to None, run_after=None
[2025-01-10T18:51:18.597+0000] {processor.py:208} INFO - Processing /home/airflow/.local/lib/python3.12/site-packages/airflow/example_dags/example_python_operator.py took 0.194 seconds
[2025-01-10T18:51:48.700+0000] {processor.py:186} INFO - Started process (PID=972) to work on /home/airflow/.local/lib/python3.12/site-packages/airflow/example_dags/example_python_operator.py
[2025-01-10T18:51:48.702+0000] {processor.py:914} INFO - Processing file /home/airflow/.local/lib/python3.12/site-packages/airflow/example_dags/example_python_operator.py for tasks to queue
[2025-01-10T18:51:48.707+0000] {logging_mixin.py:190} INFO - [2025-01-10T18:51:48.707+0000] {dagbag.py:588} INFO - Filling up the DagBag from /home/airflow/.local/lib/python3.12/site-packages/airflow/example_dags/example_python_operator.py
[2025-01-10T18:51:48.736+0000] {processor.py:925} INFO - DAG(s) 'example_python_operator' retrieved from /home/airflow/.local/lib/python3.12/site-packages/airflow/example_dags/example_python_operator.py
[2025-01-10T18:51:48.787+0000] {logging_mixin.py:190} INFO - [2025-01-10T18:51:48.787+0000] {dag.py:3239} INFO - Sync 1 DAGs
[2025-01-10T18:51:48.821+0000] {logging_mixin.py:190} INFO - [2025-01-10T18:51:48.820+0000] {dag.py:4180} INFO - Setting next_dagrun for example_python_operator to None, run_after=None
[2025-01-10T18:51:48.865+0000] {processor.py:208} INFO - Processing /home/airflow/.local/lib/python3.12/site-packages/airflow/example_dags/example_python_operator.py took 0.182 seconds
[2025-01-10T18:52:19.294+0000] {processor.py:186} INFO - Started process (PID=1036) to work on /home/airflow/.local/lib/python3.12/site-packages/airflow/example_dags/example_python_operator.py
[2025-01-10T18:52:19.298+0000] {processor.py:914} INFO - Processing file /home/airflow/.local/lib/python3.12/site-packages/airflow/example_dags/example_python_operator.py for tasks to queue
[2025-01-10T18:52:19.314+0000] {logging_mixin.py:190} INFO - [2025-01-10T18:52:19.312+0000] {dagbag.py:588} INFO - Filling up the DagBag from /home/airflow/.local/lib/python3.12/site-packages/airflow/example_dags/example_python_operator.py
[2025-01-10T18:52:19.385+0000] {processor.py:925} INFO - DAG(s) 'example_python_operator' retrieved from /home/airflow/.local/lib/python3.12/site-packages/airflow/example_dags/example_python_operator.py
[2025-01-10T18:52:19.465+0000] {logging_mixin.py:190} INFO - [2025-01-10T18:52:19.464+0000] {dag.py:3239} INFO - Sync 1 DAGs
[2025-01-10T18:52:19.496+0000] {logging_mixin.py:190} INFO - [2025-01-10T18:52:19.496+0000] {dag.py:4180} INFO - Setting next_dagrun for example_python_operator to None, run_after=None
[2025-01-10T18:52:19.538+0000] {processor.py:208} INFO - Processing /home/airflow/.local/lib/python3.12/site-packages/airflow/example_dags/example_python_operator.py took 0.279 seconds
[2025-01-10T18:52:50.531+0000] {processor.py:186} INFO - Started process (PID=1099) to work on /home/airflow/.local/lib/python3.12/site-packages/airflow/example_dags/example_python_operator.py
[2025-01-10T18:52:50.534+0000] {processor.py:914} INFO - Processing file /home/airflow/.local/lib/python3.12/site-packages/airflow/example_dags/example_python_operator.py for tasks to queue
[2025-01-10T18:52:50.541+0000] {logging_mixin.py:190} INFO - [2025-01-10T18:52:50.540+0000] {dagbag.py:588} INFO - Filling up the DagBag from /home/airflow/.local/lib/python3.12/site-packages/airflow/example_dags/example_python_operator.py
[2025-01-10T18:52:50.577+0000] {processor.py:925} INFO - DAG(s) 'example_python_operator' retrieved from /home/airflow/.local/lib/python3.12/site-packages/airflow/example_dags/example_python_operator.py
[2025-01-10T18:52:50.636+0000] {logging_mixin.py:190} INFO - [2025-01-10T18:52:50.635+0000] {dag.py:3239} INFO - Sync 1 DAGs
[2025-01-10T18:52:50.701+0000] {logging_mixin.py:190} INFO - [2025-01-10T18:52:50.700+0000] {dag.py:4180} INFO - Setting next_dagrun for example_python_operator to None, run_after=None
[2025-01-10T18:52:50.765+0000] {processor.py:208} INFO - Processing /home/airflow/.local/lib/python3.12/site-packages/airflow/example_dags/example_python_operator.py took 0.268 seconds
[2025-01-10T18:53:20.900+0000] {processor.py:186} INFO - Started process (PID=1161) to work on /home/airflow/.local/lib/python3.12/site-packages/airflow/example_dags/example_python_operator.py
[2025-01-10T18:53:20.903+0000] {processor.py:914} INFO - Processing file /home/airflow/.local/lib/python3.12/site-packages/airflow/example_dags/example_python_operator.py for tasks to queue
[2025-01-10T18:53:20.909+0000] {logging_mixin.py:190} INFO - [2025-01-10T18:53:20.909+0000] {dagbag.py:588} INFO - Filling up the DagBag from /home/airflow/.local/lib/python3.12/site-packages/airflow/example_dags/example_python_operator.py
[2025-01-10T18:53:20.944+0000] {processor.py:925} INFO - DAG(s) 'example_python_operator' retrieved from /home/airflow/.local/lib/python3.12/site-packages/airflow/example_dags/example_python_operator.py
[2025-01-10T18:53:21.013+0000] {logging_mixin.py:190} INFO - [2025-01-10T18:53:21.012+0000] {dag.py:3239} INFO - Sync 1 DAGs
[2025-01-10T18:53:21.048+0000] {logging_mixin.py:190} INFO - [2025-01-10T18:53:21.048+0000] {dag.py:4180} INFO - Setting next_dagrun for example_python_operator to None, run_after=None
[2025-01-10T18:53:21.093+0000] {processor.py:208} INFO - Processing /home/airflow/.local/lib/python3.12/site-packages/airflow/example_dags/example_python_operator.py took 0.210 seconds
[2025-01-10T18:53:51.832+0000] {processor.py:186} INFO - Started process (PID=1223) to work on /home/airflow/.local/lib/python3.12/site-packages/airflow/example_dags/example_python_operator.py
[2025-01-10T18:53:51.834+0000] {processor.py:914} INFO - Processing file /home/airflow/.local/lib/python3.12/site-packages/airflow/example_dags/example_python_operator.py for tasks to queue
[2025-01-10T18:53:51.838+0000] {logging_mixin.py:190} INFO - [2025-01-10T18:53:51.838+0000] {dagbag.py:588} INFO - Filling up the DagBag from /home/airflow/.local/lib/python3.12/site-packages/airflow/example_dags/example_python_operator.py
[2025-01-10T18:53:51.860+0000] {processor.py:925} INFO - DAG(s) 'example_python_operator' retrieved from /home/airflow/.local/lib/python3.12/site-packages/airflow/example_dags/example_python_operator.py
[2025-01-10T18:53:51.919+0000] {logging_mixin.py:190} INFO - [2025-01-10T18:53:51.918+0000] {dag.py:3239} INFO - Sync 1 DAGs
[2025-01-10T18:53:51.951+0000] {logging_mixin.py:190} INFO - [2025-01-10T18:53:51.951+0000] {dag.py:4180} INFO - Setting next_dagrun for example_python_operator to None, run_after=None
[2025-01-10T18:53:51.995+0000] {processor.py:208} INFO - Processing /home/airflow/.local/lib/python3.12/site-packages/airflow/example_dags/example_python_operator.py took 0.175 seconds
[2025-01-10T18:54:22.440+0000] {processor.py:186} INFO - Started process (PID=1285) to work on /home/airflow/.local/lib/python3.12/site-packages/airflow/example_dags/example_python_operator.py
[2025-01-10T18:54:22.443+0000] {processor.py:914} INFO - Processing file /home/airflow/.local/lib/python3.12/site-packages/airflow/example_dags/example_python_operator.py for tasks to queue
[2025-01-10T18:54:22.450+0000] {logging_mixin.py:190} INFO - [2025-01-10T18:54:22.449+0000] {dagbag.py:588} INFO - Filling up the DagBag from /home/airflow/.local/lib/python3.12/site-packages/airflow/example_dags/example_python_operator.py
[2025-01-10T18:54:22.490+0000] {processor.py:925} INFO - DAG(s) 'example_python_operator' retrieved from /home/airflow/.local/lib/python3.12/site-packages/airflow/example_dags/example_python_operator.py
[2025-01-10T18:54:22.550+0000] {logging_mixin.py:190} INFO - [2025-01-10T18:54:22.549+0000] {dag.py:3239} INFO - Sync 1 DAGs
[2025-01-10T18:54:22.592+0000] {logging_mixin.py:190} INFO - [2025-01-10T18:54:22.592+0000] {dag.py:4180} INFO - Setting next_dagrun for example_python_operator to None, run_after=None
[2025-01-10T18:54:22.638+0000] {processor.py:208} INFO - Processing /home/airflow/.local/lib/python3.12/site-packages/airflow/example_dags/example_python_operator.py took 0.217 seconds
[2025-01-10T18:54:52.989+0000] {processor.py:186} INFO - Started process (PID=1347) to work on /home/airflow/.local/lib/python3.12/site-packages/airflow/example_dags/example_python_operator.py
[2025-01-10T18:54:52.993+0000] {processor.py:914} INFO - Processing file /home/airflow/.local/lib/python3.12/site-packages/airflow/example_dags/example_python_operator.py for tasks to queue
[2025-01-10T18:54:53.000+0000] {logging_mixin.py:190} INFO - [2025-01-10T18:54:53.000+0000] {dagbag.py:588} INFO - Filling up the DagBag from /home/airflow/.local/lib/python3.12/site-packages/airflow/example_dags/example_python_operator.py
[2025-01-10T18:54:53.032+0000] {processor.py:925} INFO - DAG(s) 'example_python_operator' retrieved from /home/airflow/.local/lib/python3.12/site-packages/airflow/example_dags/example_python_operator.py
[2025-01-10T18:54:53.096+0000] {logging_mixin.py:190} INFO - [2025-01-10T18:54:53.095+0000] {dag.py:3239} INFO - Sync 1 DAGs
[2025-01-10T18:54:53.146+0000] {logging_mixin.py:190} INFO - [2025-01-10T18:54:53.145+0000] {dag.py:4180} INFO - Setting next_dagrun for example_python_operator to None, run_after=None
[2025-01-10T18:54:53.219+0000] {processor.py:208} INFO - Processing /home/airflow/.local/lib/python3.12/site-packages/airflow/example_dags/example_python_operator.py took 0.255 seconds
[2025-01-10T18:55:23.702+0000] {processor.py:186} INFO - Started process (PID=1410) to work on /home/airflow/.local/lib/python3.12/site-packages/airflow/example_dags/example_python_operator.py
[2025-01-10T18:55:23.705+0000] {processor.py:914} INFO - Processing file /home/airflow/.local/lib/python3.12/site-packages/airflow/example_dags/example_python_operator.py for tasks to queue
[2025-01-10T18:55:23.712+0000] {logging_mixin.py:190} INFO - [2025-01-10T18:55:23.711+0000] {dagbag.py:588} INFO - Filling up the DagBag from /home/airflow/.local/lib/python3.12/site-packages/airflow/example_dags/example_python_operator.py
[2025-01-10T18:55:23.746+0000] {processor.py:925} INFO - DAG(s) 'example_python_operator' retrieved from /home/airflow/.local/lib/python3.12/site-packages/airflow/example_dags/example_python_operator.py
[2025-01-10T18:55:23.815+0000] {logging_mixin.py:190} INFO - [2025-01-10T18:55:23.815+0000] {dag.py:3239} INFO - Sync 1 DAGs
[2025-01-10T18:55:23.849+0000] {logging_mixin.py:190} INFO - [2025-01-10T18:55:23.848+0000] {dag.py:4180} INFO - Setting next_dagrun for example_python_operator to None, run_after=None
[2025-01-10T18:55:23.892+0000] {processor.py:208} INFO - Processing /home/airflow/.local/lib/python3.12/site-packages/airflow/example_dags/example_python_operator.py took 0.218 seconds
[2025-01-10T18:55:54.902+0000] {processor.py:186} INFO - Started process (PID=1474) to work on /home/airflow/.local/lib/python3.12/site-packages/airflow/example_dags/example_python_operator.py
[2025-01-10T18:55:54.904+0000] {processor.py:914} INFO - Processing file /home/airflow/.local/lib/python3.12/site-packages/airflow/example_dags/example_python_operator.py for tasks to queue
[2025-01-10T18:55:54.909+0000] {logging_mixin.py:190} INFO - [2025-01-10T18:55:54.909+0000] {dagbag.py:588} INFO - Filling up the DagBag from /home/airflow/.local/lib/python3.12/site-packages/airflow/example_dags/example_python_operator.py
[2025-01-10T18:55:54.945+0000] {processor.py:925} INFO - DAG(s) 'example_python_operator' retrieved from /home/airflow/.local/lib/python3.12/site-packages/airflow/example_dags/example_python_operator.py
[2025-01-10T18:55:55.013+0000] {logging_mixin.py:190} INFO - [2025-01-10T18:55:55.013+0000] {dag.py:3239} INFO - Sync 1 DAGs
[2025-01-10T18:55:55.053+0000] {logging_mixin.py:190} INFO - [2025-01-10T18:55:55.053+0000] {dag.py:4180} INFO - Setting next_dagrun for example_python_operator to None, run_after=None
[2025-01-10T18:55:55.098+0000] {processor.py:208} INFO - Processing /home/airflow/.local/lib/python3.12/site-packages/airflow/example_dags/example_python_operator.py took 0.210 seconds
[2025-01-10T18:56:25.676+0000] {processor.py:186} INFO - Started process (PID=1537) to work on /home/airflow/.local/lib/python3.12/site-packages/airflow/example_dags/example_python_operator.py
[2025-01-10T18:56:25.679+0000] {processor.py:914} INFO - Processing file /home/airflow/.local/lib/python3.12/site-packages/airflow/example_dags/example_python_operator.py for tasks to queue
[2025-01-10T18:56:25.686+0000] {logging_mixin.py:190} INFO - [2025-01-10T18:56:25.685+0000] {dagbag.py:588} INFO - Filling up the DagBag from /home/airflow/.local/lib/python3.12/site-packages/airflow/example_dags/example_python_operator.py
[2025-01-10T18:56:25.729+0000] {processor.py:925} INFO - DAG(s) 'example_python_operator' retrieved from /home/airflow/.local/lib/python3.12/site-packages/airflow/example_dags/example_python_operator.py
[2025-01-10T18:56:25.825+0000] {logging_mixin.py:190} INFO - [2025-01-10T18:56:25.824+0000] {dag.py:3239} INFO - Sync 1 DAGs
[2025-01-10T18:56:25.927+0000] {logging_mixin.py:190} INFO - [2025-01-10T18:56:25.926+0000] {dag.py:4180} INFO - Setting next_dagrun for example_python_operator to None, run_after=None
[2025-01-10T18:56:26.069+0000] {processor.py:208} INFO - Processing /home/airflow/.local/lib/python3.12/site-packages/airflow/example_dags/example_python_operator.py took 0.409 seconds
[2025-01-10T18:56:56.663+0000] {processor.py:186} INFO - Started process (PID=1599) to work on /home/airflow/.local/lib/python3.12/site-packages/airflow/example_dags/example_python_operator.py
[2025-01-10T18:56:56.670+0000] {processor.py:914} INFO - Processing file /home/airflow/.local/lib/python3.12/site-packages/airflow/example_dags/example_python_operator.py for tasks to queue
[2025-01-10T18:56:56.677+0000] {logging_mixin.py:190} INFO - [2025-01-10T18:56:56.676+0000] {dagbag.py:588} INFO - Filling up the DagBag from /home/airflow/.local/lib/python3.12/site-packages/airflow/example_dags/example_python_operator.py
[2025-01-10T18:56:56.709+0000] {processor.py:925} INFO - DAG(s) 'example_python_operator' retrieved from /home/airflow/.local/lib/python3.12/site-packages/airflow/example_dags/example_python_operator.py
[2025-01-10T18:56:56.763+0000] {logging_mixin.py:190} INFO - [2025-01-10T18:56:56.762+0000] {dag.py:3239} INFO - Sync 1 DAGs
[2025-01-10T18:56:56.797+0000] {logging_mixin.py:190} INFO - [2025-01-10T18:56:56.797+0000] {dag.py:4180} INFO - Setting next_dagrun for example_python_operator to None, run_after=None
[2025-01-10T18:56:56.862+0000] {processor.py:208} INFO - Processing /home/airflow/.local/lib/python3.12/site-packages/airflow/example_dags/example_python_operator.py took 0.216 seconds
[2025-01-10T18:57:27.437+0000] {processor.py:186} INFO - Started process (PID=1662) to work on /home/airflow/.local/lib/python3.12/site-packages/airflow/example_dags/example_python_operator.py
[2025-01-10T18:57:27.439+0000] {processor.py:914} INFO - Processing file /home/airflow/.local/lib/python3.12/site-packages/airflow/example_dags/example_python_operator.py for tasks to queue
[2025-01-10T18:57:27.446+0000] {logging_mixin.py:190} INFO - [2025-01-10T18:57:27.445+0000] {dagbag.py:588} INFO - Filling up the DagBag from /home/airflow/.local/lib/python3.12/site-packages/airflow/example_dags/example_python_operator.py
[2025-01-10T18:57:27.495+0000] {processor.py:925} INFO - DAG(s) 'example_python_operator' retrieved from /home/airflow/.local/lib/python3.12/site-packages/airflow/example_dags/example_python_operator.py
[2025-01-10T18:57:27.552+0000] {logging_mixin.py:190} INFO - [2025-01-10T18:57:27.552+0000] {dag.py:3239} INFO - Sync 1 DAGs
[2025-01-10T18:57:27.592+0000] {logging_mixin.py:190} INFO - [2025-01-10T18:57:27.592+0000] {dag.py:4180} INFO - Setting next_dagrun for example_python_operator to None, run_after=None
[2025-01-10T18:57:27.632+0000] {processor.py:208} INFO - Processing /home/airflow/.local/lib/python3.12/site-packages/airflow/example_dags/example_python_operator.py took 0.209 seconds
[2025-01-10T18:57:58.591+0000] {processor.py:186} INFO - Started process (PID=1725) to work on /home/airflow/.local/lib/python3.12/site-packages/airflow/example_dags/example_python_operator.py
[2025-01-10T18:57:58.592+0000] {processor.py:914} INFO - Processing file /home/airflow/.local/lib/python3.12/site-packages/airflow/example_dags/example_python_operator.py for tasks to queue
[2025-01-10T18:57:58.596+0000] {logging_mixin.py:190} INFO - [2025-01-10T18:57:58.595+0000] {dagbag.py:588} INFO - Filling up the DagBag from /home/airflow/.local/lib/python3.12/site-packages/airflow/example_dags/example_python_operator.py
[2025-01-10T18:57:58.618+0000] {processor.py:925} INFO - DAG(s) 'example_python_operator' retrieved from /home/airflow/.local/lib/python3.12/site-packages/airflow/example_dags/example_python_operator.py
[2025-01-10T18:57:58.667+0000] {logging_mixin.py:190} INFO - [2025-01-10T18:57:58.666+0000] {dag.py:3239} INFO - Sync 1 DAGs
[2025-01-10T18:57:58.705+0000] {logging_mixin.py:190} INFO - [2025-01-10T18:57:58.704+0000] {dag.py:4180} INFO - Setting next_dagrun for example_python_operator to None, run_after=None
[2025-01-10T18:57:58.749+0000] {processor.py:208} INFO - Processing /home/airflow/.local/lib/python3.12/site-packages/airflow/example_dags/example_python_operator.py took 0.170 seconds
[2025-01-10T18:58:30.331+0000] {processor.py:186} INFO - Started process (PID=1786) to work on /home/airflow/.local/lib/python3.12/site-packages/airflow/example_dags/example_python_operator.py
[2025-01-10T18:58:30.333+0000] {processor.py:914} INFO - Processing file /home/airflow/.local/lib/python3.12/site-packages/airflow/example_dags/example_python_operator.py for tasks to queue
[2025-01-10T18:58:30.340+0000] {logging_mixin.py:190} INFO - [2025-01-10T18:58:30.339+0000] {dagbag.py:588} INFO - Filling up the DagBag from /home/airflow/.local/lib/python3.12/site-packages/airflow/example_dags/example_python_operator.py
[2025-01-10T18:58:30.372+0000] {processor.py:925} INFO - DAG(s) 'example_python_operator' retrieved from /home/airflow/.local/lib/python3.12/site-packages/airflow/example_dags/example_python_operator.py
[2025-01-10T18:58:30.436+0000] {logging_mixin.py:190} INFO - [2025-01-10T18:58:30.435+0000] {dag.py:3239} INFO - Sync 1 DAGs
[2025-01-10T18:58:30.467+0000] {logging_mixin.py:190} INFO - [2025-01-10T18:58:30.467+0000] {dag.py:4180} INFO - Setting next_dagrun for example_python_operator to None, run_after=None
[2025-01-10T18:58:30.516+0000] {processor.py:208} INFO - Processing /home/airflow/.local/lib/python3.12/site-packages/airflow/example_dags/example_python_operator.py took 0.200 seconds
[2025-01-10T18:59:01.789+0000] {processor.py:186} INFO - Started process (PID=1849) to work on /home/airflow/.local/lib/python3.12/site-packages/airflow/example_dags/example_python_operator.py
[2025-01-10T18:59:01.791+0000] {processor.py:914} INFO - Processing file /home/airflow/.local/lib/python3.12/site-packages/airflow/example_dags/example_python_operator.py for tasks to queue
[2025-01-10T18:59:01.800+0000] {logging_mixin.py:190} INFO - [2025-01-10T18:59:01.799+0000] {dagbag.py:588} INFO - Filling up the DagBag from /home/airflow/.local/lib/python3.12/site-packages/airflow/example_dags/example_python_operator.py
[2025-01-10T18:59:01.845+0000] {processor.py:925} INFO - DAG(s) 'example_python_operator' retrieved from /home/airflow/.local/lib/python3.12/site-packages/airflow/example_dags/example_python_operator.py
[2025-01-10T18:59:01.927+0000] {logging_mixin.py:190} INFO - [2025-01-10T18:59:01.926+0000] {dag.py:3239} INFO - Sync 1 DAGs
[2025-01-10T18:59:01.978+0000] {logging_mixin.py:190} INFO - [2025-01-10T18:59:01.977+0000] {dag.py:4180} INFO - Setting next_dagrun for example_python_operator to None, run_after=None
[2025-01-10T18:59:02.036+0000] {processor.py:208} INFO - Processing /home/airflow/.local/lib/python3.12/site-packages/airflow/example_dags/example_python_operator.py took 0.266 seconds
[2025-01-10T18:59:32.211+0000] {processor.py:186} INFO - Started process (PID=1911) to work on /home/airflow/.local/lib/python3.12/site-packages/airflow/example_dags/example_python_operator.py
[2025-01-10T18:59:32.215+0000] {processor.py:914} INFO - Processing file /home/airflow/.local/lib/python3.12/site-packages/airflow/example_dags/example_python_operator.py for tasks to queue
[2025-01-10T18:59:32.225+0000] {logging_mixin.py:190} INFO - [2025-01-10T18:59:32.223+0000] {dagbag.py:588} INFO - Filling up the DagBag from /home/airflow/.local/lib/python3.12/site-packages/airflow/example_dags/example_python_operator.py
[2025-01-10T18:59:32.294+0000] {processor.py:925} INFO - DAG(s) 'example_python_operator' retrieved from /home/airflow/.local/lib/python3.12/site-packages/airflow/example_dags/example_python_operator.py
[2025-01-10T18:59:32.468+0000] {logging_mixin.py:190} INFO - [2025-01-10T18:59:32.466+0000] {dag.py:3239} INFO - Sync 1 DAGs
[2025-01-10T18:59:32.582+0000] {logging_mixin.py:190} INFO - [2025-01-10T18:59:32.581+0000] {dag.py:4180} INFO - Setting next_dagrun for example_python_operator to None, run_after=None
[2025-01-10T18:59:32.694+0000] {processor.py:208} INFO - Processing /home/airflow/.local/lib/python3.12/site-packages/airflow/example_dags/example_python_operator.py took 0.515 seconds
[2025-01-10T19:00:02.931+0000] {processor.py:186} INFO - Started process (PID=1974) to work on /home/airflow/.local/lib/python3.12/site-packages/airflow/example_dags/example_python_operator.py
[2025-01-10T19:00:02.932+0000] {processor.py:914} INFO - Processing file /home/airflow/.local/lib/python3.12/site-packages/airflow/example_dags/example_python_operator.py for tasks to queue
[2025-01-10T19:00:02.938+0000] {logging_mixin.py:190} INFO - [2025-01-10T19:00:02.937+0000] {dagbag.py:588} INFO - Filling up the DagBag from /home/airflow/.local/lib/python3.12/site-packages/airflow/example_dags/example_python_operator.py
[2025-01-10T19:00:02.977+0000] {processor.py:925} INFO - DAG(s) 'example_python_operator' retrieved from /home/airflow/.local/lib/python3.12/site-packages/airflow/example_dags/example_python_operator.py
[2025-01-10T19:00:03.044+0000] {logging_mixin.py:190} INFO - [2025-01-10T19:00:03.043+0000] {dag.py:3239} INFO - Sync 1 DAGs
[2025-01-10T19:00:03.085+0000] {logging_mixin.py:190} INFO - [2025-01-10T19:00:03.085+0000] {dag.py:4180} INFO - Setting next_dagrun for example_python_operator to None, run_after=None
[2025-01-10T19:00:03.127+0000] {processor.py:208} INFO - Processing /home/airflow/.local/lib/python3.12/site-packages/airflow/example_dags/example_python_operator.py took 0.208 seconds
[2025-01-10T19:00:33.570+0000] {processor.py:186} INFO - Started process (PID=2036) to work on /home/airflow/.local/lib/python3.12/site-packages/airflow/example_dags/example_python_operator.py
[2025-01-10T19:00:33.572+0000] {processor.py:914} INFO - Processing file /home/airflow/.local/lib/python3.12/site-packages/airflow/example_dags/example_python_operator.py for tasks to queue
[2025-01-10T19:00:33.577+0000] {logging_mixin.py:190} INFO - [2025-01-10T19:00:33.576+0000] {dagbag.py:588} INFO - Filling up the DagBag from /home/airflow/.local/lib/python3.12/site-packages/airflow/example_dags/example_python_operator.py
[2025-01-10T19:00:33.605+0000] {processor.py:925} INFO - DAG(s) 'example_python_operator' retrieved from /home/airflow/.local/lib/python3.12/site-packages/airflow/example_dags/example_python_operator.py
[2025-01-10T19:00:33.659+0000] {logging_mixin.py:190} INFO - [2025-01-10T19:00:33.659+0000] {dag.py:3239} INFO - Sync 1 DAGs
[2025-01-10T19:00:33.699+0000] {logging_mixin.py:190} INFO - [2025-01-10T19:00:33.698+0000] {dag.py:4180} INFO - Setting next_dagrun for example_python_operator to None, run_after=None
[2025-01-10T19:00:33.749+0000] {processor.py:208} INFO - Processing /home/airflow/.local/lib/python3.12/site-packages/airflow/example_dags/example_python_operator.py took 0.195 seconds
[2025-01-10T19:01:04.171+0000] {processor.py:186} INFO - Started process (PID=2099) to work on /home/airflow/.local/lib/python3.12/site-packages/airflow/example_dags/example_python_operator.py
[2025-01-10T19:01:04.173+0000] {processor.py:914} INFO - Processing file /home/airflow/.local/lib/python3.12/site-packages/airflow/example_dags/example_python_operator.py for tasks to queue
[2025-01-10T19:01:04.177+0000] {logging_mixin.py:190} INFO - [2025-01-10T19:01:04.176+0000] {dagbag.py:588} INFO - Filling up the DagBag from /home/airflow/.local/lib/python3.12/site-packages/airflow/example_dags/example_python_operator.py
[2025-01-10T19:01:04.200+0000] {processor.py:925} INFO - DAG(s) 'example_python_operator' retrieved from /home/airflow/.local/lib/python3.12/site-packages/airflow/example_dags/example_python_operator.py
[2025-01-10T19:01:04.260+0000] {logging_mixin.py:190} INFO - [2025-01-10T19:01:04.259+0000] {dag.py:3239} INFO - Sync 1 DAGs
[2025-01-10T19:01:04.298+0000] {logging_mixin.py:190} INFO - [2025-01-10T19:01:04.297+0000] {dag.py:4180} INFO - Setting next_dagrun for example_python_operator to None, run_after=None
[2025-01-10T19:01:04.352+0000] {processor.py:208} INFO - Processing /home/airflow/.local/lib/python3.12/site-packages/airflow/example_dags/example_python_operator.py took 0.194 seconds
[2025-01-10T19:01:35.098+0000] {processor.py:186} INFO - Started process (PID=2162) to work on /home/airflow/.local/lib/python3.12/site-packages/airflow/example_dags/example_python_operator.py
[2025-01-10T19:01:35.100+0000] {processor.py:914} INFO - Processing file /home/airflow/.local/lib/python3.12/site-packages/airflow/example_dags/example_python_operator.py for tasks to queue
[2025-01-10T19:01:35.104+0000] {logging_mixin.py:190} INFO - [2025-01-10T19:01:35.103+0000] {dagbag.py:588} INFO - Filling up the DagBag from /home/airflow/.local/lib/python3.12/site-packages/airflow/example_dags/example_python_operator.py
[2025-01-10T19:01:35.129+0000] {processor.py:925} INFO - DAG(s) 'example_python_operator' retrieved from /home/airflow/.local/lib/python3.12/site-packages/airflow/example_dags/example_python_operator.py
[2025-01-10T19:01:35.196+0000] {logging_mixin.py:190} INFO - [2025-01-10T19:01:35.196+0000] {dag.py:3239} INFO - Sync 1 DAGs
[2025-01-10T19:01:35.245+0000] {logging_mixin.py:190} INFO - [2025-01-10T19:01:35.244+0000] {dag.py:4180} INFO - Setting next_dagrun for example_python_operator to None, run_after=None
[2025-01-10T19:01:35.290+0000] {processor.py:208} INFO - Processing /home/airflow/.local/lib/python3.12/site-packages/airflow/example_dags/example_python_operator.py took 0.202 seconds
[2025-01-10T19:02:05.665+0000] {processor.py:186} INFO - Started process (PID=2225) to work on /home/airflow/.local/lib/python3.12/site-packages/airflow/example_dags/example_python_operator.py
[2025-01-10T19:02:05.668+0000] {processor.py:914} INFO - Processing file /home/airflow/.local/lib/python3.12/site-packages/airflow/example_dags/example_python_operator.py for tasks to queue
[2025-01-10T19:02:05.675+0000] {logging_mixin.py:190} INFO - [2025-01-10T19:02:05.675+0000] {dagbag.py:588} INFO - Filling up the DagBag from /home/airflow/.local/lib/python3.12/site-packages/airflow/example_dags/example_python_operator.py
[2025-01-10T19:02:05.719+0000] {processor.py:925} INFO - DAG(s) 'example_python_operator' retrieved from /home/airflow/.local/lib/python3.12/site-packages/airflow/example_dags/example_python_operator.py
[2025-01-10T19:02:05.792+0000] {logging_mixin.py:190} INFO - [2025-01-10T19:02:05.792+0000] {dag.py:3239} INFO - Sync 1 DAGs
[2025-01-10T19:02:05.854+0000] {logging_mixin.py:190} INFO - [2025-01-10T19:02:05.854+0000] {dag.py:4180} INFO - Setting next_dagrun for example_python_operator to None, run_after=None
[2025-01-10T19:02:05.924+0000] {processor.py:208} INFO - Processing /home/airflow/.local/lib/python3.12/site-packages/airflow/example_dags/example_python_operator.py took 0.272 seconds
[2025-01-10T19:02:36.715+0000] {processor.py:186} INFO - Started process (PID=2288) to work on /home/airflow/.local/lib/python3.12/site-packages/airflow/example_dags/example_python_operator.py
[2025-01-10T19:02:36.720+0000] {processor.py:914} INFO - Processing file /home/airflow/.local/lib/python3.12/site-packages/airflow/example_dags/example_python_operator.py for tasks to queue
[2025-01-10T19:02:36.727+0000] {logging_mixin.py:190} INFO - [2025-01-10T19:02:36.726+0000] {dagbag.py:588} INFO - Filling up the DagBag from /home/airflow/.local/lib/python3.12/site-packages/airflow/example_dags/example_python_operator.py
[2025-01-10T19:02:36.814+0000] {processor.py:925} INFO - DAG(s) 'example_python_operator' retrieved from /home/airflow/.local/lib/python3.12/site-packages/airflow/example_dags/example_python_operator.py
[2025-01-10T19:02:36.962+0000] {logging_mixin.py:190} INFO - [2025-01-10T19:02:36.962+0000] {dag.py:3239} INFO - Sync 1 DAGs
[2025-01-10T19:02:37.008+0000] {logging_mixin.py:190} INFO - [2025-01-10T19:02:37.008+0000] {dag.py:4180} INFO - Setting next_dagrun for example_python_operator to None, run_after=None
[2025-01-10T19:02:37.067+0000] {processor.py:208} INFO - Processing /home/airflow/.local/lib/python3.12/site-packages/airflow/example_dags/example_python_operator.py took 0.371 seconds
[2025-01-10T19:03:07.451+0000] {processor.py:186} INFO - Started process (PID=2351) to work on /home/airflow/.local/lib/python3.12/site-packages/airflow/example_dags/example_python_operator.py
[2025-01-10T19:03:07.455+0000] {processor.py:914} INFO - Processing file /home/airflow/.local/lib/python3.12/site-packages/airflow/example_dags/example_python_operator.py for tasks to queue
[2025-01-10T19:03:07.459+0000] {logging_mixin.py:190} INFO - [2025-01-10T19:03:07.458+0000] {dagbag.py:588} INFO - Filling up the DagBag from /home/airflow/.local/lib/python3.12/site-packages/airflow/example_dags/example_python_operator.py
[2025-01-10T19:03:07.482+0000] {processor.py:925} INFO - DAG(s) 'example_python_operator' retrieved from /home/airflow/.local/lib/python3.12/site-packages/airflow/example_dags/example_python_operator.py
[2025-01-10T19:03:07.537+0000] {logging_mixin.py:190} INFO - [2025-01-10T19:03:07.537+0000] {dag.py:3239} INFO - Sync 1 DAGs
[2025-01-10T19:03:07.595+0000] {logging_mixin.py:190} INFO - [2025-01-10T19:03:07.594+0000] {dag.py:4180} INFO - Setting next_dagrun for example_python_operator to None, run_after=None
[2025-01-10T19:03:07.639+0000] {processor.py:208} INFO - Processing /home/airflow/.local/lib/python3.12/site-packages/airflow/example_dags/example_python_operator.py took 0.198 seconds
[2025-01-10T19:03:38.296+0000] {processor.py:186} INFO - Started process (PID=2414) to work on /home/airflow/.local/lib/python3.12/site-packages/airflow/example_dags/example_python_operator.py
[2025-01-10T19:03:38.298+0000] {processor.py:914} INFO - Processing file /home/airflow/.local/lib/python3.12/site-packages/airflow/example_dags/example_python_operator.py for tasks to queue
[2025-01-10T19:03:38.304+0000] {logging_mixin.py:190} INFO - [2025-01-10T19:03:38.303+0000] {dagbag.py:588} INFO - Filling up the DagBag from /home/airflow/.local/lib/python3.12/site-packages/airflow/example_dags/example_python_operator.py
[2025-01-10T19:03:38.348+0000] {processor.py:925} INFO - DAG(s) 'example_python_operator' retrieved from /home/airflow/.local/lib/python3.12/site-packages/airflow/example_dags/example_python_operator.py
[2025-01-10T19:03:38.443+0000] {logging_mixin.py:190} INFO - [2025-01-10T19:03:38.443+0000] {dag.py:3239} INFO - Sync 1 DAGs
[2025-01-10T19:03:38.508+0000] {logging_mixin.py:190} INFO - [2025-01-10T19:03:38.507+0000] {dag.py:4180} INFO - Setting next_dagrun for example_python_operator to None, run_after=None
[2025-01-10T19:03:38.546+0000] {processor.py:208} INFO - Processing /home/airflow/.local/lib/python3.12/site-packages/airflow/example_dags/example_python_operator.py took 0.265 seconds
[2025-01-10T19:04:09.945+0000] {processor.py:186} INFO - Started process (PID=2477) to work on /home/airflow/.local/lib/python3.12/site-packages/airflow/example_dags/example_python_operator.py
[2025-01-10T19:04:09.947+0000] {processor.py:914} INFO - Processing file /home/airflow/.local/lib/python3.12/site-packages/airflow/example_dags/example_python_operator.py for tasks to queue
[2025-01-10T19:04:09.953+0000] {logging_mixin.py:190} INFO - [2025-01-10T19:04:09.952+0000] {dagbag.py:588} INFO - Filling up the DagBag from /home/airflow/.local/lib/python3.12/site-packages/airflow/example_dags/example_python_operator.py
[2025-01-10T19:04:09.982+0000] {processor.py:925} INFO - DAG(s) 'example_python_operator' retrieved from /home/airflow/.local/lib/python3.12/site-packages/airflow/example_dags/example_python_operator.py
[2025-01-10T19:04:10.034+0000] {logging_mixin.py:190} INFO - [2025-01-10T19:04:10.034+0000] {dag.py:3239} INFO - Sync 1 DAGs
[2025-01-10T19:04:10.071+0000] {logging_mixin.py:190} INFO - [2025-01-10T19:04:10.070+0000] {dag.py:4180} INFO - Setting next_dagrun for example_python_operator to None, run_after=None
[2025-01-10T19:04:10.119+0000] {processor.py:208} INFO - Processing /home/airflow/.local/lib/python3.12/site-packages/airflow/example_dags/example_python_operator.py took 0.191 seconds
[2025-01-10T19:04:42.058+0000] {processor.py:186} INFO - Started process (PID=2540) to work on /home/airflow/.local/lib/python3.12/site-packages/airflow/example_dags/example_python_operator.py
[2025-01-10T19:04:42.062+0000] {processor.py:914} INFO - Processing file /home/airflow/.local/lib/python3.12/site-packages/airflow/example_dags/example_python_operator.py for tasks to queue
[2025-01-10T19:04:42.073+0000] {logging_mixin.py:190} INFO - [2025-01-10T19:04:42.072+0000] {dagbag.py:588} INFO - Filling up the DagBag from /home/airflow/.local/lib/python3.12/site-packages/airflow/example_dags/example_python_operator.py
[2025-01-10T19:04:42.108+0000] {processor.py:925} INFO - DAG(s) 'example_python_operator' retrieved from /home/airflow/.local/lib/python3.12/site-packages/airflow/example_dags/example_python_operator.py
[2025-01-10T19:04:42.205+0000] {logging_mixin.py:190} INFO - [2025-01-10T19:04:42.204+0000] {dag.py:3239} INFO - Sync 1 DAGs
[2025-01-10T19:04:42.265+0000] {logging_mixin.py:190} INFO - [2025-01-10T19:04:42.265+0000] {dag.py:4180} INFO - Setting next_dagrun for example_python_operator to None, run_after=None
[2025-01-10T19:04:42.345+0000] {processor.py:208} INFO - Processing /home/airflow/.local/lib/python3.12/site-packages/airflow/example_dags/example_python_operator.py took 0.315 seconds
[2025-01-10T19:05:13.080+0000] {processor.py:186} INFO - Started process (PID=2602) to work on /home/airflow/.local/lib/python3.12/site-packages/airflow/example_dags/example_python_operator.py
[2025-01-10T19:05:13.082+0000] {processor.py:914} INFO - Processing file /home/airflow/.local/lib/python3.12/site-packages/airflow/example_dags/example_python_operator.py for tasks to queue
[2025-01-10T19:05:13.086+0000] {logging_mixin.py:190} INFO - [2025-01-10T19:05:13.085+0000] {dagbag.py:588} INFO - Filling up the DagBag from /home/airflow/.local/lib/python3.12/site-packages/airflow/example_dags/example_python_operator.py
[2025-01-10T19:05:13.109+0000] {processor.py:925} INFO - DAG(s) 'example_python_operator' retrieved from /home/airflow/.local/lib/python3.12/site-packages/airflow/example_dags/example_python_operator.py
[2025-01-10T19:05:13.168+0000] {logging_mixin.py:190} INFO - [2025-01-10T19:05:13.167+0000] {dag.py:3239} INFO - Sync 1 DAGs
[2025-01-10T19:05:13.201+0000] {logging_mixin.py:190} INFO - [2025-01-10T19:05:13.201+0000] {dag.py:4180} INFO - Setting next_dagrun for example_python_operator to None, run_after=None
[2025-01-10T19:05:13.244+0000] {processor.py:208} INFO - Processing /home/airflow/.local/lib/python3.12/site-packages/airflow/example_dags/example_python_operator.py took 0.175 seconds
[2025-01-10T19:05:45.159+0000] {processor.py:186} INFO - Started process (PID=2668) to work on /home/airflow/.local/lib/python3.12/site-packages/airflow/example_dags/example_python_operator.py
[2025-01-10T19:05:45.161+0000] {processor.py:914} INFO - Processing file /home/airflow/.local/lib/python3.12/site-packages/airflow/example_dags/example_python_operator.py for tasks to queue
[2025-01-10T19:05:45.168+0000] {logging_mixin.py:190} INFO - [2025-01-10T19:05:45.168+0000] {dagbag.py:588} INFO - Filling up the DagBag from /home/airflow/.local/lib/python3.12/site-packages/airflow/example_dags/example_python_operator.py
[2025-01-10T19:05:45.196+0000] {processor.py:925} INFO - DAG(s) 'example_python_operator' retrieved from /home/airflow/.local/lib/python3.12/site-packages/airflow/example_dags/example_python_operator.py
[2025-01-10T19:05:45.275+0000] {logging_mixin.py:190} INFO - [2025-01-10T19:05:45.274+0000] {dag.py:3239} INFO - Sync 1 DAGs
[2025-01-10T19:05:45.330+0000] {logging_mixin.py:190} INFO - [2025-01-10T19:05:45.329+0000] {dag.py:4180} INFO - Setting next_dagrun for example_python_operator to None, run_after=None
[2025-01-10T19:05:45.398+0000] {processor.py:208} INFO - Processing /home/airflow/.local/lib/python3.12/site-packages/airflow/example_dags/example_python_operator.py took 0.248 seconds
[2025-01-10T19:06:17.521+0000] {processor.py:186} INFO - Started process (PID=2731) to work on /home/airflow/.local/lib/python3.12/site-packages/airflow/example_dags/example_python_operator.py
[2025-01-10T19:06:17.523+0000] {processor.py:914} INFO - Processing file /home/airflow/.local/lib/python3.12/site-packages/airflow/example_dags/example_python_operator.py for tasks to queue
[2025-01-10T19:06:17.530+0000] {logging_mixin.py:190} INFO - [2025-01-10T19:06:17.529+0000] {dagbag.py:588} INFO - Filling up the DagBag from /home/airflow/.local/lib/python3.12/site-packages/airflow/example_dags/example_python_operator.py
[2025-01-10T19:06:17.580+0000] {processor.py:925} INFO - DAG(s) 'example_python_operator' retrieved from /home/airflow/.local/lib/python3.12/site-packages/airflow/example_dags/example_python_operator.py
[2025-01-10T19:06:17.649+0000] {logging_mixin.py:190} INFO - [2025-01-10T19:06:17.649+0000] {dag.py:3239} INFO - Sync 1 DAGs
[2025-01-10T19:06:17.702+0000] {logging_mixin.py:190} INFO - [2025-01-10T19:06:17.701+0000] {dag.py:4180} INFO - Setting next_dagrun for example_python_operator to None, run_after=None
[2025-01-10T19:06:17.759+0000] {processor.py:208} INFO - Processing /home/airflow/.local/lib/python3.12/site-packages/airflow/example_dags/example_python_operator.py took 0.251 seconds
[2025-01-10T19:06:51.535+0000] {processor.py:186} INFO - Started process (PID=2793) to work on /home/airflow/.local/lib/python3.12/site-packages/airflow/example_dags/example_python_operator.py
[2025-01-10T19:06:51.538+0000] {processor.py:914} INFO - Processing file /home/airflow/.local/lib/python3.12/site-packages/airflow/example_dags/example_python_operator.py for tasks to queue
[2025-01-10T19:06:51.543+0000] {logging_mixin.py:190} INFO - [2025-01-10T19:06:51.542+0000] {dagbag.py:588} INFO - Filling up the DagBag from /home/airflow/.local/lib/python3.12/site-packages/airflow/example_dags/example_python_operator.py
[2025-01-10T19:06:51.566+0000] {processor.py:925} INFO - DAG(s) 'example_python_operator' retrieved from /home/airflow/.local/lib/python3.12/site-packages/airflow/example_dags/example_python_operator.py
[2025-01-10T19:06:51.633+0000] {logging_mixin.py:190} INFO - [2025-01-10T19:06:51.633+0000] {dag.py:3239} INFO - Sync 1 DAGs
[2025-01-10T19:06:51.683+0000] {logging_mixin.py:190} INFO - [2025-01-10T19:06:51.682+0000] {dag.py:4180} INFO - Setting next_dagrun for example_python_operator to None, run_after=None
[2025-01-10T19:06:51.724+0000] {processor.py:208} INFO - Processing /home/airflow/.local/lib/python3.12/site-packages/airflow/example_dags/example_python_operator.py took 0.199 seconds
[2025-01-10T19:07:23.565+0000] {processor.py:186} INFO - Started process (PID=2856) to work on /home/airflow/.local/lib/python3.12/site-packages/airflow/example_dags/example_python_operator.py
[2025-01-10T19:07:23.567+0000] {processor.py:914} INFO - Processing file /home/airflow/.local/lib/python3.12/site-packages/airflow/example_dags/example_python_operator.py for tasks to queue
[2025-01-10T19:07:23.572+0000] {logging_mixin.py:190} INFO - [2025-01-10T19:07:23.571+0000] {dagbag.py:588} INFO - Filling up the DagBag from /home/airflow/.local/lib/python3.12/site-packages/airflow/example_dags/example_python_operator.py
[2025-01-10T19:07:23.601+0000] {processor.py:925} INFO - DAG(s) 'example_python_operator' retrieved from /home/airflow/.local/lib/python3.12/site-packages/airflow/example_dags/example_python_operator.py
[2025-01-10T19:07:23.665+0000] {logging_mixin.py:190} INFO - [2025-01-10T19:07:23.664+0000] {dag.py:3239} INFO - Sync 1 DAGs
[2025-01-10T19:07:23.701+0000] {logging_mixin.py:190} INFO - [2025-01-10T19:07:23.700+0000] {dag.py:4180} INFO - Setting next_dagrun for example_python_operator to None, run_after=None
[2025-01-10T19:07:23.739+0000] {processor.py:208} INFO - Processing /home/airflow/.local/lib/python3.12/site-packages/airflow/example_dags/example_python_operator.py took 0.185 seconds
[2025-01-10T19:07:54.534+0000] {processor.py:186} INFO - Started process (PID=2918) to work on /home/airflow/.local/lib/python3.12/site-packages/airflow/example_dags/example_python_operator.py
[2025-01-10T19:07:54.536+0000] {processor.py:914} INFO - Processing file /home/airflow/.local/lib/python3.12/site-packages/airflow/example_dags/example_python_operator.py for tasks to queue
[2025-01-10T19:07:54.546+0000] {logging_mixin.py:190} INFO - [2025-01-10T19:07:54.545+0000] {dagbag.py:588} INFO - Filling up the DagBag from /home/airflow/.local/lib/python3.12/site-packages/airflow/example_dags/example_python_operator.py
[2025-01-10T19:07:54.604+0000] {processor.py:925} INFO - DAG(s) 'example_python_operator' retrieved from /home/airflow/.local/lib/python3.12/site-packages/airflow/example_dags/example_python_operator.py
[2025-01-10T19:07:54.719+0000] {logging_mixin.py:190} INFO - [2025-01-10T19:07:54.718+0000] {dag.py:3239} INFO - Sync 1 DAGs
[2025-01-10T19:07:54.815+0000] {logging_mixin.py:190} INFO - [2025-01-10T19:07:54.814+0000] {dag.py:4180} INFO - Setting next_dagrun for example_python_operator to None, run_after=None
[2025-01-10T19:07:55.025+0000] {processor.py:208} INFO - Processing /home/airflow/.local/lib/python3.12/site-packages/airflow/example_dags/example_python_operator.py took 0.522 seconds
[2025-01-10T19:08:25.426+0000] {processor.py:186} INFO - Started process (PID=2981) to work on /home/airflow/.local/lib/python3.12/site-packages/airflow/example_dags/example_python_operator.py
[2025-01-10T19:08:25.428+0000] {processor.py:914} INFO - Processing file /home/airflow/.local/lib/python3.12/site-packages/airflow/example_dags/example_python_operator.py for tasks to queue
[2025-01-10T19:08:25.435+0000] {logging_mixin.py:190} INFO - [2025-01-10T19:08:25.435+0000] {dagbag.py:588} INFO - Filling up the DagBag from /home/airflow/.local/lib/python3.12/site-packages/airflow/example_dags/example_python_operator.py
[2025-01-10T19:08:25.486+0000] {processor.py:925} INFO - DAG(s) 'example_python_operator' retrieved from /home/airflow/.local/lib/python3.12/site-packages/airflow/example_dags/example_python_operator.py
[2025-01-10T19:08:25.567+0000] {logging_mixin.py:190} INFO - [2025-01-10T19:08:25.567+0000] {dag.py:3239} INFO - Sync 1 DAGs
[2025-01-10T19:08:25.610+0000] {logging_mixin.py:190} INFO - [2025-01-10T19:08:25.609+0000] {dag.py:4180} INFO - Setting next_dagrun for example_python_operator to None, run_after=None
[2025-01-10T19:08:25.662+0000] {processor.py:208} INFO - Processing /home/airflow/.local/lib/python3.12/site-packages/airflow/example_dags/example_python_operator.py took 0.249 seconds
[2025-01-10T19:08:55.789+0000] {processor.py:186} INFO - Started process (PID=3043) to work on /home/airflow/.local/lib/python3.12/site-packages/airflow/example_dags/example_python_operator.py
[2025-01-10T19:08:55.795+0000] {processor.py:914} INFO - Processing file /home/airflow/.local/lib/python3.12/site-packages/airflow/example_dags/example_python_operator.py for tasks to queue
[2025-01-10T19:08:55.813+0000] {logging_mixin.py:190} INFO - [2025-01-10T19:08:55.810+0000] {dagbag.py:588} INFO - Filling up the DagBag from /home/airflow/.local/lib/python3.12/site-packages/airflow/example_dags/example_python_operator.py
[2025-01-10T19:08:55.899+0000] {processor.py:925} INFO - DAG(s) 'example_python_operator' retrieved from /home/airflow/.local/lib/python3.12/site-packages/airflow/example_dags/example_python_operator.py
[2025-01-10T19:08:56.058+0000] {logging_mixin.py:190} INFO - [2025-01-10T19:08:56.057+0000] {dag.py:3239} INFO - Sync 1 DAGs
[2025-01-10T19:08:56.152+0000] {logging_mixin.py:190} INFO - [2025-01-10T19:08:56.151+0000] {dag.py:4180} INFO - Setting next_dagrun for example_python_operator to None, run_after=None
[2025-01-10T19:08:56.195+0000] {processor.py:208} INFO - Processing /home/airflow/.local/lib/python3.12/site-packages/airflow/example_dags/example_python_operator.py took 0.431 seconds
[2025-01-10T19:09:27.143+0000] {processor.py:186} INFO - Started process (PID=3105) to work on /home/airflow/.local/lib/python3.12/site-packages/airflow/example_dags/example_python_operator.py
[2025-01-10T19:09:27.145+0000] {processor.py:914} INFO - Processing file /home/airflow/.local/lib/python3.12/site-packages/airflow/example_dags/example_python_operator.py for tasks to queue
[2025-01-10T19:09:27.150+0000] {logging_mixin.py:190} INFO - [2025-01-10T19:09:27.149+0000] {dagbag.py:588} INFO - Filling up the DagBag from /home/airflow/.local/lib/python3.12/site-packages/airflow/example_dags/example_python_operator.py
[2025-01-10T19:09:27.183+0000] {processor.py:925} INFO - DAG(s) 'example_python_operator' retrieved from /home/airflow/.local/lib/python3.12/site-packages/airflow/example_dags/example_python_operator.py
[2025-01-10T19:09:27.239+0000] {logging_mixin.py:190} INFO - [2025-01-10T19:09:27.238+0000] {dag.py:3239} INFO - Sync 1 DAGs
[2025-01-10T19:09:27.273+0000] {logging_mixin.py:190} INFO - [2025-01-10T19:09:27.272+0000] {dag.py:4180} INFO - Setting next_dagrun for example_python_operator to None, run_after=None
[2025-01-10T19:09:27.316+0000] {processor.py:208} INFO - Processing /home/airflow/.local/lib/python3.12/site-packages/airflow/example_dags/example_python_operator.py took 0.191 seconds
[2025-01-10T19:09:57.789+0000] {processor.py:186} INFO - Started process (PID=3169) to work on /home/airflow/.local/lib/python3.12/site-packages/airflow/example_dags/example_python_operator.py
[2025-01-10T19:09:57.791+0000] {processor.py:914} INFO - Processing file /home/airflow/.local/lib/python3.12/site-packages/airflow/example_dags/example_python_operator.py for tasks to queue
[2025-01-10T19:09:57.798+0000] {logging_mixin.py:190} INFO - [2025-01-10T19:09:57.797+0000] {dagbag.py:588} INFO - Filling up the DagBag from /home/airflow/.local/lib/python3.12/site-packages/airflow/example_dags/example_python_operator.py
[2025-01-10T19:09:57.854+0000] {processor.py:925} INFO - DAG(s) 'example_python_operator' retrieved from /home/airflow/.local/lib/python3.12/site-packages/airflow/example_dags/example_python_operator.py
[2025-01-10T19:09:57.962+0000] {logging_mixin.py:190} INFO - [2025-01-10T19:09:57.961+0000] {dag.py:3239} INFO - Sync 1 DAGs
[2025-01-10T19:09:58.016+0000] {logging_mixin.py:190} INFO - [2025-01-10T19:09:58.016+0000] {dag.py:4180} INFO - Setting next_dagrun for example_python_operator to None, run_after=None
[2025-01-10T19:09:58.060+0000] {processor.py:208} INFO - Processing /home/airflow/.local/lib/python3.12/site-packages/airflow/example_dags/example_python_operator.py took 0.285 seconds
[2025-01-10T19:10:28.831+0000] {processor.py:186} INFO - Started process (PID=3233) to work on /home/airflow/.local/lib/python3.12/site-packages/airflow/example_dags/example_python_operator.py
[2025-01-10T19:10:28.838+0000] {processor.py:914} INFO - Processing file /home/airflow/.local/lib/python3.12/site-packages/airflow/example_dags/example_python_operator.py for tasks to queue
[2025-01-10T19:10:28.843+0000] {logging_mixin.py:190} INFO - [2025-01-10T19:10:28.842+0000] {dagbag.py:588} INFO - Filling up the DagBag from /home/airflow/.local/lib/python3.12/site-packages/airflow/example_dags/example_python_operator.py
[2025-01-10T19:10:28.872+0000] {processor.py:925} INFO - DAG(s) 'example_python_operator' retrieved from /home/airflow/.local/lib/python3.12/site-packages/airflow/example_dags/example_python_operator.py
[2025-01-10T19:10:28.917+0000] {logging_mixin.py:190} INFO - [2025-01-10T19:10:28.917+0000] {dag.py:3239} INFO - Sync 1 DAGs
[2025-01-10T19:10:28.949+0000] {logging_mixin.py:190} INFO - [2025-01-10T19:10:28.949+0000] {dag.py:4180} INFO - Setting next_dagrun for example_python_operator to None, run_after=None
[2025-01-10T19:10:29.001+0000] {processor.py:208} INFO - Processing /home/airflow/.local/lib/python3.12/site-packages/airflow/example_dags/example_python_operator.py took 0.185 seconds
[2025-01-10T19:10:59.804+0000] {processor.py:186} INFO - Started process (PID=3297) to work on /home/airflow/.local/lib/python3.12/site-packages/airflow/example_dags/example_python_operator.py
[2025-01-10T19:10:59.807+0000] {processor.py:914} INFO - Processing file /home/airflow/.local/lib/python3.12/site-packages/airflow/example_dags/example_python_operator.py for tasks to queue
[2025-01-10T19:10:59.813+0000] {logging_mixin.py:190} INFO - [2025-01-10T19:10:59.813+0000] {dagbag.py:588} INFO - Filling up the DagBag from /home/airflow/.local/lib/python3.12/site-packages/airflow/example_dags/example_python_operator.py
[2025-01-10T19:10:59.851+0000] {processor.py:925} INFO - DAG(s) 'example_python_operator' retrieved from /home/airflow/.local/lib/python3.12/site-packages/airflow/example_dags/example_python_operator.py
[2025-01-10T19:10:59.923+0000] {logging_mixin.py:190} INFO - [2025-01-10T19:10:59.923+0000] {dag.py:3239} INFO - Sync 1 DAGs
[2025-01-10T19:10:59.963+0000] {logging_mixin.py:190} INFO - [2025-01-10T19:10:59.962+0000] {dag.py:4180} INFO - Setting next_dagrun for example_python_operator to None, run_after=None
[2025-01-10T19:11:00.031+0000] {processor.py:208} INFO - Processing /home/airflow/.local/lib/python3.12/site-packages/airflow/example_dags/example_python_operator.py took 0.245 seconds
[2025-01-10T19:11:30.353+0000] {processor.py:186} INFO - Started process (PID=3361) to work on /home/airflow/.local/lib/python3.12/site-packages/airflow/example_dags/example_python_operator.py
[2025-01-10T19:11:30.356+0000] {processor.py:914} INFO - Processing file /home/airflow/.local/lib/python3.12/site-packages/airflow/example_dags/example_python_operator.py for tasks to queue
[2025-01-10T19:11:30.363+0000] {logging_mixin.py:190} INFO - [2025-01-10T19:11:30.362+0000] {dagbag.py:588} INFO - Filling up the DagBag from /home/airflow/.local/lib/python3.12/site-packages/airflow/example_dags/example_python_operator.py
[2025-01-10T19:11:30.401+0000] {processor.py:925} INFO - DAG(s) 'example_python_operator' retrieved from /home/airflow/.local/lib/python3.12/site-packages/airflow/example_dags/example_python_operator.py
[2025-01-10T19:11:30.451+0000] {logging_mixin.py:190} INFO - [2025-01-10T19:11:30.450+0000] {dag.py:3239} INFO - Sync 1 DAGs
[2025-01-10T19:11:30.499+0000] {logging_mixin.py:190} INFO - [2025-01-10T19:11:30.498+0000] {dag.py:4180} INFO - Setting next_dagrun for example_python_operator to None, run_after=None
[2025-01-10T19:11:30.565+0000] {processor.py:208} INFO - Processing /home/airflow/.local/lib/python3.12/site-packages/airflow/example_dags/example_python_operator.py took 0.240 seconds
[2025-01-10T19:12:01.044+0000] {processor.py:186} INFO - Started process (PID=3425) to work on /home/airflow/.local/lib/python3.12/site-packages/airflow/example_dags/example_python_operator.py
[2025-01-10T19:12:01.046+0000] {processor.py:914} INFO - Processing file /home/airflow/.local/lib/python3.12/site-packages/airflow/example_dags/example_python_operator.py for tasks to queue
[2025-01-10T19:12:01.052+0000] {logging_mixin.py:190} INFO - [2025-01-10T19:12:01.052+0000] {dagbag.py:588} INFO - Filling up the DagBag from /home/airflow/.local/lib/python3.12/site-packages/airflow/example_dags/example_python_operator.py
[2025-01-10T19:12:01.095+0000] {processor.py:925} INFO - DAG(s) 'example_python_operator' retrieved from /home/airflow/.local/lib/python3.12/site-packages/airflow/example_dags/example_python_operator.py
[2025-01-10T19:12:01.193+0000] {logging_mixin.py:190} INFO - [2025-01-10T19:12:01.193+0000] {dag.py:3239} INFO - Sync 1 DAGs
[2025-01-10T19:12:01.226+0000] {logging_mixin.py:190} INFO - [2025-01-10T19:12:01.226+0000] {dag.py:4180} INFO - Setting next_dagrun for example_python_operator to None, run_after=None
[2025-01-10T19:12:01.306+0000] {processor.py:208} INFO - Processing /home/airflow/.local/lib/python3.12/site-packages/airflow/example_dags/example_python_operator.py took 0.277 seconds
[2025-01-10T19:12:31.467+0000] {processor.py:186} INFO - Started process (PID=3489) to work on /home/airflow/.local/lib/python3.12/site-packages/airflow/example_dags/example_python_operator.py
[2025-01-10T19:12:31.473+0000] {processor.py:914} INFO - Processing file /home/airflow/.local/lib/python3.12/site-packages/airflow/example_dags/example_python_operator.py for tasks to queue
[2025-01-10T19:12:31.485+0000] {logging_mixin.py:190} INFO - [2025-01-10T19:12:31.483+0000] {dagbag.py:588} INFO - Filling up the DagBag from /home/airflow/.local/lib/python3.12/site-packages/airflow/example_dags/example_python_operator.py
[2025-01-10T19:12:31.558+0000] {processor.py:925} INFO - DAG(s) 'example_python_operator' retrieved from /home/airflow/.local/lib/python3.12/site-packages/airflow/example_dags/example_python_operator.py
[2025-01-10T19:12:31.641+0000] {logging_mixin.py:190} INFO - [2025-01-10T19:12:31.639+0000] {dag.py:3239} INFO - Sync 1 DAGs
[2025-01-10T19:12:31.710+0000] {logging_mixin.py:190} INFO - [2025-01-10T19:12:31.710+0000] {dag.py:4180} INFO - Setting next_dagrun for example_python_operator to None, run_after=None
[2025-01-10T19:12:31.770+0000] {processor.py:208} INFO - Processing /home/airflow/.local/lib/python3.12/site-packages/airflow/example_dags/example_python_operator.py took 0.338 seconds
[2025-01-10T19:13:01.967+0000] {processor.py:186} INFO - Started process (PID=3553) to work on /home/airflow/.local/lib/python3.12/site-packages/airflow/example_dags/example_python_operator.py
[2025-01-10T19:13:01.971+0000] {processor.py:914} INFO - Processing file /home/airflow/.local/lib/python3.12/site-packages/airflow/example_dags/example_python_operator.py for tasks to queue
[2025-01-10T19:13:01.975+0000] {logging_mixin.py:190} INFO - [2025-01-10T19:13:01.975+0000] {dagbag.py:588} INFO - Filling up the DagBag from /home/airflow/.local/lib/python3.12/site-packages/airflow/example_dags/example_python_operator.py
[2025-01-10T19:13:02.001+0000] {processor.py:925} INFO - DAG(s) 'example_python_operator' retrieved from /home/airflow/.local/lib/python3.12/site-packages/airflow/example_dags/example_python_operator.py
[2025-01-10T19:13:02.060+0000] {logging_mixin.py:190} INFO - [2025-01-10T19:13:02.060+0000] {dag.py:3239} INFO - Sync 1 DAGs
[2025-01-10T19:13:02.095+0000] {logging_mixin.py:190} INFO - [2025-01-10T19:13:02.095+0000] {dag.py:4180} INFO - Setting next_dagrun for example_python_operator to None, run_after=None
[2025-01-10T19:13:02.146+0000] {processor.py:208} INFO - Processing /home/airflow/.local/lib/python3.12/site-packages/airflow/example_dags/example_python_operator.py took 0.188 seconds
[2025-01-10T19:13:32.286+0000] {processor.py:186} INFO - Started process (PID=3617) to work on /home/airflow/.local/lib/python3.12/site-packages/airflow/example_dags/example_python_operator.py
[2025-01-10T19:13:32.288+0000] {processor.py:914} INFO - Processing file /home/airflow/.local/lib/python3.12/site-packages/airflow/example_dags/example_python_operator.py for tasks to queue
[2025-01-10T19:13:32.294+0000] {logging_mixin.py:190} INFO - [2025-01-10T19:13:32.294+0000] {dagbag.py:588} INFO - Filling up the DagBag from /home/airflow/.local/lib/python3.12/site-packages/airflow/example_dags/example_python_operator.py
[2025-01-10T19:13:32.333+0000] {processor.py:925} INFO - DAG(s) 'example_python_operator' retrieved from /home/airflow/.local/lib/python3.12/site-packages/airflow/example_dags/example_python_operator.py
[2025-01-10T19:13:32.405+0000] {logging_mixin.py:190} INFO - [2025-01-10T19:13:32.404+0000] {dag.py:3239} INFO - Sync 1 DAGs
[2025-01-10T19:13:32.460+0000] {logging_mixin.py:190} INFO - [2025-01-10T19:13:32.459+0000] {dag.py:4180} INFO - Setting next_dagrun for example_python_operator to None, run_after=None
[2025-01-10T19:13:32.527+0000] {processor.py:208} INFO - Processing /home/airflow/.local/lib/python3.12/site-packages/airflow/example_dags/example_python_operator.py took 0.256 seconds
[2025-01-10T19:14:03.018+0000] {processor.py:186} INFO - Started process (PID=3680) to work on /home/airflow/.local/lib/python3.12/site-packages/airflow/example_dags/example_python_operator.py
[2025-01-10T19:14:03.020+0000] {processor.py:914} INFO - Processing file /home/airflow/.local/lib/python3.12/site-packages/airflow/example_dags/example_python_operator.py for tasks to queue
[2025-01-10T19:14:03.023+0000] {logging_mixin.py:190} INFO - [2025-01-10T19:14:03.022+0000] {dagbag.py:588} INFO - Filling up the DagBag from /home/airflow/.local/lib/python3.12/site-packages/airflow/example_dags/example_python_operator.py
[2025-01-10T19:14:03.055+0000] {processor.py:925} INFO - DAG(s) 'example_python_operator' retrieved from /home/airflow/.local/lib/python3.12/site-packages/airflow/example_dags/example_python_operator.py
[2025-01-10T19:14:03.129+0000] {logging_mixin.py:190} INFO - [2025-01-10T19:14:03.128+0000] {dag.py:3239} INFO - Sync 1 DAGs
[2025-01-10T19:14:03.185+0000] {logging_mixin.py:190} INFO - [2025-01-10T19:14:03.185+0000] {dag.py:4180} INFO - Setting next_dagrun for example_python_operator to None, run_after=None
[2025-01-10T19:14:03.299+0000] {processor.py:208} INFO - Processing /home/airflow/.local/lib/python3.12/site-packages/airflow/example_dags/example_python_operator.py took 0.294 seconds
[2025-01-10T19:14:33.702+0000] {processor.py:186} INFO - Started process (PID=3744) to work on /home/airflow/.local/lib/python3.12/site-packages/airflow/example_dags/example_python_operator.py
[2025-01-10T19:14:33.707+0000] {processor.py:914} INFO - Processing file /home/airflow/.local/lib/python3.12/site-packages/airflow/example_dags/example_python_operator.py for tasks to queue
[2025-01-10T19:14:33.712+0000] {logging_mixin.py:190} INFO - [2025-01-10T19:14:33.711+0000] {dagbag.py:588} INFO - Filling up the DagBag from /home/airflow/.local/lib/python3.12/site-packages/airflow/example_dags/example_python_operator.py
[2025-01-10T19:14:33.747+0000] {processor.py:925} INFO - DAG(s) 'example_python_operator' retrieved from /home/airflow/.local/lib/python3.12/site-packages/airflow/example_dags/example_python_operator.py
[2025-01-10T19:14:33.822+0000] {logging_mixin.py:190} INFO - [2025-01-10T19:14:33.821+0000] {dag.py:3239} INFO - Sync 1 DAGs
[2025-01-10T19:14:33.867+0000] {logging_mixin.py:190} INFO - [2025-01-10T19:14:33.866+0000] {dag.py:4180} INFO - Setting next_dagrun for example_python_operator to None, run_after=None
[2025-01-10T19:14:33.913+0000] {processor.py:208} INFO - Processing /home/airflow/.local/lib/python3.12/site-packages/airflow/example_dags/example_python_operator.py took 0.226 seconds
[2025-01-10T19:15:04.778+0000] {processor.py:186} INFO - Started process (PID=3808) to work on /home/airflow/.local/lib/python3.12/site-packages/airflow/example_dags/example_python_operator.py
[2025-01-10T19:15:04.781+0000] {processor.py:914} INFO - Processing file /home/airflow/.local/lib/python3.12/site-packages/airflow/example_dags/example_python_operator.py for tasks to queue
[2025-01-10T19:15:04.785+0000] {logging_mixin.py:190} INFO - [2025-01-10T19:15:04.784+0000] {dagbag.py:588} INFO - Filling up the DagBag from /home/airflow/.local/lib/python3.12/site-packages/airflow/example_dags/example_python_operator.py
[2025-01-10T19:15:04.824+0000] {processor.py:925} INFO - DAG(s) 'example_python_operator' retrieved from /home/airflow/.local/lib/python3.12/site-packages/airflow/example_dags/example_python_operator.py
[2025-01-10T19:15:04.902+0000] {logging_mixin.py:190} INFO - [2025-01-10T19:15:04.902+0000] {dag.py:3239} INFO - Sync 1 DAGs
[2025-01-10T19:15:04.952+0000] {logging_mixin.py:190} INFO - [2025-01-10T19:15:04.952+0000] {dag.py:4180} INFO - Setting next_dagrun for example_python_operator to None, run_after=None
[2025-01-10T19:15:05.009+0000] {processor.py:208} INFO - Processing /home/airflow/.local/lib/python3.12/site-packages/airflow/example_dags/example_python_operator.py took 0.252 seconds
[2025-01-10T19:15:35.137+0000] {processor.py:186} INFO - Started process (PID=3871) to work on /home/airflow/.local/lib/python3.12/site-packages/airflow/example_dags/example_python_operator.py
[2025-01-10T19:15:35.141+0000] {processor.py:914} INFO - Processing file /home/airflow/.local/lib/python3.12/site-packages/airflow/example_dags/example_python_operator.py for tasks to queue
[2025-01-10T19:15:35.144+0000] {logging_mixin.py:190} INFO - [2025-01-10T19:15:35.143+0000] {dagbag.py:588} INFO - Filling up the DagBag from /home/airflow/.local/lib/python3.12/site-packages/airflow/example_dags/example_python_operator.py
[2025-01-10T19:15:35.175+0000] {processor.py:925} INFO - DAG(s) 'example_python_operator' retrieved from /home/airflow/.local/lib/python3.12/site-packages/airflow/example_dags/example_python_operator.py
[2025-01-10T19:15:35.235+0000] {logging_mixin.py:190} INFO - [2025-01-10T19:15:35.234+0000] {dag.py:3239} INFO - Sync 1 DAGs
[2025-01-10T19:15:35.277+0000] {logging_mixin.py:190} INFO - [2025-01-10T19:15:35.277+0000] {dag.py:4180} INFO - Setting next_dagrun for example_python_operator to None, run_after=None
[2025-01-10T19:15:35.344+0000] {processor.py:208} INFO - Processing /home/airflow/.local/lib/python3.12/site-packages/airflow/example_dags/example_python_operator.py took 0.222 seconds
[2025-01-10T19:16:07.524+0000] {processor.py:186} INFO - Started process (PID=3935) to work on /home/airflow/.local/lib/python3.12/site-packages/airflow/example_dags/example_python_operator.py
[2025-01-10T19:16:07.527+0000] {processor.py:914} INFO - Processing file /home/airflow/.local/lib/python3.12/site-packages/airflow/example_dags/example_python_operator.py for tasks to queue
[2025-01-10T19:16:07.529+0000] {logging_mixin.py:190} INFO - [2025-01-10T19:16:07.529+0000] {dagbag.py:588} INFO - Filling up the DagBag from /home/airflow/.local/lib/python3.12/site-packages/airflow/example_dags/example_python_operator.py
[2025-01-10T19:16:07.558+0000] {processor.py:925} INFO - DAG(s) 'example_python_operator' retrieved from /home/airflow/.local/lib/python3.12/site-packages/airflow/example_dags/example_python_operator.py
[2025-01-10T19:16:07.628+0000] {logging_mixin.py:190} INFO - [2025-01-10T19:16:07.628+0000] {dag.py:3239} INFO - Sync 1 DAGs
[2025-01-10T19:16:07.681+0000] {logging_mixin.py:190} INFO - [2025-01-10T19:16:07.680+0000] {dag.py:4180} INFO - Setting next_dagrun for example_python_operator to None, run_after=None
[2025-01-10T19:16:07.734+0000] {processor.py:208} INFO - Processing /home/airflow/.local/lib/python3.12/site-packages/airflow/example_dags/example_python_operator.py took 0.220 seconds
[2025-01-10T19:16:39.063+0000] {processor.py:186} INFO - Started process (PID=3998) to work on /home/airflow/.local/lib/python3.12/site-packages/airflow/example_dags/example_python_operator.py
[2025-01-10T19:16:39.066+0000] {processor.py:914} INFO - Processing file /home/airflow/.local/lib/python3.12/site-packages/airflow/example_dags/example_python_operator.py for tasks to queue
[2025-01-10T19:16:39.068+0000] {logging_mixin.py:190} INFO - [2025-01-10T19:16:39.068+0000] {dagbag.py:588} INFO - Filling up the DagBag from /home/airflow/.local/lib/python3.12/site-packages/airflow/example_dags/example_python_operator.py
[2025-01-10T19:16:39.099+0000] {processor.py:925} INFO - DAG(s) 'example_python_operator' retrieved from /home/airflow/.local/lib/python3.12/site-packages/airflow/example_dags/example_python_operator.py
[2025-01-10T19:16:39.161+0000] {logging_mixin.py:190} INFO - [2025-01-10T19:16:39.160+0000] {dag.py:3239} INFO - Sync 1 DAGs
[2025-01-10T19:16:39.263+0000] {logging_mixin.py:190} INFO - [2025-01-10T19:16:39.262+0000] {dag.py:4180} INFO - Setting next_dagrun for example_python_operator to None, run_after=None
[2025-01-10T19:16:39.377+0000] {processor.py:208} INFO - Processing /home/airflow/.local/lib/python3.12/site-packages/airflow/example_dags/example_python_operator.py took 0.325 seconds
[2025-01-10T19:17:10.334+0000] {processor.py:186} INFO - Started process (PID=4062) to work on /home/airflow/.local/lib/python3.12/site-packages/airflow/example_dags/example_python_operator.py
[2025-01-10T19:17:10.336+0000] {processor.py:914} INFO - Processing file /home/airflow/.local/lib/python3.12/site-packages/airflow/example_dags/example_python_operator.py for tasks to queue
[2025-01-10T19:17:10.338+0000] {logging_mixin.py:190} INFO - [2025-01-10T19:17:10.338+0000] {dagbag.py:588} INFO - Filling up the DagBag from /home/airflow/.local/lib/python3.12/site-packages/airflow/example_dags/example_python_operator.py
[2025-01-10T19:17:10.362+0000] {processor.py:925} INFO - DAG(s) 'example_python_operator' retrieved from /home/airflow/.local/lib/python3.12/site-packages/airflow/example_dags/example_python_operator.py
[2025-01-10T19:17:10.417+0000] {logging_mixin.py:190} INFO - [2025-01-10T19:17:10.416+0000] {dag.py:3239} INFO - Sync 1 DAGs
[2025-01-10T19:17:10.458+0000] {logging_mixin.py:190} INFO - [2025-01-10T19:17:10.457+0000] {dag.py:4180} INFO - Setting next_dagrun for example_python_operator to None, run_after=None
[2025-01-10T19:17:10.510+0000] {processor.py:208} INFO - Processing /home/airflow/.local/lib/python3.12/site-packages/airflow/example_dags/example_python_operator.py took 0.187 seconds
[2025-01-10T19:17:40.669+0000] {processor.py:186} INFO - Started process (PID=4124) to work on /home/airflow/.local/lib/python3.12/site-packages/airflow/example_dags/example_python_operator.py
[2025-01-10T19:17:40.673+0000] {processor.py:914} INFO - Processing file /home/airflow/.local/lib/python3.12/site-packages/airflow/example_dags/example_python_operator.py for tasks to queue
[2025-01-10T19:17:40.676+0000] {logging_mixin.py:190} INFO - [2025-01-10T19:17:40.675+0000] {dagbag.py:588} INFO - Filling up the DagBag from /home/airflow/.local/lib/python3.12/site-packages/airflow/example_dags/example_python_operator.py
[2025-01-10T19:17:40.711+0000] {processor.py:925} INFO - DAG(s) 'example_python_operator' retrieved from /home/airflow/.local/lib/python3.12/site-packages/airflow/example_dags/example_python_operator.py
[2025-01-10T19:17:40.794+0000] {logging_mixin.py:190} INFO - [2025-01-10T19:17:40.793+0000] {dag.py:3239} INFO - Sync 1 DAGs
[2025-01-10T19:17:40.849+0000] {logging_mixin.py:190} INFO - [2025-01-10T19:17:40.849+0000] {dag.py:4180} INFO - Setting next_dagrun for example_python_operator to None, run_after=None
[2025-01-10T19:17:40.895+0000] {processor.py:208} INFO - Processing /home/airflow/.local/lib/python3.12/site-packages/airflow/example_dags/example_python_operator.py took 0.245 seconds
[2025-01-10T19:18:11.774+0000] {processor.py:186} INFO - Started process (PID=4188) to work on /home/airflow/.local/lib/python3.12/site-packages/airflow/example_dags/example_python_operator.py
[2025-01-10T19:18:11.776+0000] {processor.py:914} INFO - Processing file /home/airflow/.local/lib/python3.12/site-packages/airflow/example_dags/example_python_operator.py for tasks to queue
[2025-01-10T19:18:11.779+0000] {logging_mixin.py:190} INFO - [2025-01-10T19:18:11.778+0000] {dagbag.py:588} INFO - Filling up the DagBag from /home/airflow/.local/lib/python3.12/site-packages/airflow/example_dags/example_python_operator.py
[2025-01-10T19:18:11.819+0000] {processor.py:925} INFO - DAG(s) 'example_python_operator' retrieved from /home/airflow/.local/lib/python3.12/site-packages/airflow/example_dags/example_python_operator.py
[2025-01-10T19:18:11.878+0000] {logging_mixin.py:190} INFO - [2025-01-10T19:18:11.877+0000] {dag.py:3239} INFO - Sync 1 DAGs
[2025-01-10T19:18:11.915+0000] {logging_mixin.py:190} INFO - [2025-01-10T19:18:11.915+0000] {dag.py:4180} INFO - Setting next_dagrun for example_python_operator to None, run_after=None
[2025-01-10T19:18:11.970+0000] {processor.py:208} INFO - Processing /home/airflow/.local/lib/python3.12/site-packages/airflow/example_dags/example_python_operator.py took 0.213 seconds
[2025-01-10T19:18:42.551+0000] {processor.py:186} INFO - Started process (PID=4252) to work on /home/airflow/.local/lib/python3.12/site-packages/airflow/example_dags/example_python_operator.py
[2025-01-10T19:18:42.556+0000] {processor.py:914} INFO - Processing file /home/airflow/.local/lib/python3.12/site-packages/airflow/example_dags/example_python_operator.py for tasks to queue
[2025-01-10T19:18:42.562+0000] {logging_mixin.py:190} INFO - [2025-01-10T19:18:42.560+0000] {dagbag.py:588} INFO - Filling up the DagBag from /home/airflow/.local/lib/python3.12/site-packages/airflow/example_dags/example_python_operator.py
[2025-01-10T19:18:42.642+0000] {processor.py:925} INFO - DAG(s) 'example_python_operator' retrieved from /home/airflow/.local/lib/python3.12/site-packages/airflow/example_dags/example_python_operator.py
[2025-01-10T19:18:42.733+0000] {logging_mixin.py:190} INFO - [2025-01-10T19:18:42.732+0000] {dag.py:3239} INFO - Sync 1 DAGs
[2025-01-10T19:18:42.803+0000] {logging_mixin.py:190} INFO - [2025-01-10T19:18:42.802+0000] {dag.py:4180} INFO - Setting next_dagrun for example_python_operator to None, run_after=None
[2025-01-10T19:18:42.904+0000] {processor.py:208} INFO - Processing /home/airflow/.local/lib/python3.12/site-packages/airflow/example_dags/example_python_operator.py took 0.387 seconds
[2025-01-10T19:19:13.488+0000] {processor.py:186} INFO - Started process (PID=4316) to work on /home/airflow/.local/lib/python3.12/site-packages/airflow/example_dags/example_python_operator.py
[2025-01-10T19:19:13.493+0000] {processor.py:914} INFO - Processing file /home/airflow/.local/lib/python3.12/site-packages/airflow/example_dags/example_python_operator.py for tasks to queue
[2025-01-10T19:19:13.496+0000] {logging_mixin.py:190} INFO - [2025-01-10T19:19:13.495+0000] {dagbag.py:588} INFO - Filling up the DagBag from /home/airflow/.local/lib/python3.12/site-packages/airflow/example_dags/example_python_operator.py
[2025-01-10T19:19:13.531+0000] {processor.py:925} INFO - DAG(s) 'example_python_operator' retrieved from /home/airflow/.local/lib/python3.12/site-packages/airflow/example_dags/example_python_operator.py
[2025-01-10T19:19:13.596+0000] {logging_mixin.py:190} INFO - [2025-01-10T19:19:13.595+0000] {dag.py:3239} INFO - Sync 1 DAGs
[2025-01-10T19:19:13.634+0000] {logging_mixin.py:190} INFO - [2025-01-10T19:19:13.633+0000] {dag.py:4180} INFO - Setting next_dagrun for example_python_operator to None, run_after=None
[2025-01-10T19:19:13.674+0000] {processor.py:208} INFO - Processing /home/airflow/.local/lib/python3.12/site-packages/airflow/example_dags/example_python_operator.py took 0.202 seconds
[2025-01-10T19:19:43.951+0000] {processor.py:186} INFO - Started process (PID=4380) to work on /home/airflow/.local/lib/python3.12/site-packages/airflow/example_dags/example_python_operator.py
[2025-01-10T19:19:43.954+0000] {processor.py:914} INFO - Processing file /home/airflow/.local/lib/python3.12/site-packages/airflow/example_dags/example_python_operator.py for tasks to queue
[2025-01-10T19:19:43.958+0000] {logging_mixin.py:190} INFO - [2025-01-10T19:19:43.957+0000] {dagbag.py:588} INFO - Filling up the DagBag from /home/airflow/.local/lib/python3.12/site-packages/airflow/example_dags/example_python_operator.py
[2025-01-10T19:19:43.991+0000] {processor.py:925} INFO - DAG(s) 'example_python_operator' retrieved from /home/airflow/.local/lib/python3.12/site-packages/airflow/example_dags/example_python_operator.py
[2025-01-10T19:19:44.039+0000] {logging_mixin.py:190} INFO - [2025-01-10T19:19:44.039+0000] {dag.py:3239} INFO - Sync 1 DAGs
[2025-01-10T19:19:44.069+0000] {logging_mixin.py:190} INFO - [2025-01-10T19:19:44.069+0000] {dag.py:4180} INFO - Setting next_dagrun for example_python_operator to None, run_after=None
[2025-01-10T19:19:44.105+0000] {processor.py:208} INFO - Processing /home/airflow/.local/lib/python3.12/site-packages/airflow/example_dags/example_python_operator.py took 0.170 seconds
[2025-01-10T19:20:14.244+0000] {processor.py:186} INFO - Started process (PID=4443) to work on /home/airflow/.local/lib/python3.12/site-packages/airflow/example_dags/example_python_operator.py
[2025-01-10T19:20:14.248+0000] {processor.py:914} INFO - Processing file /home/airflow/.local/lib/python3.12/site-packages/airflow/example_dags/example_python_operator.py for tasks to queue
[2025-01-10T19:20:14.254+0000] {logging_mixin.py:190} INFO - [2025-01-10T19:20:14.253+0000] {dagbag.py:588} INFO - Filling up the DagBag from /home/airflow/.local/lib/python3.12/site-packages/airflow/example_dags/example_python_operator.py
[2025-01-10T19:20:14.280+0000] {processor.py:925} INFO - DAG(s) 'example_python_operator' retrieved from /home/airflow/.local/lib/python3.12/site-packages/airflow/example_dags/example_python_operator.py
[2025-01-10T19:20:14.334+0000] {logging_mixin.py:190} INFO - [2025-01-10T19:20:14.333+0000] {dag.py:3239} INFO - Sync 1 DAGs
[2025-01-10T19:20:14.364+0000] {logging_mixin.py:190} INFO - [2025-01-10T19:20:14.364+0000] {dag.py:4180} INFO - Setting next_dagrun for example_python_operator to None, run_after=None
[2025-01-10T19:20:14.406+0000] {processor.py:208} INFO - Processing /home/airflow/.local/lib/python3.12/site-packages/airflow/example_dags/example_python_operator.py took 0.175 seconds
[2025-01-10T19:20:44.954+0000] {processor.py:186} INFO - Started process (PID=4507) to work on /home/airflow/.local/lib/python3.12/site-packages/airflow/example_dags/example_python_operator.py
[2025-01-10T19:20:44.957+0000] {processor.py:914} INFO - Processing file /home/airflow/.local/lib/python3.12/site-packages/airflow/example_dags/example_python_operator.py for tasks to queue
[2025-01-10T19:20:44.962+0000] {logging_mixin.py:190} INFO - [2025-01-10T19:20:44.961+0000] {dagbag.py:588} INFO - Filling up the DagBag from /home/airflow/.local/lib/python3.12/site-packages/airflow/example_dags/example_python_operator.py
[2025-01-10T19:20:45.006+0000] {processor.py:925} INFO - DAG(s) 'example_python_operator' retrieved from /home/airflow/.local/lib/python3.12/site-packages/airflow/example_dags/example_python_operator.py
[2025-01-10T19:20:45.068+0000] {logging_mixin.py:190} INFO - [2025-01-10T19:20:45.067+0000] {dag.py:3239} INFO - Sync 1 DAGs
[2025-01-10T19:20:45.107+0000] {logging_mixin.py:190} INFO - [2025-01-10T19:20:45.107+0000] {dag.py:4180} INFO - Setting next_dagrun for example_python_operator to None, run_after=None
[2025-01-10T19:20:45.151+0000] {processor.py:208} INFO - Processing /home/airflow/.local/lib/python3.12/site-packages/airflow/example_dags/example_python_operator.py took 0.216 seconds
[2025-01-10T19:21:15.784+0000] {processor.py:186} INFO - Started process (PID=4570) to work on /home/airflow/.local/lib/python3.12/site-packages/airflow/example_dags/example_python_operator.py
[2025-01-10T19:21:15.789+0000] {processor.py:914} INFO - Processing file /home/airflow/.local/lib/python3.12/site-packages/airflow/example_dags/example_python_operator.py for tasks to queue
[2025-01-10T19:21:15.795+0000] {logging_mixin.py:190} INFO - [2025-01-10T19:21:15.793+0000] {dagbag.py:588} INFO - Filling up the DagBag from /home/airflow/.local/lib/python3.12/site-packages/airflow/example_dags/example_python_operator.py
[2025-01-10T19:21:15.873+0000] {processor.py:925} INFO - DAG(s) 'example_python_operator' retrieved from /home/airflow/.local/lib/python3.12/site-packages/airflow/example_dags/example_python_operator.py
[2025-01-10T19:21:15.952+0000] {logging_mixin.py:190} INFO - [2025-01-10T19:21:15.952+0000] {dag.py:3239} INFO - Sync 1 DAGs
[2025-01-10T19:21:15.995+0000] {logging_mixin.py:190} INFO - [2025-01-10T19:21:15.994+0000] {dag.py:4180} INFO - Setting next_dagrun for example_python_operator to None, run_after=None
[2025-01-10T19:21:16.039+0000] {processor.py:208} INFO - Processing /home/airflow/.local/lib/python3.12/site-packages/airflow/example_dags/example_python_operator.py took 0.286 seconds
[2025-01-10T19:21:46.232+0000] {processor.py:186} INFO - Started process (PID=4634) to work on /home/airflow/.local/lib/python3.12/site-packages/airflow/example_dags/example_python_operator.py
[2025-01-10T19:21:46.237+0000] {processor.py:914} INFO - Processing file /home/airflow/.local/lib/python3.12/site-packages/airflow/example_dags/example_python_operator.py for tasks to queue
[2025-01-10T19:21:46.243+0000] {logging_mixin.py:190} INFO - [2025-01-10T19:21:46.242+0000] {dagbag.py:588} INFO - Filling up the DagBag from /home/airflow/.local/lib/python3.12/site-packages/airflow/example_dags/example_python_operator.py
[2025-01-10T19:21:46.317+0000] {processor.py:925} INFO - DAG(s) 'example_python_operator' retrieved from /home/airflow/.local/lib/python3.12/site-packages/airflow/example_dags/example_python_operator.py
[2025-01-10T19:21:46.470+0000] {logging_mixin.py:190} INFO - [2025-01-10T19:21:46.469+0000] {dag.py:3239} INFO - Sync 1 DAGs
[2025-01-10T19:21:46.568+0000] {logging_mixin.py:190} INFO - [2025-01-10T19:21:46.567+0000] {dag.py:4180} INFO - Setting next_dagrun for example_python_operator to None, run_after=None
[2025-01-10T19:21:46.667+0000] {processor.py:208} INFO - Processing /home/airflow/.local/lib/python3.12/site-packages/airflow/example_dags/example_python_operator.py took 0.460 seconds
[2025-01-10T19:22:21.827+0000] {processor.py:186} INFO - Started process (PID=4705) to work on /home/airflow/.local/lib/python3.12/site-packages/airflow/example_dags/example_python_operator.py
[2025-01-10T19:22:21.835+0000] {processor.py:914} INFO - Processing file /home/airflow/.local/lib/python3.12/site-packages/airflow/example_dags/example_python_operator.py for tasks to queue
[2025-01-10T19:22:21.846+0000] {logging_mixin.py:190} INFO - [2025-01-10T19:22:21.843+0000] {dagbag.py:588} INFO - Filling up the DagBag from /home/airflow/.local/lib/python3.12/site-packages/airflow/example_dags/example_python_operator.py
[2025-01-10T19:22:21.930+0000] {processor.py:925} INFO - DAG(s) 'example_python_operator' retrieved from /home/airflow/.local/lib/python3.12/site-packages/airflow/example_dags/example_python_operator.py
[2025-01-10T19:22:22.076+0000] {logging_mixin.py:190} INFO - [2025-01-10T19:22:22.073+0000] {dag.py:3239} INFO - Sync 1 DAGs
[2025-01-10T19:22:22.222+0000] {logging_mixin.py:190} INFO - [2025-01-10T19:22:22.220+0000] {dag.py:4180} INFO - Setting next_dagrun for example_python_operator to None, run_after=None
[2025-01-10T19:22:22.297+0000] {processor.py:208} INFO - Processing /home/airflow/.local/lib/python3.12/site-packages/airflow/example_dags/example_python_operator.py took 0.517 seconds
