[2025-01-10T18:44:33.425+0000] {processor.py:186} INFO - Started process (PID=88) to work on /home/airflow/.local/lib/python3.12/site-packages/airflow/example_dags/example_display_name.py
[2025-01-10T18:44:33.427+0000] {processor.py:914} INFO - Processing file /home/airflow/.local/lib/python3.12/site-packages/airflow/example_dags/example_display_name.py for tasks to queue
[2025-01-10T18:44:33.433+0000] {logging_mixin.py:190} INFO - [2025-01-10T18:44:33.432+0000] {dagbag.py:588} INFO - Filling up the DagBag from /home/airflow/.local/lib/python3.12/site-packages/airflow/example_dags/example_display_name.py
[2025-01-10T18:44:33.476+0000] {processor.py:925} INFO - DAG(s) 'example_display_name' retrieved from /home/airflow/.local/lib/python3.12/site-packages/airflow/example_dags/example_display_name.py
[2025-01-10T18:44:33.653+0000] {logging_mixin.py:190} INFO - [2025-01-10T18:44:33.652+0000] {override.py:1911} INFO - Created Permission View: can edit on DAG:example_display_name
[2025-01-10T18:44:33.667+0000] {logging_mixin.py:190} INFO - [2025-01-10T18:44:33.666+0000] {override.py:1911} INFO - Created Permission View: can read on DAG:example_display_name
[2025-01-10T18:44:33.676+0000] {logging_mixin.py:190} INFO - [2025-01-10T18:44:33.676+0000] {override.py:1911} INFO - Created Permission View: can delete on DAG:example_display_name
[2025-01-10T18:44:33.686+0000] {logging_mixin.py:190} INFO - [2025-01-10T18:44:33.686+0000] {override.py:1911} INFO - Created Permission View: menu access on DAG Run:example_display_name
[2025-01-10T18:44:33.695+0000] {logging_mixin.py:190} INFO - [2025-01-10T18:44:33.694+0000] {override.py:1911} INFO - Created Permission View: can read on DAG Run:example_display_name
[2025-01-10T18:44:33.705+0000] {logging_mixin.py:190} INFO - [2025-01-10T18:44:33.705+0000] {override.py:1911} INFO - Created Permission View: can create on DAG Run:example_display_name
[2025-01-10T18:44:33.719+0000] {logging_mixin.py:190} INFO - [2025-01-10T18:44:33.719+0000] {override.py:1911} INFO - Created Permission View: can delete on DAG Run:example_display_name
[2025-01-10T18:44:33.721+0000] {logging_mixin.py:190} INFO - [2025-01-10T18:44:33.720+0000] {dag.py:3239} INFO - Sync 1 DAGs
[2025-01-10T18:44:33.750+0000] {logging_mixin.py:190} INFO - [2025-01-10T18:44:33.750+0000] {dag.py:3262} INFO - Creating ORM DAG for example_display_name
[2025-01-10T18:44:33.752+0000] {logging_mixin.py:190} INFO - [2025-01-10T18:44:33.752+0000] {dag.py:4180} INFO - Setting next_dagrun for example_display_name to None, run_after=None
[2025-01-10T18:44:33.790+0000] {processor.py:208} INFO - Processing /home/airflow/.local/lib/python3.12/site-packages/airflow/example_dags/example_display_name.py took 0.384 seconds
[2025-01-10T18:45:04.050+0000] {processor.py:186} INFO - Started process (PID=150) to work on /home/airflow/.local/lib/python3.12/site-packages/airflow/example_dags/example_display_name.py
[2025-01-10T18:45:04.052+0000] {processor.py:914} INFO - Processing file /home/airflow/.local/lib/python3.12/site-packages/airflow/example_dags/example_display_name.py for tasks to queue
[2025-01-10T18:45:04.057+0000] {logging_mixin.py:190} INFO - [2025-01-10T18:45:04.056+0000] {dagbag.py:588} INFO - Filling up the DagBag from /home/airflow/.local/lib/python3.12/site-packages/airflow/example_dags/example_display_name.py
[2025-01-10T18:45:04.082+0000] {processor.py:925} INFO - DAG(s) 'example_display_name' retrieved from /home/airflow/.local/lib/python3.12/site-packages/airflow/example_dags/example_display_name.py
[2025-01-10T18:45:04.146+0000] {logging_mixin.py:190} INFO - [2025-01-10T18:45:04.145+0000] {dag.py:3239} INFO - Sync 1 DAGs
[2025-01-10T18:45:04.208+0000] {logging_mixin.py:190} INFO - [2025-01-10T18:45:04.207+0000] {dag.py:4180} INFO - Setting next_dagrun for example_display_name to None, run_after=None
[2025-01-10T18:45:04.265+0000] {processor.py:208} INFO - Processing /home/airflow/.local/lib/python3.12/site-packages/airflow/example_dags/example_display_name.py took 0.230 seconds
[2025-01-10T18:45:35.562+0000] {processor.py:186} INFO - Started process (PID=213) to work on /home/airflow/.local/lib/python3.12/site-packages/airflow/example_dags/example_display_name.py
[2025-01-10T18:45:35.566+0000] {processor.py:914} INFO - Processing file /home/airflow/.local/lib/python3.12/site-packages/airflow/example_dags/example_display_name.py for tasks to queue
[2025-01-10T18:45:35.570+0000] {logging_mixin.py:190} INFO - [2025-01-10T18:45:35.569+0000] {dagbag.py:588} INFO - Filling up the DagBag from /home/airflow/.local/lib/python3.12/site-packages/airflow/example_dags/example_display_name.py
[2025-01-10T18:45:35.591+0000] {processor.py:925} INFO - DAG(s) 'example_display_name' retrieved from /home/airflow/.local/lib/python3.12/site-packages/airflow/example_dags/example_display_name.py
[2025-01-10T18:45:35.656+0000] {logging_mixin.py:190} INFO - [2025-01-10T18:45:35.655+0000] {dag.py:3239} INFO - Sync 1 DAGs
[2025-01-10T18:45:35.732+0000] {logging_mixin.py:190} INFO - [2025-01-10T18:45:35.731+0000] {dag.py:4180} INFO - Setting next_dagrun for example_display_name to None, run_after=None
[2025-01-10T18:45:35.804+0000] {processor.py:208} INFO - Processing /home/airflow/.local/lib/python3.12/site-packages/airflow/example_dags/example_display_name.py took 0.255 seconds
[2025-01-10T18:46:08.059+0000] {processor.py:186} INFO - Started process (PID=276) to work on /home/airflow/.local/lib/python3.12/site-packages/airflow/example_dags/example_display_name.py
[2025-01-10T18:46:08.062+0000] {processor.py:914} INFO - Processing file /home/airflow/.local/lib/python3.12/site-packages/airflow/example_dags/example_display_name.py for tasks to queue
[2025-01-10T18:46:08.076+0000] {logging_mixin.py:190} INFO - [2025-01-10T18:46:08.075+0000] {dagbag.py:588} INFO - Filling up the DagBag from /home/airflow/.local/lib/python3.12/site-packages/airflow/example_dags/example_display_name.py
[2025-01-10T18:46:08.122+0000] {processor.py:925} INFO - DAG(s) 'example_display_name' retrieved from /home/airflow/.local/lib/python3.12/site-packages/airflow/example_dags/example_display_name.py
[2025-01-10T18:46:08.277+0000] {logging_mixin.py:190} INFO - [2025-01-10T18:46:08.276+0000] {dag.py:3239} INFO - Sync 1 DAGs
[2025-01-10T18:46:08.396+0000] {logging_mixin.py:190} INFO - [2025-01-10T18:46:08.395+0000] {dag.py:4180} INFO - Setting next_dagrun for example_display_name to None, run_after=None
[2025-01-10T18:46:08.472+0000] {processor.py:208} INFO - Processing /home/airflow/.local/lib/python3.12/site-packages/airflow/example_dags/example_display_name.py took 0.449 seconds
[2025-01-10T18:46:39.107+0000] {processor.py:186} INFO - Started process (PID=345) to work on /home/airflow/.local/lib/python3.12/site-packages/airflow/example_dags/example_display_name.py
[2025-01-10T18:46:39.109+0000] {processor.py:914} INFO - Processing file /home/airflow/.local/lib/python3.12/site-packages/airflow/example_dags/example_display_name.py for tasks to queue
[2025-01-10T18:46:39.115+0000] {logging_mixin.py:190} INFO - [2025-01-10T18:46:39.114+0000] {dagbag.py:588} INFO - Filling up the DagBag from /home/airflow/.local/lib/python3.12/site-packages/airflow/example_dags/example_display_name.py
[2025-01-10T18:46:39.134+0000] {processor.py:925} INFO - DAG(s) 'example_display_name' retrieved from /home/airflow/.local/lib/python3.12/site-packages/airflow/example_dags/example_display_name.py
[2025-01-10T18:46:39.260+0000] {logging_mixin.py:190} INFO - [2025-01-10T18:46:39.258+0000] {dag.py:3239} INFO - Sync 1 DAGs
[2025-01-10T18:46:39.492+0000] {logging_mixin.py:190} INFO - [2025-01-10T18:46:39.490+0000] {dag.py:4180} INFO - Setting next_dagrun for example_display_name to None, run_after=None
[2025-01-10T18:46:39.596+0000] {processor.py:208} INFO - Processing /home/airflow/.local/lib/python3.12/site-packages/airflow/example_dags/example_display_name.py took 0.504 seconds
[2025-01-10T18:47:09.687+0000] {processor.py:186} INFO - Started process (PID=407) to work on /home/airflow/.local/lib/python3.12/site-packages/airflow/example_dags/example_display_name.py
[2025-01-10T18:47:09.689+0000] {processor.py:914} INFO - Processing file /home/airflow/.local/lib/python3.12/site-packages/airflow/example_dags/example_display_name.py for tasks to queue
[2025-01-10T18:47:09.698+0000] {logging_mixin.py:190} INFO - [2025-01-10T18:47:09.696+0000] {dagbag.py:588} INFO - Filling up the DagBag from /home/airflow/.local/lib/python3.12/site-packages/airflow/example_dags/example_display_name.py
[2025-01-10T18:47:09.725+0000] {processor.py:925} INFO - DAG(s) 'example_display_name' retrieved from /home/airflow/.local/lib/python3.12/site-packages/airflow/example_dags/example_display_name.py
[2025-01-10T18:47:09.786+0000] {logging_mixin.py:190} INFO - [2025-01-10T18:47:09.785+0000] {dag.py:3239} INFO - Sync 1 DAGs
[2025-01-10T18:47:09.823+0000] {logging_mixin.py:190} INFO - [2025-01-10T18:47:09.823+0000] {dag.py:4180} INFO - Setting next_dagrun for example_display_name to None, run_after=None
[2025-01-10T18:47:09.868+0000] {processor.py:208} INFO - Processing /home/airflow/.local/lib/python3.12/site-packages/airflow/example_dags/example_display_name.py took 0.205 seconds
[2025-01-10T18:47:40.702+0000] {processor.py:186} INFO - Started process (PID=469) to work on /home/airflow/.local/lib/python3.12/site-packages/airflow/example_dags/example_display_name.py
[2025-01-10T18:47:40.705+0000] {processor.py:914} INFO - Processing file /home/airflow/.local/lib/python3.12/site-packages/airflow/example_dags/example_display_name.py for tasks to queue
[2025-01-10T18:47:40.711+0000] {logging_mixin.py:190} INFO - [2025-01-10T18:47:40.710+0000] {dagbag.py:588} INFO - Filling up the DagBag from /home/airflow/.local/lib/python3.12/site-packages/airflow/example_dags/example_display_name.py
[2025-01-10T18:47:40.738+0000] {processor.py:925} INFO - DAG(s) 'example_display_name' retrieved from /home/airflow/.local/lib/python3.12/site-packages/airflow/example_dags/example_display_name.py
[2025-01-10T18:47:40.807+0000] {logging_mixin.py:190} INFO - [2025-01-10T18:47:40.807+0000] {dag.py:3239} INFO - Sync 1 DAGs
[2025-01-10T18:47:40.879+0000] {logging_mixin.py:190} INFO - [2025-01-10T18:47:40.878+0000] {dag.py:4180} INFO - Setting next_dagrun for example_display_name to None, run_after=None
[2025-01-10T18:47:40.966+0000] {processor.py:208} INFO - Processing /home/airflow/.local/lib/python3.12/site-packages/airflow/example_dags/example_display_name.py took 0.286 seconds
[2025-01-10T18:48:11.413+0000] {processor.py:186} INFO - Started process (PID=531) to work on /home/airflow/.local/lib/python3.12/site-packages/airflow/example_dags/example_display_name.py
[2025-01-10T18:48:11.416+0000] {processor.py:914} INFO - Processing file /home/airflow/.local/lib/python3.12/site-packages/airflow/example_dags/example_display_name.py for tasks to queue
[2025-01-10T18:48:11.425+0000] {logging_mixin.py:190} INFO - [2025-01-10T18:48:11.424+0000] {dagbag.py:588} INFO - Filling up the DagBag from /home/airflow/.local/lib/python3.12/site-packages/airflow/example_dags/example_display_name.py
[2025-01-10T18:48:11.457+0000] {processor.py:925} INFO - DAG(s) 'example_display_name' retrieved from /home/airflow/.local/lib/python3.12/site-packages/airflow/example_dags/example_display_name.py
[2025-01-10T18:48:11.560+0000] {logging_mixin.py:190} INFO - [2025-01-10T18:48:11.559+0000] {dag.py:3239} INFO - Sync 1 DAGs
[2025-01-10T18:48:11.613+0000] {logging_mixin.py:190} INFO - [2025-01-10T18:48:11.612+0000] {dag.py:4180} INFO - Setting next_dagrun for example_display_name to None, run_after=None
[2025-01-10T18:48:11.673+0000] {processor.py:208} INFO - Processing /home/airflow/.local/lib/python3.12/site-packages/airflow/example_dags/example_display_name.py took 0.279 seconds
[2025-01-10T18:48:41.860+0000] {processor.py:186} INFO - Started process (PID=593) to work on /home/airflow/.local/lib/python3.12/site-packages/airflow/example_dags/example_display_name.py
[2025-01-10T18:48:41.862+0000] {processor.py:914} INFO - Processing file /home/airflow/.local/lib/python3.12/site-packages/airflow/example_dags/example_display_name.py for tasks to queue
[2025-01-10T18:48:41.867+0000] {logging_mixin.py:190} INFO - [2025-01-10T18:48:41.867+0000] {dagbag.py:588} INFO - Filling up the DagBag from /home/airflow/.local/lib/python3.12/site-packages/airflow/example_dags/example_display_name.py
[2025-01-10T18:48:41.887+0000] {processor.py:925} INFO - DAG(s) 'example_display_name' retrieved from /home/airflow/.local/lib/python3.12/site-packages/airflow/example_dags/example_display_name.py
[2025-01-10T18:48:41.932+0000] {logging_mixin.py:190} INFO - [2025-01-10T18:48:41.931+0000] {dag.py:3239} INFO - Sync 1 DAGs
[2025-01-10T18:48:41.964+0000] {logging_mixin.py:190} INFO - [2025-01-10T18:48:41.964+0000] {dag.py:4180} INFO - Setting next_dagrun for example_display_name to None, run_after=None
[2025-01-10T18:48:42.016+0000] {processor.py:208} INFO - Processing /home/airflow/.local/lib/python3.12/site-packages/airflow/example_dags/example_display_name.py took 0.169 seconds
[2025-01-10T18:49:12.447+0000] {processor.py:186} INFO - Started process (PID=655) to work on /home/airflow/.local/lib/python3.12/site-packages/airflow/example_dags/example_display_name.py
[2025-01-10T18:49:12.453+0000] {processor.py:914} INFO - Processing file /home/airflow/.local/lib/python3.12/site-packages/airflow/example_dags/example_display_name.py for tasks to queue
[2025-01-10T18:49:12.482+0000] {logging_mixin.py:190} INFO - [2025-01-10T18:49:12.481+0000] {dagbag.py:588} INFO - Filling up the DagBag from /home/airflow/.local/lib/python3.12/site-packages/airflow/example_dags/example_display_name.py
[2025-01-10T18:49:12.513+0000] {processor.py:925} INFO - DAG(s) 'example_display_name' retrieved from /home/airflow/.local/lib/python3.12/site-packages/airflow/example_dags/example_display_name.py
[2025-01-10T18:49:12.609+0000] {logging_mixin.py:190} INFO - [2025-01-10T18:49:12.608+0000] {dag.py:3239} INFO - Sync 1 DAGs
[2025-01-10T18:49:12.760+0000] {logging_mixin.py:190} INFO - [2025-01-10T18:49:12.760+0000] {dag.py:4180} INFO - Setting next_dagrun for example_display_name to None, run_after=None
[2025-01-10T18:49:12.869+0000] {processor.py:208} INFO - Processing /home/airflow/.local/lib/python3.12/site-packages/airflow/example_dags/example_display_name.py took 0.456 seconds
[2025-01-10T18:49:44.381+0000] {processor.py:186} INFO - Started process (PID=717) to work on /home/airflow/.local/lib/python3.12/site-packages/airflow/example_dags/example_display_name.py
[2025-01-10T18:49:44.386+0000] {processor.py:914} INFO - Processing file /home/airflow/.local/lib/python3.12/site-packages/airflow/example_dags/example_display_name.py for tasks to queue
[2025-01-10T18:49:44.402+0000] {logging_mixin.py:190} INFO - [2025-01-10T18:49:44.401+0000] {dagbag.py:588} INFO - Filling up the DagBag from /home/airflow/.local/lib/python3.12/site-packages/airflow/example_dags/example_display_name.py
[2025-01-10T18:49:44.429+0000] {processor.py:925} INFO - DAG(s) 'example_display_name' retrieved from /home/airflow/.local/lib/python3.12/site-packages/airflow/example_dags/example_display_name.py
[2025-01-10T18:49:44.550+0000] {logging_mixin.py:190} INFO - [2025-01-10T18:49:44.548+0000] {dag.py:3239} INFO - Sync 1 DAGs
[2025-01-10T18:49:44.680+0000] {logging_mixin.py:190} INFO - [2025-01-10T18:49:44.679+0000] {dag.py:4180} INFO - Setting next_dagrun for example_display_name to None, run_after=None
[2025-01-10T18:49:44.756+0000] {processor.py:208} INFO - Processing /home/airflow/.local/lib/python3.12/site-packages/airflow/example_dags/example_display_name.py took 0.395 seconds
[2025-01-10T18:50:15.134+0000] {processor.py:186} INFO - Started process (PID=780) to work on /home/airflow/.local/lib/python3.12/site-packages/airflow/example_dags/example_display_name.py
[2025-01-10T18:50:15.136+0000] {processor.py:914} INFO - Processing file /home/airflow/.local/lib/python3.12/site-packages/airflow/example_dags/example_display_name.py for tasks to queue
[2025-01-10T18:50:15.141+0000] {logging_mixin.py:190} INFO - [2025-01-10T18:50:15.141+0000] {dagbag.py:588} INFO - Filling up the DagBag from /home/airflow/.local/lib/python3.12/site-packages/airflow/example_dags/example_display_name.py
[2025-01-10T18:50:15.169+0000] {processor.py:925} INFO - DAG(s) 'example_display_name' retrieved from /home/airflow/.local/lib/python3.12/site-packages/airflow/example_dags/example_display_name.py
[2025-01-10T18:50:15.252+0000] {logging_mixin.py:190} INFO - [2025-01-10T18:50:15.252+0000] {dag.py:3239} INFO - Sync 1 DAGs
[2025-01-10T18:50:15.325+0000] {logging_mixin.py:190} INFO - [2025-01-10T18:50:15.324+0000] {dag.py:4180} INFO - Setting next_dagrun for example_display_name to None, run_after=None
[2025-01-10T18:50:15.411+0000] {processor.py:208} INFO - Processing /home/airflow/.local/lib/python3.12/site-packages/airflow/example_dags/example_display_name.py took 0.288 seconds
[2025-01-10T18:50:46.185+0000] {processor.py:186} INFO - Started process (PID=842) to work on /home/airflow/.local/lib/python3.12/site-packages/airflow/example_dags/example_display_name.py
[2025-01-10T18:50:46.188+0000] {processor.py:914} INFO - Processing file /home/airflow/.local/lib/python3.12/site-packages/airflow/example_dags/example_display_name.py for tasks to queue
[2025-01-10T18:50:46.195+0000] {logging_mixin.py:190} INFO - [2025-01-10T18:50:46.194+0000] {dagbag.py:588} INFO - Filling up the DagBag from /home/airflow/.local/lib/python3.12/site-packages/airflow/example_dags/example_display_name.py
[2025-01-10T18:50:46.223+0000] {processor.py:925} INFO - DAG(s) 'example_display_name' retrieved from /home/airflow/.local/lib/python3.12/site-packages/airflow/example_dags/example_display_name.py
[2025-01-10T18:50:46.320+0000] {logging_mixin.py:190} INFO - [2025-01-10T18:50:46.319+0000] {dag.py:3239} INFO - Sync 1 DAGs
[2025-01-10T18:50:46.377+0000] {logging_mixin.py:190} INFO - [2025-01-10T18:50:46.376+0000] {dag.py:4180} INFO - Setting next_dagrun for example_display_name to None, run_after=None
[2025-01-10T18:50:46.441+0000] {processor.py:208} INFO - Processing /home/airflow/.local/lib/python3.12/site-packages/airflow/example_dags/example_display_name.py took 0.275 seconds
[2025-01-10T18:51:16.610+0000] {processor.py:186} INFO - Started process (PID=905) to work on /home/airflow/.local/lib/python3.12/site-packages/airflow/example_dags/example_display_name.py
[2025-01-10T18:51:16.613+0000] {processor.py:914} INFO - Processing file /home/airflow/.local/lib/python3.12/site-packages/airflow/example_dags/example_display_name.py for tasks to queue
[2025-01-10T18:51:16.621+0000] {logging_mixin.py:190} INFO - [2025-01-10T18:51:16.620+0000] {dagbag.py:588} INFO - Filling up the DagBag from /home/airflow/.local/lib/python3.12/site-packages/airflow/example_dags/example_display_name.py
[2025-01-10T18:51:16.683+0000] {processor.py:925} INFO - DAG(s) 'example_display_name' retrieved from /home/airflow/.local/lib/python3.12/site-packages/airflow/example_dags/example_display_name.py
[2025-01-10T18:51:16.754+0000] {logging_mixin.py:190} INFO - [2025-01-10T18:51:16.753+0000] {dag.py:3239} INFO - Sync 1 DAGs
[2025-01-10T18:51:16.808+0000] {logging_mixin.py:190} INFO - [2025-01-10T18:51:16.807+0000] {dag.py:4180} INFO - Setting next_dagrun for example_display_name to None, run_after=None
[2025-01-10T18:51:16.878+0000] {processor.py:208} INFO - Processing /home/airflow/.local/lib/python3.12/site-packages/airflow/example_dags/example_display_name.py took 0.294 seconds
[2025-01-10T18:51:47.213+0000] {processor.py:186} INFO - Started process (PID=968) to work on /home/airflow/.local/lib/python3.12/site-packages/airflow/example_dags/example_display_name.py
[2025-01-10T18:51:47.216+0000] {processor.py:914} INFO - Processing file /home/airflow/.local/lib/python3.12/site-packages/airflow/example_dags/example_display_name.py for tasks to queue
[2025-01-10T18:51:47.222+0000] {logging_mixin.py:190} INFO - [2025-01-10T18:51:47.221+0000] {dagbag.py:588} INFO - Filling up the DagBag from /home/airflow/.local/lib/python3.12/site-packages/airflow/example_dags/example_display_name.py
[2025-01-10T18:51:47.241+0000] {processor.py:925} INFO - DAG(s) 'example_display_name' retrieved from /home/airflow/.local/lib/python3.12/site-packages/airflow/example_dags/example_display_name.py
[2025-01-10T18:51:47.292+0000] {logging_mixin.py:190} INFO - [2025-01-10T18:51:47.291+0000] {dag.py:3239} INFO - Sync 1 DAGs
[2025-01-10T18:51:47.326+0000] {logging_mixin.py:190} INFO - [2025-01-10T18:51:47.326+0000] {dag.py:4180} INFO - Setting next_dagrun for example_display_name to None, run_after=None
[2025-01-10T18:51:47.367+0000] {processor.py:208} INFO - Processing /home/airflow/.local/lib/python3.12/site-packages/airflow/example_dags/example_display_name.py took 0.169 seconds
[2025-01-10T18:52:18.115+0000] {processor.py:186} INFO - Started process (PID=1031) to work on /home/airflow/.local/lib/python3.12/site-packages/airflow/example_dags/example_display_name.py
[2025-01-10T18:52:18.117+0000] {processor.py:914} INFO - Processing file /home/airflow/.local/lib/python3.12/site-packages/airflow/example_dags/example_display_name.py for tasks to queue
[2025-01-10T18:52:18.124+0000] {logging_mixin.py:190} INFO - [2025-01-10T18:52:18.123+0000] {dagbag.py:588} INFO - Filling up the DagBag from /home/airflow/.local/lib/python3.12/site-packages/airflow/example_dags/example_display_name.py
[2025-01-10T18:52:18.160+0000] {processor.py:925} INFO - DAG(s) 'example_display_name' retrieved from /home/airflow/.local/lib/python3.12/site-packages/airflow/example_dags/example_display_name.py
[2025-01-10T18:52:18.262+0000] {logging_mixin.py:190} INFO - [2025-01-10T18:52:18.261+0000] {dag.py:3239} INFO - Sync 1 DAGs
[2025-01-10T18:52:18.320+0000] {logging_mixin.py:190} INFO - [2025-01-10T18:52:18.319+0000] {dag.py:4180} INFO - Setting next_dagrun for example_display_name to None, run_after=None
[2025-01-10T18:52:18.402+0000] {processor.py:208} INFO - Processing /home/airflow/.local/lib/python3.12/site-packages/airflow/example_dags/example_display_name.py took 0.306 seconds
[2025-01-10T18:52:48.600+0000] {processor.py:186} INFO - Started process (PID=1094) to work on /home/airflow/.local/lib/python3.12/site-packages/airflow/example_dags/example_display_name.py
[2025-01-10T18:52:48.603+0000] {processor.py:914} INFO - Processing file /home/airflow/.local/lib/python3.12/site-packages/airflow/example_dags/example_display_name.py for tasks to queue
[2025-01-10T18:52:48.608+0000] {logging_mixin.py:190} INFO - [2025-01-10T18:52:48.607+0000] {dagbag.py:588} INFO - Filling up the DagBag from /home/airflow/.local/lib/python3.12/site-packages/airflow/example_dags/example_display_name.py
[2025-01-10T18:52:48.626+0000] {processor.py:925} INFO - DAG(s) 'example_display_name' retrieved from /home/airflow/.local/lib/python3.12/site-packages/airflow/example_dags/example_display_name.py
[2025-01-10T18:52:48.700+0000] {logging_mixin.py:190} INFO - [2025-01-10T18:52:48.699+0000] {dag.py:3239} INFO - Sync 1 DAGs
[2025-01-10T18:52:48.773+0000] {logging_mixin.py:190} INFO - [2025-01-10T18:52:48.773+0000] {dag.py:4180} INFO - Setting next_dagrun for example_display_name to None, run_after=None
[2025-01-10T18:52:48.832+0000] {processor.py:208} INFO - Processing /home/airflow/.local/lib/python3.12/site-packages/airflow/example_dags/example_display_name.py took 0.246 seconds
[2025-01-10T18:53:19.950+0000] {processor.py:186} INFO - Started process (PID=1156) to work on /home/airflow/.local/lib/python3.12/site-packages/airflow/example_dags/example_display_name.py
[2025-01-10T18:53:19.953+0000] {processor.py:914} INFO - Processing file /home/airflow/.local/lib/python3.12/site-packages/airflow/example_dags/example_display_name.py for tasks to queue
[2025-01-10T18:53:19.958+0000] {logging_mixin.py:190} INFO - [2025-01-10T18:53:19.957+0000] {dagbag.py:588} INFO - Filling up the DagBag from /home/airflow/.local/lib/python3.12/site-packages/airflow/example_dags/example_display_name.py
[2025-01-10T18:53:19.982+0000] {processor.py:925} INFO - DAG(s) 'example_display_name' retrieved from /home/airflow/.local/lib/python3.12/site-packages/airflow/example_dags/example_display_name.py
[2025-01-10T18:53:20.041+0000] {logging_mixin.py:190} INFO - [2025-01-10T18:53:20.041+0000] {dag.py:3239} INFO - Sync 1 DAGs
[2025-01-10T18:53:20.079+0000] {logging_mixin.py:190} INFO - [2025-01-10T18:53:20.079+0000] {dag.py:4180} INFO - Setting next_dagrun for example_display_name to None, run_after=None
[2025-01-10T18:53:20.132+0000] {processor.py:208} INFO - Processing /home/airflow/.local/lib/python3.12/site-packages/airflow/example_dags/example_display_name.py took 0.193 seconds
[2025-01-10T18:53:50.285+0000] {processor.py:186} INFO - Started process (PID=1218) to work on /home/airflow/.local/lib/python3.12/site-packages/airflow/example_dags/example_display_name.py
[2025-01-10T18:53:50.286+0000] {processor.py:914} INFO - Processing file /home/airflow/.local/lib/python3.12/site-packages/airflow/example_dags/example_display_name.py for tasks to queue
[2025-01-10T18:53:50.291+0000] {logging_mixin.py:190} INFO - [2025-01-10T18:53:50.290+0000] {dagbag.py:588} INFO - Filling up the DagBag from /home/airflow/.local/lib/python3.12/site-packages/airflow/example_dags/example_display_name.py
[2025-01-10T18:53:50.305+0000] {processor.py:925} INFO - DAG(s) 'example_display_name' retrieved from /home/airflow/.local/lib/python3.12/site-packages/airflow/example_dags/example_display_name.py
[2025-01-10T18:53:50.346+0000] {logging_mixin.py:190} INFO - [2025-01-10T18:53:50.346+0000] {dag.py:3239} INFO - Sync 1 DAGs
[2025-01-10T18:53:50.378+0000] {logging_mixin.py:190} INFO - [2025-01-10T18:53:50.378+0000] {dag.py:4180} INFO - Setting next_dagrun for example_display_name to None, run_after=None
[2025-01-10T18:53:50.415+0000] {processor.py:208} INFO - Processing /home/airflow/.local/lib/python3.12/site-packages/airflow/example_dags/example_display_name.py took 0.143 seconds
[2025-01-10T18:54:21.173+0000] {processor.py:186} INFO - Started process (PID=1281) to work on /home/airflow/.local/lib/python3.12/site-packages/airflow/example_dags/example_display_name.py
[2025-01-10T18:54:21.175+0000] {processor.py:914} INFO - Processing file /home/airflow/.local/lib/python3.12/site-packages/airflow/example_dags/example_display_name.py for tasks to queue
[2025-01-10T18:54:21.180+0000] {logging_mixin.py:190} INFO - [2025-01-10T18:54:21.179+0000] {dagbag.py:588} INFO - Filling up the DagBag from /home/airflow/.local/lib/python3.12/site-packages/airflow/example_dags/example_display_name.py
[2025-01-10T18:54:21.195+0000] {processor.py:925} INFO - DAG(s) 'example_display_name' retrieved from /home/airflow/.local/lib/python3.12/site-packages/airflow/example_dags/example_display_name.py
[2025-01-10T18:54:21.249+0000] {logging_mixin.py:190} INFO - [2025-01-10T18:54:21.249+0000] {dag.py:3239} INFO - Sync 1 DAGs
[2025-01-10T18:54:21.284+0000] {logging_mixin.py:190} INFO - [2025-01-10T18:54:21.284+0000] {dag.py:4180} INFO - Setting next_dagrun for example_display_name to None, run_after=None
[2025-01-10T18:54:21.327+0000] {processor.py:208} INFO - Processing /home/airflow/.local/lib/python3.12/site-packages/airflow/example_dags/example_display_name.py took 0.166 seconds
[2025-01-10T18:54:51.696+0000] {processor.py:186} INFO - Started process (PID=1343) to work on /home/airflow/.local/lib/python3.12/site-packages/airflow/example_dags/example_display_name.py
[2025-01-10T18:54:51.697+0000] {processor.py:914} INFO - Processing file /home/airflow/.local/lib/python3.12/site-packages/airflow/example_dags/example_display_name.py for tasks to queue
[2025-01-10T18:54:51.701+0000] {logging_mixin.py:190} INFO - [2025-01-10T18:54:51.701+0000] {dagbag.py:588} INFO - Filling up the DagBag from /home/airflow/.local/lib/python3.12/site-packages/airflow/example_dags/example_display_name.py
[2025-01-10T18:54:51.716+0000] {processor.py:925} INFO - DAG(s) 'example_display_name' retrieved from /home/airflow/.local/lib/python3.12/site-packages/airflow/example_dags/example_display_name.py
[2025-01-10T18:54:51.794+0000] {logging_mixin.py:190} INFO - [2025-01-10T18:54:51.793+0000] {dag.py:3239} INFO - Sync 1 DAGs
[2025-01-10T18:54:51.832+0000] {logging_mixin.py:190} INFO - [2025-01-10T18:54:51.831+0000] {dag.py:4180} INFO - Setting next_dagrun for example_display_name to None, run_after=None
[2025-01-10T18:54:51.873+0000] {processor.py:208} INFO - Processing /home/airflow/.local/lib/python3.12/site-packages/airflow/example_dags/example_display_name.py took 0.187 seconds
[2025-01-10T18:55:22.293+0000] {processor.py:186} INFO - Started process (PID=1406) to work on /home/airflow/.local/lib/python3.12/site-packages/airflow/example_dags/example_display_name.py
[2025-01-10T18:55:22.295+0000] {processor.py:914} INFO - Processing file /home/airflow/.local/lib/python3.12/site-packages/airflow/example_dags/example_display_name.py for tasks to queue
[2025-01-10T18:55:22.300+0000] {logging_mixin.py:190} INFO - [2025-01-10T18:55:22.299+0000] {dagbag.py:588} INFO - Filling up the DagBag from /home/airflow/.local/lib/python3.12/site-packages/airflow/example_dags/example_display_name.py
[2025-01-10T18:55:22.318+0000] {processor.py:925} INFO - DAG(s) 'example_display_name' retrieved from /home/airflow/.local/lib/python3.12/site-packages/airflow/example_dags/example_display_name.py
[2025-01-10T18:55:22.371+0000] {logging_mixin.py:190} INFO - [2025-01-10T18:55:22.370+0000] {dag.py:3239} INFO - Sync 1 DAGs
[2025-01-10T18:55:22.413+0000] {logging_mixin.py:190} INFO - [2025-01-10T18:55:22.412+0000] {dag.py:4180} INFO - Setting next_dagrun for example_display_name to None, run_after=None
[2025-01-10T18:55:22.462+0000] {processor.py:208} INFO - Processing /home/airflow/.local/lib/python3.12/site-packages/airflow/example_dags/example_display_name.py took 0.181 seconds
[2025-01-10T18:55:53.131+0000] {processor.py:186} INFO - Started process (PID=1468) to work on /home/airflow/.local/lib/python3.12/site-packages/airflow/example_dags/example_display_name.py
[2025-01-10T18:55:53.134+0000] {processor.py:914} INFO - Processing file /home/airflow/.local/lib/python3.12/site-packages/airflow/example_dags/example_display_name.py for tasks to queue
[2025-01-10T18:55:53.141+0000] {logging_mixin.py:190} INFO - [2025-01-10T18:55:53.140+0000] {dagbag.py:588} INFO - Filling up the DagBag from /home/airflow/.local/lib/python3.12/site-packages/airflow/example_dags/example_display_name.py
[2025-01-10T18:55:53.166+0000] {processor.py:925} INFO - DAG(s) 'example_display_name' retrieved from /home/airflow/.local/lib/python3.12/site-packages/airflow/example_dags/example_display_name.py
[2025-01-10T18:55:53.226+0000] {logging_mixin.py:190} INFO - [2025-01-10T18:55:53.225+0000] {dag.py:3239} INFO - Sync 1 DAGs
[2025-01-10T18:55:53.264+0000] {logging_mixin.py:190} INFO - [2025-01-10T18:55:53.264+0000] {dag.py:4180} INFO - Setting next_dagrun for example_display_name to None, run_after=None
[2025-01-10T18:55:53.312+0000] {processor.py:208} INFO - Processing /home/airflow/.local/lib/python3.12/site-packages/airflow/example_dags/example_display_name.py took 0.193 seconds
[2025-01-10T18:56:23.418+0000] {processor.py:186} INFO - Started process (PID=1531) to work on /home/airflow/.local/lib/python3.12/site-packages/airflow/example_dags/example_display_name.py
[2025-01-10T18:56:23.423+0000] {processor.py:914} INFO - Processing file /home/airflow/.local/lib/python3.12/site-packages/airflow/example_dags/example_display_name.py for tasks to queue
[2025-01-10T18:56:23.437+0000] {logging_mixin.py:190} INFO - [2025-01-10T18:56:23.436+0000] {dagbag.py:588} INFO - Filling up the DagBag from /home/airflow/.local/lib/python3.12/site-packages/airflow/example_dags/example_display_name.py
[2025-01-10T18:56:23.510+0000] {processor.py:925} INFO - DAG(s) 'example_display_name' retrieved from /home/airflow/.local/lib/python3.12/site-packages/airflow/example_dags/example_display_name.py
[2025-01-10T18:56:23.565+0000] {logging_mixin.py:190} INFO - [2025-01-10T18:56:23.565+0000] {dag.py:3239} INFO - Sync 1 DAGs
[2025-01-10T18:56:23.601+0000] {logging_mixin.py:190} INFO - [2025-01-10T18:56:23.601+0000] {dag.py:4180} INFO - Setting next_dagrun for example_display_name to None, run_after=None
[2025-01-10T18:56:23.646+0000] {processor.py:208} INFO - Processing /home/airflow/.local/lib/python3.12/site-packages/airflow/example_dags/example_display_name.py took 0.249 seconds
[2025-01-10T18:56:54.943+0000] {processor.py:186} INFO - Started process (PID=1594) to work on /home/airflow/.local/lib/python3.12/site-packages/airflow/example_dags/example_display_name.py
[2025-01-10T18:56:54.948+0000] {processor.py:914} INFO - Processing file /home/airflow/.local/lib/python3.12/site-packages/airflow/example_dags/example_display_name.py for tasks to queue
[2025-01-10T18:56:54.954+0000] {logging_mixin.py:190} INFO - [2025-01-10T18:56:54.953+0000] {dagbag.py:588} INFO - Filling up the DagBag from /home/airflow/.local/lib/python3.12/site-packages/airflow/example_dags/example_display_name.py
[2025-01-10T18:56:54.973+0000] {processor.py:925} INFO - DAG(s) 'example_display_name' retrieved from /home/airflow/.local/lib/python3.12/site-packages/airflow/example_dags/example_display_name.py
[2025-01-10T18:56:55.017+0000] {logging_mixin.py:190} INFO - [2025-01-10T18:56:55.016+0000] {dag.py:3239} INFO - Sync 1 DAGs
[2025-01-10T18:56:55.046+0000] {logging_mixin.py:190} INFO - [2025-01-10T18:56:55.046+0000] {dag.py:4180} INFO - Setting next_dagrun for example_display_name to None, run_after=None
[2025-01-10T18:56:55.091+0000] {processor.py:208} INFO - Processing /home/airflow/.local/lib/python3.12/site-packages/airflow/example_dags/example_display_name.py took 0.165 seconds
[2025-01-10T18:57:25.740+0000] {processor.py:186} INFO - Started process (PID=1657) to work on /home/airflow/.local/lib/python3.12/site-packages/airflow/example_dags/example_display_name.py
[2025-01-10T18:57:25.743+0000] {processor.py:914} INFO - Processing file /home/airflow/.local/lib/python3.12/site-packages/airflow/example_dags/example_display_name.py for tasks to queue
[2025-01-10T18:57:25.747+0000] {logging_mixin.py:190} INFO - [2025-01-10T18:57:25.747+0000] {dagbag.py:588} INFO - Filling up the DagBag from /home/airflow/.local/lib/python3.12/site-packages/airflow/example_dags/example_display_name.py
[2025-01-10T18:57:25.765+0000] {processor.py:925} INFO - DAG(s) 'example_display_name' retrieved from /home/airflow/.local/lib/python3.12/site-packages/airflow/example_dags/example_display_name.py
[2025-01-10T18:57:25.817+0000] {logging_mixin.py:190} INFO - [2025-01-10T18:57:25.816+0000] {dag.py:3239} INFO - Sync 1 DAGs
[2025-01-10T18:57:25.858+0000] {logging_mixin.py:190} INFO - [2025-01-10T18:57:25.857+0000] {dag.py:4180} INFO - Setting next_dagrun for example_display_name to None, run_after=None
[2025-01-10T18:57:25.924+0000] {processor.py:208} INFO - Processing /home/airflow/.local/lib/python3.12/site-packages/airflow/example_dags/example_display_name.py took 0.195 seconds
[2025-01-10T18:57:56.793+0000] {processor.py:186} INFO - Started process (PID=1719) to work on /home/airflow/.local/lib/python3.12/site-packages/airflow/example_dags/example_display_name.py
[2025-01-10T18:57:56.798+0000] {processor.py:914} INFO - Processing file /home/airflow/.local/lib/python3.12/site-packages/airflow/example_dags/example_display_name.py for tasks to queue
[2025-01-10T18:57:56.913+0000] {logging_mixin.py:190} INFO - [2025-01-10T18:57:56.883+0000] {dagbag.py:588} INFO - Filling up the DagBag from /home/airflow/.local/lib/python3.12/site-packages/airflow/example_dags/example_display_name.py
[2025-01-10T18:57:56.996+0000] {processor.py:925} INFO - DAG(s) 'example_display_name' retrieved from /home/airflow/.local/lib/python3.12/site-packages/airflow/example_dags/example_display_name.py
[2025-01-10T18:57:57.100+0000] {logging_mixin.py:190} INFO - [2025-01-10T18:57:57.099+0000] {dag.py:3239} INFO - Sync 1 DAGs
[2025-01-10T18:57:57.166+0000] {logging_mixin.py:190} INFO - [2025-01-10T18:57:57.166+0000] {dag.py:4180} INFO - Setting next_dagrun for example_display_name to None, run_after=None
[2025-01-10T18:57:57.228+0000] {processor.py:208} INFO - Processing /home/airflow/.local/lib/python3.12/site-packages/airflow/example_dags/example_display_name.py took 0.456 seconds
[2025-01-10T18:58:29.341+0000] {processor.py:186} INFO - Started process (PID=1782) to work on /home/airflow/.local/lib/python3.12/site-packages/airflow/example_dags/example_display_name.py
[2025-01-10T18:58:29.346+0000] {processor.py:914} INFO - Processing file /home/airflow/.local/lib/python3.12/site-packages/airflow/example_dags/example_display_name.py for tasks to queue
[2025-01-10T18:58:29.363+0000] {logging_mixin.py:190} INFO - [2025-01-10T18:58:29.362+0000] {dagbag.py:588} INFO - Filling up the DagBag from /home/airflow/.local/lib/python3.12/site-packages/airflow/example_dags/example_display_name.py
[2025-01-10T18:58:29.400+0000] {processor.py:925} INFO - DAG(s) 'example_display_name' retrieved from /home/airflow/.local/lib/python3.12/site-packages/airflow/example_dags/example_display_name.py
[2025-01-10T18:58:29.520+0000] {logging_mixin.py:190} INFO - [2025-01-10T18:58:29.519+0000] {dag.py:3239} INFO - Sync 1 DAGs
[2025-01-10T18:58:29.620+0000] {logging_mixin.py:190} INFO - [2025-01-10T18:58:29.619+0000] {dag.py:4180} INFO - Setting next_dagrun for example_display_name to None, run_after=None
[2025-01-10T18:58:29.723+0000] {processor.py:208} INFO - Processing /home/airflow/.local/lib/python3.12/site-packages/airflow/example_dags/example_display_name.py took 0.408 seconds
[2025-01-10T18:59:00.113+0000] {processor.py:186} INFO - Started process (PID=1845) to work on /home/airflow/.local/lib/python3.12/site-packages/airflow/example_dags/example_display_name.py
[2025-01-10T18:59:00.115+0000] {processor.py:914} INFO - Processing file /home/airflow/.local/lib/python3.12/site-packages/airflow/example_dags/example_display_name.py for tasks to queue
[2025-01-10T18:59:00.122+0000] {logging_mixin.py:190} INFO - [2025-01-10T18:59:00.121+0000] {dagbag.py:588} INFO - Filling up the DagBag from /home/airflow/.local/lib/python3.12/site-packages/airflow/example_dags/example_display_name.py
[2025-01-10T18:59:00.141+0000] {processor.py:925} INFO - DAG(s) 'example_display_name' retrieved from /home/airflow/.local/lib/python3.12/site-packages/airflow/example_dags/example_display_name.py
[2025-01-10T18:59:00.193+0000] {logging_mixin.py:190} INFO - [2025-01-10T18:59:00.192+0000] {dag.py:3239} INFO - Sync 1 DAGs
[2025-01-10T18:59:00.234+0000] {logging_mixin.py:190} INFO - [2025-01-10T18:59:00.233+0000] {dag.py:4180} INFO - Setting next_dagrun for example_display_name to None, run_after=None
[2025-01-10T18:59:00.277+0000] {processor.py:208} INFO - Processing /home/airflow/.local/lib/python3.12/site-packages/airflow/example_dags/example_display_name.py took 0.180 seconds
[2025-01-10T18:59:30.936+0000] {processor.py:186} INFO - Started process (PID=1907) to work on /home/airflow/.local/lib/python3.12/site-packages/airflow/example_dags/example_display_name.py
[2025-01-10T18:59:30.938+0000] {processor.py:914} INFO - Processing file /home/airflow/.local/lib/python3.12/site-packages/airflow/example_dags/example_display_name.py for tasks to queue
[2025-01-10T18:59:30.943+0000] {logging_mixin.py:190} INFO - [2025-01-10T18:59:30.943+0000] {dagbag.py:588} INFO - Filling up the DagBag from /home/airflow/.local/lib/python3.12/site-packages/airflow/example_dags/example_display_name.py
[2025-01-10T18:59:30.966+0000] {processor.py:925} INFO - DAG(s) 'example_display_name' retrieved from /home/airflow/.local/lib/python3.12/site-packages/airflow/example_dags/example_display_name.py
[2025-01-10T18:59:31.056+0000] {logging_mixin.py:190} INFO - [2025-01-10T18:59:31.055+0000] {dag.py:3239} INFO - Sync 1 DAGs
[2025-01-10T18:59:31.113+0000] {logging_mixin.py:190} INFO - [2025-01-10T18:59:31.112+0000] {dag.py:4180} INFO - Setting next_dagrun for example_display_name to None, run_after=None
[2025-01-10T18:59:31.173+0000] {processor.py:208} INFO - Processing /home/airflow/.local/lib/python3.12/site-packages/airflow/example_dags/example_display_name.py took 0.249 seconds
[2025-01-10T19:00:01.710+0000] {processor.py:186} INFO - Started process (PID=1969) to work on /home/airflow/.local/lib/python3.12/site-packages/airflow/example_dags/example_display_name.py
[2025-01-10T19:00:01.714+0000] {processor.py:914} INFO - Processing file /home/airflow/.local/lib/python3.12/site-packages/airflow/example_dags/example_display_name.py for tasks to queue
[2025-01-10T19:00:01.724+0000] {logging_mixin.py:190} INFO - [2025-01-10T19:00:01.723+0000] {dagbag.py:588} INFO - Filling up the DagBag from /home/airflow/.local/lib/python3.12/site-packages/airflow/example_dags/example_display_name.py
[2025-01-10T19:00:01.758+0000] {processor.py:925} INFO - DAG(s) 'example_display_name' retrieved from /home/airflow/.local/lib/python3.12/site-packages/airflow/example_dags/example_display_name.py
[2025-01-10T19:00:01.836+0000] {logging_mixin.py:190} INFO - [2025-01-10T19:00:01.834+0000] {dag.py:3239} INFO - Sync 1 DAGs
[2025-01-10T19:00:01.898+0000] {logging_mixin.py:190} INFO - [2025-01-10T19:00:01.897+0000] {dag.py:4180} INFO - Setting next_dagrun for example_display_name to None, run_after=None
[2025-01-10T19:00:01.942+0000] {processor.py:208} INFO - Processing /home/airflow/.local/lib/python3.12/site-packages/airflow/example_dags/example_display_name.py took 0.260 seconds
[2025-01-10T19:00:32.946+0000] {processor.py:186} INFO - Started process (PID=2032) to work on /home/airflow/.local/lib/python3.12/site-packages/airflow/example_dags/example_display_name.py
[2025-01-10T19:00:32.951+0000] {processor.py:914} INFO - Processing file /home/airflow/.local/lib/python3.12/site-packages/airflow/example_dags/example_display_name.py for tasks to queue
[2025-01-10T19:00:32.955+0000] {logging_mixin.py:190} INFO - [2025-01-10T19:00:32.955+0000] {dagbag.py:588} INFO - Filling up the DagBag from /home/airflow/.local/lib/python3.12/site-packages/airflow/example_dags/example_display_name.py
[2025-01-10T19:00:32.974+0000] {processor.py:925} INFO - DAG(s) 'example_display_name' retrieved from /home/airflow/.local/lib/python3.12/site-packages/airflow/example_dags/example_display_name.py
[2025-01-10T19:00:33.026+0000] {logging_mixin.py:190} INFO - [2025-01-10T19:00:33.025+0000] {dag.py:3239} INFO - Sync 1 DAGs
[2025-01-10T19:00:33.061+0000] {logging_mixin.py:190} INFO - [2025-01-10T19:00:33.060+0000] {dag.py:4180} INFO - Setting next_dagrun for example_display_name to None, run_after=None
[2025-01-10T19:00:33.102+0000] {processor.py:208} INFO - Processing /home/airflow/.local/lib/python3.12/site-packages/airflow/example_dags/example_display_name.py took 0.168 seconds
[2025-01-10T19:01:03.461+0000] {processor.py:186} INFO - Started process (PID=2095) to work on /home/airflow/.local/lib/python3.12/site-packages/airflow/example_dags/example_display_name.py
[2025-01-10T19:01:03.466+0000] {processor.py:914} INFO - Processing file /home/airflow/.local/lib/python3.12/site-packages/airflow/example_dags/example_display_name.py for tasks to queue
[2025-01-10T19:01:03.472+0000] {logging_mixin.py:190} INFO - [2025-01-10T19:01:03.471+0000] {dagbag.py:588} INFO - Filling up the DagBag from /home/airflow/.local/lib/python3.12/site-packages/airflow/example_dags/example_display_name.py
[2025-01-10T19:01:03.490+0000] {processor.py:925} INFO - DAG(s) 'example_display_name' retrieved from /home/airflow/.local/lib/python3.12/site-packages/airflow/example_dags/example_display_name.py
[2025-01-10T19:01:03.540+0000] {logging_mixin.py:190} INFO - [2025-01-10T19:01:03.540+0000] {dag.py:3239} INFO - Sync 1 DAGs
[2025-01-10T19:01:03.589+0000] {logging_mixin.py:190} INFO - [2025-01-10T19:01:03.588+0000] {dag.py:4180} INFO - Setting next_dagrun for example_display_name to None, run_after=None
[2025-01-10T19:01:03.658+0000] {processor.py:208} INFO - Processing /home/airflow/.local/lib/python3.12/site-packages/airflow/example_dags/example_display_name.py took 0.217 seconds
[2025-01-10T19:01:34.511+0000] {processor.py:186} INFO - Started process (PID=2158) to work on /home/airflow/.local/lib/python3.12/site-packages/airflow/example_dags/example_display_name.py
[2025-01-10T19:01:34.515+0000] {processor.py:914} INFO - Processing file /home/airflow/.local/lib/python3.12/site-packages/airflow/example_dags/example_display_name.py for tasks to queue
[2025-01-10T19:01:34.522+0000] {logging_mixin.py:190} INFO - [2025-01-10T19:01:34.521+0000] {dagbag.py:588} INFO - Filling up the DagBag from /home/airflow/.local/lib/python3.12/site-packages/airflow/example_dags/example_display_name.py
[2025-01-10T19:01:34.542+0000] {processor.py:925} INFO - DAG(s) 'example_display_name' retrieved from /home/airflow/.local/lib/python3.12/site-packages/airflow/example_dags/example_display_name.py
[2025-01-10T19:01:34.604+0000] {logging_mixin.py:190} INFO - [2025-01-10T19:01:34.603+0000] {dag.py:3239} INFO - Sync 1 DAGs
[2025-01-10T19:01:34.643+0000] {logging_mixin.py:190} INFO - [2025-01-10T19:01:34.642+0000] {dag.py:4180} INFO - Setting next_dagrun for example_display_name to None, run_after=None
[2025-01-10T19:01:34.681+0000] {processor.py:208} INFO - Processing /home/airflow/.local/lib/python3.12/site-packages/airflow/example_dags/example_display_name.py took 0.187 seconds
[2025-01-10T19:02:05.030+0000] {processor.py:186} INFO - Started process (PID=2221) to work on /home/airflow/.local/lib/python3.12/site-packages/airflow/example_dags/example_display_name.py
[2025-01-10T19:02:05.033+0000] {processor.py:914} INFO - Processing file /home/airflow/.local/lib/python3.12/site-packages/airflow/example_dags/example_display_name.py for tasks to queue
[2025-01-10T19:02:05.040+0000] {logging_mixin.py:190} INFO - [2025-01-10T19:02:05.040+0000] {dagbag.py:588} INFO - Filling up the DagBag from /home/airflow/.local/lib/python3.12/site-packages/airflow/example_dags/example_display_name.py
[2025-01-10T19:02:05.061+0000] {processor.py:925} INFO - DAG(s) 'example_display_name' retrieved from /home/airflow/.local/lib/python3.12/site-packages/airflow/example_dags/example_display_name.py
[2025-01-10T19:02:05.115+0000] {logging_mixin.py:190} INFO - [2025-01-10T19:02:05.114+0000] {dag.py:3239} INFO - Sync 1 DAGs
[2025-01-10T19:02:05.156+0000] {logging_mixin.py:190} INFO - [2025-01-10T19:02:05.156+0000] {dag.py:4180} INFO - Setting next_dagrun for example_display_name to None, run_after=None
[2025-01-10T19:02:05.210+0000] {processor.py:208} INFO - Processing /home/airflow/.local/lib/python3.12/site-packages/airflow/example_dags/example_display_name.py took 0.194 seconds
[2025-01-10T19:02:35.677+0000] {processor.py:186} INFO - Started process (PID=2284) to work on /home/airflow/.local/lib/python3.12/site-packages/airflow/example_dags/example_display_name.py
[2025-01-10T19:02:35.681+0000] {processor.py:914} INFO - Processing file /home/airflow/.local/lib/python3.12/site-packages/airflow/example_dags/example_display_name.py for tasks to queue
[2025-01-10T19:02:35.695+0000] {logging_mixin.py:190} INFO - [2025-01-10T19:02:35.693+0000] {dagbag.py:588} INFO - Filling up the DagBag from /home/airflow/.local/lib/python3.12/site-packages/airflow/example_dags/example_display_name.py
[2025-01-10T19:02:35.724+0000] {processor.py:925} INFO - DAG(s) 'example_display_name' retrieved from /home/airflow/.local/lib/python3.12/site-packages/airflow/example_dags/example_display_name.py
[2025-01-10T19:02:35.811+0000] {logging_mixin.py:190} INFO - [2025-01-10T19:02:35.809+0000] {dag.py:3239} INFO - Sync 1 DAGs
[2025-01-10T19:02:35.893+0000] {logging_mixin.py:190} INFO - [2025-01-10T19:02:35.892+0000] {dag.py:4180} INFO - Setting next_dagrun for example_display_name to None, run_after=None
[2025-01-10T19:02:35.936+0000] {processor.py:208} INFO - Processing /home/airflow/.local/lib/python3.12/site-packages/airflow/example_dags/example_display_name.py took 0.285 seconds
[2025-01-10T19:03:06.171+0000] {processor.py:186} INFO - Started process (PID=2346) to work on /home/airflow/.local/lib/python3.12/site-packages/airflow/example_dags/example_display_name.py
[2025-01-10T19:03:06.177+0000] {processor.py:914} INFO - Processing file /home/airflow/.local/lib/python3.12/site-packages/airflow/example_dags/example_display_name.py for tasks to queue
[2025-01-10T19:03:06.187+0000] {logging_mixin.py:190} INFO - [2025-01-10T19:03:06.186+0000] {dagbag.py:588} INFO - Filling up the DagBag from /home/airflow/.local/lib/python3.12/site-packages/airflow/example_dags/example_display_name.py
[2025-01-10T19:03:06.208+0000] {processor.py:925} INFO - DAG(s) 'example_display_name' retrieved from /home/airflow/.local/lib/python3.12/site-packages/airflow/example_dags/example_display_name.py
[2025-01-10T19:03:06.259+0000] {logging_mixin.py:190} INFO - [2025-01-10T19:03:06.257+0000] {dag.py:3239} INFO - Sync 1 DAGs
[2025-01-10T19:03:06.447+0000] {logging_mixin.py:190} INFO - [2025-01-10T19:03:06.447+0000] {dag.py:4180} INFO - Setting next_dagrun for example_display_name to None, run_after=None
[2025-01-10T19:03:06.539+0000] {processor.py:208} INFO - Processing /home/airflow/.local/lib/python3.12/site-packages/airflow/example_dags/example_display_name.py took 0.479 seconds
[2025-01-10T19:03:36.921+0000] {processor.py:186} INFO - Started process (PID=2409) to work on /home/airflow/.local/lib/python3.12/site-packages/airflow/example_dags/example_display_name.py
[2025-01-10T19:03:36.923+0000] {processor.py:914} INFO - Processing file /home/airflow/.local/lib/python3.12/site-packages/airflow/example_dags/example_display_name.py for tasks to queue
[2025-01-10T19:03:36.931+0000] {logging_mixin.py:190} INFO - [2025-01-10T19:03:36.930+0000] {dagbag.py:588} INFO - Filling up the DagBag from /home/airflow/.local/lib/python3.12/site-packages/airflow/example_dags/example_display_name.py
[2025-01-10T19:03:36.950+0000] {processor.py:925} INFO - DAG(s) 'example_display_name' retrieved from /home/airflow/.local/lib/python3.12/site-packages/airflow/example_dags/example_display_name.py
[2025-01-10T19:03:36.999+0000] {logging_mixin.py:190} INFO - [2025-01-10T19:03:36.998+0000] {dag.py:3239} INFO - Sync 1 DAGs
[2025-01-10T19:03:37.073+0000] {logging_mixin.py:190} INFO - [2025-01-10T19:03:37.072+0000] {dag.py:4180} INFO - Setting next_dagrun for example_display_name to None, run_after=None
[2025-01-10T19:03:37.147+0000] {processor.py:208} INFO - Processing /home/airflow/.local/lib/python3.12/site-packages/airflow/example_dags/example_display_name.py took 0.257 seconds
[2025-01-10T19:04:07.418+0000] {processor.py:186} INFO - Started process (PID=2471) to work on /home/airflow/.local/lib/python3.12/site-packages/airflow/example_dags/example_display_name.py
[2025-01-10T19:04:07.422+0000] {processor.py:914} INFO - Processing file /home/airflow/.local/lib/python3.12/site-packages/airflow/example_dags/example_display_name.py for tasks to queue
[2025-01-10T19:04:07.429+0000] {logging_mixin.py:190} INFO - [2025-01-10T19:04:07.428+0000] {dagbag.py:588} INFO - Filling up the DagBag from /home/airflow/.local/lib/python3.12/site-packages/airflow/example_dags/example_display_name.py
[2025-01-10T19:04:07.448+0000] {processor.py:925} INFO - DAG(s) 'example_display_name' retrieved from /home/airflow/.local/lib/python3.12/site-packages/airflow/example_dags/example_display_name.py
[2025-01-10T19:04:07.497+0000] {logging_mixin.py:190} INFO - [2025-01-10T19:04:07.496+0000] {dag.py:3239} INFO - Sync 1 DAGs
[2025-01-10T19:04:07.549+0000] {logging_mixin.py:190} INFO - [2025-01-10T19:04:07.548+0000] {dag.py:4180} INFO - Setting next_dagrun for example_display_name to None, run_after=None
[2025-01-10T19:04:07.602+0000] {processor.py:208} INFO - Processing /home/airflow/.local/lib/python3.12/site-packages/airflow/example_dags/example_display_name.py took 0.200 seconds
[2025-01-10T19:04:40.198+0000] {processor.py:186} INFO - Started process (PID=2535) to work on /home/airflow/.local/lib/python3.12/site-packages/airflow/example_dags/example_display_name.py
[2025-01-10T19:04:40.201+0000] {processor.py:914} INFO - Processing file /home/airflow/.local/lib/python3.12/site-packages/airflow/example_dags/example_display_name.py for tasks to queue
[2025-01-10T19:04:40.208+0000] {logging_mixin.py:190} INFO - [2025-01-10T19:04:40.208+0000] {dagbag.py:588} INFO - Filling up the DagBag from /home/airflow/.local/lib/python3.12/site-packages/airflow/example_dags/example_display_name.py
[2025-01-10T19:04:40.242+0000] {processor.py:925} INFO - DAG(s) 'example_display_name' retrieved from /home/airflow/.local/lib/python3.12/site-packages/airflow/example_dags/example_display_name.py
[2025-01-10T19:04:40.370+0000] {logging_mixin.py:190} INFO - [2025-01-10T19:04:40.369+0000] {dag.py:3239} INFO - Sync 1 DAGs
[2025-01-10T19:04:40.433+0000] {logging_mixin.py:190} INFO - [2025-01-10T19:04:40.433+0000] {dag.py:4180} INFO - Setting next_dagrun for example_display_name to None, run_after=None
[2025-01-10T19:04:40.497+0000] {processor.py:208} INFO - Processing /home/airflow/.local/lib/python3.12/site-packages/airflow/example_dags/example_display_name.py took 0.317 seconds
[2025-01-10T19:05:12.354+0000] {processor.py:186} INFO - Started process (PID=2595) to work on /home/airflow/.local/lib/python3.12/site-packages/airflow/example_dags/example_display_name.py
[2025-01-10T19:05:12.358+0000] {processor.py:914} INFO - Processing file /home/airflow/.local/lib/python3.12/site-packages/airflow/example_dags/example_display_name.py for tasks to queue
[2025-01-10T19:05:12.365+0000] {logging_mixin.py:190} INFO - [2025-01-10T19:05:12.364+0000] {dagbag.py:588} INFO - Filling up the DagBag from /home/airflow/.local/lib/python3.12/site-packages/airflow/example_dags/example_display_name.py
[2025-01-10T19:05:12.390+0000] {processor.py:925} INFO - DAG(s) 'example_display_name' retrieved from /home/airflow/.local/lib/python3.12/site-packages/airflow/example_dags/example_display_name.py
[2025-01-10T19:05:12.439+0000] {logging_mixin.py:190} INFO - [2025-01-10T19:05:12.438+0000] {dag.py:3239} INFO - Sync 1 DAGs
[2025-01-10T19:05:12.470+0000] {logging_mixin.py:190} INFO - [2025-01-10T19:05:12.470+0000] {dag.py:4180} INFO - Setting next_dagrun for example_display_name to None, run_after=None
[2025-01-10T19:05:12.514+0000] {processor.py:208} INFO - Processing /home/airflow/.local/lib/python3.12/site-packages/airflow/example_dags/example_display_name.py took 0.186 seconds
[2025-01-10T19:05:44.694+0000] {processor.py:186} INFO - Started process (PID=2664) to work on /home/airflow/.local/lib/python3.12/site-packages/airflow/example_dags/example_display_name.py
[2025-01-10T19:05:44.696+0000] {processor.py:914} INFO - Processing file /home/airflow/.local/lib/python3.12/site-packages/airflow/example_dags/example_display_name.py for tasks to queue
[2025-01-10T19:05:44.699+0000] {logging_mixin.py:190} INFO - [2025-01-10T19:05:44.699+0000] {dagbag.py:588} INFO - Filling up the DagBag from /home/airflow/.local/lib/python3.12/site-packages/airflow/example_dags/example_display_name.py
[2025-01-10T19:05:44.712+0000] {processor.py:925} INFO - DAG(s) 'example_display_name' retrieved from /home/airflow/.local/lib/python3.12/site-packages/airflow/example_dags/example_display_name.py
[2025-01-10T19:05:44.765+0000] {logging_mixin.py:190} INFO - [2025-01-10T19:05:44.765+0000] {dag.py:3239} INFO - Sync 1 DAGs
[2025-01-10T19:05:44.811+0000] {logging_mixin.py:190} INFO - [2025-01-10T19:05:44.810+0000] {dag.py:4180} INFO - Setting next_dagrun for example_display_name to None, run_after=None
[2025-01-10T19:05:44.854+0000] {processor.py:208} INFO - Processing /home/airflow/.local/lib/python3.12/site-packages/airflow/example_dags/example_display_name.py took 0.169 seconds
[2025-01-10T19:06:16.894+0000] {processor.py:186} INFO - Started process (PID=2727) to work on /home/airflow/.local/lib/python3.12/site-packages/airflow/example_dags/example_display_name.py
[2025-01-10T19:06:16.896+0000] {processor.py:914} INFO - Processing file /home/airflow/.local/lib/python3.12/site-packages/airflow/example_dags/example_display_name.py for tasks to queue
[2025-01-10T19:06:16.903+0000] {logging_mixin.py:190} INFO - [2025-01-10T19:06:16.902+0000] {dagbag.py:588} INFO - Filling up the DagBag from /home/airflow/.local/lib/python3.12/site-packages/airflow/example_dags/example_display_name.py
[2025-01-10T19:06:16.924+0000] {processor.py:925} INFO - DAG(s) 'example_display_name' retrieved from /home/airflow/.local/lib/python3.12/site-packages/airflow/example_dags/example_display_name.py
[2025-01-10T19:06:16.979+0000] {logging_mixin.py:190} INFO - [2025-01-10T19:06:16.979+0000] {dag.py:3239} INFO - Sync 1 DAGs
[2025-01-10T19:06:17.026+0000] {logging_mixin.py:190} INFO - [2025-01-10T19:06:17.026+0000] {dag.py:4180} INFO - Setting next_dagrun for example_display_name to None, run_after=None
[2025-01-10T19:06:17.085+0000] {processor.py:208} INFO - Processing /home/airflow/.local/lib/python3.12/site-packages/airflow/example_dags/example_display_name.py took 0.207 seconds
[2025-01-10T19:06:50.664+0000] {processor.py:186} INFO - Started process (PID=2789) to work on /home/airflow/.local/lib/python3.12/site-packages/airflow/example_dags/example_display_name.py
[2025-01-10T19:06:50.668+0000] {processor.py:914} INFO - Processing file /home/airflow/.local/lib/python3.12/site-packages/airflow/example_dags/example_display_name.py for tasks to queue
[2025-01-10T19:06:50.676+0000] {logging_mixin.py:190} INFO - [2025-01-10T19:06:50.675+0000] {dagbag.py:588} INFO - Filling up the DagBag from /home/airflow/.local/lib/python3.12/site-packages/airflow/example_dags/example_display_name.py
[2025-01-10T19:06:50.699+0000] {processor.py:925} INFO - DAG(s) 'example_display_name' retrieved from /home/airflow/.local/lib/python3.12/site-packages/airflow/example_dags/example_display_name.py
[2025-01-10T19:06:50.785+0000] {logging_mixin.py:190} INFO - [2025-01-10T19:06:50.783+0000] {dag.py:3239} INFO - Sync 1 DAGs
[2025-01-10T19:06:50.869+0000] {logging_mixin.py:190} INFO - [2025-01-10T19:06:50.868+0000] {dag.py:4180} INFO - Setting next_dagrun for example_display_name to None, run_after=None
[2025-01-10T19:06:50.966+0000] {processor.py:208} INFO - Processing /home/airflow/.local/lib/python3.12/site-packages/airflow/example_dags/example_display_name.py took 0.323 seconds
[2025-01-10T19:07:21.657+0000] {processor.py:186} INFO - Started process (PID=2851) to work on /home/airflow/.local/lib/python3.12/site-packages/airflow/example_dags/example_display_name.py
[2025-01-10T19:07:21.661+0000] {processor.py:914} INFO - Processing file /home/airflow/.local/lib/python3.12/site-packages/airflow/example_dags/example_display_name.py for tasks to queue
[2025-01-10T19:07:21.671+0000] {logging_mixin.py:190} INFO - [2025-01-10T19:07:21.670+0000] {dagbag.py:588} INFO - Filling up the DagBag from /home/airflow/.local/lib/python3.12/site-packages/airflow/example_dags/example_display_name.py
[2025-01-10T19:07:21.714+0000] {processor.py:925} INFO - DAG(s) 'example_display_name' retrieved from /home/airflow/.local/lib/python3.12/site-packages/airflow/example_dags/example_display_name.py
[2025-01-10T19:07:21.841+0000] {logging_mixin.py:190} INFO - [2025-01-10T19:07:21.840+0000] {dag.py:3239} INFO - Sync 1 DAGs
[2025-01-10T19:07:21.937+0000] {logging_mixin.py:190} INFO - [2025-01-10T19:07:21.935+0000] {dag.py:4180} INFO - Setting next_dagrun for example_display_name to None, run_after=None
[2025-01-10T19:07:22.038+0000] {processor.py:208} INFO - Processing /home/airflow/.local/lib/python3.12/site-packages/airflow/example_dags/example_display_name.py took 0.406 seconds
[2025-01-10T19:07:52.503+0000] {processor.py:186} INFO - Started process (PID=2914) to work on /home/airflow/.local/lib/python3.12/site-packages/airflow/example_dags/example_display_name.py
[2025-01-10T19:07:52.505+0000] {processor.py:914} INFO - Processing file /home/airflow/.local/lib/python3.12/site-packages/airflow/example_dags/example_display_name.py for tasks to queue
[2025-01-10T19:07:52.510+0000] {logging_mixin.py:190} INFO - [2025-01-10T19:07:52.509+0000] {dagbag.py:588} INFO - Filling up the DagBag from /home/airflow/.local/lib/python3.12/site-packages/airflow/example_dags/example_display_name.py
[2025-01-10T19:07:52.535+0000] {processor.py:925} INFO - DAG(s) 'example_display_name' retrieved from /home/airflow/.local/lib/python3.12/site-packages/airflow/example_dags/example_display_name.py
[2025-01-10T19:07:52.595+0000] {logging_mixin.py:190} INFO - [2025-01-10T19:07:52.594+0000] {dag.py:3239} INFO - Sync 1 DAGs
[2025-01-10T19:07:52.644+0000] {logging_mixin.py:190} INFO - [2025-01-10T19:07:52.643+0000] {dag.py:4180} INFO - Setting next_dagrun for example_display_name to None, run_after=None
[2025-01-10T19:07:52.712+0000] {processor.py:208} INFO - Processing /home/airflow/.local/lib/python3.12/site-packages/airflow/example_dags/example_display_name.py took 0.224 seconds
[2025-01-10T19:08:22.863+0000] {processor.py:186} INFO - Started process (PID=2976) to work on /home/airflow/.local/lib/python3.12/site-packages/airflow/example_dags/example_display_name.py
[2025-01-10T19:08:22.869+0000] {processor.py:914} INFO - Processing file /home/airflow/.local/lib/python3.12/site-packages/airflow/example_dags/example_display_name.py for tasks to queue
[2025-01-10T19:08:22.880+0000] {logging_mixin.py:190} INFO - [2025-01-10T19:08:22.878+0000] {dagbag.py:588} INFO - Filling up the DagBag from /home/airflow/.local/lib/python3.12/site-packages/airflow/example_dags/example_display_name.py
[2025-01-10T19:08:22.913+0000] {processor.py:925} INFO - DAG(s) 'example_display_name' retrieved from /home/airflow/.local/lib/python3.12/site-packages/airflow/example_dags/example_display_name.py
[2025-01-10T19:08:22.973+0000] {logging_mixin.py:190} INFO - [2025-01-10T19:08:22.973+0000] {dag.py:3239} INFO - Sync 1 DAGs
[2025-01-10T19:08:23.058+0000] {logging_mixin.py:190} INFO - [2025-01-10T19:08:23.058+0000] {dag.py:4180} INFO - Setting next_dagrun for example_display_name to None, run_after=None
[2025-01-10T19:08:23.160+0000] {processor.py:208} INFO - Processing /home/airflow/.local/lib/python3.12/site-packages/airflow/example_dags/example_display_name.py took 0.329 seconds
[2025-01-10T19:08:53.980+0000] {processor.py:186} INFO - Started process (PID=3039) to work on /home/airflow/.local/lib/python3.12/site-packages/airflow/example_dags/example_display_name.py
[2025-01-10T19:08:53.982+0000] {processor.py:914} INFO - Processing file /home/airflow/.local/lib/python3.12/site-packages/airflow/example_dags/example_display_name.py for tasks to queue
[2025-01-10T19:08:53.988+0000] {logging_mixin.py:190} INFO - [2025-01-10T19:08:53.988+0000] {dagbag.py:588} INFO - Filling up the DagBag from /home/airflow/.local/lib/python3.12/site-packages/airflow/example_dags/example_display_name.py
[2025-01-10T19:08:54.008+0000] {processor.py:925} INFO - DAG(s) 'example_display_name' retrieved from /home/airflow/.local/lib/python3.12/site-packages/airflow/example_dags/example_display_name.py
[2025-01-10T19:08:54.081+0000] {logging_mixin.py:190} INFO - [2025-01-10T19:08:54.080+0000] {dag.py:3239} INFO - Sync 1 DAGs
[2025-01-10T19:08:54.127+0000] {logging_mixin.py:190} INFO - [2025-01-10T19:08:54.127+0000] {dag.py:4180} INFO - Setting next_dagrun for example_display_name to None, run_after=None
[2025-01-10T19:08:54.186+0000] {processor.py:208} INFO - Processing /home/airflow/.local/lib/python3.12/site-packages/airflow/example_dags/example_display_name.py took 0.222 seconds
[2025-01-10T19:09:24.500+0000] {processor.py:186} INFO - Started process (PID=3101) to work on /home/airflow/.local/lib/python3.12/site-packages/airflow/example_dags/example_display_name.py
[2025-01-10T19:09:24.503+0000] {processor.py:914} INFO - Processing file /home/airflow/.local/lib/python3.12/site-packages/airflow/example_dags/example_display_name.py for tasks to queue
[2025-01-10T19:09:24.509+0000] {logging_mixin.py:190} INFO - [2025-01-10T19:09:24.508+0000] {dagbag.py:588} INFO - Filling up the DagBag from /home/airflow/.local/lib/python3.12/site-packages/airflow/example_dags/example_display_name.py
[2025-01-10T19:09:24.538+0000] {processor.py:925} INFO - DAG(s) 'example_display_name' retrieved from /home/airflow/.local/lib/python3.12/site-packages/airflow/example_dags/example_display_name.py
[2025-01-10T19:09:24.593+0000] {logging_mixin.py:190} INFO - [2025-01-10T19:09:24.593+0000] {dag.py:3239} INFO - Sync 1 DAGs
[2025-01-10T19:09:24.622+0000] {logging_mixin.py:190} INFO - [2025-01-10T19:09:24.621+0000] {dag.py:4180} INFO - Setting next_dagrun for example_display_name to None, run_after=None
[2025-01-10T19:09:24.665+0000] {processor.py:208} INFO - Processing /home/airflow/.local/lib/python3.12/site-packages/airflow/example_dags/example_display_name.py took 0.179 seconds
[2025-01-10T19:09:55.061+0000] {processor.py:186} INFO - Started process (PID=3165) to work on /home/airflow/.local/lib/python3.12/site-packages/airflow/example_dags/example_display_name.py
[2025-01-10T19:09:55.066+0000] {processor.py:914} INFO - Processing file /home/airflow/.local/lib/python3.12/site-packages/airflow/example_dags/example_display_name.py for tasks to queue
[2025-01-10T19:09:55.079+0000] {logging_mixin.py:190} INFO - [2025-01-10T19:09:55.077+0000] {dagbag.py:588} INFO - Filling up the DagBag from /home/airflow/.local/lib/python3.12/site-packages/airflow/example_dags/example_display_name.py
[2025-01-10T19:09:55.103+0000] {processor.py:925} INFO - DAG(s) 'example_display_name' retrieved from /home/airflow/.local/lib/python3.12/site-packages/airflow/example_dags/example_display_name.py
[2025-01-10T19:09:55.173+0000] {logging_mixin.py:190} INFO - [2025-01-10T19:09:55.172+0000] {dag.py:3239} INFO - Sync 1 DAGs
[2025-01-10T19:09:55.219+0000] {logging_mixin.py:190} INFO - [2025-01-10T19:09:55.218+0000] {dag.py:4180} INFO - Setting next_dagrun for example_display_name to None, run_after=None
[2025-01-10T19:09:55.266+0000] {processor.py:208} INFO - Processing /home/airflow/.local/lib/python3.12/site-packages/airflow/example_dags/example_display_name.py took 0.252 seconds
[2025-01-10T19:10:26.084+0000] {processor.py:186} INFO - Started process (PID=3229) to work on /home/airflow/.local/lib/python3.12/site-packages/airflow/example_dags/example_display_name.py
[2025-01-10T19:10:26.087+0000] {processor.py:914} INFO - Processing file /home/airflow/.local/lib/python3.12/site-packages/airflow/example_dags/example_display_name.py for tasks to queue
[2025-01-10T19:10:26.096+0000] {logging_mixin.py:190} INFO - [2025-01-10T19:10:26.094+0000] {dagbag.py:588} INFO - Filling up the DagBag from /home/airflow/.local/lib/python3.12/site-packages/airflow/example_dags/example_display_name.py
[2025-01-10T19:10:26.119+0000] {processor.py:925} INFO - DAG(s) 'example_display_name' retrieved from /home/airflow/.local/lib/python3.12/site-packages/airflow/example_dags/example_display_name.py
[2025-01-10T19:10:26.198+0000] {logging_mixin.py:190} INFO - [2025-01-10T19:10:26.198+0000] {dag.py:3239} INFO - Sync 1 DAGs
[2025-01-10T19:10:26.283+0000] {logging_mixin.py:190} INFO - [2025-01-10T19:10:26.282+0000] {dag.py:4180} INFO - Setting next_dagrun for example_display_name to None, run_after=None
[2025-01-10T19:10:26.354+0000] {processor.py:208} INFO - Processing /home/airflow/.local/lib/python3.12/site-packages/airflow/example_dags/example_display_name.py took 0.295 seconds
[2025-01-10T19:10:56.711+0000] {processor.py:186} INFO - Started process (PID=3293) to work on /home/airflow/.local/lib/python3.12/site-packages/airflow/example_dags/example_display_name.py
[2025-01-10T19:10:56.715+0000] {processor.py:914} INFO - Processing file /home/airflow/.local/lib/python3.12/site-packages/airflow/example_dags/example_display_name.py for tasks to queue
[2025-01-10T19:10:56.726+0000] {logging_mixin.py:190} INFO - [2025-01-10T19:10:56.725+0000] {dagbag.py:588} INFO - Filling up the DagBag from /home/airflow/.local/lib/python3.12/site-packages/airflow/example_dags/example_display_name.py
[2025-01-10T19:10:56.801+0000] {processor.py:925} INFO - DAG(s) 'example_display_name' retrieved from /home/airflow/.local/lib/python3.12/site-packages/airflow/example_dags/example_display_name.py
[2025-01-10T19:10:56.924+0000] {logging_mixin.py:190} INFO - [2025-01-10T19:10:56.922+0000] {dag.py:3239} INFO - Sync 1 DAGs
[2025-01-10T19:10:56.984+0000] {logging_mixin.py:190} INFO - [2025-01-10T19:10:56.983+0000] {dag.py:4180} INFO - Setting next_dagrun for example_display_name to None, run_after=None
[2025-01-10T19:10:57.045+0000] {processor.py:208} INFO - Processing /home/airflow/.local/lib/python3.12/site-packages/airflow/example_dags/example_display_name.py took 0.363 seconds
[2025-01-10T19:11:27.465+0000] {processor.py:186} INFO - Started process (PID=3357) to work on /home/airflow/.local/lib/python3.12/site-packages/airflow/example_dags/example_display_name.py
[2025-01-10T19:11:27.469+0000] {processor.py:914} INFO - Processing file /home/airflow/.local/lib/python3.12/site-packages/airflow/example_dags/example_display_name.py for tasks to queue
[2025-01-10T19:11:27.483+0000] {logging_mixin.py:190} INFO - [2025-01-10T19:11:27.481+0000] {dagbag.py:588} INFO - Filling up the DagBag from /home/airflow/.local/lib/python3.12/site-packages/airflow/example_dags/example_display_name.py
[2025-01-10T19:11:27.509+0000] {processor.py:925} INFO - DAG(s) 'example_display_name' retrieved from /home/airflow/.local/lib/python3.12/site-packages/airflow/example_dags/example_display_name.py
[2025-01-10T19:11:27.607+0000] {logging_mixin.py:190} INFO - [2025-01-10T19:11:27.606+0000] {dag.py:3239} INFO - Sync 1 DAGs
[2025-01-10T19:11:27.678+0000] {logging_mixin.py:190} INFO - [2025-01-10T19:11:27.678+0000] {dag.py:4180} INFO - Setting next_dagrun for example_display_name to None, run_after=None
[2025-01-10T19:11:27.726+0000] {processor.py:208} INFO - Processing /home/airflow/.local/lib/python3.12/site-packages/airflow/example_dags/example_display_name.py took 0.285 seconds
[2025-01-10T19:11:58.137+0000] {processor.py:186} INFO - Started process (PID=3421) to work on /home/airflow/.local/lib/python3.12/site-packages/airflow/example_dags/example_display_name.py
[2025-01-10T19:11:58.141+0000] {processor.py:914} INFO - Processing file /home/airflow/.local/lib/python3.12/site-packages/airflow/example_dags/example_display_name.py for tasks to queue
[2025-01-10T19:11:58.149+0000] {logging_mixin.py:190} INFO - [2025-01-10T19:11:58.148+0000] {dagbag.py:588} INFO - Filling up the DagBag from /home/airflow/.local/lib/python3.12/site-packages/airflow/example_dags/example_display_name.py
[2025-01-10T19:11:58.176+0000] {processor.py:925} INFO - DAG(s) 'example_display_name' retrieved from /home/airflow/.local/lib/python3.12/site-packages/airflow/example_dags/example_display_name.py
[2025-01-10T19:11:58.237+0000] {logging_mixin.py:190} INFO - [2025-01-10T19:11:58.237+0000] {dag.py:3239} INFO - Sync 1 DAGs
[2025-01-10T19:11:58.318+0000] {logging_mixin.py:190} INFO - [2025-01-10T19:11:58.317+0000] {dag.py:4180} INFO - Setting next_dagrun for example_display_name to None, run_after=None
[2025-01-10T19:11:58.438+0000] {processor.py:208} INFO - Processing /home/airflow/.local/lib/python3.12/site-packages/airflow/example_dags/example_display_name.py took 0.323 seconds
[2025-01-10T19:12:28.958+0000] {processor.py:186} INFO - Started process (PID=3485) to work on /home/airflow/.local/lib/python3.12/site-packages/airflow/example_dags/example_display_name.py
[2025-01-10T19:12:28.959+0000] {processor.py:914} INFO - Processing file /home/airflow/.local/lib/python3.12/site-packages/airflow/example_dags/example_display_name.py for tasks to queue
[2025-01-10T19:12:28.964+0000] {logging_mixin.py:190} INFO - [2025-01-10T19:12:28.963+0000] {dagbag.py:588} INFO - Filling up the DagBag from /home/airflow/.local/lib/python3.12/site-packages/airflow/example_dags/example_display_name.py
[2025-01-10T19:12:28.978+0000] {processor.py:925} INFO - DAG(s) 'example_display_name' retrieved from /home/airflow/.local/lib/python3.12/site-packages/airflow/example_dags/example_display_name.py
[2025-01-10T19:12:29.025+0000] {logging_mixin.py:190} INFO - [2025-01-10T19:12:29.024+0000] {dag.py:3239} INFO - Sync 1 DAGs
[2025-01-10T19:12:29.069+0000] {logging_mixin.py:190} INFO - [2025-01-10T19:12:29.069+0000] {dag.py:4180} INFO - Setting next_dagrun for example_display_name to None, run_after=None
[2025-01-10T19:12:29.120+0000] {processor.py:208} INFO - Processing /home/airflow/.local/lib/python3.12/site-packages/airflow/example_dags/example_display_name.py took 0.174 seconds
[2025-01-10T19:12:59.683+0000] {processor.py:186} INFO - Started process (PID=3548) to work on /home/airflow/.local/lib/python3.12/site-packages/airflow/example_dags/example_display_name.py
[2025-01-10T19:12:59.684+0000] {processor.py:914} INFO - Processing file /home/airflow/.local/lib/python3.12/site-packages/airflow/example_dags/example_display_name.py for tasks to queue
[2025-01-10T19:12:59.689+0000] {logging_mixin.py:190} INFO - [2025-01-10T19:12:59.689+0000] {dagbag.py:588} INFO - Filling up the DagBag from /home/airflow/.local/lib/python3.12/site-packages/airflow/example_dags/example_display_name.py
[2025-01-10T19:12:59.707+0000] {processor.py:925} INFO - DAG(s) 'example_display_name' retrieved from /home/airflow/.local/lib/python3.12/site-packages/airflow/example_dags/example_display_name.py
[2025-01-10T19:12:59.771+0000] {logging_mixin.py:190} INFO - [2025-01-10T19:12:59.771+0000] {dag.py:3239} INFO - Sync 1 DAGs
[2025-01-10T19:12:59.832+0000] {logging_mixin.py:190} INFO - [2025-01-10T19:12:59.831+0000] {dag.py:4180} INFO - Setting next_dagrun for example_display_name to None, run_after=None
[2025-01-10T19:12:59.889+0000] {processor.py:208} INFO - Processing /home/airflow/.local/lib/python3.12/site-packages/airflow/example_dags/example_display_name.py took 0.220 seconds
[2025-01-10T19:13:30.076+0000] {processor.py:186} INFO - Started process (PID=3612) to work on /home/airflow/.local/lib/python3.12/site-packages/airflow/example_dags/example_display_name.py
[2025-01-10T19:13:30.078+0000] {processor.py:914} INFO - Processing file /home/airflow/.local/lib/python3.12/site-packages/airflow/example_dags/example_display_name.py for tasks to queue
[2025-01-10T19:13:30.083+0000] {logging_mixin.py:190} INFO - [2025-01-10T19:13:30.082+0000] {dagbag.py:588} INFO - Filling up the DagBag from /home/airflow/.local/lib/python3.12/site-packages/airflow/example_dags/example_display_name.py
[2025-01-10T19:13:30.099+0000] {processor.py:925} INFO - DAG(s) 'example_display_name' retrieved from /home/airflow/.local/lib/python3.12/site-packages/airflow/example_dags/example_display_name.py
[2025-01-10T19:13:30.140+0000] {logging_mixin.py:190} INFO - [2025-01-10T19:13:30.140+0000] {dag.py:3239} INFO - Sync 1 DAGs
[2025-01-10T19:13:30.174+0000] {logging_mixin.py:190} INFO - [2025-01-10T19:13:30.173+0000] {dag.py:4180} INFO - Setting next_dagrun for example_display_name to None, run_after=None
[2025-01-10T19:13:30.235+0000] {processor.py:208} INFO - Processing /home/airflow/.local/lib/python3.12/site-packages/airflow/example_dags/example_display_name.py took 0.178 seconds
[2025-01-10T19:14:00.567+0000] {processor.py:186} INFO - Started process (PID=3676) to work on /home/airflow/.local/lib/python3.12/site-packages/airflow/example_dags/example_display_name.py
[2025-01-10T19:14:00.570+0000] {processor.py:914} INFO - Processing file /home/airflow/.local/lib/python3.12/site-packages/airflow/example_dags/example_display_name.py for tasks to queue
[2025-01-10T19:14:00.572+0000] {logging_mixin.py:190} INFO - [2025-01-10T19:14:00.572+0000] {dagbag.py:588} INFO - Filling up the DagBag from /home/airflow/.local/lib/python3.12/site-packages/airflow/example_dags/example_display_name.py
[2025-01-10T19:14:00.586+0000] {processor.py:925} INFO - DAG(s) 'example_display_name' retrieved from /home/airflow/.local/lib/python3.12/site-packages/airflow/example_dags/example_display_name.py
[2025-01-10T19:14:00.643+0000] {logging_mixin.py:190} INFO - [2025-01-10T19:14:00.642+0000] {dag.py:3239} INFO - Sync 1 DAGs
[2025-01-10T19:14:00.685+0000] {logging_mixin.py:190} INFO - [2025-01-10T19:14:00.685+0000] {dag.py:4180} INFO - Setting next_dagrun for example_display_name to None, run_after=None
[2025-01-10T19:14:00.726+0000] {processor.py:208} INFO - Processing /home/airflow/.local/lib/python3.12/site-packages/airflow/example_dags/example_display_name.py took 0.169 seconds
[2025-01-10T19:14:31.123+0000] {processor.py:186} INFO - Started process (PID=3739) to work on /home/airflow/.local/lib/python3.12/site-packages/airflow/example_dags/example_display_name.py
[2025-01-10T19:14:31.127+0000] {processor.py:914} INFO - Processing file /home/airflow/.local/lib/python3.12/site-packages/airflow/example_dags/example_display_name.py for tasks to queue
[2025-01-10T19:14:31.133+0000] {logging_mixin.py:190} INFO - [2025-01-10T19:14:31.132+0000] {dagbag.py:588} INFO - Filling up the DagBag from /home/airflow/.local/lib/python3.12/site-packages/airflow/example_dags/example_display_name.py
[2025-01-10T19:14:31.169+0000] {processor.py:925} INFO - DAG(s) 'example_display_name' retrieved from /home/airflow/.local/lib/python3.12/site-packages/airflow/example_dags/example_display_name.py
[2025-01-10T19:14:31.245+0000] {logging_mixin.py:190} INFO - [2025-01-10T19:14:31.244+0000] {dag.py:3239} INFO - Sync 1 DAGs
[2025-01-10T19:14:31.300+0000] {logging_mixin.py:190} INFO - [2025-01-10T19:14:31.299+0000] {dag.py:4180} INFO - Setting next_dagrun for example_display_name to None, run_after=None
[2025-01-10T19:14:31.363+0000] {processor.py:208} INFO - Processing /home/airflow/.local/lib/python3.12/site-packages/airflow/example_dags/example_display_name.py took 0.252 seconds
[2025-01-10T19:15:02.132+0000] {processor.py:186} INFO - Started process (PID=3803) to work on /home/airflow/.local/lib/python3.12/site-packages/airflow/example_dags/example_display_name.py
[2025-01-10T19:15:02.134+0000] {processor.py:914} INFO - Processing file /home/airflow/.local/lib/python3.12/site-packages/airflow/example_dags/example_display_name.py for tasks to queue
[2025-01-10T19:15:02.137+0000] {logging_mixin.py:190} INFO - [2025-01-10T19:15:02.136+0000] {dagbag.py:588} INFO - Filling up the DagBag from /home/airflow/.local/lib/python3.12/site-packages/airflow/example_dags/example_display_name.py
[2025-01-10T19:15:02.160+0000] {processor.py:925} INFO - DAG(s) 'example_display_name' retrieved from /home/airflow/.local/lib/python3.12/site-packages/airflow/example_dags/example_display_name.py
[2025-01-10T19:15:02.214+0000] {logging_mixin.py:190} INFO - [2025-01-10T19:15:02.214+0000] {dag.py:3239} INFO - Sync 1 DAGs
[2025-01-10T19:15:02.261+0000] {logging_mixin.py:190} INFO - [2025-01-10T19:15:02.260+0000] {dag.py:4180} INFO - Setting next_dagrun for example_display_name to None, run_after=None
[2025-01-10T19:15:02.303+0000] {processor.py:208} INFO - Processing /home/airflow/.local/lib/python3.12/site-packages/airflow/example_dags/example_display_name.py took 0.185 seconds
[2025-01-10T19:15:33.528+0000] {processor.py:186} INFO - Started process (PID=3867) to work on /home/airflow/.local/lib/python3.12/site-packages/airflow/example_dags/example_display_name.py
[2025-01-10T19:15:33.530+0000] {processor.py:914} INFO - Processing file /home/airflow/.local/lib/python3.12/site-packages/airflow/example_dags/example_display_name.py for tasks to queue
[2025-01-10T19:15:33.532+0000] {logging_mixin.py:190} INFO - [2025-01-10T19:15:33.531+0000] {dagbag.py:588} INFO - Filling up the DagBag from /home/airflow/.local/lib/python3.12/site-packages/airflow/example_dags/example_display_name.py
[2025-01-10T19:15:33.546+0000] {processor.py:925} INFO - DAG(s) 'example_display_name' retrieved from /home/airflow/.local/lib/python3.12/site-packages/airflow/example_dags/example_display_name.py
[2025-01-10T19:15:33.649+0000] {logging_mixin.py:190} INFO - [2025-01-10T19:15:33.648+0000] {dag.py:3239} INFO - Sync 1 DAGs
[2025-01-10T19:15:33.714+0000] {logging_mixin.py:190} INFO - [2025-01-10T19:15:33.713+0000] {dag.py:4180} INFO - Setting next_dagrun for example_display_name to None, run_after=None
[2025-01-10T19:15:33.772+0000] {processor.py:208} INFO - Processing /home/airflow/.local/lib/python3.12/site-packages/airflow/example_dags/example_display_name.py took 0.257 seconds
[2025-01-10T19:16:06.942+0000] {processor.py:186} INFO - Started process (PID=3931) to work on /home/airflow/.local/lib/python3.12/site-packages/airflow/example_dags/example_display_name.py
[2025-01-10T19:16:06.944+0000] {processor.py:914} INFO - Processing file /home/airflow/.local/lib/python3.12/site-packages/airflow/example_dags/example_display_name.py for tasks to queue
[2025-01-10T19:16:06.946+0000] {logging_mixin.py:190} INFO - [2025-01-10T19:16:06.946+0000] {dagbag.py:588} INFO - Filling up the DagBag from /home/airflow/.local/lib/python3.12/site-packages/airflow/example_dags/example_display_name.py
[2025-01-10T19:16:06.966+0000] {processor.py:925} INFO - DAG(s) 'example_display_name' retrieved from /home/airflow/.local/lib/python3.12/site-packages/airflow/example_dags/example_display_name.py
[2025-01-10T19:16:07.021+0000] {logging_mixin.py:190} INFO - [2025-01-10T19:16:07.020+0000] {dag.py:3239} INFO - Sync 1 DAGs
[2025-01-10T19:16:07.057+0000] {logging_mixin.py:190} INFO - [2025-01-10T19:16:07.056+0000] {dag.py:4180} INFO - Setting next_dagrun for example_display_name to None, run_after=None
[2025-01-10T19:16:07.126+0000] {processor.py:208} INFO - Processing /home/airflow/.local/lib/python3.12/site-packages/airflow/example_dags/example_display_name.py took 0.195 seconds
[2025-01-10T19:16:37.728+0000] {processor.py:186} INFO - Started process (PID=3994) to work on /home/airflow/.local/lib/python3.12/site-packages/airflow/example_dags/example_display_name.py
[2025-01-10T19:16:37.731+0000] {processor.py:914} INFO - Processing file /home/airflow/.local/lib/python3.12/site-packages/airflow/example_dags/example_display_name.py for tasks to queue
[2025-01-10T19:16:37.733+0000] {logging_mixin.py:190} INFO - [2025-01-10T19:16:37.733+0000] {dagbag.py:588} INFO - Filling up the DagBag from /home/airflow/.local/lib/python3.12/site-packages/airflow/example_dags/example_display_name.py
[2025-01-10T19:16:37.754+0000] {processor.py:925} INFO - DAG(s) 'example_display_name' retrieved from /home/airflow/.local/lib/python3.12/site-packages/airflow/example_dags/example_display_name.py
[2025-01-10T19:16:37.800+0000] {logging_mixin.py:190} INFO - [2025-01-10T19:16:37.799+0000] {dag.py:3239} INFO - Sync 1 DAGs
[2025-01-10T19:16:37.841+0000] {logging_mixin.py:190} INFO - [2025-01-10T19:16:37.841+0000] {dag.py:4180} INFO - Setting next_dagrun for example_display_name to None, run_after=None
[2025-01-10T19:16:37.886+0000] {processor.py:208} INFO - Processing /home/airflow/.local/lib/python3.12/site-packages/airflow/example_dags/example_display_name.py took 0.175 seconds
[2025-01-10T19:17:08.290+0000] {processor.py:186} INFO - Started process (PID=4057) to work on /home/airflow/.local/lib/python3.12/site-packages/airflow/example_dags/example_display_name.py
[2025-01-10T19:17:08.294+0000] {processor.py:914} INFO - Processing file /home/airflow/.local/lib/python3.12/site-packages/airflow/example_dags/example_display_name.py for tasks to queue
[2025-01-10T19:17:08.299+0000] {logging_mixin.py:190} INFO - [2025-01-10T19:17:08.298+0000] {dagbag.py:588} INFO - Filling up the DagBag from /home/airflow/.local/lib/python3.12/site-packages/airflow/example_dags/example_display_name.py
[2025-01-10T19:17:08.324+0000] {processor.py:925} INFO - DAG(s) 'example_display_name' retrieved from /home/airflow/.local/lib/python3.12/site-packages/airflow/example_dags/example_display_name.py
[2025-01-10T19:17:08.393+0000] {logging_mixin.py:190} INFO - [2025-01-10T19:17:08.392+0000] {dag.py:3239} INFO - Sync 1 DAGs
[2025-01-10T19:17:08.468+0000] {logging_mixin.py:190} INFO - [2025-01-10T19:17:08.467+0000] {dag.py:4180} INFO - Setting next_dagrun for example_display_name to None, run_after=None
[2025-01-10T19:17:08.575+0000] {processor.py:208} INFO - Processing /home/airflow/.local/lib/python3.12/site-packages/airflow/example_dags/example_display_name.py took 0.302 seconds
[2025-01-10T19:17:38.995+0000] {processor.py:186} INFO - Started process (PID=4120) to work on /home/airflow/.local/lib/python3.12/site-packages/airflow/example_dags/example_display_name.py
[2025-01-10T19:17:38.997+0000] {processor.py:914} INFO - Processing file /home/airflow/.local/lib/python3.12/site-packages/airflow/example_dags/example_display_name.py for tasks to queue
[2025-01-10T19:17:39.000+0000] {logging_mixin.py:190} INFO - [2025-01-10T19:17:39.000+0000] {dagbag.py:588} INFO - Filling up the DagBag from /home/airflow/.local/lib/python3.12/site-packages/airflow/example_dags/example_display_name.py
[2025-01-10T19:17:39.020+0000] {processor.py:925} INFO - DAG(s) 'example_display_name' retrieved from /home/airflow/.local/lib/python3.12/site-packages/airflow/example_dags/example_display_name.py
[2025-01-10T19:17:39.075+0000] {logging_mixin.py:190} INFO - [2025-01-10T19:17:39.075+0000] {dag.py:3239} INFO - Sync 1 DAGs
[2025-01-10T19:17:39.111+0000] {logging_mixin.py:190} INFO - [2025-01-10T19:17:39.111+0000] {dag.py:4180} INFO - Setting next_dagrun for example_display_name to None, run_after=None
[2025-01-10T19:17:39.157+0000] {processor.py:208} INFO - Processing /home/airflow/.local/lib/python3.12/site-packages/airflow/example_dags/example_display_name.py took 0.178 seconds
[2025-01-10T19:18:09.912+0000] {processor.py:186} INFO - Started process (PID=4184) to work on /home/airflow/.local/lib/python3.12/site-packages/airflow/example_dags/example_display_name.py
[2025-01-10T19:18:09.914+0000] {processor.py:914} INFO - Processing file /home/airflow/.local/lib/python3.12/site-packages/airflow/example_dags/example_display_name.py for tasks to queue
[2025-01-10T19:18:09.916+0000] {logging_mixin.py:190} INFO - [2025-01-10T19:18:09.916+0000] {dagbag.py:588} INFO - Filling up the DagBag from /home/airflow/.local/lib/python3.12/site-packages/airflow/example_dags/example_display_name.py
[2025-01-10T19:18:09.934+0000] {processor.py:925} INFO - DAG(s) 'example_display_name' retrieved from /home/airflow/.local/lib/python3.12/site-packages/airflow/example_dags/example_display_name.py
[2025-01-10T19:18:10.007+0000] {logging_mixin.py:190} INFO - [2025-01-10T19:18:10.006+0000] {dag.py:3239} INFO - Sync 1 DAGs
[2025-01-10T19:18:10.056+0000] {logging_mixin.py:190} INFO - [2025-01-10T19:18:10.055+0000] {dag.py:4180} INFO - Setting next_dagrun for example_display_name to None, run_after=None
[2025-01-10T19:18:10.131+0000] {processor.py:208} INFO - Processing /home/airflow/.local/lib/python3.12/site-packages/airflow/example_dags/example_display_name.py took 0.233 seconds
[2025-01-10T19:18:40.326+0000] {processor.py:186} INFO - Started process (PID=4247) to work on /home/airflow/.local/lib/python3.12/site-packages/airflow/example_dags/example_display_name.py
[2025-01-10T19:18:40.328+0000] {processor.py:914} INFO - Processing file /home/airflow/.local/lib/python3.12/site-packages/airflow/example_dags/example_display_name.py for tasks to queue
[2025-01-10T19:18:40.330+0000] {logging_mixin.py:190} INFO - [2025-01-10T19:18:40.330+0000] {dagbag.py:588} INFO - Filling up the DagBag from /home/airflow/.local/lib/python3.12/site-packages/airflow/example_dags/example_display_name.py
[2025-01-10T19:18:40.350+0000] {processor.py:925} INFO - DAG(s) 'example_display_name' retrieved from /home/airflow/.local/lib/python3.12/site-packages/airflow/example_dags/example_display_name.py
[2025-01-10T19:18:40.396+0000] {logging_mixin.py:190} INFO - [2025-01-10T19:18:40.395+0000] {dag.py:3239} INFO - Sync 1 DAGs
[2025-01-10T19:18:40.432+0000] {logging_mixin.py:190} INFO - [2025-01-10T19:18:40.431+0000] {dag.py:4180} INFO - Setting next_dagrun for example_display_name to None, run_after=None
[2025-01-10T19:18:40.481+0000] {processor.py:208} INFO - Processing /home/airflow/.local/lib/python3.12/site-packages/airflow/example_dags/example_display_name.py took 0.168 seconds
[2025-01-10T19:19:10.880+0000] {processor.py:186} INFO - Started process (PID=4310) to work on /home/airflow/.local/lib/python3.12/site-packages/airflow/example_dags/example_display_name.py
[2025-01-10T19:19:10.883+0000] {processor.py:914} INFO - Processing file /home/airflow/.local/lib/python3.12/site-packages/airflow/example_dags/example_display_name.py for tasks to queue
[2025-01-10T19:19:10.893+0000] {logging_mixin.py:190} INFO - [2025-01-10T19:19:10.891+0000] {dagbag.py:588} INFO - Filling up the DagBag from /home/airflow/.local/lib/python3.12/site-packages/airflow/example_dags/example_display_name.py
[2025-01-10T19:19:10.919+0000] {processor.py:925} INFO - DAG(s) 'example_display_name' retrieved from /home/airflow/.local/lib/python3.12/site-packages/airflow/example_dags/example_display_name.py
[2025-01-10T19:19:10.981+0000] {logging_mixin.py:190} INFO - [2025-01-10T19:19:10.980+0000] {dag.py:3239} INFO - Sync 1 DAGs
[2025-01-10T19:19:11.038+0000] {logging_mixin.py:190} INFO - [2025-01-10T19:19:11.038+0000] {dag.py:4180} INFO - Setting next_dagrun for example_display_name to None, run_after=None
[2025-01-10T19:19:11.085+0000] {processor.py:208} INFO - Processing /home/airflow/.local/lib/python3.12/site-packages/airflow/example_dags/example_display_name.py took 0.231 seconds
[2025-01-10T19:19:41.239+0000] {processor.py:186} INFO - Started process (PID=4374) to work on /home/airflow/.local/lib/python3.12/site-packages/airflow/example_dags/example_display_name.py
[2025-01-10T19:19:41.241+0000] {processor.py:914} INFO - Processing file /home/airflow/.local/lib/python3.12/site-packages/airflow/example_dags/example_display_name.py for tasks to queue
[2025-01-10T19:19:41.244+0000] {logging_mixin.py:190} INFO - [2025-01-10T19:19:41.243+0000] {dagbag.py:588} INFO - Filling up the DagBag from /home/airflow/.local/lib/python3.12/site-packages/airflow/example_dags/example_display_name.py
[2025-01-10T19:19:41.261+0000] {processor.py:925} INFO - DAG(s) 'example_display_name' retrieved from /home/airflow/.local/lib/python3.12/site-packages/airflow/example_dags/example_display_name.py
[2025-01-10T19:19:41.313+0000] {logging_mixin.py:190} INFO - [2025-01-10T19:19:41.313+0000] {dag.py:3239} INFO - Sync 1 DAGs
[2025-01-10T19:19:41.356+0000] {logging_mixin.py:190} INFO - [2025-01-10T19:19:41.356+0000] {dag.py:4180} INFO - Setting next_dagrun for example_display_name to None, run_after=None
[2025-01-10T19:19:41.409+0000] {processor.py:208} INFO - Processing /home/airflow/.local/lib/python3.12/site-packages/airflow/example_dags/example_display_name.py took 0.182 seconds
[2025-01-10T19:20:11.752+0000] {processor.py:186} INFO - Started process (PID=4438) to work on /home/airflow/.local/lib/python3.12/site-packages/airflow/example_dags/example_display_name.py
[2025-01-10T19:20:11.757+0000] {processor.py:914} INFO - Processing file /home/airflow/.local/lib/python3.12/site-packages/airflow/example_dags/example_display_name.py for tasks to queue
[2025-01-10T19:20:11.766+0000] {logging_mixin.py:190} INFO - [2025-01-10T19:20:11.764+0000] {dagbag.py:588} INFO - Filling up the DagBag from /home/airflow/.local/lib/python3.12/site-packages/airflow/example_dags/example_display_name.py
[2025-01-10T19:20:11.809+0000] {processor.py:925} INFO - DAG(s) 'example_display_name' retrieved from /home/airflow/.local/lib/python3.12/site-packages/airflow/example_dags/example_display_name.py
[2025-01-10T19:20:11.858+0000] {logging_mixin.py:190} INFO - [2025-01-10T19:20:11.857+0000] {dag.py:3239} INFO - Sync 1 DAGs
[2025-01-10T19:20:11.900+0000] {logging_mixin.py:190} INFO - [2025-01-10T19:20:11.899+0000] {dag.py:4180} INFO - Setting next_dagrun for example_display_name to None, run_after=None
[2025-01-10T19:20:11.940+0000] {processor.py:208} INFO - Processing /home/airflow/.local/lib/python3.12/site-packages/airflow/example_dags/example_display_name.py took 0.231 seconds
[2025-01-10T19:20:42.499+0000] {processor.py:186} INFO - Started process (PID=4502) to work on /home/airflow/.local/lib/python3.12/site-packages/airflow/example_dags/example_display_name.py
[2025-01-10T19:20:42.501+0000] {processor.py:914} INFO - Processing file /home/airflow/.local/lib/python3.12/site-packages/airflow/example_dags/example_display_name.py for tasks to queue
[2025-01-10T19:20:42.506+0000] {logging_mixin.py:190} INFO - [2025-01-10T19:20:42.505+0000] {dagbag.py:588} INFO - Filling up the DagBag from /home/airflow/.local/lib/python3.12/site-packages/airflow/example_dags/example_display_name.py
[2025-01-10T19:20:42.526+0000] {processor.py:925} INFO - DAG(s) 'example_display_name' retrieved from /home/airflow/.local/lib/python3.12/site-packages/airflow/example_dags/example_display_name.py
[2025-01-10T19:20:42.570+0000] {logging_mixin.py:190} INFO - [2025-01-10T19:20:42.570+0000] {dag.py:3239} INFO - Sync 1 DAGs
[2025-01-10T19:20:42.607+0000] {logging_mixin.py:190} INFO - [2025-01-10T19:20:42.606+0000] {dag.py:4180} INFO - Setting next_dagrun for example_display_name to None, run_after=None
[2025-01-10T19:20:42.645+0000] {processor.py:208} INFO - Processing /home/airflow/.local/lib/python3.12/site-packages/airflow/example_dags/example_display_name.py took 0.161 seconds
[2025-01-10T19:21:12.874+0000] {processor.py:186} INFO - Started process (PID=4565) to work on /home/airflow/.local/lib/python3.12/site-packages/airflow/example_dags/example_display_name.py
[2025-01-10T19:21:12.878+0000] {processor.py:914} INFO - Processing file /home/airflow/.local/lib/python3.12/site-packages/airflow/example_dags/example_display_name.py for tasks to queue
[2025-01-10T19:21:12.884+0000] {logging_mixin.py:190} INFO - [2025-01-10T19:21:12.882+0000] {dagbag.py:588} INFO - Filling up the DagBag from /home/airflow/.local/lib/python3.12/site-packages/airflow/example_dags/example_display_name.py
[2025-01-10T19:21:12.927+0000] {processor.py:925} INFO - DAG(s) 'example_display_name' retrieved from /home/airflow/.local/lib/python3.12/site-packages/airflow/example_dags/example_display_name.py
[2025-01-10T19:21:13.038+0000] {logging_mixin.py:190} INFO - [2025-01-10T19:21:13.037+0000] {dag.py:3239} INFO - Sync 1 DAGs
[2025-01-10T19:21:13.136+0000] {logging_mixin.py:190} INFO - [2025-01-10T19:21:13.135+0000] {dag.py:4180} INFO - Setting next_dagrun for example_display_name to None, run_after=None
[2025-01-10T19:21:13.232+0000] {processor.py:208} INFO - Processing /home/airflow/.local/lib/python3.12/site-packages/airflow/example_dags/example_display_name.py took 0.390 seconds
[2025-01-10T19:21:44.321+0000] {processor.py:186} INFO - Started process (PID=4629) to work on /home/airflow/.local/lib/python3.12/site-packages/airflow/example_dags/example_display_name.py
[2025-01-10T19:21:44.323+0000] {processor.py:914} INFO - Processing file /home/airflow/.local/lib/python3.12/site-packages/airflow/example_dags/example_display_name.py for tasks to queue
[2025-01-10T19:21:44.326+0000] {logging_mixin.py:190} INFO - [2025-01-10T19:21:44.325+0000] {dagbag.py:588} INFO - Filling up the DagBag from /home/airflow/.local/lib/python3.12/site-packages/airflow/example_dags/example_display_name.py
[2025-01-10T19:21:44.344+0000] {processor.py:925} INFO - DAG(s) 'example_display_name' retrieved from /home/airflow/.local/lib/python3.12/site-packages/airflow/example_dags/example_display_name.py
[2025-01-10T19:21:44.427+0000] {logging_mixin.py:190} INFO - [2025-01-10T19:21:44.425+0000] {dag.py:3239} INFO - Sync 1 DAGs
[2025-01-10T19:21:44.524+0000] {logging_mixin.py:190} INFO - [2025-01-10T19:21:44.523+0000] {dag.py:4180} INFO - Setting next_dagrun for example_display_name to None, run_after=None
[2025-01-10T19:21:44.590+0000] {processor.py:208} INFO - Processing /home/airflow/.local/lib/python3.12/site-packages/airflow/example_dags/example_display_name.py took 0.282 seconds
[2025-01-10T19:22:20.520+0000] {processor.py:186} INFO - Started process (PID=4694) to work on /home/airflow/.local/lib/python3.12/site-packages/airflow/example_dags/example_display_name.py
[2025-01-10T19:22:20.522+0000] {processor.py:914} INFO - Processing file /home/airflow/.local/lib/python3.12/site-packages/airflow/example_dags/example_display_name.py for tasks to queue
[2025-01-10T19:22:20.528+0000] {logging_mixin.py:190} INFO - [2025-01-10T19:22:20.527+0000] {dagbag.py:588} INFO - Filling up the DagBag from /home/airflow/.local/lib/python3.12/site-packages/airflow/example_dags/example_display_name.py
[2025-01-10T19:22:20.575+0000] {processor.py:925} INFO - DAG(s) 'example_display_name' retrieved from /home/airflow/.local/lib/python3.12/site-packages/airflow/example_dags/example_display_name.py
[2025-01-10T19:22:20.720+0000] {logging_mixin.py:190} INFO - [2025-01-10T19:22:20.719+0000] {dag.py:3239} INFO - Sync 1 DAGs
[2025-01-10T19:22:20.842+0000] {logging_mixin.py:190} INFO - [2025-01-10T19:22:20.841+0000] {dag.py:4180} INFO - Setting next_dagrun for example_display_name to None, run_after=None
[2025-01-10T19:22:20.968+0000] {processor.py:208} INFO - Processing /home/airflow/.local/lib/python3.12/site-packages/airflow/example_dags/example_display_name.py took 0.464 seconds
