[2025-01-10T18:44:46.637+0000] {processor.py:186} INFO - Started process (PID=117) to work on /home/airflow/.local/lib/python3.12/site-packages/airflow/example_dags/tutorial_objectstorage.py
[2025-01-10T18:44:46.639+0000] {processor.py:914} INFO - Processing file /home/airflow/.local/lib/python3.12/site-packages/airflow/example_dags/tutorial_objectstorage.py for tasks to queue
[2025-01-10T18:44:46.644+0000] {logging_mixin.py:190} INFO - [2025-01-10T18:44:46.644+0000] {dagbag.py:588} INFO - Filling up the DagBag from /home/airflow/.local/lib/python3.12/site-packages/airflow/example_dags/tutorial_objectstorage.py
[2025-01-10T18:44:46.668+0000] {processor.py:925} INFO - DAG(s) 'tutorial_objectstorage' retrieved from /home/airflow/.local/lib/python3.12/site-packages/airflow/example_dags/tutorial_objectstorage.py
[2025-01-10T18:44:46.933+0000] {logging_mixin.py:190} INFO - [2025-01-10T18:44:46.931+0000] {override.py:1911} INFO - Created Permission View: can edit on DAG:tutorial_objectstorage
[2025-01-10T18:44:46.957+0000] {logging_mixin.py:190} INFO - [2025-01-10T18:44:46.957+0000] {override.py:1911} INFO - Created Permission View: can read on DAG:tutorial_objectstorage
[2025-01-10T18:44:46.973+0000] {logging_mixin.py:190} INFO - [2025-01-10T18:44:46.973+0000] {override.py:1911} INFO - Created Permission View: can delete on DAG:tutorial_objectstorage
[2025-01-10T18:44:46.991+0000] {logging_mixin.py:190} INFO - [2025-01-10T18:44:46.990+0000] {override.py:1911} INFO - Created Permission View: menu access on DAG Run:tutorial_objectstorage
[2025-01-10T18:44:47.008+0000] {logging_mixin.py:190} INFO - [2025-01-10T18:44:47.007+0000] {override.py:1911} INFO - Created Permission View: can read on DAG Run:tutorial_objectstorage
[2025-01-10T18:44:47.024+0000] {logging_mixin.py:190} INFO - [2025-01-10T18:44:47.024+0000] {override.py:1911} INFO - Created Permission View: can create on DAG Run:tutorial_objectstorage
[2025-01-10T18:44:47.040+0000] {logging_mixin.py:190} INFO - [2025-01-10T18:44:47.039+0000] {override.py:1911} INFO - Created Permission View: can delete on DAG Run:tutorial_objectstorage
[2025-01-10T18:44:47.042+0000] {logging_mixin.py:190} INFO - [2025-01-10T18:44:47.041+0000] {dag.py:3239} INFO - Sync 1 DAGs
[2025-01-10T18:44:47.078+0000] {logging_mixin.py:190} INFO - [2025-01-10T18:44:47.077+0000] {dag.py:3262} INFO - Creating ORM DAG for tutorial_objectstorage
[2025-01-10T18:44:47.080+0000] {logging_mixin.py:190} INFO - [2025-01-10T18:44:47.079+0000] {dag.py:4180} INFO - Setting next_dagrun for tutorial_objectstorage to None, run_after=None
[2025-01-10T18:44:47.118+0000] {processor.py:208} INFO - Processing /home/airflow/.local/lib/python3.12/site-packages/airflow/example_dags/tutorial_objectstorage.py took 0.494 seconds
[2025-01-10T18:45:17.494+0000] {processor.py:186} INFO - Started process (PID=179) to work on /home/airflow/.local/lib/python3.12/site-packages/airflow/example_dags/tutorial_objectstorage.py
[2025-01-10T18:45:17.497+0000] {processor.py:914} INFO - Processing file /home/airflow/.local/lib/python3.12/site-packages/airflow/example_dags/tutorial_objectstorage.py for tasks to queue
[2025-01-10T18:45:17.505+0000] {logging_mixin.py:190} INFO - [2025-01-10T18:45:17.504+0000] {dagbag.py:588} INFO - Filling up the DagBag from /home/airflow/.local/lib/python3.12/site-packages/airflow/example_dags/tutorial_objectstorage.py
[2025-01-10T18:45:17.527+0000] {processor.py:925} INFO - DAG(s) 'tutorial_objectstorage' retrieved from /home/airflow/.local/lib/python3.12/site-packages/airflow/example_dags/tutorial_objectstorage.py
[2025-01-10T18:45:17.578+0000] {logging_mixin.py:190} INFO - [2025-01-10T18:45:17.577+0000] {dag.py:3239} INFO - Sync 1 DAGs
[2025-01-10T18:45:17.621+0000] {logging_mixin.py:190} INFO - [2025-01-10T18:45:17.620+0000] {dag.py:4180} INFO - Setting next_dagrun for tutorial_objectstorage to None, run_after=None
[2025-01-10T18:45:17.674+0000] {processor.py:208} INFO - Processing /home/airflow/.local/lib/python3.12/site-packages/airflow/example_dags/tutorial_objectstorage.py took 0.194 seconds
[2025-01-10T18:45:47.893+0000] {processor.py:186} INFO - Started process (PID=241) to work on /home/airflow/.local/lib/python3.12/site-packages/airflow/example_dags/tutorial_objectstorage.py
[2025-01-10T18:45:47.895+0000] {processor.py:914} INFO - Processing file /home/airflow/.local/lib/python3.12/site-packages/airflow/example_dags/tutorial_objectstorage.py for tasks to queue
[2025-01-10T18:45:47.901+0000] {logging_mixin.py:190} INFO - [2025-01-10T18:45:47.900+0000] {dagbag.py:588} INFO - Filling up the DagBag from /home/airflow/.local/lib/python3.12/site-packages/airflow/example_dags/tutorial_objectstorage.py
[2025-01-10T18:45:47.924+0000] {processor.py:925} INFO - DAG(s) 'tutorial_objectstorage' retrieved from /home/airflow/.local/lib/python3.12/site-packages/airflow/example_dags/tutorial_objectstorage.py
[2025-01-10T18:45:47.984+0000] {logging_mixin.py:190} INFO - [2025-01-10T18:45:47.983+0000] {dag.py:3239} INFO - Sync 1 DAGs
[2025-01-10T18:45:48.033+0000] {logging_mixin.py:190} INFO - [2025-01-10T18:45:48.032+0000] {dag.py:4180} INFO - Setting next_dagrun for tutorial_objectstorage to None, run_after=None
[2025-01-10T18:45:48.074+0000] {processor.py:208} INFO - Processing /home/airflow/.local/lib/python3.12/site-packages/airflow/example_dags/tutorial_objectstorage.py took 0.197 seconds
[2025-01-10T18:46:20.924+0000] {processor.py:186} INFO - Started process (PID=305) to work on /home/airflow/.local/lib/python3.12/site-packages/airflow/example_dags/tutorial_objectstorage.py
[2025-01-10T18:46:20.929+0000] {processor.py:914} INFO - Processing file /home/airflow/.local/lib/python3.12/site-packages/airflow/example_dags/tutorial_objectstorage.py for tasks to queue
[2025-01-10T18:46:20.944+0000] {logging_mixin.py:190} INFO - [2025-01-10T18:46:20.943+0000] {dagbag.py:588} INFO - Filling up the DagBag from /home/airflow/.local/lib/python3.12/site-packages/airflow/example_dags/tutorial_objectstorage.py
[2025-01-10T18:46:20.988+0000] {processor.py:925} INFO - DAG(s) 'tutorial_objectstorage' retrieved from /home/airflow/.local/lib/python3.12/site-packages/airflow/example_dags/tutorial_objectstorage.py
[2025-01-10T18:46:21.083+0000] {logging_mixin.py:190} INFO - [2025-01-10T18:46:21.083+0000] {dag.py:3239} INFO - Sync 1 DAGs
[2025-01-10T18:46:21.167+0000] {logging_mixin.py:190} INFO - [2025-01-10T18:46:21.167+0000] {dag.py:4180} INFO - Setting next_dagrun for tutorial_objectstorage to None, run_after=None
[2025-01-10T18:46:21.273+0000] {processor.py:208} INFO - Processing /home/airflow/.local/lib/python3.12/site-packages/airflow/example_dags/tutorial_objectstorage.py took 0.393 seconds
[2025-01-10T18:46:53.012+0000] {processor.py:186} INFO - Started process (PID=368) to work on /home/airflow/.local/lib/python3.12/site-packages/airflow/example_dags/tutorial_objectstorage.py
[2025-01-10T18:46:53.017+0000] {processor.py:914} INFO - Processing file /home/airflow/.local/lib/python3.12/site-packages/airflow/example_dags/tutorial_objectstorage.py for tasks to queue
[2025-01-10T18:46:53.035+0000] {logging_mixin.py:190} INFO - [2025-01-10T18:46:53.033+0000] {dagbag.py:588} INFO - Filling up the DagBag from /home/airflow/.local/lib/python3.12/site-packages/airflow/example_dags/tutorial_objectstorage.py
[2025-01-10T18:46:53.097+0000] {processor.py:925} INFO - DAG(s) 'tutorial_objectstorage' retrieved from /home/airflow/.local/lib/python3.12/site-packages/airflow/example_dags/tutorial_objectstorage.py
[2025-01-10T18:46:53.267+0000] {logging_mixin.py:190} INFO - [2025-01-10T18:46:53.266+0000] {dag.py:3239} INFO - Sync 1 DAGs
[2025-01-10T18:46:53.371+0000] {logging_mixin.py:190} INFO - [2025-01-10T18:46:53.370+0000] {dag.py:4180} INFO - Setting next_dagrun for tutorial_objectstorage to None, run_after=None
[2025-01-10T18:46:53.498+0000] {processor.py:208} INFO - Processing /home/airflow/.local/lib/python3.12/site-packages/airflow/example_dags/tutorial_objectstorage.py took 0.510 seconds
[2025-01-10T18:47:24.144+0000] {processor.py:186} INFO - Started process (PID=430) to work on /home/airflow/.local/lib/python3.12/site-packages/airflow/example_dags/tutorial_objectstorage.py
[2025-01-10T18:47:24.146+0000] {processor.py:914} INFO - Processing file /home/airflow/.local/lib/python3.12/site-packages/airflow/example_dags/tutorial_objectstorage.py for tasks to queue
[2025-01-10T18:47:24.150+0000] {logging_mixin.py:190} INFO - [2025-01-10T18:47:24.149+0000] {dagbag.py:588} INFO - Filling up the DagBag from /home/airflow/.local/lib/python3.12/site-packages/airflow/example_dags/tutorial_objectstorage.py
[2025-01-10T18:47:24.179+0000] {processor.py:925} INFO - DAG(s) 'tutorial_objectstorage' retrieved from /home/airflow/.local/lib/python3.12/site-packages/airflow/example_dags/tutorial_objectstorage.py
[2025-01-10T18:47:24.234+0000] {logging_mixin.py:190} INFO - [2025-01-10T18:47:24.234+0000] {dag.py:3239} INFO - Sync 1 DAGs
[2025-01-10T18:47:24.291+0000] {logging_mixin.py:190} INFO - [2025-01-10T18:47:24.291+0000] {dag.py:4180} INFO - Setting next_dagrun for tutorial_objectstorage to None, run_after=None
[2025-01-10T18:47:24.360+0000] {processor.py:208} INFO - Processing /home/airflow/.local/lib/python3.12/site-packages/airflow/example_dags/tutorial_objectstorage.py took 0.228 seconds
[2025-01-10T18:47:55.546+0000] {processor.py:186} INFO - Started process (PID=493) to work on /home/airflow/.local/lib/python3.12/site-packages/airflow/example_dags/tutorial_objectstorage.py
[2025-01-10T18:47:55.551+0000] {processor.py:914} INFO - Processing file /home/airflow/.local/lib/python3.12/site-packages/airflow/example_dags/tutorial_objectstorage.py for tasks to queue
[2025-01-10T18:47:55.562+0000] {logging_mixin.py:190} INFO - [2025-01-10T18:47:55.561+0000] {dagbag.py:588} INFO - Filling up the DagBag from /home/airflow/.local/lib/python3.12/site-packages/airflow/example_dags/tutorial_objectstorage.py
[2025-01-10T18:47:55.604+0000] {processor.py:925} INFO - DAG(s) 'tutorial_objectstorage' retrieved from /home/airflow/.local/lib/python3.12/site-packages/airflow/example_dags/tutorial_objectstorage.py
[2025-01-10T18:47:55.657+0000] {logging_mixin.py:190} INFO - [2025-01-10T18:47:55.657+0000] {dag.py:3239} INFO - Sync 1 DAGs
[2025-01-10T18:47:55.700+0000] {logging_mixin.py:190} INFO - [2025-01-10T18:47:55.699+0000] {dag.py:4180} INFO - Setting next_dagrun for tutorial_objectstorage to None, run_after=None
[2025-01-10T18:47:55.786+0000] {processor.py:208} INFO - Processing /home/airflow/.local/lib/python3.12/site-packages/airflow/example_dags/tutorial_objectstorage.py took 0.264 seconds
[2025-01-10T18:48:25.899+0000] {processor.py:186} INFO - Started process (PID=554) to work on /home/airflow/.local/lib/python3.12/site-packages/airflow/example_dags/tutorial_objectstorage.py
[2025-01-10T18:48:25.902+0000] {processor.py:914} INFO - Processing file /home/airflow/.local/lib/python3.12/site-packages/airflow/example_dags/tutorial_objectstorage.py for tasks to queue
[2025-01-10T18:48:25.914+0000] {logging_mixin.py:190} INFO - [2025-01-10T18:48:25.912+0000] {dagbag.py:588} INFO - Filling up the DagBag from /home/airflow/.local/lib/python3.12/site-packages/airflow/example_dags/tutorial_objectstorage.py
[2025-01-10T18:48:25.965+0000] {processor.py:925} INFO - DAG(s) 'tutorial_objectstorage' retrieved from /home/airflow/.local/lib/python3.12/site-packages/airflow/example_dags/tutorial_objectstorage.py
[2025-01-10T18:48:26.049+0000] {logging_mixin.py:190} INFO - [2025-01-10T18:48:26.049+0000] {dag.py:3239} INFO - Sync 1 DAGs
[2025-01-10T18:48:26.111+0000] {logging_mixin.py:190} INFO - [2025-01-10T18:48:26.109+0000] {dag.py:4180} INFO - Setting next_dagrun for tutorial_objectstorage to None, run_after=None
[2025-01-10T18:48:26.214+0000] {processor.py:208} INFO - Processing /home/airflow/.local/lib/python3.12/site-packages/airflow/example_dags/tutorial_objectstorage.py took 0.342 seconds
[2025-01-10T18:48:56.323+0000] {processor.py:186} INFO - Started process (PID=616) to work on /home/airflow/.local/lib/python3.12/site-packages/airflow/example_dags/tutorial_objectstorage.py
[2025-01-10T18:48:56.329+0000] {processor.py:914} INFO - Processing file /home/airflow/.local/lib/python3.12/site-packages/airflow/example_dags/tutorial_objectstorage.py for tasks to queue
[2025-01-10T18:48:56.376+0000] {logging_mixin.py:190} INFO - [2025-01-10T18:48:56.372+0000] {dagbag.py:588} INFO - Filling up the DagBag from /home/airflow/.local/lib/python3.12/site-packages/airflow/example_dags/tutorial_objectstorage.py
[2025-01-10T18:48:56.459+0000] {processor.py:925} INFO - DAG(s) 'tutorial_objectstorage' retrieved from /home/airflow/.local/lib/python3.12/site-packages/airflow/example_dags/tutorial_objectstorage.py
[2025-01-10T18:48:56.524+0000] {logging_mixin.py:190} INFO - [2025-01-10T18:48:56.523+0000] {dag.py:3239} INFO - Sync 1 DAGs
[2025-01-10T18:48:56.605+0000] {logging_mixin.py:190} INFO - [2025-01-10T18:48:56.605+0000] {dag.py:4180} INFO - Setting next_dagrun for tutorial_objectstorage to None, run_after=None
[2025-01-10T18:48:56.671+0000] {processor.py:208} INFO - Processing /home/airflow/.local/lib/python3.12/site-packages/airflow/example_dags/tutorial_objectstorage.py took 0.367 seconds
[2025-01-10T18:49:26.806+0000] {processor.py:186} INFO - Started process (PID=679) to work on /home/airflow/.local/lib/python3.12/site-packages/airflow/example_dags/tutorial_objectstorage.py
[2025-01-10T18:49:26.809+0000] {processor.py:914} INFO - Processing file /home/airflow/.local/lib/python3.12/site-packages/airflow/example_dags/tutorial_objectstorage.py for tasks to queue
[2025-01-10T18:49:26.815+0000] {logging_mixin.py:190} INFO - [2025-01-10T18:49:26.814+0000] {dagbag.py:588} INFO - Filling up the DagBag from /home/airflow/.local/lib/python3.12/site-packages/airflow/example_dags/tutorial_objectstorage.py
[2025-01-10T18:49:26.837+0000] {processor.py:925} INFO - DAG(s) 'tutorial_objectstorage' retrieved from /home/airflow/.local/lib/python3.12/site-packages/airflow/example_dags/tutorial_objectstorage.py
[2025-01-10T18:49:26.893+0000] {logging_mixin.py:190} INFO - [2025-01-10T18:49:26.892+0000] {dag.py:3239} INFO - Sync 1 DAGs
[2025-01-10T18:49:26.942+0000] {logging_mixin.py:190} INFO - [2025-01-10T18:49:26.941+0000] {dag.py:4180} INFO - Setting next_dagrun for tutorial_objectstorage to None, run_after=None
[2025-01-10T18:49:27.002+0000] {processor.py:208} INFO - Processing /home/airflow/.local/lib/python3.12/site-packages/airflow/example_dags/tutorial_objectstorage.py took 0.212 seconds
[2025-01-10T18:49:57.485+0000] {processor.py:186} INFO - Started process (PID=742) to work on /home/airflow/.local/lib/python3.12/site-packages/airflow/example_dags/tutorial_objectstorage.py
[2025-01-10T18:49:57.487+0000] {processor.py:914} INFO - Processing file /home/airflow/.local/lib/python3.12/site-packages/airflow/example_dags/tutorial_objectstorage.py for tasks to queue
[2025-01-10T18:49:57.496+0000] {logging_mixin.py:190} INFO - [2025-01-10T18:49:57.495+0000] {dagbag.py:588} INFO - Filling up the DagBag from /home/airflow/.local/lib/python3.12/site-packages/airflow/example_dags/tutorial_objectstorage.py
[2025-01-10T18:49:57.523+0000] {processor.py:925} INFO - DAG(s) 'tutorial_objectstorage' retrieved from /home/airflow/.local/lib/python3.12/site-packages/airflow/example_dags/tutorial_objectstorage.py
[2025-01-10T18:49:57.571+0000] {logging_mixin.py:190} INFO - [2025-01-10T18:49:57.571+0000] {dag.py:3239} INFO - Sync 1 DAGs
[2025-01-10T18:49:57.601+0000] {logging_mixin.py:190} INFO - [2025-01-10T18:49:57.601+0000] {dag.py:4180} INFO - Setting next_dagrun for tutorial_objectstorage to None, run_after=None
[2025-01-10T18:49:57.641+0000] {processor.py:208} INFO - Processing /home/airflow/.local/lib/python3.12/site-packages/airflow/example_dags/tutorial_objectstorage.py took 0.177 seconds
[2025-01-10T18:50:27.988+0000] {processor.py:186} INFO - Started process (PID=804) to work on /home/airflow/.local/lib/python3.12/site-packages/airflow/example_dags/tutorial_objectstorage.py
[2025-01-10T18:50:27.991+0000] {processor.py:914} INFO - Processing file /home/airflow/.local/lib/python3.12/site-packages/airflow/example_dags/tutorial_objectstorage.py for tasks to queue
[2025-01-10T18:50:27.997+0000] {logging_mixin.py:190} INFO - [2025-01-10T18:50:27.996+0000] {dagbag.py:588} INFO - Filling up the DagBag from /home/airflow/.local/lib/python3.12/site-packages/airflow/example_dags/tutorial_objectstorage.py
[2025-01-10T18:50:28.024+0000] {processor.py:925} INFO - DAG(s) 'tutorial_objectstorage' retrieved from /home/airflow/.local/lib/python3.12/site-packages/airflow/example_dags/tutorial_objectstorage.py
[2025-01-10T18:50:28.070+0000] {logging_mixin.py:190} INFO - [2025-01-10T18:50:28.070+0000] {dag.py:3239} INFO - Sync 1 DAGs
[2025-01-10T18:50:28.104+0000] {logging_mixin.py:190} INFO - [2025-01-10T18:50:28.104+0000] {dag.py:4180} INFO - Setting next_dagrun for tutorial_objectstorage to None, run_after=None
[2025-01-10T18:50:28.141+0000] {processor.py:208} INFO - Processing /home/airflow/.local/lib/python3.12/site-packages/airflow/example_dags/tutorial_objectstorage.py took 0.172 seconds
[2025-01-10T18:50:58.895+0000] {processor.py:186} INFO - Started process (PID=867) to work on /home/airflow/.local/lib/python3.12/site-packages/airflow/example_dags/tutorial_objectstorage.py
[2025-01-10T18:50:58.898+0000] {processor.py:914} INFO - Processing file /home/airflow/.local/lib/python3.12/site-packages/airflow/example_dags/tutorial_objectstorage.py for tasks to queue
[2025-01-10T18:50:58.904+0000] {logging_mixin.py:190} INFO - [2025-01-10T18:50:58.904+0000] {dagbag.py:588} INFO - Filling up the DagBag from /home/airflow/.local/lib/python3.12/site-packages/airflow/example_dags/tutorial_objectstorage.py
[2025-01-10T18:50:58.926+0000] {processor.py:925} INFO - DAG(s) 'tutorial_objectstorage' retrieved from /home/airflow/.local/lib/python3.12/site-packages/airflow/example_dags/tutorial_objectstorage.py
[2025-01-10T18:50:58.984+0000] {logging_mixin.py:190} INFO - [2025-01-10T18:50:58.984+0000] {dag.py:3239} INFO - Sync 1 DAGs
[2025-01-10T18:50:59.086+0000] {logging_mixin.py:190} INFO - [2025-01-10T18:50:59.085+0000] {dag.py:4180} INFO - Setting next_dagrun for tutorial_objectstorage to None, run_after=None
[2025-01-10T18:50:59.138+0000] {processor.py:208} INFO - Processing /home/airflow/.local/lib/python3.12/site-packages/airflow/example_dags/tutorial_objectstorage.py took 0.254 seconds
[2025-01-10T18:51:29.992+0000] {processor.py:186} INFO - Started process (PID=930) to work on /home/airflow/.local/lib/python3.12/site-packages/airflow/example_dags/tutorial_objectstorage.py
[2025-01-10T18:51:29.994+0000] {processor.py:914} INFO - Processing file /home/airflow/.local/lib/python3.12/site-packages/airflow/example_dags/tutorial_objectstorage.py for tasks to queue
[2025-01-10T18:51:30.000+0000] {logging_mixin.py:190} INFO - [2025-01-10T18:51:29.999+0000] {dagbag.py:588} INFO - Filling up the DagBag from /home/airflow/.local/lib/python3.12/site-packages/airflow/example_dags/tutorial_objectstorage.py
[2025-01-10T18:51:30.020+0000] {processor.py:925} INFO - DAG(s) 'tutorial_objectstorage' retrieved from /home/airflow/.local/lib/python3.12/site-packages/airflow/example_dags/tutorial_objectstorage.py
[2025-01-10T18:51:30.073+0000] {logging_mixin.py:190} INFO - [2025-01-10T18:51:30.073+0000] {dag.py:3239} INFO - Sync 1 DAGs
[2025-01-10T18:51:30.107+0000] {logging_mixin.py:190} INFO - [2025-01-10T18:51:30.107+0000] {dag.py:4180} INFO - Setting next_dagrun for tutorial_objectstorage to None, run_after=None
[2025-01-10T18:51:30.154+0000] {processor.py:208} INFO - Processing /home/airflow/.local/lib/python3.12/site-packages/airflow/example_dags/tutorial_objectstorage.py took 0.175 seconds
[2025-01-10T18:52:00.587+0000] {processor.py:186} INFO - Started process (PID=992) to work on /home/airflow/.local/lib/python3.12/site-packages/airflow/example_dags/tutorial_objectstorage.py
[2025-01-10T18:52:00.591+0000] {processor.py:914} INFO - Processing file /home/airflow/.local/lib/python3.12/site-packages/airflow/example_dags/tutorial_objectstorage.py for tasks to queue
[2025-01-10T18:52:00.596+0000] {logging_mixin.py:190} INFO - [2025-01-10T18:52:00.595+0000] {dagbag.py:588} INFO - Filling up the DagBag from /home/airflow/.local/lib/python3.12/site-packages/airflow/example_dags/tutorial_objectstorage.py
[2025-01-10T18:52:00.618+0000] {processor.py:925} INFO - DAG(s) 'tutorial_objectstorage' retrieved from /home/airflow/.local/lib/python3.12/site-packages/airflow/example_dags/tutorial_objectstorage.py
[2025-01-10T18:52:00.662+0000] {logging_mixin.py:190} INFO - [2025-01-10T18:52:00.661+0000] {dag.py:3239} INFO - Sync 1 DAGs
[2025-01-10T18:52:00.690+0000] {logging_mixin.py:190} INFO - [2025-01-10T18:52:00.690+0000] {dag.py:4180} INFO - Setting next_dagrun for tutorial_objectstorage to None, run_after=None
[2025-01-10T18:52:00.724+0000] {processor.py:208} INFO - Processing /home/airflow/.local/lib/python3.12/site-packages/airflow/example_dags/tutorial_objectstorage.py took 0.151 seconds
[2025-01-10T18:52:31.521+0000] {processor.py:186} INFO - Started process (PID=1055) to work on /home/airflow/.local/lib/python3.12/site-packages/airflow/example_dags/tutorial_objectstorage.py
[2025-01-10T18:52:31.525+0000] {processor.py:914} INFO - Processing file /home/airflow/.local/lib/python3.12/site-packages/airflow/example_dags/tutorial_objectstorage.py for tasks to queue
[2025-01-10T18:52:31.535+0000] {logging_mixin.py:190} INFO - [2025-01-10T18:52:31.534+0000] {dagbag.py:588} INFO - Filling up the DagBag from /home/airflow/.local/lib/python3.12/site-packages/airflow/example_dags/tutorial_objectstorage.py
[2025-01-10T18:52:31.569+0000] {processor.py:925} INFO - DAG(s) 'tutorial_objectstorage' retrieved from /home/airflow/.local/lib/python3.12/site-packages/airflow/example_dags/tutorial_objectstorage.py
[2025-01-10T18:52:31.610+0000] {logging_mixin.py:190} INFO - [2025-01-10T18:52:31.610+0000] {dag.py:3239} INFO - Sync 1 DAGs
[2025-01-10T18:52:31.642+0000] {logging_mixin.py:190} INFO - [2025-01-10T18:52:31.642+0000] {dag.py:4180} INFO - Setting next_dagrun for tutorial_objectstorage to None, run_after=None
[2025-01-10T18:52:31.677+0000] {processor.py:208} INFO - Processing /home/airflow/.local/lib/python3.12/site-packages/airflow/example_dags/tutorial_objectstorage.py took 0.177 seconds
[2025-01-10T18:53:02.049+0000] {processor.py:186} INFO - Started process (PID=1118) to work on /home/airflow/.local/lib/python3.12/site-packages/airflow/example_dags/tutorial_objectstorage.py
[2025-01-10T18:53:02.051+0000] {processor.py:914} INFO - Processing file /home/airflow/.local/lib/python3.12/site-packages/airflow/example_dags/tutorial_objectstorage.py for tasks to queue
[2025-01-10T18:53:02.058+0000] {logging_mixin.py:190} INFO - [2025-01-10T18:53:02.058+0000] {dagbag.py:588} INFO - Filling up the DagBag from /home/airflow/.local/lib/python3.12/site-packages/airflow/example_dags/tutorial_objectstorage.py
[2025-01-10T18:53:02.075+0000] {processor.py:925} INFO - DAG(s) 'tutorial_objectstorage' retrieved from /home/airflow/.local/lib/python3.12/site-packages/airflow/example_dags/tutorial_objectstorage.py
[2025-01-10T18:53:02.112+0000] {logging_mixin.py:190} INFO - [2025-01-10T18:53:02.111+0000] {dag.py:3239} INFO - Sync 1 DAGs
[2025-01-10T18:53:02.148+0000] {logging_mixin.py:190} INFO - [2025-01-10T18:53:02.147+0000] {dag.py:4180} INFO - Setting next_dagrun for tutorial_objectstorage to None, run_after=None
[2025-01-10T18:53:02.195+0000] {processor.py:208} INFO - Processing /home/airflow/.local/lib/python3.12/site-packages/airflow/example_dags/tutorial_objectstorage.py took 0.162 seconds
[2025-01-10T18:53:34.430+0000] {processor.py:186} INFO - Started process (PID=1181) to work on /home/airflow/.local/lib/python3.12/site-packages/airflow/example_dags/tutorial_objectstorage.py
[2025-01-10T18:53:34.432+0000] {processor.py:914} INFO - Processing file /home/airflow/.local/lib/python3.12/site-packages/airflow/example_dags/tutorial_objectstorage.py for tasks to queue
[2025-01-10T18:53:34.436+0000] {logging_mixin.py:190} INFO - [2025-01-10T18:53:34.436+0000] {dagbag.py:588} INFO - Filling up the DagBag from /home/airflow/.local/lib/python3.12/site-packages/airflow/example_dags/tutorial_objectstorage.py
[2025-01-10T18:53:34.471+0000] {processor.py:925} INFO - DAG(s) 'tutorial_objectstorage' retrieved from /home/airflow/.local/lib/python3.12/site-packages/airflow/example_dags/tutorial_objectstorage.py
[2025-01-10T18:53:34.542+0000] {logging_mixin.py:190} INFO - [2025-01-10T18:53:34.542+0000] {dag.py:3239} INFO - Sync 1 DAGs
[2025-01-10T18:53:34.630+0000] {logging_mixin.py:190} INFO - [2025-01-10T18:53:34.628+0000] {dag.py:4180} INFO - Setting next_dagrun for tutorial_objectstorage to None, run_after=None
[2025-01-10T18:53:34.747+0000] {processor.py:208} INFO - Processing /home/airflow/.local/lib/python3.12/site-packages/airflow/example_dags/tutorial_objectstorage.py took 0.330 seconds
[2025-01-10T18:54:05.554+0000] {processor.py:186} INFO - Started process (PID=1244) to work on /home/airflow/.local/lib/python3.12/site-packages/airflow/example_dags/tutorial_objectstorage.py
[2025-01-10T18:54:05.556+0000] {processor.py:914} INFO - Processing file /home/airflow/.local/lib/python3.12/site-packages/airflow/example_dags/tutorial_objectstorage.py for tasks to queue
[2025-01-10T18:54:05.563+0000] {logging_mixin.py:190} INFO - [2025-01-10T18:54:05.562+0000] {dagbag.py:588} INFO - Filling up the DagBag from /home/airflow/.local/lib/python3.12/site-packages/airflow/example_dags/tutorial_objectstorage.py
[2025-01-10T18:54:05.589+0000] {processor.py:925} INFO - DAG(s) 'tutorial_objectstorage' retrieved from /home/airflow/.local/lib/python3.12/site-packages/airflow/example_dags/tutorial_objectstorage.py
[2025-01-10T18:54:05.633+0000] {logging_mixin.py:190} INFO - [2025-01-10T18:54:05.632+0000] {dag.py:3239} INFO - Sync 1 DAGs
[2025-01-10T18:54:05.665+0000] {logging_mixin.py:190} INFO - [2025-01-10T18:54:05.665+0000] {dag.py:4180} INFO - Setting next_dagrun for tutorial_objectstorage to None, run_after=None
[2025-01-10T18:54:05.703+0000] {processor.py:208} INFO - Processing /home/airflow/.local/lib/python3.12/site-packages/airflow/example_dags/tutorial_objectstorage.py took 0.165 seconds
[2025-01-10T18:54:36.340+0000] {processor.py:186} INFO - Started process (PID=1306) to work on /home/airflow/.local/lib/python3.12/site-packages/airflow/example_dags/tutorial_objectstorage.py
[2025-01-10T18:54:36.344+0000] {processor.py:914} INFO - Processing file /home/airflow/.local/lib/python3.12/site-packages/airflow/example_dags/tutorial_objectstorage.py for tasks to queue
[2025-01-10T18:54:36.356+0000] {logging_mixin.py:190} INFO - [2025-01-10T18:54:36.354+0000] {dagbag.py:588} INFO - Filling up the DagBag from /home/airflow/.local/lib/python3.12/site-packages/airflow/example_dags/tutorial_objectstorage.py
[2025-01-10T18:54:36.389+0000] {processor.py:925} INFO - DAG(s) 'tutorial_objectstorage' retrieved from /home/airflow/.local/lib/python3.12/site-packages/airflow/example_dags/tutorial_objectstorage.py
[2025-01-10T18:54:36.465+0000] {logging_mixin.py:190} INFO - [2025-01-10T18:54:36.464+0000] {dag.py:3239} INFO - Sync 1 DAGs
[2025-01-10T18:54:36.532+0000] {logging_mixin.py:190} INFO - [2025-01-10T18:54:36.532+0000] {dag.py:4180} INFO - Setting next_dagrun for tutorial_objectstorage to None, run_after=None
[2025-01-10T18:54:36.604+0000] {processor.py:208} INFO - Processing /home/airflow/.local/lib/python3.12/site-packages/airflow/example_dags/tutorial_objectstorage.py took 0.283 seconds
[2025-01-10T18:55:07.382+0000] {processor.py:186} INFO - Started process (PID=1368) to work on /home/airflow/.local/lib/python3.12/site-packages/airflow/example_dags/tutorial_objectstorage.py
[2025-01-10T18:55:07.385+0000] {processor.py:914} INFO - Processing file /home/airflow/.local/lib/python3.12/site-packages/airflow/example_dags/tutorial_objectstorage.py for tasks to queue
[2025-01-10T18:55:07.392+0000] {logging_mixin.py:190} INFO - [2025-01-10T18:55:07.391+0000] {dagbag.py:588} INFO - Filling up the DagBag from /home/airflow/.local/lib/python3.12/site-packages/airflow/example_dags/tutorial_objectstorage.py
[2025-01-10T18:55:07.417+0000] {processor.py:925} INFO - DAG(s) 'tutorial_objectstorage' retrieved from /home/airflow/.local/lib/python3.12/site-packages/airflow/example_dags/tutorial_objectstorage.py
[2025-01-10T18:55:07.478+0000] {logging_mixin.py:190} INFO - [2025-01-10T18:55:07.477+0000] {dag.py:3239} INFO - Sync 1 DAGs
[2025-01-10T18:55:07.532+0000] {logging_mixin.py:190} INFO - [2025-01-10T18:55:07.531+0000] {dag.py:4180} INFO - Setting next_dagrun for tutorial_objectstorage to None, run_after=None
[2025-01-10T18:55:07.585+0000] {processor.py:208} INFO - Processing /home/airflow/.local/lib/python3.12/site-packages/airflow/example_dags/tutorial_objectstorage.py took 0.221 seconds
[2025-01-10T18:55:38.022+0000] {processor.py:186} INFO - Started process (PID=1430) to work on /home/airflow/.local/lib/python3.12/site-packages/airflow/example_dags/tutorial_objectstorage.py
[2025-01-10T18:55:38.025+0000] {processor.py:914} INFO - Processing file /home/airflow/.local/lib/python3.12/site-packages/airflow/example_dags/tutorial_objectstorage.py for tasks to queue
[2025-01-10T18:55:38.031+0000] {logging_mixin.py:190} INFO - [2025-01-10T18:55:38.030+0000] {dagbag.py:588} INFO - Filling up the DagBag from /home/airflow/.local/lib/python3.12/site-packages/airflow/example_dags/tutorial_objectstorage.py
[2025-01-10T18:55:38.058+0000] {processor.py:925} INFO - DAG(s) 'tutorial_objectstorage' retrieved from /home/airflow/.local/lib/python3.12/site-packages/airflow/example_dags/tutorial_objectstorage.py
[2025-01-10T18:55:38.116+0000] {logging_mixin.py:190} INFO - [2025-01-10T18:55:38.115+0000] {dag.py:3239} INFO - Sync 1 DAGs
[2025-01-10T18:55:38.168+0000] {logging_mixin.py:190} INFO - [2025-01-10T18:55:38.168+0000] {dag.py:4180} INFO - Setting next_dagrun for tutorial_objectstorage to None, run_after=None
[2025-01-10T18:55:38.222+0000] {processor.py:208} INFO - Processing /home/airflow/.local/lib/python3.12/site-packages/airflow/example_dags/tutorial_objectstorage.py took 0.217 seconds
[2025-01-10T18:56:08.671+0000] {processor.py:186} INFO - Started process (PID=1493) to work on /home/airflow/.local/lib/python3.12/site-packages/airflow/example_dags/tutorial_objectstorage.py
[2025-01-10T18:56:08.683+0000] {processor.py:914} INFO - Processing file /home/airflow/.local/lib/python3.12/site-packages/airflow/example_dags/tutorial_objectstorage.py for tasks to queue
[2025-01-10T18:56:08.696+0000] {logging_mixin.py:190} INFO - [2025-01-10T18:56:08.695+0000] {dagbag.py:588} INFO - Filling up the DagBag from /home/airflow/.local/lib/python3.12/site-packages/airflow/example_dags/tutorial_objectstorage.py
[2025-01-10T18:56:08.781+0000] {processor.py:925} INFO - DAG(s) 'tutorial_objectstorage' retrieved from /home/airflow/.local/lib/python3.12/site-packages/airflow/example_dags/tutorial_objectstorage.py
[2025-01-10T18:56:08.874+0000] {logging_mixin.py:190} INFO - [2025-01-10T18:56:08.873+0000] {dag.py:3239} INFO - Sync 1 DAGs
[2025-01-10T18:56:08.932+0000] {logging_mixin.py:190} INFO - [2025-01-10T18:56:08.931+0000] {dag.py:4180} INFO - Setting next_dagrun for tutorial_objectstorage to None, run_after=None
[2025-01-10T18:56:09.067+0000] {processor.py:208} INFO - Processing /home/airflow/.local/lib/python3.12/site-packages/airflow/example_dags/tutorial_objectstorage.py took 0.465 seconds
[2025-01-10T18:56:39.622+0000] {processor.py:186} INFO - Started process (PID=1556) to work on /home/airflow/.local/lib/python3.12/site-packages/airflow/example_dags/tutorial_objectstorage.py
[2025-01-10T18:56:39.626+0000] {processor.py:914} INFO - Processing file /home/airflow/.local/lib/python3.12/site-packages/airflow/example_dags/tutorial_objectstorage.py for tasks to queue
[2025-01-10T18:56:39.634+0000] {logging_mixin.py:190} INFO - [2025-01-10T18:56:39.633+0000] {dagbag.py:588} INFO - Filling up the DagBag from /home/airflow/.local/lib/python3.12/site-packages/airflow/example_dags/tutorial_objectstorage.py
[2025-01-10T18:56:39.666+0000] {processor.py:925} INFO - DAG(s) 'tutorial_objectstorage' retrieved from /home/airflow/.local/lib/python3.12/site-packages/airflow/example_dags/tutorial_objectstorage.py
[2025-01-10T18:56:39.743+0000] {logging_mixin.py:190} INFO - [2025-01-10T18:56:39.743+0000] {dag.py:3239} INFO - Sync 1 DAGs
[2025-01-10T18:56:39.781+0000] {logging_mixin.py:190} INFO - [2025-01-10T18:56:39.780+0000] {dag.py:4180} INFO - Setting next_dagrun for tutorial_objectstorage to None, run_after=None
[2025-01-10T18:56:39.820+0000] {processor.py:208} INFO - Processing /home/airflow/.local/lib/python3.12/site-packages/airflow/example_dags/tutorial_objectstorage.py took 0.222 seconds
[2025-01-10T18:57:10.347+0000] {processor.py:186} INFO - Started process (PID=1619) to work on /home/airflow/.local/lib/python3.12/site-packages/airflow/example_dags/tutorial_objectstorage.py
[2025-01-10T18:57:10.349+0000] {processor.py:914} INFO - Processing file /home/airflow/.local/lib/python3.12/site-packages/airflow/example_dags/tutorial_objectstorage.py for tasks to queue
[2025-01-10T18:57:10.355+0000] {logging_mixin.py:190} INFO - [2025-01-10T18:57:10.354+0000] {dagbag.py:588} INFO - Filling up the DagBag from /home/airflow/.local/lib/python3.12/site-packages/airflow/example_dags/tutorial_objectstorage.py
[2025-01-10T18:57:10.379+0000] {processor.py:925} INFO - DAG(s) 'tutorial_objectstorage' retrieved from /home/airflow/.local/lib/python3.12/site-packages/airflow/example_dags/tutorial_objectstorage.py
[2025-01-10T18:57:10.445+0000] {logging_mixin.py:190} INFO - [2025-01-10T18:57:10.444+0000] {dag.py:3239} INFO - Sync 1 DAGs
[2025-01-10T18:57:10.503+0000] {logging_mixin.py:190} INFO - [2025-01-10T18:57:10.502+0000] {dag.py:4180} INFO - Setting next_dagrun for tutorial_objectstorage to None, run_after=None
[2025-01-10T18:57:10.564+0000] {processor.py:208} INFO - Processing /home/airflow/.local/lib/python3.12/site-packages/airflow/example_dags/tutorial_objectstorage.py took 0.234 seconds
[2025-01-10T18:57:40.648+0000] {processor.py:186} INFO - Started process (PID=1682) to work on /home/airflow/.local/lib/python3.12/site-packages/airflow/example_dags/tutorial_objectstorage.py
[2025-01-10T18:57:40.650+0000] {processor.py:914} INFO - Processing file /home/airflow/.local/lib/python3.12/site-packages/airflow/example_dags/tutorial_objectstorage.py for tasks to queue
[2025-01-10T18:57:40.653+0000] {logging_mixin.py:190} INFO - [2025-01-10T18:57:40.653+0000] {dagbag.py:588} INFO - Filling up the DagBag from /home/airflow/.local/lib/python3.12/site-packages/airflow/example_dags/tutorial_objectstorage.py
[2025-01-10T18:57:40.668+0000] {processor.py:925} INFO - DAG(s) 'tutorial_objectstorage' retrieved from /home/airflow/.local/lib/python3.12/site-packages/airflow/example_dags/tutorial_objectstorage.py
[2025-01-10T18:57:40.716+0000] {logging_mixin.py:190} INFO - [2025-01-10T18:57:40.716+0000] {dag.py:3239} INFO - Sync 1 DAGs
[2025-01-10T18:57:40.750+0000] {logging_mixin.py:190} INFO - [2025-01-10T18:57:40.750+0000] {dag.py:4180} INFO - Setting next_dagrun for tutorial_objectstorage to None, run_after=None
[2025-01-10T18:57:40.790+0000] {processor.py:208} INFO - Processing /home/airflow/.local/lib/python3.12/site-packages/airflow/example_dags/tutorial_objectstorage.py took 0.154 seconds
[2025-01-10T18:58:11.493+0000] {processor.py:186} INFO - Started process (PID=1745) to work on /home/airflow/.local/lib/python3.12/site-packages/airflow/example_dags/tutorial_objectstorage.py
[2025-01-10T18:58:11.498+0000] {processor.py:914} INFO - Processing file /home/airflow/.local/lib/python3.12/site-packages/airflow/example_dags/tutorial_objectstorage.py for tasks to queue
[2025-01-10T18:58:11.513+0000] {logging_mixin.py:190} INFO - [2025-01-10T18:58:11.512+0000] {dagbag.py:588} INFO - Filling up the DagBag from /home/airflow/.local/lib/python3.12/site-packages/airflow/example_dags/tutorial_objectstorage.py
[2025-01-10T18:58:11.546+0000] {processor.py:925} INFO - DAG(s) 'tutorial_objectstorage' retrieved from /home/airflow/.local/lib/python3.12/site-packages/airflow/example_dags/tutorial_objectstorage.py
[2025-01-10T18:58:11.622+0000] {logging_mixin.py:190} INFO - [2025-01-10T18:58:11.622+0000] {dag.py:3239} INFO - Sync 1 DAGs
[2025-01-10T18:58:11.674+0000] {logging_mixin.py:190} INFO - [2025-01-10T18:58:11.674+0000] {dag.py:4180} INFO - Setting next_dagrun for tutorial_objectstorage to None, run_after=None
[2025-01-10T18:58:11.727+0000] {processor.py:208} INFO - Processing /home/airflow/.local/lib/python3.12/site-packages/airflow/example_dags/tutorial_objectstorage.py took 0.256 seconds
[2025-01-10T18:58:42.038+0000] {processor.py:186} INFO - Started process (PID=1813) to work on /home/airflow/.local/lib/python3.12/site-packages/airflow/example_dags/tutorial_objectstorage.py
[2025-01-10T18:58:42.040+0000] {processor.py:914} INFO - Processing file /home/airflow/.local/lib/python3.12/site-packages/airflow/example_dags/tutorial_objectstorage.py for tasks to queue
[2025-01-10T18:58:42.046+0000] {logging_mixin.py:190} INFO - [2025-01-10T18:58:42.045+0000] {dagbag.py:588} INFO - Filling up the DagBag from /home/airflow/.local/lib/python3.12/site-packages/airflow/example_dags/tutorial_objectstorage.py
[2025-01-10T18:58:42.074+0000] {processor.py:925} INFO - DAG(s) 'tutorial_objectstorage' retrieved from /home/airflow/.local/lib/python3.12/site-packages/airflow/example_dags/tutorial_objectstorage.py
[2025-01-10T18:58:42.133+0000] {logging_mixin.py:190} INFO - [2025-01-10T18:58:42.132+0000] {dag.py:3239} INFO - Sync 1 DAGs
[2025-01-10T18:58:42.169+0000] {logging_mixin.py:190} INFO - [2025-01-10T18:58:42.169+0000] {dag.py:4180} INFO - Setting next_dagrun for tutorial_objectstorage to None, run_after=None
[2025-01-10T18:58:42.206+0000] {processor.py:208} INFO - Processing /home/airflow/.local/lib/python3.12/site-packages/airflow/example_dags/tutorial_objectstorage.py took 0.188 seconds
[2025-01-10T18:59:12.539+0000] {processor.py:186} INFO - Started process (PID=1876) to work on /home/airflow/.local/lib/python3.12/site-packages/airflow/example_dags/tutorial_objectstorage.py
[2025-01-10T18:59:12.541+0000] {processor.py:914} INFO - Processing file /home/airflow/.local/lib/python3.12/site-packages/airflow/example_dags/tutorial_objectstorage.py for tasks to queue
[2025-01-10T18:59:12.545+0000] {logging_mixin.py:190} INFO - [2025-01-10T18:59:12.545+0000] {dagbag.py:588} INFO - Filling up the DagBag from /home/airflow/.local/lib/python3.12/site-packages/airflow/example_dags/tutorial_objectstorage.py
[2025-01-10T18:59:12.574+0000] {processor.py:925} INFO - DAG(s) 'tutorial_objectstorage' retrieved from /home/airflow/.local/lib/python3.12/site-packages/airflow/example_dags/tutorial_objectstorage.py
[2025-01-10T18:59:12.629+0000] {logging_mixin.py:190} INFO - [2025-01-10T18:59:12.629+0000] {dag.py:3239} INFO - Sync 1 DAGs
[2025-01-10T18:59:12.665+0000] {logging_mixin.py:190} INFO - [2025-01-10T18:59:12.665+0000] {dag.py:4180} INFO - Setting next_dagrun for tutorial_objectstorage to None, run_after=None
[2025-01-10T18:59:12.701+0000] {processor.py:208} INFO - Processing /home/airflow/.local/lib/python3.12/site-packages/airflow/example_dags/tutorial_objectstorage.py took 0.177 seconds
[2025-01-10T18:59:43.158+0000] {processor.py:186} INFO - Started process (PID=1939) to work on /home/airflow/.local/lib/python3.12/site-packages/airflow/example_dags/tutorial_objectstorage.py
[2025-01-10T18:59:43.160+0000] {processor.py:914} INFO - Processing file /home/airflow/.local/lib/python3.12/site-packages/airflow/example_dags/tutorial_objectstorage.py for tasks to queue
[2025-01-10T18:59:43.166+0000] {logging_mixin.py:190} INFO - [2025-01-10T18:59:43.165+0000] {dagbag.py:588} INFO - Filling up the DagBag from /home/airflow/.local/lib/python3.12/site-packages/airflow/example_dags/tutorial_objectstorage.py
[2025-01-10T18:59:43.189+0000] {processor.py:925} INFO - DAG(s) 'tutorial_objectstorage' retrieved from /home/airflow/.local/lib/python3.12/site-packages/airflow/example_dags/tutorial_objectstorage.py
[2025-01-10T18:59:43.244+0000] {logging_mixin.py:190} INFO - [2025-01-10T18:59:43.244+0000] {dag.py:3239} INFO - Sync 1 DAGs
[2025-01-10T18:59:43.296+0000] {logging_mixin.py:190} INFO - [2025-01-10T18:59:43.296+0000] {dag.py:4180} INFO - Setting next_dagrun for tutorial_objectstorage to None, run_after=None
[2025-01-10T18:59:43.348+0000] {processor.py:208} INFO - Processing /home/airflow/.local/lib/python3.12/site-packages/airflow/example_dags/tutorial_objectstorage.py took 0.202 seconds
[2025-01-10T19:00:14.913+0000] {processor.py:186} INFO - Started process (PID=2002) to work on /home/airflow/.local/lib/python3.12/site-packages/airflow/example_dags/tutorial_objectstorage.py
[2025-01-10T19:00:14.915+0000] {processor.py:914} INFO - Processing file /home/airflow/.local/lib/python3.12/site-packages/airflow/example_dags/tutorial_objectstorage.py for tasks to queue
[2025-01-10T19:00:14.921+0000] {logging_mixin.py:190} INFO - [2025-01-10T19:00:14.920+0000] {dagbag.py:588} INFO - Filling up the DagBag from /home/airflow/.local/lib/python3.12/site-packages/airflow/example_dags/tutorial_objectstorage.py
[2025-01-10T19:00:14.944+0000] {processor.py:925} INFO - DAG(s) 'tutorial_objectstorage' retrieved from /home/airflow/.local/lib/python3.12/site-packages/airflow/example_dags/tutorial_objectstorage.py
[2025-01-10T19:00:15.014+0000] {logging_mixin.py:190} INFO - [2025-01-10T19:00:15.013+0000] {dag.py:3239} INFO - Sync 1 DAGs
[2025-01-10T19:00:15.058+0000] {logging_mixin.py:190} INFO - [2025-01-10T19:00:15.057+0000] {dag.py:4180} INFO - Setting next_dagrun for tutorial_objectstorage to None, run_after=None
[2025-01-10T19:00:15.119+0000] {processor.py:208} INFO - Processing /home/airflow/.local/lib/python3.12/site-packages/airflow/example_dags/tutorial_objectstorage.py took 0.220 seconds
[2025-01-10T19:00:45.352+0000] {processor.py:186} INFO - Started process (PID=2064) to work on /home/airflow/.local/lib/python3.12/site-packages/airflow/example_dags/tutorial_objectstorage.py
[2025-01-10T19:00:45.356+0000] {processor.py:914} INFO - Processing file /home/airflow/.local/lib/python3.12/site-packages/airflow/example_dags/tutorial_objectstorage.py for tasks to queue
[2025-01-10T19:00:45.367+0000] {logging_mixin.py:190} INFO - [2025-01-10T19:00:45.366+0000] {dagbag.py:588} INFO - Filling up the DagBag from /home/airflow/.local/lib/python3.12/site-packages/airflow/example_dags/tutorial_objectstorage.py
[2025-01-10T19:00:45.396+0000] {processor.py:925} INFO - DAG(s) 'tutorial_objectstorage' retrieved from /home/airflow/.local/lib/python3.12/site-packages/airflow/example_dags/tutorial_objectstorage.py
[2025-01-10T19:00:45.433+0000] {logging_mixin.py:190} INFO - [2025-01-10T19:00:45.432+0000] {dag.py:3239} INFO - Sync 1 DAGs
[2025-01-10T19:00:45.489+0000] {logging_mixin.py:190} INFO - [2025-01-10T19:00:45.489+0000] {dag.py:4180} INFO - Setting next_dagrun for tutorial_objectstorage to None, run_after=None
[2025-01-10T19:00:45.537+0000] {processor.py:208} INFO - Processing /home/airflow/.local/lib/python3.12/site-packages/airflow/example_dags/tutorial_objectstorage.py took 0.216 seconds
[2025-01-10T19:01:16.100+0000] {processor.py:186} INFO - Started process (PID=2126) to work on /home/airflow/.local/lib/python3.12/site-packages/airflow/example_dags/tutorial_objectstorage.py
[2025-01-10T19:01:16.104+0000] {processor.py:914} INFO - Processing file /home/airflow/.local/lib/python3.12/site-packages/airflow/example_dags/tutorial_objectstorage.py for tasks to queue
[2025-01-10T19:01:16.116+0000] {logging_mixin.py:190} INFO - [2025-01-10T19:01:16.115+0000] {dagbag.py:588} INFO - Filling up the DagBag from /home/airflow/.local/lib/python3.12/site-packages/airflow/example_dags/tutorial_objectstorage.py
[2025-01-10T19:01:16.161+0000] {processor.py:925} INFO - DAG(s) 'tutorial_objectstorage' retrieved from /home/airflow/.local/lib/python3.12/site-packages/airflow/example_dags/tutorial_objectstorage.py
[2025-01-10T19:01:16.270+0000] {logging_mixin.py:190} INFO - [2025-01-10T19:01:16.269+0000] {dag.py:3239} INFO - Sync 1 DAGs
[2025-01-10T19:01:16.348+0000] {logging_mixin.py:190} INFO - [2025-01-10T19:01:16.347+0000] {dag.py:4180} INFO - Setting next_dagrun for tutorial_objectstorage to None, run_after=None
[2025-01-10T19:01:16.440+0000] {processor.py:208} INFO - Processing /home/airflow/.local/lib/python3.12/site-packages/airflow/example_dags/tutorial_objectstorage.py took 0.396 seconds
[2025-01-10T19:01:46.814+0000] {processor.py:186} INFO - Started process (PID=2189) to work on /home/airflow/.local/lib/python3.12/site-packages/airflow/example_dags/tutorial_objectstorage.py
[2025-01-10T19:01:46.817+0000] {processor.py:914} INFO - Processing file /home/airflow/.local/lib/python3.12/site-packages/airflow/example_dags/tutorial_objectstorage.py for tasks to queue
[2025-01-10T19:01:46.826+0000] {logging_mixin.py:190} INFO - [2025-01-10T19:01:46.825+0000] {dagbag.py:588} INFO - Filling up the DagBag from /home/airflow/.local/lib/python3.12/site-packages/airflow/example_dags/tutorial_objectstorage.py
[2025-01-10T19:01:46.867+0000] {processor.py:925} INFO - DAG(s) 'tutorial_objectstorage' retrieved from /home/airflow/.local/lib/python3.12/site-packages/airflow/example_dags/tutorial_objectstorage.py
[2025-01-10T19:01:46.941+0000] {logging_mixin.py:190} INFO - [2025-01-10T19:01:46.939+0000] {dag.py:3239} INFO - Sync 1 DAGs
[2025-01-10T19:01:46.995+0000] {logging_mixin.py:190} INFO - [2025-01-10T19:01:46.995+0000] {dag.py:4180} INFO - Setting next_dagrun for tutorial_objectstorage to None, run_after=None
[2025-01-10T19:01:47.040+0000] {processor.py:208} INFO - Processing /home/airflow/.local/lib/python3.12/site-packages/airflow/example_dags/tutorial_objectstorage.py took 0.245 seconds
[2025-01-10T19:02:17.464+0000] {processor.py:186} INFO - Started process (PID=2252) to work on /home/airflow/.local/lib/python3.12/site-packages/airflow/example_dags/tutorial_objectstorage.py
[2025-01-10T19:02:17.467+0000] {processor.py:914} INFO - Processing file /home/airflow/.local/lib/python3.12/site-packages/airflow/example_dags/tutorial_objectstorage.py for tasks to queue
[2025-01-10T19:02:17.476+0000] {logging_mixin.py:190} INFO - [2025-01-10T19:02:17.475+0000] {dagbag.py:588} INFO - Filling up the DagBag from /home/airflow/.local/lib/python3.12/site-packages/airflow/example_dags/tutorial_objectstorage.py
[2025-01-10T19:02:17.501+0000] {processor.py:925} INFO - DAG(s) 'tutorial_objectstorage' retrieved from /home/airflow/.local/lib/python3.12/site-packages/airflow/example_dags/tutorial_objectstorage.py
[2025-01-10T19:02:17.552+0000] {logging_mixin.py:190} INFO - [2025-01-10T19:02:17.552+0000] {dag.py:3239} INFO - Sync 1 DAGs
[2025-01-10T19:02:17.594+0000] {logging_mixin.py:190} INFO - [2025-01-10T19:02:17.594+0000] {dag.py:4180} INFO - Setting next_dagrun for tutorial_objectstorage to None, run_after=None
[2025-01-10T19:02:17.647+0000] {processor.py:208} INFO - Processing /home/airflow/.local/lib/python3.12/site-packages/airflow/example_dags/tutorial_objectstorage.py took 0.195 seconds
[2025-01-10T19:02:47.987+0000] {processor.py:186} INFO - Started process (PID=2315) to work on /home/airflow/.local/lib/python3.12/site-packages/airflow/example_dags/tutorial_objectstorage.py
[2025-01-10T19:02:47.989+0000] {processor.py:914} INFO - Processing file /home/airflow/.local/lib/python3.12/site-packages/airflow/example_dags/tutorial_objectstorage.py for tasks to queue
[2025-01-10T19:02:47.993+0000] {logging_mixin.py:190} INFO - [2025-01-10T19:02:47.993+0000] {dagbag.py:588} INFO - Filling up the DagBag from /home/airflow/.local/lib/python3.12/site-packages/airflow/example_dags/tutorial_objectstorage.py
[2025-01-10T19:02:48.014+0000] {processor.py:925} INFO - DAG(s) 'tutorial_objectstorage' retrieved from /home/airflow/.local/lib/python3.12/site-packages/airflow/example_dags/tutorial_objectstorage.py
[2025-01-10T19:02:48.076+0000] {logging_mixin.py:190} INFO - [2025-01-10T19:02:48.075+0000] {dag.py:3239} INFO - Sync 1 DAGs
[2025-01-10T19:02:48.129+0000] {logging_mixin.py:190} INFO - [2025-01-10T19:02:48.128+0000] {dag.py:4180} INFO - Setting next_dagrun for tutorial_objectstorage to None, run_after=None
[2025-01-10T19:02:48.189+0000] {processor.py:208} INFO - Processing /home/airflow/.local/lib/python3.12/site-packages/airflow/example_dags/tutorial_objectstorage.py took 0.216 seconds
[2025-01-10T19:03:18.844+0000] {processor.py:186} INFO - Started process (PID=2377) to work on /home/airflow/.local/lib/python3.12/site-packages/airflow/example_dags/tutorial_objectstorage.py
[2025-01-10T19:03:18.853+0000] {processor.py:914} INFO - Processing file /home/airflow/.local/lib/python3.12/site-packages/airflow/example_dags/tutorial_objectstorage.py for tasks to queue
[2025-01-10T19:03:18.874+0000] {logging_mixin.py:190} INFO - [2025-01-10T19:03:18.873+0000] {dagbag.py:588} INFO - Filling up the DagBag from /home/airflow/.local/lib/python3.12/site-packages/airflow/example_dags/tutorial_objectstorage.py
[2025-01-10T19:03:18.935+0000] {processor.py:925} INFO - DAG(s) 'tutorial_objectstorage' retrieved from /home/airflow/.local/lib/python3.12/site-packages/airflow/example_dags/tutorial_objectstorage.py
[2025-01-10T19:03:18.977+0000] {logging_mixin.py:190} INFO - [2025-01-10T19:03:18.977+0000] {dag.py:3239} INFO - Sync 1 DAGs
[2025-01-10T19:03:19.045+0000] {logging_mixin.py:190} INFO - [2025-01-10T19:03:19.043+0000] {dag.py:4180} INFO - Setting next_dagrun for tutorial_objectstorage to None, run_after=None
[2025-01-10T19:03:19.149+0000] {processor.py:208} INFO - Processing /home/airflow/.local/lib/python3.12/site-packages/airflow/example_dags/tutorial_objectstorage.py took 0.335 seconds
[2025-01-10T19:03:50.808+0000] {processor.py:186} INFO - Started process (PID=2440) to work on /home/airflow/.local/lib/python3.12/site-packages/airflow/example_dags/tutorial_objectstorage.py
[2025-01-10T19:03:50.813+0000] {processor.py:914} INFO - Processing file /home/airflow/.local/lib/python3.12/site-packages/airflow/example_dags/tutorial_objectstorage.py for tasks to queue
[2025-01-10T19:03:50.825+0000] {logging_mixin.py:190} INFO - [2025-01-10T19:03:50.823+0000] {dagbag.py:588} INFO - Filling up the DagBag from /home/airflow/.local/lib/python3.12/site-packages/airflow/example_dags/tutorial_objectstorage.py
[2025-01-10T19:03:50.856+0000] {processor.py:925} INFO - DAG(s) 'tutorial_objectstorage' retrieved from /home/airflow/.local/lib/python3.12/site-packages/airflow/example_dags/tutorial_objectstorage.py
[2025-01-10T19:03:50.920+0000] {logging_mixin.py:190} INFO - [2025-01-10T19:03:50.919+0000] {dag.py:3239} INFO - Sync 1 DAGs
[2025-01-10T19:03:50.948+0000] {logging_mixin.py:190} INFO - [2025-01-10T19:03:50.948+0000] {dag.py:4180} INFO - Setting next_dagrun for tutorial_objectstorage to None, run_after=None
[2025-01-10T19:03:50.998+0000] {processor.py:208} INFO - Processing /home/airflow/.local/lib/python3.12/site-packages/airflow/example_dags/tutorial_objectstorage.py took 0.214 seconds
[2025-01-10T19:04:21.847+0000] {processor.py:186} INFO - Started process (PID=2503) to work on /home/airflow/.local/lib/python3.12/site-packages/airflow/example_dags/tutorial_objectstorage.py
[2025-01-10T19:04:21.849+0000] {processor.py:914} INFO - Processing file /home/airflow/.local/lib/python3.12/site-packages/airflow/example_dags/tutorial_objectstorage.py for tasks to queue
[2025-01-10T19:04:21.855+0000] {logging_mixin.py:190} INFO - [2025-01-10T19:04:21.854+0000] {dagbag.py:588} INFO - Filling up the DagBag from /home/airflow/.local/lib/python3.12/site-packages/airflow/example_dags/tutorial_objectstorage.py
[2025-01-10T19:04:21.890+0000] {processor.py:925} INFO - DAG(s) 'tutorial_objectstorage' retrieved from /home/airflow/.local/lib/python3.12/site-packages/airflow/example_dags/tutorial_objectstorage.py
[2025-01-10T19:04:21.983+0000] {logging_mixin.py:190} INFO - [2025-01-10T19:04:21.981+0000] {dag.py:3239} INFO - Sync 1 DAGs
[2025-01-10T19:04:22.049+0000] {logging_mixin.py:190} INFO - [2025-01-10T19:04:22.048+0000] {dag.py:4180} INFO - Setting next_dagrun for tutorial_objectstorage to None, run_after=None
[2025-01-10T19:04:22.125+0000] {processor.py:208} INFO - Processing /home/airflow/.local/lib/python3.12/site-packages/airflow/example_dags/tutorial_objectstorage.py took 0.295 seconds
[2025-01-10T19:04:52.435+0000] {processor.py:186} INFO - Started process (PID=2565) to work on /home/airflow/.local/lib/python3.12/site-packages/airflow/example_dags/tutorial_objectstorage.py
[2025-01-10T19:04:52.437+0000] {processor.py:914} INFO - Processing file /home/airflow/.local/lib/python3.12/site-packages/airflow/example_dags/tutorial_objectstorage.py for tasks to queue
[2025-01-10T19:04:52.442+0000] {logging_mixin.py:190} INFO - [2025-01-10T19:04:52.441+0000] {dagbag.py:588} INFO - Filling up the DagBag from /home/airflow/.local/lib/python3.12/site-packages/airflow/example_dags/tutorial_objectstorage.py
[2025-01-10T19:04:52.459+0000] {processor.py:925} INFO - DAG(s) 'tutorial_objectstorage' retrieved from /home/airflow/.local/lib/python3.12/site-packages/airflow/example_dags/tutorial_objectstorage.py
[2025-01-10T19:04:52.518+0000] {logging_mixin.py:190} INFO - [2025-01-10T19:04:52.518+0000] {dag.py:3239} INFO - Sync 1 DAGs
[2025-01-10T19:04:52.556+0000] {logging_mixin.py:190} INFO - [2025-01-10T19:04:52.555+0000] {dag.py:4180} INFO - Setting next_dagrun for tutorial_objectstorage to None, run_after=None
[2025-01-10T19:04:52.604+0000] {processor.py:208} INFO - Processing /home/airflow/.local/lib/python3.12/site-packages/airflow/example_dags/tutorial_objectstorage.py took 0.182 seconds
[2025-01-10T19:05:22.808+0000] {processor.py:186} INFO - Started process (PID=2628) to work on /home/airflow/.local/lib/python3.12/site-packages/airflow/example_dags/tutorial_objectstorage.py
[2025-01-10T19:05:22.810+0000] {processor.py:914} INFO - Processing file /home/airflow/.local/lib/python3.12/site-packages/airflow/example_dags/tutorial_objectstorage.py for tasks to queue
[2025-01-10T19:05:22.814+0000] {logging_mixin.py:190} INFO - [2025-01-10T19:05:22.813+0000] {dagbag.py:588} INFO - Filling up the DagBag from /home/airflow/.local/lib/python3.12/site-packages/airflow/example_dags/tutorial_objectstorage.py
[2025-01-10T19:05:22.847+0000] {processor.py:925} INFO - DAG(s) 'tutorial_objectstorage' retrieved from /home/airflow/.local/lib/python3.12/site-packages/airflow/example_dags/tutorial_objectstorage.py
[2025-01-10T19:05:22.917+0000] {logging_mixin.py:190} INFO - [2025-01-10T19:05:22.917+0000] {dag.py:3239} INFO - Sync 1 DAGs
[2025-01-10T19:05:22.956+0000] {logging_mixin.py:190} INFO - [2025-01-10T19:05:22.955+0000] {dag.py:4180} INFO - Setting next_dagrun for tutorial_objectstorage to None, run_after=None
[2025-01-10T19:05:23.000+0000] {processor.py:208} INFO - Processing /home/airflow/.local/lib/python3.12/site-packages/airflow/example_dags/tutorial_objectstorage.py took 0.203 seconds
[2025-01-10T19:05:53.623+0000] {processor.py:186} INFO - Started process (PID=2691) to work on /home/airflow/.local/lib/python3.12/site-packages/airflow/example_dags/tutorial_objectstorage.py
[2025-01-10T19:05:53.626+0000] {processor.py:914} INFO - Processing file /home/airflow/.local/lib/python3.12/site-packages/airflow/example_dags/tutorial_objectstorage.py for tasks to queue
[2025-01-10T19:05:53.632+0000] {logging_mixin.py:190} INFO - [2025-01-10T19:05:53.632+0000] {dagbag.py:588} INFO - Filling up the DagBag from /home/airflow/.local/lib/python3.12/site-packages/airflow/example_dags/tutorial_objectstorage.py
[2025-01-10T19:05:53.651+0000] {processor.py:925} INFO - DAG(s) 'tutorial_objectstorage' retrieved from /home/airflow/.local/lib/python3.12/site-packages/airflow/example_dags/tutorial_objectstorage.py
[2025-01-10T19:05:53.699+0000] {logging_mixin.py:190} INFO - [2025-01-10T19:05:53.699+0000] {dag.py:3239} INFO - Sync 1 DAGs
[2025-01-10T19:05:53.726+0000] {logging_mixin.py:190} INFO - [2025-01-10T19:05:53.725+0000] {dag.py:4180} INFO - Setting next_dagrun for tutorial_objectstorage to None, run_after=None
[2025-01-10T19:05:53.766+0000] {processor.py:208} INFO - Processing /home/airflow/.local/lib/python3.12/site-packages/airflow/example_dags/tutorial_objectstorage.py took 0.158 seconds
[2025-01-10T19:06:27.019+0000] {processor.py:186} INFO - Started process (PID=2754) to work on /home/airflow/.local/lib/python3.12/site-packages/airflow/example_dags/tutorial_objectstorage.py
[2025-01-10T19:06:27.026+0000] {processor.py:914} INFO - Processing file /home/airflow/.local/lib/python3.12/site-packages/airflow/example_dags/tutorial_objectstorage.py for tasks to queue
[2025-01-10T19:06:27.045+0000] {logging_mixin.py:190} INFO - [2025-01-10T19:06:27.043+0000] {dagbag.py:588} INFO - Filling up the DagBag from /home/airflow/.local/lib/python3.12/site-packages/airflow/example_dags/tutorial_objectstorage.py
[2025-01-10T19:06:27.092+0000] {processor.py:925} INFO - DAG(s) 'tutorial_objectstorage' retrieved from /home/airflow/.local/lib/python3.12/site-packages/airflow/example_dags/tutorial_objectstorage.py
[2025-01-10T19:06:27.150+0000] {logging_mixin.py:190} INFO - [2025-01-10T19:06:27.149+0000] {dag.py:3239} INFO - Sync 1 DAGs
[2025-01-10T19:06:27.186+0000] {logging_mixin.py:190} INFO - [2025-01-10T19:06:27.185+0000] {dag.py:4180} INFO - Setting next_dagrun for tutorial_objectstorage to None, run_after=None
[2025-01-10T19:06:27.240+0000] {processor.py:208} INFO - Processing /home/airflow/.local/lib/python3.12/site-packages/airflow/example_dags/tutorial_objectstorage.py took 0.285 seconds
[2025-01-10T19:06:58.426+0000] {processor.py:186} INFO - Started process (PID=2817) to work on /home/airflow/.local/lib/python3.12/site-packages/airflow/example_dags/tutorial_objectstorage.py
[2025-01-10T19:06:58.429+0000] {processor.py:914} INFO - Processing file /home/airflow/.local/lib/python3.12/site-packages/airflow/example_dags/tutorial_objectstorage.py for tasks to queue
[2025-01-10T19:06:58.436+0000] {logging_mixin.py:190} INFO - [2025-01-10T19:06:58.435+0000] {dagbag.py:588} INFO - Filling up the DagBag from /home/airflow/.local/lib/python3.12/site-packages/airflow/example_dags/tutorial_objectstorage.py
[2025-01-10T19:06:58.473+0000] {processor.py:925} INFO - DAG(s) 'tutorial_objectstorage' retrieved from /home/airflow/.local/lib/python3.12/site-packages/airflow/example_dags/tutorial_objectstorage.py
[2025-01-10T19:06:58.553+0000] {logging_mixin.py:190} INFO - [2025-01-10T19:06:58.552+0000] {dag.py:3239} INFO - Sync 1 DAGs
[2025-01-10T19:06:58.607+0000] {logging_mixin.py:190} INFO - [2025-01-10T19:06:58.607+0000] {dag.py:4180} INFO - Setting next_dagrun for tutorial_objectstorage to None, run_after=None
[2025-01-10T19:06:58.661+0000] {processor.py:208} INFO - Processing /home/airflow/.local/lib/python3.12/site-packages/airflow/example_dags/tutorial_objectstorage.py took 0.252 seconds
[2025-01-10T19:07:30.215+0000] {processor.py:186} INFO - Started process (PID=2881) to work on /home/airflow/.local/lib/python3.12/site-packages/airflow/example_dags/tutorial_objectstorage.py
[2025-01-10T19:07:30.218+0000] {processor.py:914} INFO - Processing file /home/airflow/.local/lib/python3.12/site-packages/airflow/example_dags/tutorial_objectstorage.py for tasks to queue
[2025-01-10T19:07:30.224+0000] {logging_mixin.py:190} INFO - [2025-01-10T19:07:30.223+0000] {dagbag.py:588} INFO - Filling up the DagBag from /home/airflow/.local/lib/python3.12/site-packages/airflow/example_dags/tutorial_objectstorage.py
[2025-01-10T19:07:30.246+0000] {processor.py:925} INFO - DAG(s) 'tutorial_objectstorage' retrieved from /home/airflow/.local/lib/python3.12/site-packages/airflow/example_dags/tutorial_objectstorage.py
[2025-01-10T19:07:30.296+0000] {logging_mixin.py:190} INFO - [2025-01-10T19:07:30.295+0000] {dag.py:3239} INFO - Sync 1 DAGs
[2025-01-10T19:07:30.333+0000] {logging_mixin.py:190} INFO - [2025-01-10T19:07:30.333+0000] {dag.py:4180} INFO - Setting next_dagrun for tutorial_objectstorage to None, run_after=None
[2025-01-10T19:07:30.377+0000] {processor.py:208} INFO - Processing /home/airflow/.local/lib/python3.12/site-packages/airflow/example_dags/tutorial_objectstorage.py took 0.175 seconds
[2025-01-10T19:08:04.229+0000] {processor.py:186} INFO - Started process (PID=2944) to work on /home/airflow/.local/lib/python3.12/site-packages/airflow/example_dags/tutorial_objectstorage.py
[2025-01-10T19:08:04.233+0000] {processor.py:914} INFO - Processing file /home/airflow/.local/lib/python3.12/site-packages/airflow/example_dags/tutorial_objectstorage.py for tasks to queue
[2025-01-10T19:08:04.238+0000] {logging_mixin.py:190} INFO - [2025-01-10T19:08:04.238+0000] {dagbag.py:588} INFO - Filling up the DagBag from /home/airflow/.local/lib/python3.12/site-packages/airflow/example_dags/tutorial_objectstorage.py
[2025-01-10T19:08:04.258+0000] {processor.py:925} INFO - DAG(s) 'tutorial_objectstorage' retrieved from /home/airflow/.local/lib/python3.12/site-packages/airflow/example_dags/tutorial_objectstorage.py
[2025-01-10T19:08:04.320+0000] {logging_mixin.py:190} INFO - [2025-01-10T19:08:04.319+0000] {dag.py:3239} INFO - Sync 1 DAGs
[2025-01-10T19:08:04.364+0000] {logging_mixin.py:190} INFO - [2025-01-10T19:08:04.363+0000] {dag.py:4180} INFO - Setting next_dagrun for tutorial_objectstorage to None, run_after=None
[2025-01-10T19:08:04.422+0000] {processor.py:208} INFO - Processing /home/airflow/.local/lib/python3.12/site-packages/airflow/example_dags/tutorial_objectstorage.py took 0.211 seconds
[2025-01-10T19:08:35.595+0000] {processor.py:186} INFO - Started process (PID=3007) to work on /home/airflow/.local/lib/python3.12/site-packages/airflow/example_dags/tutorial_objectstorage.py
[2025-01-10T19:08:35.597+0000] {processor.py:914} INFO - Processing file /home/airflow/.local/lib/python3.12/site-packages/airflow/example_dags/tutorial_objectstorage.py for tasks to queue
[2025-01-10T19:08:35.600+0000] {logging_mixin.py:190} INFO - [2025-01-10T19:08:35.600+0000] {dagbag.py:588} INFO - Filling up the DagBag from /home/airflow/.local/lib/python3.12/site-packages/airflow/example_dags/tutorial_objectstorage.py
[2025-01-10T19:08:35.620+0000] {processor.py:925} INFO - DAG(s) 'tutorial_objectstorage' retrieved from /home/airflow/.local/lib/python3.12/site-packages/airflow/example_dags/tutorial_objectstorage.py
[2025-01-10T19:08:35.668+0000] {logging_mixin.py:190} INFO - [2025-01-10T19:08:35.668+0000] {dag.py:3239} INFO - Sync 1 DAGs
[2025-01-10T19:08:35.708+0000] {logging_mixin.py:190} INFO - [2025-01-10T19:08:35.707+0000] {dag.py:4180} INFO - Setting next_dagrun for tutorial_objectstorage to None, run_after=None
[2025-01-10T19:08:35.771+0000] {processor.py:208} INFO - Processing /home/airflow/.local/lib/python3.12/site-packages/airflow/example_dags/tutorial_objectstorage.py took 0.185 seconds
[2025-01-10T19:09:06.739+0000] {processor.py:186} INFO - Started process (PID=3070) to work on /home/airflow/.local/lib/python3.12/site-packages/airflow/example_dags/tutorial_objectstorage.py
[2025-01-10T19:09:06.740+0000] {processor.py:914} INFO - Processing file /home/airflow/.local/lib/python3.12/site-packages/airflow/example_dags/tutorial_objectstorage.py for tasks to queue
[2025-01-10T19:09:06.744+0000] {logging_mixin.py:190} INFO - [2025-01-10T19:09:06.743+0000] {dagbag.py:588} INFO - Filling up the DagBag from /home/airflow/.local/lib/python3.12/site-packages/airflow/example_dags/tutorial_objectstorage.py
[2025-01-10T19:09:06.760+0000] {processor.py:925} INFO - DAG(s) 'tutorial_objectstorage' retrieved from /home/airflow/.local/lib/python3.12/site-packages/airflow/example_dags/tutorial_objectstorage.py
[2025-01-10T19:09:06.805+0000] {logging_mixin.py:190} INFO - [2025-01-10T19:09:06.805+0000] {dag.py:3239} INFO - Sync 1 DAGs
[2025-01-10T19:09:06.838+0000] {logging_mixin.py:190} INFO - [2025-01-10T19:09:06.837+0000] {dag.py:4180} INFO - Setting next_dagrun for tutorial_objectstorage to None, run_after=None
[2025-01-10T19:09:06.881+0000] {processor.py:208} INFO - Processing /home/airflow/.local/lib/python3.12/site-packages/airflow/example_dags/tutorial_objectstorage.py took 0.153 seconds
[2025-01-10T19:09:37.645+0000] {processor.py:186} INFO - Started process (PID=3132) to work on /home/airflow/.local/lib/python3.12/site-packages/airflow/example_dags/tutorial_objectstorage.py
[2025-01-10T19:09:37.648+0000] {processor.py:914} INFO - Processing file /home/airflow/.local/lib/python3.12/site-packages/airflow/example_dags/tutorial_objectstorage.py for tasks to queue
[2025-01-10T19:09:37.657+0000] {logging_mixin.py:190} INFO - [2025-01-10T19:09:37.656+0000] {dagbag.py:588} INFO - Filling up the DagBag from /home/airflow/.local/lib/python3.12/site-packages/airflow/example_dags/tutorial_objectstorage.py
[2025-01-10T19:09:37.681+0000] {processor.py:925} INFO - DAG(s) 'tutorial_objectstorage' retrieved from /home/airflow/.local/lib/python3.12/site-packages/airflow/example_dags/tutorial_objectstorage.py
[2025-01-10T19:09:37.735+0000] {logging_mixin.py:190} INFO - [2025-01-10T19:09:37.734+0000] {dag.py:3239} INFO - Sync 1 DAGs
[2025-01-10T19:09:37.785+0000] {logging_mixin.py:190} INFO - [2025-01-10T19:09:37.784+0000] {dag.py:4180} INFO - Setting next_dagrun for tutorial_objectstorage to None, run_after=None
[2025-01-10T19:09:37.927+0000] {processor.py:208} INFO - Processing /home/airflow/.local/lib/python3.12/site-packages/airflow/example_dags/tutorial_objectstorage.py took 0.301 seconds
[2025-01-10T19:10:08.387+0000] {processor.py:186} INFO - Started process (PID=3196) to work on /home/airflow/.local/lib/python3.12/site-packages/airflow/example_dags/tutorial_objectstorage.py
[2025-01-10T19:10:08.392+0000] {processor.py:914} INFO - Processing file /home/airflow/.local/lib/python3.12/site-packages/airflow/example_dags/tutorial_objectstorage.py for tasks to queue
[2025-01-10T19:10:08.399+0000] {logging_mixin.py:190} INFO - [2025-01-10T19:10:08.399+0000] {dagbag.py:588} INFO - Filling up the DagBag from /home/airflow/.local/lib/python3.12/site-packages/airflow/example_dags/tutorial_objectstorage.py
[2025-01-10T19:10:08.432+0000] {processor.py:925} INFO - DAG(s) 'tutorial_objectstorage' retrieved from /home/airflow/.local/lib/python3.12/site-packages/airflow/example_dags/tutorial_objectstorage.py
[2025-01-10T19:10:08.557+0000] {logging_mixin.py:190} INFO - [2025-01-10T19:10:08.556+0000] {dag.py:3239} INFO - Sync 1 DAGs
[2025-01-10T19:10:08.722+0000] {logging_mixin.py:190} INFO - [2025-01-10T19:10:08.721+0000] {dag.py:4180} INFO - Setting next_dagrun for tutorial_objectstorage to None, run_after=None
[2025-01-10T19:10:08.843+0000] {processor.py:208} INFO - Processing /home/airflow/.local/lib/python3.12/site-packages/airflow/example_dags/tutorial_objectstorage.py took 0.474 seconds
[2025-01-10T19:10:39.458+0000] {processor.py:186} INFO - Started process (PID=3260) to work on /home/airflow/.local/lib/python3.12/site-packages/airflow/example_dags/tutorial_objectstorage.py
[2025-01-10T19:10:39.462+0000] {processor.py:914} INFO - Processing file /home/airflow/.local/lib/python3.12/site-packages/airflow/example_dags/tutorial_objectstorage.py for tasks to queue
[2025-01-10T19:10:39.468+0000] {logging_mixin.py:190} INFO - [2025-01-10T19:10:39.467+0000] {dagbag.py:588} INFO - Filling up the DagBag from /home/airflow/.local/lib/python3.12/site-packages/airflow/example_dags/tutorial_objectstorage.py
[2025-01-10T19:10:39.492+0000] {processor.py:925} INFO - DAG(s) 'tutorial_objectstorage' retrieved from /home/airflow/.local/lib/python3.12/site-packages/airflow/example_dags/tutorial_objectstorage.py
[2025-01-10T19:10:39.539+0000] {logging_mixin.py:190} INFO - [2025-01-10T19:10:39.538+0000] {dag.py:3239} INFO - Sync 1 DAGs
[2025-01-10T19:10:39.575+0000] {logging_mixin.py:190} INFO - [2025-01-10T19:10:39.575+0000] {dag.py:4180} INFO - Setting next_dagrun for tutorial_objectstorage to None, run_after=None
[2025-01-10T19:10:39.625+0000] {processor.py:208} INFO - Processing /home/airflow/.local/lib/python3.12/site-packages/airflow/example_dags/tutorial_objectstorage.py took 0.182 seconds
[2025-01-10T19:11:10.682+0000] {processor.py:186} INFO - Started process (PID=3324) to work on /home/airflow/.local/lib/python3.12/site-packages/airflow/example_dags/tutorial_objectstorage.py
[2025-01-10T19:11:10.684+0000] {processor.py:914} INFO - Processing file /home/airflow/.local/lib/python3.12/site-packages/airflow/example_dags/tutorial_objectstorage.py for tasks to queue
[2025-01-10T19:11:10.690+0000] {logging_mixin.py:190} INFO - [2025-01-10T19:11:10.689+0000] {dagbag.py:588} INFO - Filling up the DagBag from /home/airflow/.local/lib/python3.12/site-packages/airflow/example_dags/tutorial_objectstorage.py
[2025-01-10T19:11:10.711+0000] {processor.py:925} INFO - DAG(s) 'tutorial_objectstorage' retrieved from /home/airflow/.local/lib/python3.12/site-packages/airflow/example_dags/tutorial_objectstorage.py
[2025-01-10T19:11:10.761+0000] {logging_mixin.py:190} INFO - [2025-01-10T19:11:10.761+0000] {dag.py:3239} INFO - Sync 1 DAGs
[2025-01-10T19:11:10.811+0000] {logging_mixin.py:190} INFO - [2025-01-10T19:11:10.810+0000] {dag.py:4180} INFO - Setting next_dagrun for tutorial_objectstorage to None, run_after=None
[2025-01-10T19:11:10.872+0000] {processor.py:208} INFO - Processing /home/airflow/.local/lib/python3.12/site-packages/airflow/example_dags/tutorial_objectstorage.py took 0.206 seconds
[2025-01-10T19:11:41.610+0000] {processor.py:186} INFO - Started process (PID=3387) to work on /home/airflow/.local/lib/python3.12/site-packages/airflow/example_dags/tutorial_objectstorage.py
[2025-01-10T19:11:41.613+0000] {processor.py:914} INFO - Processing file /home/airflow/.local/lib/python3.12/site-packages/airflow/example_dags/tutorial_objectstorage.py for tasks to queue
[2025-01-10T19:11:41.619+0000] {logging_mixin.py:190} INFO - [2025-01-10T19:11:41.618+0000] {dagbag.py:588} INFO - Filling up the DagBag from /home/airflow/.local/lib/python3.12/site-packages/airflow/example_dags/tutorial_objectstorage.py
[2025-01-10T19:11:41.644+0000] {processor.py:925} INFO - DAG(s) 'tutorial_objectstorage' retrieved from /home/airflow/.local/lib/python3.12/site-packages/airflow/example_dags/tutorial_objectstorage.py
[2025-01-10T19:11:41.691+0000] {logging_mixin.py:190} INFO - [2025-01-10T19:11:41.691+0000] {dag.py:3239} INFO - Sync 1 DAGs
[2025-01-10T19:11:41.742+0000] {logging_mixin.py:190} INFO - [2025-01-10T19:11:41.741+0000] {dag.py:4180} INFO - Setting next_dagrun for tutorial_objectstorage to None, run_after=None
[2025-01-10T19:11:41.793+0000] {processor.py:208} INFO - Processing /home/airflow/.local/lib/python3.12/site-packages/airflow/example_dags/tutorial_objectstorage.py took 0.199 seconds
[2025-01-10T19:12:12.167+0000] {processor.py:186} INFO - Started process (PID=3450) to work on /home/airflow/.local/lib/python3.12/site-packages/airflow/example_dags/tutorial_objectstorage.py
[2025-01-10T19:12:12.172+0000] {processor.py:914} INFO - Processing file /home/airflow/.local/lib/python3.12/site-packages/airflow/example_dags/tutorial_objectstorage.py for tasks to queue
[2025-01-10T19:12:12.188+0000] {logging_mixin.py:190} INFO - [2025-01-10T19:12:12.186+0000] {dagbag.py:588} INFO - Filling up the DagBag from /home/airflow/.local/lib/python3.12/site-packages/airflow/example_dags/tutorial_objectstorage.py
[2025-01-10T19:12:12.245+0000] {processor.py:925} INFO - DAG(s) 'tutorial_objectstorage' retrieved from /home/airflow/.local/lib/python3.12/site-packages/airflow/example_dags/tutorial_objectstorage.py
[2025-01-10T19:12:12.317+0000] {logging_mixin.py:190} INFO - [2025-01-10T19:12:12.317+0000] {dag.py:3239} INFO - Sync 1 DAGs
[2025-01-10T19:12:12.380+0000] {logging_mixin.py:190} INFO - [2025-01-10T19:12:12.379+0000] {dag.py:4180} INFO - Setting next_dagrun for tutorial_objectstorage to None, run_after=None
[2025-01-10T19:12:12.461+0000] {processor.py:208} INFO - Processing /home/airflow/.local/lib/python3.12/site-packages/airflow/example_dags/tutorial_objectstorage.py took 0.340 seconds
[2025-01-10T19:12:42.585+0000] {processor.py:186} INFO - Started process (PID=3514) to work on /home/airflow/.local/lib/python3.12/site-packages/airflow/example_dags/tutorial_objectstorage.py
[2025-01-10T19:12:42.588+0000] {processor.py:914} INFO - Processing file /home/airflow/.local/lib/python3.12/site-packages/airflow/example_dags/tutorial_objectstorage.py for tasks to queue
[2025-01-10T19:12:42.596+0000] {logging_mixin.py:190} INFO - [2025-01-10T19:12:42.595+0000] {dagbag.py:588} INFO - Filling up the DagBag from /home/airflow/.local/lib/python3.12/site-packages/airflow/example_dags/tutorial_objectstorage.py
[2025-01-10T19:12:42.634+0000] {processor.py:925} INFO - DAG(s) 'tutorial_objectstorage' retrieved from /home/airflow/.local/lib/python3.12/site-packages/airflow/example_dags/tutorial_objectstorage.py
[2025-01-10T19:12:42.708+0000] {logging_mixin.py:190} INFO - [2025-01-10T19:12:42.707+0000] {dag.py:3239} INFO - Sync 1 DAGs
[2025-01-10T19:12:42.768+0000] {logging_mixin.py:190} INFO - [2025-01-10T19:12:42.768+0000] {dag.py:4180} INFO - Setting next_dagrun for tutorial_objectstorage to None, run_after=None
[2025-01-10T19:12:42.845+0000] {processor.py:208} INFO - Processing /home/airflow/.local/lib/python3.12/site-packages/airflow/example_dags/tutorial_objectstorage.py took 0.278 seconds
[2025-01-10T19:13:13.022+0000] {processor.py:186} INFO - Started process (PID=3578) to work on /home/airflow/.local/lib/python3.12/site-packages/airflow/example_dags/tutorial_objectstorage.py
[2025-01-10T19:13:13.025+0000] {processor.py:914} INFO - Processing file /home/airflow/.local/lib/python3.12/site-packages/airflow/example_dags/tutorial_objectstorage.py for tasks to queue
[2025-01-10T19:13:13.032+0000] {logging_mixin.py:190} INFO - [2025-01-10T19:13:13.031+0000] {dagbag.py:588} INFO - Filling up the DagBag from /home/airflow/.local/lib/python3.12/site-packages/airflow/example_dags/tutorial_objectstorage.py
[2025-01-10T19:13:13.054+0000] {processor.py:925} INFO - DAG(s) 'tutorial_objectstorage' retrieved from /home/airflow/.local/lib/python3.12/site-packages/airflow/example_dags/tutorial_objectstorage.py
[2025-01-10T19:13:13.094+0000] {logging_mixin.py:190} INFO - [2025-01-10T19:13:13.094+0000] {dag.py:3239} INFO - Sync 1 DAGs
[2025-01-10T19:13:13.133+0000] {logging_mixin.py:190} INFO - [2025-01-10T19:13:13.133+0000] {dag.py:4180} INFO - Setting next_dagrun for tutorial_objectstorage to None, run_after=None
[2025-01-10T19:13:13.171+0000] {processor.py:208} INFO - Processing /home/airflow/.local/lib/python3.12/site-packages/airflow/example_dags/tutorial_objectstorage.py took 0.173 seconds
[2025-01-10T19:13:44.006+0000] {processor.py:186} INFO - Started process (PID=3642) to work on /home/airflow/.local/lib/python3.12/site-packages/airflow/example_dags/tutorial_objectstorage.py
[2025-01-10T19:13:44.007+0000] {processor.py:914} INFO - Processing file /home/airflow/.local/lib/python3.12/site-packages/airflow/example_dags/tutorial_objectstorage.py for tasks to queue
[2025-01-10T19:13:44.011+0000] {logging_mixin.py:190} INFO - [2025-01-10T19:13:44.011+0000] {dagbag.py:588} INFO - Filling up the DagBag from /home/airflow/.local/lib/python3.12/site-packages/airflow/example_dags/tutorial_objectstorage.py
[2025-01-10T19:13:44.026+0000] {processor.py:925} INFO - DAG(s) 'tutorial_objectstorage' retrieved from /home/airflow/.local/lib/python3.12/site-packages/airflow/example_dags/tutorial_objectstorage.py
[2025-01-10T19:13:44.069+0000] {logging_mixin.py:190} INFO - [2025-01-10T19:13:44.069+0000] {dag.py:3239} INFO - Sync 1 DAGs
[2025-01-10T19:13:44.111+0000] {logging_mixin.py:190} INFO - [2025-01-10T19:13:44.111+0000] {dag.py:4180} INFO - Setting next_dagrun for tutorial_objectstorage to None, run_after=None
[2025-01-10T19:13:44.161+0000] {processor.py:208} INFO - Processing /home/airflow/.local/lib/python3.12/site-packages/airflow/example_dags/tutorial_objectstorage.py took 0.165 seconds
[2025-01-10T19:14:14.284+0000] {processor.py:186} INFO - Started process (PID=3705) to work on /home/airflow/.local/lib/python3.12/site-packages/airflow/example_dags/tutorial_objectstorage.py
[2025-01-10T19:14:14.289+0000] {processor.py:914} INFO - Processing file /home/airflow/.local/lib/python3.12/site-packages/airflow/example_dags/tutorial_objectstorage.py for tasks to queue
[2025-01-10T19:14:14.294+0000] {logging_mixin.py:190} INFO - [2025-01-10T19:14:14.292+0000] {dagbag.py:588} INFO - Filling up the DagBag from /home/airflow/.local/lib/python3.12/site-packages/airflow/example_dags/tutorial_objectstorage.py
[2025-01-10T19:14:14.338+0000] {processor.py:925} INFO - DAG(s) 'tutorial_objectstorage' retrieved from /home/airflow/.local/lib/python3.12/site-packages/airflow/example_dags/tutorial_objectstorage.py
[2025-01-10T19:14:14.387+0000] {logging_mixin.py:190} INFO - [2025-01-10T19:14:14.386+0000] {dag.py:3239} INFO - Sync 1 DAGs
[2025-01-10T19:14:14.433+0000] {logging_mixin.py:190} INFO - [2025-01-10T19:14:14.432+0000] {dag.py:4180} INFO - Setting next_dagrun for tutorial_objectstorage to None, run_after=None
[2025-01-10T19:14:14.552+0000] {processor.py:208} INFO - Processing /home/airflow/.local/lib/python3.12/site-packages/airflow/example_dags/tutorial_objectstorage.py took 0.292 seconds
[2025-01-10T19:14:44.645+0000] {processor.py:186} INFO - Started process (PID=3768) to work on /home/airflow/.local/lib/python3.12/site-packages/airflow/example_dags/tutorial_objectstorage.py
[2025-01-10T19:14:44.647+0000] {processor.py:914} INFO - Processing file /home/airflow/.local/lib/python3.12/site-packages/airflow/example_dags/tutorial_objectstorage.py for tasks to queue
[2025-01-10T19:14:44.649+0000] {logging_mixin.py:190} INFO - [2025-01-10T19:14:44.648+0000] {dagbag.py:588} INFO - Filling up the DagBag from /home/airflow/.local/lib/python3.12/site-packages/airflow/example_dags/tutorial_objectstorage.py
[2025-01-10T19:14:44.668+0000] {processor.py:925} INFO - DAG(s) 'tutorial_objectstorage' retrieved from /home/airflow/.local/lib/python3.12/site-packages/airflow/example_dags/tutorial_objectstorage.py
[2025-01-10T19:14:44.710+0000] {logging_mixin.py:190} INFO - [2025-01-10T19:14:44.709+0000] {dag.py:3239} INFO - Sync 1 DAGs
[2025-01-10T19:14:44.741+0000] {logging_mixin.py:190} INFO - [2025-01-10T19:14:44.740+0000] {dag.py:4180} INFO - Setting next_dagrun for tutorial_objectstorage to None, run_after=None
[2025-01-10T19:14:44.781+0000] {processor.py:208} INFO - Processing /home/airflow/.local/lib/python3.12/site-packages/airflow/example_dags/tutorial_objectstorage.py took 0.148 seconds
[2025-01-10T19:15:15.576+0000] {processor.py:186} INFO - Started process (PID=3832) to work on /home/airflow/.local/lib/python3.12/site-packages/airflow/example_dags/tutorial_objectstorage.py
[2025-01-10T19:15:15.580+0000] {processor.py:914} INFO - Processing file /home/airflow/.local/lib/python3.12/site-packages/airflow/example_dags/tutorial_objectstorage.py for tasks to queue
[2025-01-10T19:15:15.585+0000] {logging_mixin.py:190} INFO - [2025-01-10T19:15:15.584+0000] {dagbag.py:588} INFO - Filling up the DagBag from /home/airflow/.local/lib/python3.12/site-packages/airflow/example_dags/tutorial_objectstorage.py
[2025-01-10T19:15:15.619+0000] {processor.py:925} INFO - DAG(s) 'tutorial_objectstorage' retrieved from /home/airflow/.local/lib/python3.12/site-packages/airflow/example_dags/tutorial_objectstorage.py
[2025-01-10T19:15:15.698+0000] {logging_mixin.py:190} INFO - [2025-01-10T19:15:15.697+0000] {dag.py:3239} INFO - Sync 1 DAGs
[2025-01-10T19:15:15.763+0000] {logging_mixin.py:190} INFO - [2025-01-10T19:15:15.762+0000] {dag.py:4180} INFO - Setting next_dagrun for tutorial_objectstorage to None, run_after=None
[2025-01-10T19:15:15.842+0000] {processor.py:208} INFO - Processing /home/airflow/.local/lib/python3.12/site-packages/airflow/example_dags/tutorial_objectstorage.py took 0.286 seconds
[2025-01-10T19:15:46.117+0000] {processor.py:186} INFO - Started process (PID=3896) to work on /home/airflow/.local/lib/python3.12/site-packages/airflow/example_dags/tutorial_objectstorage.py
[2025-01-10T19:15:46.120+0000] {processor.py:914} INFO - Processing file /home/airflow/.local/lib/python3.12/site-packages/airflow/example_dags/tutorial_objectstorage.py for tasks to queue
[2025-01-10T19:15:46.123+0000] {logging_mixin.py:190} INFO - [2025-01-10T19:15:46.122+0000] {dagbag.py:588} INFO - Filling up the DagBag from /home/airflow/.local/lib/python3.12/site-packages/airflow/example_dags/tutorial_objectstorage.py
[2025-01-10T19:15:46.147+0000] {processor.py:925} INFO - DAG(s) 'tutorial_objectstorage' retrieved from /home/airflow/.local/lib/python3.12/site-packages/airflow/example_dags/tutorial_objectstorage.py
[2025-01-10T19:15:46.210+0000] {logging_mixin.py:190} INFO - [2025-01-10T19:15:46.209+0000] {dag.py:3239} INFO - Sync 1 DAGs
[2025-01-10T19:15:46.253+0000] {logging_mixin.py:190} INFO - [2025-01-10T19:15:46.253+0000] {dag.py:4180} INFO - Setting next_dagrun for tutorial_objectstorage to None, run_after=None
[2025-01-10T19:15:46.302+0000] {processor.py:208} INFO - Processing /home/airflow/.local/lib/python3.12/site-packages/airflow/example_dags/tutorial_objectstorage.py took 0.198 seconds
[2025-01-10T19:16:17.144+0000] {processor.py:186} INFO - Started process (PID=3960) to work on /home/airflow/.local/lib/python3.12/site-packages/airflow/example_dags/tutorial_objectstorage.py
[2025-01-10T19:16:17.147+0000] {processor.py:914} INFO - Processing file /home/airflow/.local/lib/python3.12/site-packages/airflow/example_dags/tutorial_objectstorage.py for tasks to queue
[2025-01-10T19:16:17.152+0000] {logging_mixin.py:190} INFO - [2025-01-10T19:16:17.150+0000] {dagbag.py:588} INFO - Filling up the DagBag from /home/airflow/.local/lib/python3.12/site-packages/airflow/example_dags/tutorial_objectstorage.py
[2025-01-10T19:16:17.181+0000] {processor.py:925} INFO - DAG(s) 'tutorial_objectstorage' retrieved from /home/airflow/.local/lib/python3.12/site-packages/airflow/example_dags/tutorial_objectstorage.py
[2025-01-10T19:16:17.220+0000] {logging_mixin.py:190} INFO - [2025-01-10T19:16:17.220+0000] {dag.py:3239} INFO - Sync 1 DAGs
[2025-01-10T19:16:17.266+0000] {logging_mixin.py:190} INFO - [2025-01-10T19:16:17.266+0000] {dag.py:4180} INFO - Setting next_dagrun for tutorial_objectstorage to None, run_after=None
[2025-01-10T19:16:17.326+0000] {processor.py:208} INFO - Processing /home/airflow/.local/lib/python3.12/site-packages/airflow/example_dags/tutorial_objectstorage.py took 0.200 seconds
[2025-01-10T19:16:48.470+0000] {processor.py:186} INFO - Started process (PID=4023) to work on /home/airflow/.local/lib/python3.12/site-packages/airflow/example_dags/tutorial_objectstorage.py
[2025-01-10T19:16:48.472+0000] {processor.py:914} INFO - Processing file /home/airflow/.local/lib/python3.12/site-packages/airflow/example_dags/tutorial_objectstorage.py for tasks to queue
[2025-01-10T19:16:48.474+0000] {logging_mixin.py:190} INFO - [2025-01-10T19:16:48.473+0000] {dagbag.py:588} INFO - Filling up the DagBag from /home/airflow/.local/lib/python3.12/site-packages/airflow/example_dags/tutorial_objectstorage.py
[2025-01-10T19:16:48.493+0000] {processor.py:925} INFO - DAG(s) 'tutorial_objectstorage' retrieved from /home/airflow/.local/lib/python3.12/site-packages/airflow/example_dags/tutorial_objectstorage.py
[2025-01-10T19:16:48.558+0000] {logging_mixin.py:190} INFO - [2025-01-10T19:16:48.557+0000] {dag.py:3239} INFO - Sync 1 DAGs
[2025-01-10T19:16:48.619+0000] {logging_mixin.py:190} INFO - [2025-01-10T19:16:48.618+0000] {dag.py:4180} INFO - Setting next_dagrun for tutorial_objectstorage to None, run_after=None
[2025-01-10T19:16:48.665+0000] {processor.py:208} INFO - Processing /home/airflow/.local/lib/python3.12/site-packages/airflow/example_dags/tutorial_objectstorage.py took 0.205 seconds
[2025-01-10T19:17:19.818+0000] {processor.py:186} INFO - Started process (PID=4093) to work on /home/airflow/.local/lib/python3.12/site-packages/airflow/example_dags/tutorial_objectstorage.py
[2025-01-10T19:17:19.823+0000] {processor.py:914} INFO - Processing file /home/airflow/.local/lib/python3.12/site-packages/airflow/example_dags/tutorial_objectstorage.py for tasks to queue
[2025-01-10T19:17:19.831+0000] {logging_mixin.py:190} INFO - [2025-01-10T19:17:19.830+0000] {dagbag.py:588} INFO - Filling up the DagBag from /home/airflow/.local/lib/python3.12/site-packages/airflow/example_dags/tutorial_objectstorage.py
[2025-01-10T19:17:19.863+0000] {processor.py:925} INFO - DAG(s) 'tutorial_objectstorage' retrieved from /home/airflow/.local/lib/python3.12/site-packages/airflow/example_dags/tutorial_objectstorage.py
[2025-01-10T19:17:19.916+0000] {logging_mixin.py:190} INFO - [2025-01-10T19:17:19.916+0000] {dag.py:3239} INFO - Sync 1 DAGs
[2025-01-10T19:17:19.973+0000] {logging_mixin.py:190} INFO - [2025-01-10T19:17:19.972+0000] {dag.py:4180} INFO - Setting next_dagrun for tutorial_objectstorage to None, run_after=None
[2025-01-10T19:17:20.023+0000] {processor.py:208} INFO - Processing /home/airflow/.local/lib/python3.12/site-packages/airflow/example_dags/tutorial_objectstorage.py took 0.235 seconds
[2025-01-10T19:17:50.206+0000] {processor.py:186} INFO - Started process (PID=4156) to work on /home/airflow/.local/lib/python3.12/site-packages/airflow/example_dags/tutorial_objectstorage.py
[2025-01-10T19:17:50.208+0000] {processor.py:914} INFO - Processing file /home/airflow/.local/lib/python3.12/site-packages/airflow/example_dags/tutorial_objectstorage.py for tasks to queue
[2025-01-10T19:17:50.211+0000] {logging_mixin.py:190} INFO - [2025-01-10T19:17:50.210+0000] {dagbag.py:588} INFO - Filling up the DagBag from /home/airflow/.local/lib/python3.12/site-packages/airflow/example_dags/tutorial_objectstorage.py
[2025-01-10T19:17:50.237+0000] {processor.py:925} INFO - DAG(s) 'tutorial_objectstorage' retrieved from /home/airflow/.local/lib/python3.12/site-packages/airflow/example_dags/tutorial_objectstorage.py
[2025-01-10T19:17:50.297+0000] {logging_mixin.py:190} INFO - [2025-01-10T19:17:50.296+0000] {dag.py:3239} INFO - Sync 1 DAGs
[2025-01-10T19:17:50.351+0000] {logging_mixin.py:190} INFO - [2025-01-10T19:17:50.350+0000] {dag.py:4180} INFO - Setting next_dagrun for tutorial_objectstorage to None, run_after=None
[2025-01-10T19:17:50.415+0000] {processor.py:208} INFO - Processing /home/airflow/.local/lib/python3.12/site-packages/airflow/example_dags/tutorial_objectstorage.py took 0.226 seconds
[2025-01-10T19:18:21.512+0000] {processor.py:186} INFO - Started process (PID=4221) to work on /home/airflow/.local/lib/python3.12/site-packages/airflow/example_dags/tutorial_objectstorage.py
[2025-01-10T19:18:21.514+0000] {processor.py:914} INFO - Processing file /home/airflow/.local/lib/python3.12/site-packages/airflow/example_dags/tutorial_objectstorage.py for tasks to queue
[2025-01-10T19:18:21.518+0000] {logging_mixin.py:190} INFO - [2025-01-10T19:18:21.517+0000] {dagbag.py:588} INFO - Filling up the DagBag from /home/airflow/.local/lib/python3.12/site-packages/airflow/example_dags/tutorial_objectstorage.py
[2025-01-10T19:18:21.544+0000] {processor.py:925} INFO - DAG(s) 'tutorial_objectstorage' retrieved from /home/airflow/.local/lib/python3.12/site-packages/airflow/example_dags/tutorial_objectstorage.py
[2025-01-10T19:18:21.598+0000] {logging_mixin.py:190} INFO - [2025-01-10T19:18:21.598+0000] {dag.py:3239} INFO - Sync 1 DAGs
[2025-01-10T19:18:21.641+0000] {logging_mixin.py:190} INFO - [2025-01-10T19:18:21.641+0000] {dag.py:4180} INFO - Setting next_dagrun for tutorial_objectstorage to None, run_after=None
[2025-01-10T19:18:21.680+0000] {processor.py:208} INFO - Processing /home/airflow/.local/lib/python3.12/site-packages/airflow/example_dags/tutorial_objectstorage.py took 0.184 seconds
[2025-01-10T19:18:54.618+0000] {processor.py:186} INFO - Started process (PID=4285) to work on /home/airflow/.local/lib/python3.12/site-packages/airflow/example_dags/tutorial_objectstorage.py
[2025-01-10T19:18:54.620+0000] {processor.py:914} INFO - Processing file /home/airflow/.local/lib/python3.12/site-packages/airflow/example_dags/tutorial_objectstorage.py for tasks to queue
[2025-01-10T19:18:54.622+0000] {logging_mixin.py:190} INFO - [2025-01-10T19:18:54.621+0000] {dagbag.py:588} INFO - Filling up the DagBag from /home/airflow/.local/lib/python3.12/site-packages/airflow/example_dags/tutorial_objectstorage.py
[2025-01-10T19:18:54.643+0000] {processor.py:925} INFO - DAG(s) 'tutorial_objectstorage' retrieved from /home/airflow/.local/lib/python3.12/site-packages/airflow/example_dags/tutorial_objectstorage.py
[2025-01-10T19:18:54.705+0000] {logging_mixin.py:190} INFO - [2025-01-10T19:18:54.705+0000] {dag.py:3239} INFO - Sync 1 DAGs
[2025-01-10T19:18:54.756+0000] {logging_mixin.py:190} INFO - [2025-01-10T19:18:54.756+0000] {dag.py:4180} INFO - Setting next_dagrun for tutorial_objectstorage to None, run_after=None
[2025-01-10T19:18:54.808+0000] {processor.py:208} INFO - Processing /home/airflow/.local/lib/python3.12/site-packages/airflow/example_dags/tutorial_objectstorage.py took 0.200 seconds
[2025-01-10T19:19:25.356+0000] {processor.py:186} INFO - Started process (PID=4349) to work on /home/airflow/.local/lib/python3.12/site-packages/airflow/example_dags/tutorial_objectstorage.py
[2025-01-10T19:19:25.358+0000] {processor.py:914} INFO - Processing file /home/airflow/.local/lib/python3.12/site-packages/airflow/example_dags/tutorial_objectstorage.py for tasks to queue
[2025-01-10T19:19:25.362+0000] {logging_mixin.py:190} INFO - [2025-01-10T19:19:25.361+0000] {dagbag.py:588} INFO - Filling up the DagBag from /home/airflow/.local/lib/python3.12/site-packages/airflow/example_dags/tutorial_objectstorage.py
[2025-01-10T19:19:25.392+0000] {processor.py:925} INFO - DAG(s) 'tutorial_objectstorage' retrieved from /home/airflow/.local/lib/python3.12/site-packages/airflow/example_dags/tutorial_objectstorage.py
[2025-01-10T19:19:25.446+0000] {logging_mixin.py:190} INFO - [2025-01-10T19:19:25.444+0000] {dag.py:3239} INFO - Sync 1 DAGs
[2025-01-10T19:19:25.484+0000] {logging_mixin.py:190} INFO - [2025-01-10T19:19:25.482+0000] {dag.py:4180} INFO - Setting next_dagrun for tutorial_objectstorage to None, run_after=None
[2025-01-10T19:19:25.515+0000] {processor.py:208} INFO - Processing /home/airflow/.local/lib/python3.12/site-packages/airflow/example_dags/tutorial_objectstorage.py took 0.176 seconds
[2025-01-10T19:19:56.338+0000] {processor.py:186} INFO - Started process (PID=4414) to work on /home/airflow/.local/lib/python3.12/site-packages/airflow/example_dags/tutorial_objectstorage.py
[2025-01-10T19:19:56.340+0000] {processor.py:914} INFO - Processing file /home/airflow/.local/lib/python3.12/site-packages/airflow/example_dags/tutorial_objectstorage.py for tasks to queue
[2025-01-10T19:19:56.342+0000] {logging_mixin.py:190} INFO - [2025-01-10T19:19:56.342+0000] {dagbag.py:588} INFO - Filling up the DagBag from /home/airflow/.local/lib/python3.12/site-packages/airflow/example_dags/tutorial_objectstorage.py
[2025-01-10T19:19:56.365+0000] {processor.py:925} INFO - DAG(s) 'tutorial_objectstorage' retrieved from /home/airflow/.local/lib/python3.12/site-packages/airflow/example_dags/tutorial_objectstorage.py
[2025-01-10T19:19:56.413+0000] {logging_mixin.py:190} INFO - [2025-01-10T19:19:56.413+0000] {dag.py:3239} INFO - Sync 1 DAGs
[2025-01-10T19:19:56.447+0000] {logging_mixin.py:190} INFO - [2025-01-10T19:19:56.446+0000] {dag.py:4180} INFO - Setting next_dagrun for tutorial_objectstorage to None, run_after=None
[2025-01-10T19:19:56.485+0000] {processor.py:208} INFO - Processing /home/airflow/.local/lib/python3.12/site-packages/airflow/example_dags/tutorial_objectstorage.py took 0.159 seconds
[2025-01-10T19:20:30.204+0000] {processor.py:186} INFO - Started process (PID=4478) to work on /home/airflow/.local/lib/python3.12/site-packages/airflow/example_dags/tutorial_objectstorage.py
[2025-01-10T19:20:30.206+0000] {processor.py:914} INFO - Processing file /home/airflow/.local/lib/python3.12/site-packages/airflow/example_dags/tutorial_objectstorage.py for tasks to queue
[2025-01-10T19:20:30.209+0000] {logging_mixin.py:190} INFO - [2025-01-10T19:20:30.208+0000] {dagbag.py:588} INFO - Filling up the DagBag from /home/airflow/.local/lib/python3.12/site-packages/airflow/example_dags/tutorial_objectstorage.py
[2025-01-10T19:20:30.253+0000] {processor.py:925} INFO - DAG(s) 'tutorial_objectstorage' retrieved from /home/airflow/.local/lib/python3.12/site-packages/airflow/example_dags/tutorial_objectstorage.py
[2025-01-10T19:20:30.322+0000] {logging_mixin.py:190} INFO - [2025-01-10T19:20:30.322+0000] {dag.py:3239} INFO - Sync 1 DAGs
[2025-01-10T19:20:30.368+0000] {logging_mixin.py:190} INFO - [2025-01-10T19:20:30.367+0000] {dag.py:4180} INFO - Setting next_dagrun for tutorial_objectstorage to None, run_after=None
[2025-01-10T19:20:30.422+0000] {processor.py:208} INFO - Processing /home/airflow/.local/lib/python3.12/site-packages/airflow/example_dags/tutorial_objectstorage.py took 0.236 seconds
[2025-01-10T19:21:04.075+0000] {processor.py:186} INFO - Started process (PID=4541) to work on /home/airflow/.local/lib/python3.12/site-packages/airflow/example_dags/tutorial_objectstorage.py
[2025-01-10T19:21:04.077+0000] {processor.py:914} INFO - Processing file /home/airflow/.local/lib/python3.12/site-packages/airflow/example_dags/tutorial_objectstorage.py for tasks to queue
[2025-01-10T19:21:04.080+0000] {logging_mixin.py:190} INFO - [2025-01-10T19:21:04.079+0000] {dagbag.py:588} INFO - Filling up the DagBag from /home/airflow/.local/lib/python3.12/site-packages/airflow/example_dags/tutorial_objectstorage.py
[2025-01-10T19:21:04.108+0000] {processor.py:925} INFO - DAG(s) 'tutorial_objectstorage' retrieved from /home/airflow/.local/lib/python3.12/site-packages/airflow/example_dags/tutorial_objectstorage.py
[2025-01-10T19:21:04.246+0000] {logging_mixin.py:190} INFO - [2025-01-10T19:21:04.245+0000] {dag.py:3239} INFO - Sync 1 DAGs
[2025-01-10T19:21:04.368+0000] {logging_mixin.py:190} INFO - [2025-01-10T19:21:04.365+0000] {dag.py:4180} INFO - Setting next_dagrun for tutorial_objectstorage to None, run_after=None
[2025-01-10T19:21:04.467+0000] {processor.py:208} INFO - Processing /home/airflow/.local/lib/python3.12/site-packages/airflow/example_dags/tutorial_objectstorage.py took 0.409 seconds
[2025-01-10T19:21:35.818+0000] {processor.py:186} INFO - Started process (PID=4605) to work on /home/airflow/.local/lib/python3.12/site-packages/airflow/example_dags/tutorial_objectstorage.py
[2025-01-10T19:21:35.821+0000] {processor.py:914} INFO - Processing file /home/airflow/.local/lib/python3.12/site-packages/airflow/example_dags/tutorial_objectstorage.py for tasks to queue
[2025-01-10T19:21:35.826+0000] {logging_mixin.py:190} INFO - [2025-01-10T19:21:35.825+0000] {dagbag.py:588} INFO - Filling up the DagBag from /home/airflow/.local/lib/python3.12/site-packages/airflow/example_dags/tutorial_objectstorage.py
[2025-01-10T19:21:35.856+0000] {processor.py:925} INFO - DAG(s) 'tutorial_objectstorage' retrieved from /home/airflow/.local/lib/python3.12/site-packages/airflow/example_dags/tutorial_objectstorage.py
[2025-01-10T19:21:35.910+0000] {logging_mixin.py:190} INFO - [2025-01-10T19:21:35.909+0000] {dag.py:3239} INFO - Sync 1 DAGs
[2025-01-10T19:21:35.968+0000] {logging_mixin.py:190} INFO - [2025-01-10T19:21:35.967+0000] {dag.py:4180} INFO - Setting next_dagrun for tutorial_objectstorage to None, run_after=None
[2025-01-10T19:21:36.033+0000] {processor.py:208} INFO - Processing /home/airflow/.local/lib/python3.12/site-packages/airflow/example_dags/tutorial_objectstorage.py took 0.232 seconds
[2025-01-10T19:22:08.373+0000] {processor.py:186} INFO - Started process (PID=4663) to work on /home/airflow/.local/lib/python3.12/site-packages/airflow/example_dags/tutorial_objectstorage.py
[2025-01-10T19:22:08.377+0000] {processor.py:914} INFO - Processing file /home/airflow/.local/lib/python3.12/site-packages/airflow/example_dags/tutorial_objectstorage.py for tasks to queue
[2025-01-10T19:22:08.379+0000] {logging_mixin.py:190} INFO - [2025-01-10T19:22:08.379+0000] {dagbag.py:588} INFO - Filling up the DagBag from /home/airflow/.local/lib/python3.12/site-packages/airflow/example_dags/tutorial_objectstorage.py
[2025-01-10T19:22:08.412+0000] {processor.py:925} INFO - DAG(s) 'tutorial_objectstorage' retrieved from /home/airflow/.local/lib/python3.12/site-packages/airflow/example_dags/tutorial_objectstorage.py
[2025-01-10T19:22:08.507+0000] {logging_mixin.py:190} INFO - [2025-01-10T19:22:08.506+0000] {dag.py:3239} INFO - Sync 1 DAGs
[2025-01-10T19:22:08.638+0000] {logging_mixin.py:190} INFO - [2025-01-10T19:22:08.637+0000] {dag.py:4180} INFO - Setting next_dagrun for tutorial_objectstorage to None, run_after=None
[2025-01-10T19:22:08.702+0000] {processor.py:208} INFO - Processing /home/airflow/.local/lib/python3.12/site-packages/airflow/example_dags/tutorial_objectstorage.py took 0.341 seconds
[2025-01-10T19:22:40.463+0000] {processor.py:186} INFO - Started process (PID=4728) to work on /home/airflow/.local/lib/python3.12/site-packages/airflow/example_dags/tutorial_objectstorage.py
[2025-01-10T19:22:40.467+0000] {processor.py:914} INFO - Processing file /home/airflow/.local/lib/python3.12/site-packages/airflow/example_dags/tutorial_objectstorage.py for tasks to queue
[2025-01-10T19:22:40.472+0000] {logging_mixin.py:190} INFO - [2025-01-10T19:22:40.471+0000] {dagbag.py:588} INFO - Filling up the DagBag from /home/airflow/.local/lib/python3.12/site-packages/airflow/example_dags/tutorial_objectstorage.py
[2025-01-10T19:22:40.496+0000] {processor.py:925} INFO - DAG(s) 'tutorial_objectstorage' retrieved from /home/airflow/.local/lib/python3.12/site-packages/airflow/example_dags/tutorial_objectstorage.py
[2025-01-10T19:22:40.572+0000] {logging_mixin.py:190} INFO - [2025-01-10T19:22:40.571+0000] {dag.py:3239} INFO - Sync 1 DAGs
[2025-01-10T19:22:40.702+0000] {logging_mixin.py:190} INFO - [2025-01-10T19:22:40.701+0000] {dag.py:4180} INFO - Setting next_dagrun for tutorial_objectstorage to None, run_after=None
[2025-01-10T19:22:40.857+0000] {processor.py:208} INFO - Processing /home/airflow/.local/lib/python3.12/site-packages/airflow/example_dags/tutorial_objectstorage.py took 0.410 seconds
