[2025-01-10T18:44:39.928+0000] {processor.py:186} INFO - Started process (PID=101) to work on /home/airflow/.local/lib/python3.12/site-packages/airflow/example_dags/tutorial.py
[2025-01-10T18:44:39.929+0000] {processor.py:914} INFO - Processing file /home/airflow/.local/lib/python3.12/site-packages/airflow/example_dags/tutorial.py for tasks to queue
[2025-01-10T18:44:39.933+0000] {logging_mixin.py:190} INFO - [2025-01-10T18:44:39.933+0000] {dagbag.py:588} INFO - Filling up the DagBag from /home/airflow/.local/lib/python3.12/site-packages/airflow/example_dags/tutorial.py
[2025-01-10T18:44:39.954+0000] {processor.py:925} INFO - DAG(s) 'tutorial' retrieved from /home/airflow/.local/lib/python3.12/site-packages/airflow/example_dags/tutorial.py
[2025-01-10T18:44:40.212+0000] {logging_mixin.py:190} INFO - [2025-01-10T18:44:40.211+0000] {override.py:1911} INFO - Created Permission View: can edit on DAG:tutorial
[2025-01-10T18:44:40.240+0000] {logging_mixin.py:190} INFO - [2025-01-10T18:44:40.239+0000] {override.py:1911} INFO - Created Permission View: can read on DAG:tutorial
[2025-01-10T18:44:40.256+0000] {logging_mixin.py:190} INFO - [2025-01-10T18:44:40.255+0000] {override.py:1911} INFO - Created Permission View: can delete on DAG:tutorial
[2025-01-10T18:44:40.273+0000] {logging_mixin.py:190} INFO - [2025-01-10T18:44:40.272+0000] {override.py:1911} INFO - Created Permission View: menu access on DAG Run:tutorial
[2025-01-10T18:44:40.287+0000] {logging_mixin.py:190} INFO - [2025-01-10T18:44:40.286+0000] {override.py:1911} INFO - Created Permission View: can read on DAG Run:tutorial
[2025-01-10T18:44:40.301+0000] {logging_mixin.py:190} INFO - [2025-01-10T18:44:40.300+0000] {override.py:1911} INFO - Created Permission View: can create on DAG Run:tutorial
[2025-01-10T18:44:40.315+0000] {logging_mixin.py:190} INFO - [2025-01-10T18:44:40.315+0000] {override.py:1911} INFO - Created Permission View: can delete on DAG Run:tutorial
[2025-01-10T18:44:40.317+0000] {logging_mixin.py:190} INFO - [2025-01-10T18:44:40.316+0000] {dag.py:3239} INFO - Sync 1 DAGs
[2025-01-10T18:44:40.345+0000] {logging_mixin.py:190} INFO - [2025-01-10T18:44:40.344+0000] {dag.py:3262} INFO - Creating ORM DAG for tutorial
[2025-01-10T18:44:40.371+0000] {logging_mixin.py:190} INFO - [2025-01-10T18:44:40.370+0000] {dag.py:4180} INFO - Setting next_dagrun for tutorial to 2025-01-09 00:00:00+00:00, run_after=2025-01-10 00:00:00+00:00
[2025-01-10T18:44:40.406+0000] {processor.py:208} INFO - Processing /home/airflow/.local/lib/python3.12/site-packages/airflow/example_dags/tutorial.py took 0.489 seconds
[2025-01-10T18:45:11.325+0000] {processor.py:186} INFO - Started process (PID=164) to work on /home/airflow/.local/lib/python3.12/site-packages/airflow/example_dags/tutorial.py
[2025-01-10T18:45:11.329+0000] {processor.py:914} INFO - Processing file /home/airflow/.local/lib/python3.12/site-packages/airflow/example_dags/tutorial.py for tasks to queue
[2025-01-10T18:45:11.345+0000] {logging_mixin.py:190} INFO - [2025-01-10T18:45:11.338+0000] {dagbag.py:588} INFO - Filling up the DagBag from /home/airflow/.local/lib/python3.12/site-packages/airflow/example_dags/tutorial.py
[2025-01-10T18:45:11.380+0000] {processor.py:925} INFO - DAG(s) 'tutorial' retrieved from /home/airflow/.local/lib/python3.12/site-packages/airflow/example_dags/tutorial.py
[2025-01-10T18:45:11.448+0000] {logging_mixin.py:190} INFO - [2025-01-10T18:45:11.447+0000] {dag.py:3239} INFO - Sync 1 DAGs
[2025-01-10T18:45:11.557+0000] {logging_mixin.py:190} INFO - [2025-01-10T18:45:11.556+0000] {dag.py:4180} INFO - Setting next_dagrun for tutorial to 2025-01-09 00:00:00+00:00, run_after=2025-01-10 00:00:00+00:00
[2025-01-10T18:45:11.615+0000] {processor.py:208} INFO - Processing /home/airflow/.local/lib/python3.12/site-packages/airflow/example_dags/tutorial.py took 0.304 seconds
[2025-01-10T18:45:42.307+0000] {processor.py:186} INFO - Started process (PID=227) to work on /home/airflow/.local/lib/python3.12/site-packages/airflow/example_dags/tutorial.py
[2025-01-10T18:45:42.309+0000] {processor.py:914} INFO - Processing file /home/airflow/.local/lib/python3.12/site-packages/airflow/example_dags/tutorial.py for tasks to queue
[2025-01-10T18:45:42.315+0000] {logging_mixin.py:190} INFO - [2025-01-10T18:45:42.314+0000] {dagbag.py:588} INFO - Filling up the DagBag from /home/airflow/.local/lib/python3.12/site-packages/airflow/example_dags/tutorial.py
[2025-01-10T18:45:42.333+0000] {processor.py:925} INFO - DAG(s) 'tutorial' retrieved from /home/airflow/.local/lib/python3.12/site-packages/airflow/example_dags/tutorial.py
[2025-01-10T18:45:42.377+0000] {logging_mixin.py:190} INFO - [2025-01-10T18:45:42.376+0000] {dag.py:3239} INFO - Sync 1 DAGs
[2025-01-10T18:45:42.438+0000] {logging_mixin.py:190} INFO - [2025-01-10T18:45:42.437+0000] {dag.py:4180} INFO - Setting next_dagrun for tutorial to 2025-01-09 00:00:00+00:00, run_after=2025-01-10 00:00:00+00:00
[2025-01-10T18:45:42.485+0000] {processor.py:208} INFO - Processing /home/airflow/.local/lib/python3.12/site-packages/airflow/example_dags/tutorial.py took 0.192 seconds
[2025-01-10T18:46:12.995+0000] {processor.py:186} INFO - Started process (PID=290) to work on /home/airflow/.local/lib/python3.12/site-packages/airflow/example_dags/tutorial.py
[2025-01-10T18:46:12.997+0000] {processor.py:914} INFO - Processing file /home/airflow/.local/lib/python3.12/site-packages/airflow/example_dags/tutorial.py for tasks to queue
[2025-01-10T18:46:13.002+0000] {logging_mixin.py:190} INFO - [2025-01-10T18:46:13.001+0000] {dagbag.py:588} INFO - Filling up the DagBag from /home/airflow/.local/lib/python3.12/site-packages/airflow/example_dags/tutorial.py
[2025-01-10T18:46:13.017+0000] {processor.py:925} INFO - DAG(s) 'tutorial' retrieved from /home/airflow/.local/lib/python3.12/site-packages/airflow/example_dags/tutorial.py
[2025-01-10T18:46:13.051+0000] {logging_mixin.py:190} INFO - [2025-01-10T18:46:13.051+0000] {dag.py:3239} INFO - Sync 1 DAGs
[2025-01-10T18:46:13.111+0000] {logging_mixin.py:190} INFO - [2025-01-10T18:46:13.111+0000] {dag.py:4180} INFO - Setting next_dagrun for tutorial to 2025-01-09 00:00:00+00:00, run_after=2025-01-10 00:00:00+00:00
[2025-01-10T18:46:13.152+0000] {processor.py:208} INFO - Processing /home/airflow/.local/lib/python3.12/site-packages/airflow/example_dags/tutorial.py took 0.171 seconds
[2025-01-10T18:46:43.796+0000] {processor.py:186} INFO - Started process (PID=353) to work on /home/airflow/.local/lib/python3.12/site-packages/airflow/example_dags/tutorial.py
[2025-01-10T18:46:43.798+0000] {processor.py:914} INFO - Processing file /home/airflow/.local/lib/python3.12/site-packages/airflow/example_dags/tutorial.py for tasks to queue
[2025-01-10T18:46:43.804+0000] {logging_mixin.py:190} INFO - [2025-01-10T18:46:43.803+0000] {dagbag.py:588} INFO - Filling up the DagBag from /home/airflow/.local/lib/python3.12/site-packages/airflow/example_dags/tutorial.py
[2025-01-10T18:46:43.823+0000] {processor.py:925} INFO - DAG(s) 'tutorial' retrieved from /home/airflow/.local/lib/python3.12/site-packages/airflow/example_dags/tutorial.py
[2025-01-10T18:46:43.870+0000] {logging_mixin.py:190} INFO - [2025-01-10T18:46:43.869+0000] {dag.py:3239} INFO - Sync 1 DAGs
[2025-01-10T18:46:43.930+0000] {logging_mixin.py:190} INFO - [2025-01-10T18:46:43.929+0000] {dag.py:4180} INFO - Setting next_dagrun for tutorial to 2025-01-09 00:00:00+00:00, run_after=2025-01-10 00:00:00+00:00
[2025-01-10T18:46:43.972+0000] {processor.py:208} INFO - Processing /home/airflow/.local/lib/python3.12/site-packages/airflow/example_dags/tutorial.py took 0.186 seconds
[2025-01-10T18:47:15.098+0000] {processor.py:186} INFO - Started process (PID=415) to work on /home/airflow/.local/lib/python3.12/site-packages/airflow/example_dags/tutorial.py
[2025-01-10T18:47:15.100+0000] {processor.py:914} INFO - Processing file /home/airflow/.local/lib/python3.12/site-packages/airflow/example_dags/tutorial.py for tasks to queue
[2025-01-10T18:47:15.107+0000] {logging_mixin.py:190} INFO - [2025-01-10T18:47:15.106+0000] {dagbag.py:588} INFO - Filling up the DagBag from /home/airflow/.local/lib/python3.12/site-packages/airflow/example_dags/tutorial.py
[2025-01-10T18:47:15.125+0000] {processor.py:925} INFO - DAG(s) 'tutorial' retrieved from /home/airflow/.local/lib/python3.12/site-packages/airflow/example_dags/tutorial.py
[2025-01-10T18:47:15.171+0000] {logging_mixin.py:190} INFO - [2025-01-10T18:47:15.170+0000] {dag.py:3239} INFO - Sync 1 DAGs
[2025-01-10T18:47:15.236+0000] {logging_mixin.py:190} INFO - [2025-01-10T18:47:15.236+0000] {dag.py:4180} INFO - Setting next_dagrun for tutorial to 2025-01-09 00:00:00+00:00, run_after=2025-01-10 00:00:00+00:00
[2025-01-10T18:47:15.273+0000] {processor.py:208} INFO - Processing /home/airflow/.local/lib/python3.12/site-packages/airflow/example_dags/tutorial.py took 0.193 seconds
[2025-01-10T18:47:45.459+0000] {processor.py:186} INFO - Started process (PID=477) to work on /home/airflow/.local/lib/python3.12/site-packages/airflow/example_dags/tutorial.py
[2025-01-10T18:47:45.462+0000] {processor.py:914} INFO - Processing file /home/airflow/.local/lib/python3.12/site-packages/airflow/example_dags/tutorial.py for tasks to queue
[2025-01-10T18:47:45.471+0000] {logging_mixin.py:190} INFO - [2025-01-10T18:47:45.469+0000] {dagbag.py:588} INFO - Filling up the DagBag from /home/airflow/.local/lib/python3.12/site-packages/airflow/example_dags/tutorial.py
[2025-01-10T18:47:45.504+0000] {processor.py:925} INFO - DAG(s) 'tutorial' retrieved from /home/airflow/.local/lib/python3.12/site-packages/airflow/example_dags/tutorial.py
[2025-01-10T18:47:45.574+0000] {logging_mixin.py:190} INFO - [2025-01-10T18:47:45.573+0000] {dag.py:3239} INFO - Sync 1 DAGs
[2025-01-10T18:47:45.651+0000] {logging_mixin.py:190} INFO - [2025-01-10T18:47:45.650+0000] {dag.py:4180} INFO - Setting next_dagrun for tutorial to 2025-01-09 00:00:00+00:00, run_after=2025-01-10 00:00:00+00:00
[2025-01-10T18:47:45.728+0000] {processor.py:208} INFO - Processing /home/airflow/.local/lib/python3.12/site-packages/airflow/example_dags/tutorial.py took 0.293 seconds
[2025-01-10T18:48:16.052+0000] {processor.py:186} INFO - Started process (PID=539) to work on /home/airflow/.local/lib/python3.12/site-packages/airflow/example_dags/tutorial.py
[2025-01-10T18:48:16.054+0000] {processor.py:914} INFO - Processing file /home/airflow/.local/lib/python3.12/site-packages/airflow/example_dags/tutorial.py for tasks to queue
[2025-01-10T18:48:16.058+0000] {logging_mixin.py:190} INFO - [2025-01-10T18:48:16.058+0000] {dagbag.py:588} INFO - Filling up the DagBag from /home/airflow/.local/lib/python3.12/site-packages/airflow/example_dags/tutorial.py
[2025-01-10T18:48:16.075+0000] {processor.py:925} INFO - DAG(s) 'tutorial' retrieved from /home/airflow/.local/lib/python3.12/site-packages/airflow/example_dags/tutorial.py
[2025-01-10T18:48:16.134+0000] {logging_mixin.py:190} INFO - [2025-01-10T18:48:16.134+0000] {dag.py:3239} INFO - Sync 1 DAGs
[2025-01-10T18:48:16.259+0000] {logging_mixin.py:190} INFO - [2025-01-10T18:48:16.259+0000] {dag.py:4180} INFO - Setting next_dagrun for tutorial to 2025-01-09 00:00:00+00:00, run_after=2025-01-10 00:00:00+00:00
[2025-01-10T18:48:16.317+0000] {processor.py:208} INFO - Processing /home/airflow/.local/lib/python3.12/site-packages/airflow/example_dags/tutorial.py took 0.276 seconds
[2025-01-10T18:48:47.052+0000] {processor.py:186} INFO - Started process (PID=601) to work on /home/airflow/.local/lib/python3.12/site-packages/airflow/example_dags/tutorial.py
[2025-01-10T18:48:47.054+0000] {processor.py:914} INFO - Processing file /home/airflow/.local/lib/python3.12/site-packages/airflow/example_dags/tutorial.py for tasks to queue
[2025-01-10T18:48:47.061+0000] {logging_mixin.py:190} INFO - [2025-01-10T18:48:47.061+0000] {dagbag.py:588} INFO - Filling up the DagBag from /home/airflow/.local/lib/python3.12/site-packages/airflow/example_dags/tutorial.py
[2025-01-10T18:48:47.078+0000] {processor.py:925} INFO - DAG(s) 'tutorial' retrieved from /home/airflow/.local/lib/python3.12/site-packages/airflow/example_dags/tutorial.py
[2025-01-10T18:48:47.141+0000] {logging_mixin.py:190} INFO - [2025-01-10T18:48:47.140+0000] {dag.py:3239} INFO - Sync 1 DAGs
[2025-01-10T18:48:47.333+0000] {logging_mixin.py:190} INFO - [2025-01-10T18:48:47.332+0000] {dag.py:4180} INFO - Setting next_dagrun for tutorial to 2025-01-09 00:00:00+00:00, run_after=2025-01-10 00:00:00+00:00
[2025-01-10T18:48:47.441+0000] {processor.py:208} INFO - Processing /home/airflow/.local/lib/python3.12/site-packages/airflow/example_dags/tutorial.py took 0.403 seconds
[2025-01-10T18:49:17.914+0000] {processor.py:186} INFO - Started process (PID=663) to work on /home/airflow/.local/lib/python3.12/site-packages/airflow/example_dags/tutorial.py
[2025-01-10T18:49:17.916+0000] {processor.py:914} INFO - Processing file /home/airflow/.local/lib/python3.12/site-packages/airflow/example_dags/tutorial.py for tasks to queue
[2025-01-10T18:49:17.923+0000] {logging_mixin.py:190} INFO - [2025-01-10T18:49:17.922+0000] {dagbag.py:588} INFO - Filling up the DagBag from /home/airflow/.local/lib/python3.12/site-packages/airflow/example_dags/tutorial.py
[2025-01-10T18:49:17.944+0000] {processor.py:925} INFO - DAG(s) 'tutorial' retrieved from /home/airflow/.local/lib/python3.12/site-packages/airflow/example_dags/tutorial.py
[2025-01-10T18:49:17.992+0000] {logging_mixin.py:190} INFO - [2025-01-10T18:49:17.991+0000] {dag.py:3239} INFO - Sync 1 DAGs
[2025-01-10T18:49:18.074+0000] {logging_mixin.py:190} INFO - [2025-01-10T18:49:18.071+0000] {dag.py:4180} INFO - Setting next_dagrun for tutorial to 2025-01-09 00:00:00+00:00, run_after=2025-01-10 00:00:00+00:00
[2025-01-10T18:49:18.123+0000] {processor.py:208} INFO - Processing /home/airflow/.local/lib/python3.12/site-packages/airflow/example_dags/tutorial.py took 0.225 seconds
[2025-01-10T18:49:48.426+0000] {processor.py:186} INFO - Started process (PID=726) to work on /home/airflow/.local/lib/python3.12/site-packages/airflow/example_dags/tutorial.py
[2025-01-10T18:49:48.429+0000] {processor.py:914} INFO - Processing file /home/airflow/.local/lib/python3.12/site-packages/airflow/example_dags/tutorial.py for tasks to queue
[2025-01-10T18:49:48.435+0000] {logging_mixin.py:190} INFO - [2025-01-10T18:49:48.434+0000] {dagbag.py:588} INFO - Filling up the DagBag from /home/airflow/.local/lib/python3.12/site-packages/airflow/example_dags/tutorial.py
[2025-01-10T18:49:48.491+0000] {processor.py:925} INFO - DAG(s) 'tutorial' retrieved from /home/airflow/.local/lib/python3.12/site-packages/airflow/example_dags/tutorial.py
[2025-01-10T18:49:48.667+0000] {logging_mixin.py:190} INFO - [2025-01-10T18:49:48.665+0000] {dag.py:3239} INFO - Sync 1 DAGs
[2025-01-10T18:49:48.843+0000] {logging_mixin.py:190} INFO - [2025-01-10T18:49:48.842+0000] {dag.py:4180} INFO - Setting next_dagrun for tutorial to 2025-01-09 00:00:00+00:00, run_after=2025-01-10 00:00:00+00:00
[2025-01-10T18:49:48.911+0000] {processor.py:208} INFO - Processing /home/airflow/.local/lib/python3.12/site-packages/airflow/example_dags/tutorial.py took 0.502 seconds
[2025-01-10T18:50:19.202+0000] {processor.py:186} INFO - Started process (PID=789) to work on /home/airflow/.local/lib/python3.12/site-packages/airflow/example_dags/tutorial.py
[2025-01-10T18:50:19.205+0000] {processor.py:914} INFO - Processing file /home/airflow/.local/lib/python3.12/site-packages/airflow/example_dags/tutorial.py for tasks to queue
[2025-01-10T18:50:19.212+0000] {logging_mixin.py:190} INFO - [2025-01-10T18:50:19.211+0000] {dagbag.py:588} INFO - Filling up the DagBag from /home/airflow/.local/lib/python3.12/site-packages/airflow/example_dags/tutorial.py
[2025-01-10T18:50:19.233+0000] {processor.py:925} INFO - DAG(s) 'tutorial' retrieved from /home/airflow/.local/lib/python3.12/site-packages/airflow/example_dags/tutorial.py
[2025-01-10T18:50:19.293+0000] {logging_mixin.py:190} INFO - [2025-01-10T18:50:19.293+0000] {dag.py:3239} INFO - Sync 1 DAGs
[2025-01-10T18:50:19.366+0000] {logging_mixin.py:190} INFO - [2025-01-10T18:50:19.366+0000] {dag.py:4180} INFO - Setting next_dagrun for tutorial to 2025-01-09 00:00:00+00:00, run_after=2025-01-10 00:00:00+00:00
[2025-01-10T18:50:19.439+0000] {processor.py:208} INFO - Processing /home/airflow/.local/lib/python3.12/site-packages/airflow/example_dags/tutorial.py took 0.255 seconds
[2025-01-10T18:50:49.536+0000] {processor.py:186} INFO - Started process (PID=851) to work on /home/airflow/.local/lib/python3.12/site-packages/airflow/example_dags/tutorial.py
[2025-01-10T18:50:49.538+0000] {processor.py:914} INFO - Processing file /home/airflow/.local/lib/python3.12/site-packages/airflow/example_dags/tutorial.py for tasks to queue
[2025-01-10T18:50:49.543+0000] {logging_mixin.py:190} INFO - [2025-01-10T18:50:49.542+0000] {dagbag.py:588} INFO - Filling up the DagBag from /home/airflow/.local/lib/python3.12/site-packages/airflow/example_dags/tutorial.py
[2025-01-10T18:50:49.565+0000] {processor.py:925} INFO - DAG(s) 'tutorial' retrieved from /home/airflow/.local/lib/python3.12/site-packages/airflow/example_dags/tutorial.py
[2025-01-10T18:50:49.626+0000] {logging_mixin.py:190} INFO - [2025-01-10T18:50:49.625+0000] {dag.py:3239} INFO - Sync 1 DAGs
[2025-01-10T18:50:49.688+0000] {logging_mixin.py:190} INFO - [2025-01-10T18:50:49.687+0000] {dag.py:4180} INFO - Setting next_dagrun for tutorial to 2025-01-09 00:00:00+00:00, run_after=2025-01-10 00:00:00+00:00
[2025-01-10T18:50:49.724+0000] {processor.py:208} INFO - Processing /home/airflow/.local/lib/python3.12/site-packages/airflow/example_dags/tutorial.py took 0.202 seconds
[2025-01-10T18:51:20.047+0000] {processor.py:186} INFO - Started process (PID=914) to work on /home/airflow/.local/lib/python3.12/site-packages/airflow/example_dags/tutorial.py
[2025-01-10T18:51:20.049+0000] {processor.py:914} INFO - Processing file /home/airflow/.local/lib/python3.12/site-packages/airflow/example_dags/tutorial.py for tasks to queue
[2025-01-10T18:51:20.056+0000] {logging_mixin.py:190} INFO - [2025-01-10T18:51:20.055+0000] {dagbag.py:588} INFO - Filling up the DagBag from /home/airflow/.local/lib/python3.12/site-packages/airflow/example_dags/tutorial.py
[2025-01-10T18:51:20.080+0000] {processor.py:925} INFO - DAG(s) 'tutorial' retrieved from /home/airflow/.local/lib/python3.12/site-packages/airflow/example_dags/tutorial.py
[2025-01-10T18:51:20.122+0000] {logging_mixin.py:190} INFO - [2025-01-10T18:51:20.122+0000] {dag.py:3239} INFO - Sync 1 DAGs
[2025-01-10T18:51:20.178+0000] {logging_mixin.py:190} INFO - [2025-01-10T18:51:20.177+0000] {dag.py:4180} INFO - Setting next_dagrun for tutorial to 2025-01-09 00:00:00+00:00, run_after=2025-01-10 00:00:00+00:00
[2025-01-10T18:51:20.217+0000] {processor.py:208} INFO - Processing /home/airflow/.local/lib/python3.12/site-packages/airflow/example_dags/tutorial.py took 0.189 seconds
[2025-01-10T18:51:50.280+0000] {processor.py:186} INFO - Started process (PID=976) to work on /home/airflow/.local/lib/python3.12/site-packages/airflow/example_dags/tutorial.py
[2025-01-10T18:51:50.281+0000] {processor.py:914} INFO - Processing file /home/airflow/.local/lib/python3.12/site-packages/airflow/example_dags/tutorial.py for tasks to queue
[2025-01-10T18:51:50.285+0000] {logging_mixin.py:190} INFO - [2025-01-10T18:51:50.285+0000] {dagbag.py:588} INFO - Filling up the DagBag from /home/airflow/.local/lib/python3.12/site-packages/airflow/example_dags/tutorial.py
[2025-01-10T18:51:50.301+0000] {processor.py:925} INFO - DAG(s) 'tutorial' retrieved from /home/airflow/.local/lib/python3.12/site-packages/airflow/example_dags/tutorial.py
[2025-01-10T18:51:50.352+0000] {logging_mixin.py:190} INFO - [2025-01-10T18:51:50.352+0000] {dag.py:3239} INFO - Sync 1 DAGs
[2025-01-10T18:51:50.408+0000] {logging_mixin.py:190} INFO - [2025-01-10T18:51:50.408+0000] {dag.py:4180} INFO - Setting next_dagrun for tutorial to 2025-01-09 00:00:00+00:00, run_after=2025-01-10 00:00:00+00:00
[2025-01-10T18:51:50.452+0000] {processor.py:208} INFO - Processing /home/airflow/.local/lib/python3.12/site-packages/airflow/example_dags/tutorial.py took 0.183 seconds
[2025-01-10T18:52:20.696+0000] {processor.py:186} INFO - Started process (PID=1039) to work on /home/airflow/.local/lib/python3.12/site-packages/airflow/example_dags/tutorial.py
[2025-01-10T18:52:20.698+0000] {processor.py:914} INFO - Processing file /home/airflow/.local/lib/python3.12/site-packages/airflow/example_dags/tutorial.py for tasks to queue
[2025-01-10T18:52:20.704+0000] {logging_mixin.py:190} INFO - [2025-01-10T18:52:20.704+0000] {dagbag.py:588} INFO - Filling up the DagBag from /home/airflow/.local/lib/python3.12/site-packages/airflow/example_dags/tutorial.py
[2025-01-10T18:52:20.732+0000] {processor.py:925} INFO - DAG(s) 'tutorial' retrieved from /home/airflow/.local/lib/python3.12/site-packages/airflow/example_dags/tutorial.py
[2025-01-10T18:52:20.906+0000] {logging_mixin.py:190} INFO - [2025-01-10T18:52:20.898+0000] {dag.py:3239} INFO - Sync 1 DAGs
[2025-01-10T18:52:21.073+0000] {logging_mixin.py:190} INFO - [2025-01-10T18:52:21.072+0000] {dag.py:4180} INFO - Setting next_dagrun for tutorial to 2025-01-09 00:00:00+00:00, run_after=2025-01-10 00:00:00+00:00
[2025-01-10T18:52:21.153+0000] {processor.py:208} INFO - Processing /home/airflow/.local/lib/python3.12/site-packages/airflow/example_dags/tutorial.py took 0.473 seconds
[2025-01-10T18:52:51.958+0000] {processor.py:186} INFO - Started process (PID=1102) to work on /home/airflow/.local/lib/python3.12/site-packages/airflow/example_dags/tutorial.py
[2025-01-10T18:52:51.960+0000] {processor.py:914} INFO - Processing file /home/airflow/.local/lib/python3.12/site-packages/airflow/example_dags/tutorial.py for tasks to queue
[2025-01-10T18:52:51.969+0000] {logging_mixin.py:190} INFO - [2025-01-10T18:52:51.968+0000] {dagbag.py:588} INFO - Filling up the DagBag from /home/airflow/.local/lib/python3.12/site-packages/airflow/example_dags/tutorial.py
[2025-01-10T18:52:51.995+0000] {processor.py:925} INFO - DAG(s) 'tutorial' retrieved from /home/airflow/.local/lib/python3.12/site-packages/airflow/example_dags/tutorial.py
[2025-01-10T18:52:52.050+0000] {logging_mixin.py:190} INFO - [2025-01-10T18:52:52.050+0000] {dag.py:3239} INFO - Sync 1 DAGs
[2025-01-10T18:52:52.137+0000] {logging_mixin.py:190} INFO - [2025-01-10T18:52:52.136+0000] {dag.py:4180} INFO - Setting next_dagrun for tutorial to 2025-01-09 00:00:00+00:00, run_after=2025-01-10 00:00:00+00:00
[2025-01-10T18:52:52.195+0000] {processor.py:208} INFO - Processing /home/airflow/.local/lib/python3.12/site-packages/airflow/example_dags/tutorial.py took 0.254 seconds
[2025-01-10T18:53:22.701+0000] {processor.py:186} INFO - Started process (PID=1165) to work on /home/airflow/.local/lib/python3.12/site-packages/airflow/example_dags/tutorial.py
[2025-01-10T18:53:22.703+0000] {processor.py:914} INFO - Processing file /home/airflow/.local/lib/python3.12/site-packages/airflow/example_dags/tutorial.py for tasks to queue
[2025-01-10T18:53:22.709+0000] {logging_mixin.py:190} INFO - [2025-01-10T18:53:22.709+0000] {dagbag.py:588} INFO - Filling up the DagBag from /home/airflow/.local/lib/python3.12/site-packages/airflow/example_dags/tutorial.py
[2025-01-10T18:53:22.733+0000] {processor.py:925} INFO - DAG(s) 'tutorial' retrieved from /home/airflow/.local/lib/python3.12/site-packages/airflow/example_dags/tutorial.py
[2025-01-10T18:53:22.806+0000] {logging_mixin.py:190} INFO - [2025-01-10T18:53:22.805+0000] {dag.py:3239} INFO - Sync 1 DAGs
[2025-01-10T18:53:22.888+0000] {logging_mixin.py:190} INFO - [2025-01-10T18:53:22.888+0000] {dag.py:4180} INFO - Setting next_dagrun for tutorial to 2025-01-09 00:00:00+00:00, run_after=2025-01-10 00:00:00+00:00
[2025-01-10T18:53:22.958+0000] {processor.py:208} INFO - Processing /home/airflow/.local/lib/python3.12/site-packages/airflow/example_dags/tutorial.py took 0.273 seconds
[2025-01-10T18:53:53.037+0000] {processor.py:186} INFO - Started process (PID=1228) to work on /home/airflow/.local/lib/python3.12/site-packages/airflow/example_dags/tutorial.py
[2025-01-10T18:53:53.039+0000] {processor.py:914} INFO - Processing file /home/airflow/.local/lib/python3.12/site-packages/airflow/example_dags/tutorial.py for tasks to queue
[2025-01-10T18:53:53.044+0000] {logging_mixin.py:190} INFO - [2025-01-10T18:53:53.043+0000] {dagbag.py:588} INFO - Filling up the DagBag from /home/airflow/.local/lib/python3.12/site-packages/airflow/example_dags/tutorial.py
[2025-01-10T18:53:53.061+0000] {processor.py:925} INFO - DAG(s) 'tutorial' retrieved from /home/airflow/.local/lib/python3.12/site-packages/airflow/example_dags/tutorial.py
[2025-01-10T18:53:53.119+0000] {logging_mixin.py:190} INFO - [2025-01-10T18:53:53.119+0000] {dag.py:3239} INFO - Sync 1 DAGs
[2025-01-10T18:53:53.179+0000] {logging_mixin.py:190} INFO - [2025-01-10T18:53:53.178+0000] {dag.py:4180} INFO - Setting next_dagrun for tutorial to 2025-01-09 00:00:00+00:00, run_after=2025-01-10 00:00:00+00:00
[2025-01-10T18:53:53.220+0000] {processor.py:208} INFO - Processing /home/airflow/.local/lib/python3.12/site-packages/airflow/example_dags/tutorial.py took 0.194 seconds
[2025-01-10T18:54:24.339+0000] {processor.py:186} INFO - Started process (PID=1291) to work on /home/airflow/.local/lib/python3.12/site-packages/airflow/example_dags/tutorial.py
[2025-01-10T18:54:24.341+0000] {processor.py:914} INFO - Processing file /home/airflow/.local/lib/python3.12/site-packages/airflow/example_dags/tutorial.py for tasks to queue
[2025-01-10T18:54:24.346+0000] {logging_mixin.py:190} INFO - [2025-01-10T18:54:24.346+0000] {dagbag.py:588} INFO - Filling up the DagBag from /home/airflow/.local/lib/python3.12/site-packages/airflow/example_dags/tutorial.py
[2025-01-10T18:54:24.363+0000] {processor.py:925} INFO - DAG(s) 'tutorial' retrieved from /home/airflow/.local/lib/python3.12/site-packages/airflow/example_dags/tutorial.py
[2025-01-10T18:54:24.458+0000] {logging_mixin.py:190} INFO - [2025-01-10T18:54:24.457+0000] {dag.py:3239} INFO - Sync 1 DAGs
[2025-01-10T18:54:24.566+0000] {logging_mixin.py:190} INFO - [2025-01-10T18:54:24.565+0000] {dag.py:4180} INFO - Setting next_dagrun for tutorial to 2025-01-09 00:00:00+00:00, run_after=2025-01-10 00:00:00+00:00
[2025-01-10T18:54:24.664+0000] {processor.py:208} INFO - Processing /home/airflow/.local/lib/python3.12/site-packages/airflow/example_dags/tutorial.py took 0.340 seconds
[2025-01-10T18:54:55.242+0000] {processor.py:186} INFO - Started process (PID=1353) to work on /home/airflow/.local/lib/python3.12/site-packages/airflow/example_dags/tutorial.py
[2025-01-10T18:54:55.245+0000] {processor.py:914} INFO - Processing file /home/airflow/.local/lib/python3.12/site-packages/airflow/example_dags/tutorial.py for tasks to queue
[2025-01-10T18:54:55.252+0000] {logging_mixin.py:190} INFO - [2025-01-10T18:54:55.252+0000] {dagbag.py:588} INFO - Filling up the DagBag from /home/airflow/.local/lib/python3.12/site-packages/airflow/example_dags/tutorial.py
[2025-01-10T18:54:55.283+0000] {processor.py:925} INFO - DAG(s) 'tutorial' retrieved from /home/airflow/.local/lib/python3.12/site-packages/airflow/example_dags/tutorial.py
[2025-01-10T18:54:55.334+0000] {logging_mixin.py:190} INFO - [2025-01-10T18:54:55.334+0000] {dag.py:3239} INFO - Sync 1 DAGs
[2025-01-10T18:54:55.390+0000] {logging_mixin.py:190} INFO - [2025-01-10T18:54:55.390+0000] {dag.py:4180} INFO - Setting next_dagrun for tutorial to 2025-01-09 00:00:00+00:00, run_after=2025-01-10 00:00:00+00:00
[2025-01-10T18:54:55.432+0000] {processor.py:208} INFO - Processing /home/airflow/.local/lib/python3.12/site-packages/airflow/example_dags/tutorial.py took 0.207 seconds
[2025-01-10T18:55:25.603+0000] {processor.py:186} INFO - Started process (PID=1415) to work on /home/airflow/.local/lib/python3.12/site-packages/airflow/example_dags/tutorial.py
[2025-01-10T18:55:25.604+0000] {processor.py:914} INFO - Processing file /home/airflow/.local/lib/python3.12/site-packages/airflow/example_dags/tutorial.py for tasks to queue
[2025-01-10T18:55:25.608+0000] {logging_mixin.py:190} INFO - [2025-01-10T18:55:25.608+0000] {dagbag.py:588} INFO - Filling up the DagBag from /home/airflow/.local/lib/python3.12/site-packages/airflow/example_dags/tutorial.py
[2025-01-10T18:55:25.631+0000] {processor.py:925} INFO - DAG(s) 'tutorial' retrieved from /home/airflow/.local/lib/python3.12/site-packages/airflow/example_dags/tutorial.py
[2025-01-10T18:55:25.692+0000] {logging_mixin.py:190} INFO - [2025-01-10T18:55:25.691+0000] {dag.py:3239} INFO - Sync 1 DAGs
[2025-01-10T18:55:25.776+0000] {logging_mixin.py:190} INFO - [2025-01-10T18:55:25.775+0000] {dag.py:4180} INFO - Setting next_dagrun for tutorial to 2025-01-09 00:00:00+00:00, run_after=2025-01-10 00:00:00+00:00
[2025-01-10T18:55:25.824+0000] {processor.py:208} INFO - Processing /home/airflow/.local/lib/python3.12/site-packages/airflow/example_dags/tutorial.py took 0.232 seconds
[2025-01-10T18:55:56.349+0000] {processor.py:186} INFO - Started process (PID=1478) to work on /home/airflow/.local/lib/python3.12/site-packages/airflow/example_dags/tutorial.py
[2025-01-10T18:55:56.353+0000] {processor.py:914} INFO - Processing file /home/airflow/.local/lib/python3.12/site-packages/airflow/example_dags/tutorial.py for tasks to queue
[2025-01-10T18:55:56.363+0000] {logging_mixin.py:190} INFO - [2025-01-10T18:55:56.362+0000] {dagbag.py:588} INFO - Filling up the DagBag from /home/airflow/.local/lib/python3.12/site-packages/airflow/example_dags/tutorial.py
[2025-01-10T18:55:56.401+0000] {processor.py:925} INFO - DAG(s) 'tutorial' retrieved from /home/airflow/.local/lib/python3.12/site-packages/airflow/example_dags/tutorial.py
[2025-01-10T18:55:56.467+0000] {logging_mixin.py:190} INFO - [2025-01-10T18:55:56.466+0000] {dag.py:3239} INFO - Sync 1 DAGs
[2025-01-10T18:55:56.577+0000] {logging_mixin.py:190} INFO - [2025-01-10T18:55:56.576+0000] {dag.py:4180} INFO - Setting next_dagrun for tutorial to 2025-01-09 00:00:00+00:00, run_after=2025-01-10 00:00:00+00:00
[2025-01-10T18:55:56.632+0000] {processor.py:208} INFO - Processing /home/airflow/.local/lib/python3.12/site-packages/airflow/example_dags/tutorial.py took 0.308 seconds
[2025-01-10T18:56:27.016+0000] {processor.py:186} INFO - Started process (PID=1541) to work on /home/airflow/.local/lib/python3.12/site-packages/airflow/example_dags/tutorial.py
[2025-01-10T18:56:27.020+0000] {processor.py:914} INFO - Processing file /home/airflow/.local/lib/python3.12/site-packages/airflow/example_dags/tutorial.py for tasks to queue
[2025-01-10T18:56:27.025+0000] {logging_mixin.py:190} INFO - [2025-01-10T18:56:27.024+0000] {dagbag.py:588} INFO - Filling up the DagBag from /home/airflow/.local/lib/python3.12/site-packages/airflow/example_dags/tutorial.py
[2025-01-10T18:56:27.042+0000] {processor.py:925} INFO - DAG(s) 'tutorial' retrieved from /home/airflow/.local/lib/python3.12/site-packages/airflow/example_dags/tutorial.py
[2025-01-10T18:56:27.092+0000] {logging_mixin.py:190} INFO - [2025-01-10T18:56:27.092+0000] {dag.py:3239} INFO - Sync 1 DAGs
[2025-01-10T18:56:27.145+0000] {logging_mixin.py:190} INFO - [2025-01-10T18:56:27.145+0000] {dag.py:4180} INFO - Setting next_dagrun for tutorial to 2025-01-09 00:00:00+00:00, run_after=2025-01-10 00:00:00+00:00
[2025-01-10T18:56:27.209+0000] {processor.py:208} INFO - Processing /home/airflow/.local/lib/python3.12/site-packages/airflow/example_dags/tutorial.py took 0.206 seconds
[2025-01-10T18:56:58.254+0000] {processor.py:186} INFO - Started process (PID=1604) to work on /home/airflow/.local/lib/python3.12/site-packages/airflow/example_dags/tutorial.py
[2025-01-10T18:56:58.256+0000] {processor.py:914} INFO - Processing file /home/airflow/.local/lib/python3.12/site-packages/airflow/example_dags/tutorial.py for tasks to queue
[2025-01-10T18:56:58.261+0000] {logging_mixin.py:190} INFO - [2025-01-10T18:56:58.261+0000] {dagbag.py:588} INFO - Filling up the DagBag from /home/airflow/.local/lib/python3.12/site-packages/airflow/example_dags/tutorial.py
[2025-01-10T18:56:58.280+0000] {processor.py:925} INFO - DAG(s) 'tutorial' retrieved from /home/airflow/.local/lib/python3.12/site-packages/airflow/example_dags/tutorial.py
[2025-01-10T18:56:58.327+0000] {logging_mixin.py:190} INFO - [2025-01-10T18:56:58.327+0000] {dag.py:3239} INFO - Sync 1 DAGs
[2025-01-10T18:56:58.383+0000] {logging_mixin.py:190} INFO - [2025-01-10T18:56:58.383+0000] {dag.py:4180} INFO - Setting next_dagrun for tutorial to 2025-01-09 00:00:00+00:00, run_after=2025-01-10 00:00:00+00:00
[2025-01-10T18:56:58.439+0000] {processor.py:208} INFO - Processing /home/airflow/.local/lib/python3.12/site-packages/airflow/example_dags/tutorial.py took 0.199 seconds
[2025-01-10T18:57:28.777+0000] {processor.py:186} INFO - Started process (PID=1666) to work on /home/airflow/.local/lib/python3.12/site-packages/airflow/example_dags/tutorial.py
[2025-01-10T18:57:28.779+0000] {processor.py:914} INFO - Processing file /home/airflow/.local/lib/python3.12/site-packages/airflow/example_dags/tutorial.py for tasks to queue
[2025-01-10T18:57:28.786+0000] {logging_mixin.py:190} INFO - [2025-01-10T18:57:28.785+0000] {dagbag.py:588} INFO - Filling up the DagBag from /home/airflow/.local/lib/python3.12/site-packages/airflow/example_dags/tutorial.py
[2025-01-10T18:57:28.807+0000] {processor.py:925} INFO - DAG(s) 'tutorial' retrieved from /home/airflow/.local/lib/python3.12/site-packages/airflow/example_dags/tutorial.py
[2025-01-10T18:57:28.858+0000] {logging_mixin.py:190} INFO - [2025-01-10T18:57:28.857+0000] {dag.py:3239} INFO - Sync 1 DAGs
[2025-01-10T18:57:28.927+0000] {logging_mixin.py:190} INFO - [2025-01-10T18:57:28.926+0000] {dag.py:4180} INFO - Setting next_dagrun for tutorial to 2025-01-09 00:00:00+00:00, run_after=2025-01-10 00:00:00+00:00
[2025-01-10T18:57:28.976+0000] {processor.py:208} INFO - Processing /home/airflow/.local/lib/python3.12/site-packages/airflow/example_dags/tutorial.py took 0.215 seconds
[2025-01-10T18:57:59.377+0000] {processor.py:186} INFO - Started process (PID=1729) to work on /home/airflow/.local/lib/python3.12/site-packages/airflow/example_dags/tutorial.py
[2025-01-10T18:57:59.378+0000] {processor.py:914} INFO - Processing file /home/airflow/.local/lib/python3.12/site-packages/airflow/example_dags/tutorial.py for tasks to queue
[2025-01-10T18:57:59.383+0000] {logging_mixin.py:190} INFO - [2025-01-10T18:57:59.382+0000] {dagbag.py:588} INFO - Filling up the DagBag from /home/airflow/.local/lib/python3.12/site-packages/airflow/example_dags/tutorial.py
[2025-01-10T18:57:59.400+0000] {processor.py:925} INFO - DAG(s) 'tutorial' retrieved from /home/airflow/.local/lib/python3.12/site-packages/airflow/example_dags/tutorial.py
[2025-01-10T18:57:59.443+0000] {logging_mixin.py:190} INFO - [2025-01-10T18:57:59.443+0000] {dag.py:3239} INFO - Sync 1 DAGs
[2025-01-10T18:57:59.494+0000] {logging_mixin.py:190} INFO - [2025-01-10T18:57:59.494+0000] {dag.py:4180} INFO - Setting next_dagrun for tutorial to 2025-01-09 00:00:00+00:00, run_after=2025-01-10 00:00:00+00:00
[2025-01-10T18:57:59.529+0000] {processor.py:208} INFO - Processing /home/airflow/.local/lib/python3.12/site-packages/airflow/example_dags/tutorial.py took 0.163 seconds
[2025-01-10T18:58:31.083+0000] {processor.py:186} INFO - Started process (PID=1790) to work on /home/airflow/.local/lib/python3.12/site-packages/airflow/example_dags/tutorial.py
[2025-01-10T18:58:31.092+0000] {processor.py:914} INFO - Processing file /home/airflow/.local/lib/python3.12/site-packages/airflow/example_dags/tutorial.py for tasks to queue
[2025-01-10T18:58:31.110+0000] {logging_mixin.py:190} INFO - [2025-01-10T18:58:31.107+0000] {dagbag.py:588} INFO - Filling up the DagBag from /home/airflow/.local/lib/python3.12/site-packages/airflow/example_dags/tutorial.py
[2025-01-10T18:58:31.168+0000] {processor.py:925} INFO - DAG(s) 'tutorial' retrieved from /home/airflow/.local/lib/python3.12/site-packages/airflow/example_dags/tutorial.py
[2025-01-10T18:58:31.219+0000] {logging_mixin.py:190} INFO - [2025-01-10T18:58:31.218+0000] {dag.py:3239} INFO - Sync 1 DAGs
[2025-01-10T18:58:31.274+0000] {logging_mixin.py:190} INFO - [2025-01-10T18:58:31.273+0000] {dag.py:4180} INFO - Setting next_dagrun for tutorial to 2025-01-09 00:00:00+00:00, run_after=2025-01-10 00:00:00+00:00
[2025-01-10T18:58:31.339+0000] {processor.py:208} INFO - Processing /home/airflow/.local/lib/python3.12/site-packages/airflow/example_dags/tutorial.py took 0.309 seconds
[2025-01-10T18:59:02.670+0000] {processor.py:186} INFO - Started process (PID=1853) to work on /home/airflow/.local/lib/python3.12/site-packages/airflow/example_dags/tutorial.py
[2025-01-10T18:59:02.673+0000] {processor.py:914} INFO - Processing file /home/airflow/.local/lib/python3.12/site-packages/airflow/example_dags/tutorial.py for tasks to queue
[2025-01-10T18:59:02.681+0000] {logging_mixin.py:190} INFO - [2025-01-10T18:59:02.680+0000] {dagbag.py:588} INFO - Filling up the DagBag from /home/airflow/.local/lib/python3.12/site-packages/airflow/example_dags/tutorial.py
[2025-01-10T18:59:02.712+0000] {processor.py:925} INFO - DAG(s) 'tutorial' retrieved from /home/airflow/.local/lib/python3.12/site-packages/airflow/example_dags/tutorial.py
[2025-01-10T18:59:02.795+0000] {logging_mixin.py:190} INFO - [2025-01-10T18:59:02.794+0000] {dag.py:3239} INFO - Sync 1 DAGs
[2025-01-10T18:59:02.909+0000] {logging_mixin.py:190} INFO - [2025-01-10T18:59:02.908+0000] {dag.py:4180} INFO - Setting next_dagrun for tutorial to 2025-01-09 00:00:00+00:00, run_after=2025-01-10 00:00:00+00:00
[2025-01-10T18:59:02.966+0000] {processor.py:208} INFO - Processing /home/airflow/.local/lib/python3.12/site-packages/airflow/example_dags/tutorial.py took 0.312 seconds
[2025-01-10T18:59:33.499+0000] {processor.py:186} INFO - Started process (PID=1916) to work on /home/airflow/.local/lib/python3.12/site-packages/airflow/example_dags/tutorial.py
[2025-01-10T18:59:33.502+0000] {processor.py:914} INFO - Processing file /home/airflow/.local/lib/python3.12/site-packages/airflow/example_dags/tutorial.py for tasks to queue
[2025-01-10T18:59:33.533+0000] {logging_mixin.py:190} INFO - [2025-01-10T18:59:33.532+0000] {dagbag.py:588} INFO - Filling up the DagBag from /home/airflow/.local/lib/python3.12/site-packages/airflow/example_dags/tutorial.py
[2025-01-10T18:59:33.559+0000] {processor.py:925} INFO - DAG(s) 'tutorial' retrieved from /home/airflow/.local/lib/python3.12/site-packages/airflow/example_dags/tutorial.py
[2025-01-10T18:59:33.611+0000] {logging_mixin.py:190} INFO - [2025-01-10T18:59:33.610+0000] {dag.py:3239} INFO - Sync 1 DAGs
[2025-01-10T18:59:33.858+0000] {logging_mixin.py:190} INFO - [2025-01-10T18:59:33.857+0000] {dag.py:4180} INFO - Setting next_dagrun for tutorial to 2025-01-09 00:00:00+00:00, run_after=2025-01-10 00:00:00+00:00
[2025-01-10T18:59:33.932+0000] {processor.py:208} INFO - Processing /home/airflow/.local/lib/python3.12/site-packages/airflow/example_dags/tutorial.py took 0.485 seconds
[2025-01-10T19:00:04.729+0000] {processor.py:186} INFO - Started process (PID=1978) to work on /home/airflow/.local/lib/python3.12/site-packages/airflow/example_dags/tutorial.py
[2025-01-10T19:00:04.731+0000] {processor.py:914} INFO - Processing file /home/airflow/.local/lib/python3.12/site-packages/airflow/example_dags/tutorial.py for tasks to queue
[2025-01-10T19:00:04.737+0000] {logging_mixin.py:190} INFO - [2025-01-10T19:00:04.736+0000] {dagbag.py:588} INFO - Filling up the DagBag from /home/airflow/.local/lib/python3.12/site-packages/airflow/example_dags/tutorial.py
[2025-01-10T19:00:04.759+0000] {processor.py:925} INFO - DAG(s) 'tutorial' retrieved from /home/airflow/.local/lib/python3.12/site-packages/airflow/example_dags/tutorial.py
[2025-01-10T19:00:04.804+0000] {logging_mixin.py:190} INFO - [2025-01-10T19:00:04.803+0000] {dag.py:3239} INFO - Sync 1 DAGs
[2025-01-10T19:00:04.855+0000] {logging_mixin.py:190} INFO - [2025-01-10T19:00:04.854+0000] {dag.py:4180} INFO - Setting next_dagrun for tutorial to 2025-01-09 00:00:00+00:00, run_after=2025-01-10 00:00:00+00:00
[2025-01-10T19:00:04.911+0000] {processor.py:208} INFO - Processing /home/airflow/.local/lib/python3.12/site-packages/airflow/example_dags/tutorial.py took 0.199 seconds
[2025-01-10T19:00:34.997+0000] {processor.py:186} INFO - Started process (PID=2041) to work on /home/airflow/.local/lib/python3.12/site-packages/airflow/example_dags/tutorial.py
[2025-01-10T19:00:35.000+0000] {processor.py:914} INFO - Processing file /home/airflow/.local/lib/python3.12/site-packages/airflow/example_dags/tutorial.py for tasks to queue
[2025-01-10T19:00:35.007+0000] {logging_mixin.py:190} INFO - [2025-01-10T19:00:35.006+0000] {dagbag.py:588} INFO - Filling up the DagBag from /home/airflow/.local/lib/python3.12/site-packages/airflow/example_dags/tutorial.py
[2025-01-10T19:00:35.032+0000] {processor.py:925} INFO - DAG(s) 'tutorial' retrieved from /home/airflow/.local/lib/python3.12/site-packages/airflow/example_dags/tutorial.py
[2025-01-10T19:00:35.086+0000] {logging_mixin.py:190} INFO - [2025-01-10T19:00:35.085+0000] {dag.py:3239} INFO - Sync 1 DAGs
[2025-01-10T19:00:35.141+0000] {logging_mixin.py:190} INFO - [2025-01-10T19:00:35.141+0000] {dag.py:4180} INFO - Setting next_dagrun for tutorial to 2025-01-09 00:00:00+00:00, run_after=2025-01-10 00:00:00+00:00
[2025-01-10T19:00:35.182+0000] {processor.py:208} INFO - Processing /home/airflow/.local/lib/python3.12/site-packages/airflow/example_dags/tutorial.py took 0.198 seconds
[2025-01-10T19:01:05.798+0000] {processor.py:186} INFO - Started process (PID=2103) to work on /home/airflow/.local/lib/python3.12/site-packages/airflow/example_dags/tutorial.py
[2025-01-10T19:01:05.801+0000] {processor.py:914} INFO - Processing file /home/airflow/.local/lib/python3.12/site-packages/airflow/example_dags/tutorial.py for tasks to queue
[2025-01-10T19:01:05.808+0000] {logging_mixin.py:190} INFO - [2025-01-10T19:01:05.807+0000] {dagbag.py:588} INFO - Filling up the DagBag from /home/airflow/.local/lib/python3.12/site-packages/airflow/example_dags/tutorial.py
[2025-01-10T19:01:05.834+0000] {processor.py:925} INFO - DAG(s) 'tutorial' retrieved from /home/airflow/.local/lib/python3.12/site-packages/airflow/example_dags/tutorial.py
[2025-01-10T19:01:05.903+0000] {logging_mixin.py:190} INFO - [2025-01-10T19:01:05.902+0000] {dag.py:3239} INFO - Sync 1 DAGs
[2025-01-10T19:01:06.033+0000] {logging_mixin.py:190} INFO - [2025-01-10T19:01:06.032+0000] {dag.py:4180} INFO - Setting next_dagrun for tutorial to 2025-01-09 00:00:00+00:00, run_after=2025-01-10 00:00:00+00:00
[2025-01-10T19:01:06.098+0000] {processor.py:208} INFO - Processing /home/airflow/.local/lib/python3.12/site-packages/airflow/example_dags/tutorial.py took 0.318 seconds
[2025-01-10T19:01:36.647+0000] {processor.py:186} INFO - Started process (PID=2166) to work on /home/airflow/.local/lib/python3.12/site-packages/airflow/example_dags/tutorial.py
[2025-01-10T19:01:36.652+0000] {processor.py:914} INFO - Processing file /home/airflow/.local/lib/python3.12/site-packages/airflow/example_dags/tutorial.py for tasks to queue
[2025-01-10T19:01:36.662+0000] {logging_mixin.py:190} INFO - [2025-01-10T19:01:36.661+0000] {dagbag.py:588} INFO - Filling up the DagBag from /home/airflow/.local/lib/python3.12/site-packages/airflow/example_dags/tutorial.py
[2025-01-10T19:01:36.699+0000] {processor.py:925} INFO - DAG(s) 'tutorial' retrieved from /home/airflow/.local/lib/python3.12/site-packages/airflow/example_dags/tutorial.py
[2025-01-10T19:01:36.772+0000] {logging_mixin.py:190} INFO - [2025-01-10T19:01:36.771+0000] {dag.py:3239} INFO - Sync 1 DAGs
[2025-01-10T19:01:36.830+0000] {logging_mixin.py:190} INFO - [2025-01-10T19:01:36.829+0000] {dag.py:4180} INFO - Setting next_dagrun for tutorial to 2025-01-09 00:00:00+00:00, run_after=2025-01-10 00:00:00+00:00
[2025-01-10T19:01:36.869+0000] {processor.py:208} INFO - Processing /home/airflow/.local/lib/python3.12/site-packages/airflow/example_dags/tutorial.py took 0.255 seconds
[2025-01-10T19:02:07.361+0000] {processor.py:186} INFO - Started process (PID=2229) to work on /home/airflow/.local/lib/python3.12/site-packages/airflow/example_dags/tutorial.py
[2025-01-10T19:02:07.364+0000] {processor.py:914} INFO - Processing file /home/airflow/.local/lib/python3.12/site-packages/airflow/example_dags/tutorial.py for tasks to queue
[2025-01-10T19:02:07.370+0000] {logging_mixin.py:190} INFO - [2025-01-10T19:02:07.369+0000] {dagbag.py:588} INFO - Filling up the DagBag from /home/airflow/.local/lib/python3.12/site-packages/airflow/example_dags/tutorial.py
[2025-01-10T19:02:07.393+0000] {processor.py:925} INFO - DAG(s) 'tutorial' retrieved from /home/airflow/.local/lib/python3.12/site-packages/airflow/example_dags/tutorial.py
[2025-01-10T19:02:07.446+0000] {logging_mixin.py:190} INFO - [2025-01-10T19:02:07.445+0000] {dag.py:3239} INFO - Sync 1 DAGs
[2025-01-10T19:02:07.498+0000] {logging_mixin.py:190} INFO - [2025-01-10T19:02:07.498+0000] {dag.py:4180} INFO - Setting next_dagrun for tutorial to 2025-01-09 00:00:00+00:00, run_after=2025-01-10 00:00:00+00:00
[2025-01-10T19:02:07.525+0000] {processor.py:208} INFO - Processing /home/airflow/.local/lib/python3.12/site-packages/airflow/example_dags/tutorial.py took 0.179 seconds
[2025-01-10T19:02:38.398+0000] {processor.py:186} INFO - Started process (PID=2292) to work on /home/airflow/.local/lib/python3.12/site-packages/airflow/example_dags/tutorial.py
[2025-01-10T19:02:38.403+0000] {processor.py:914} INFO - Processing file /home/airflow/.local/lib/python3.12/site-packages/airflow/example_dags/tutorial.py for tasks to queue
[2025-01-10T19:02:38.415+0000] {logging_mixin.py:190} INFO - [2025-01-10T19:02:38.414+0000] {dagbag.py:588} INFO - Filling up the DagBag from /home/airflow/.local/lib/python3.12/site-packages/airflow/example_dags/tutorial.py
[2025-01-10T19:02:38.442+0000] {processor.py:925} INFO - DAG(s) 'tutorial' retrieved from /home/airflow/.local/lib/python3.12/site-packages/airflow/example_dags/tutorial.py
[2025-01-10T19:02:38.546+0000] {logging_mixin.py:190} INFO - [2025-01-10T19:02:38.545+0000] {dag.py:3239} INFO - Sync 1 DAGs
[2025-01-10T19:02:38.593+0000] {logging_mixin.py:190} INFO - [2025-01-10T19:02:38.592+0000] {dag.py:4180} INFO - Setting next_dagrun for tutorial to 2025-01-09 00:00:00+00:00, run_after=2025-01-10 00:00:00+00:00
[2025-01-10T19:02:38.651+0000] {processor.py:208} INFO - Processing /home/airflow/.local/lib/python3.12/site-packages/airflow/example_dags/tutorial.py took 0.282 seconds
[2025-01-10T19:03:08.881+0000] {processor.py:186} INFO - Started process (PID=2355) to work on /home/airflow/.local/lib/python3.12/site-packages/airflow/example_dags/tutorial.py
[2025-01-10T19:03:08.885+0000] {processor.py:914} INFO - Processing file /home/airflow/.local/lib/python3.12/site-packages/airflow/example_dags/tutorial.py for tasks to queue
[2025-01-10T19:03:08.892+0000] {logging_mixin.py:190} INFO - [2025-01-10T19:03:08.891+0000] {dagbag.py:588} INFO - Filling up the DagBag from /home/airflow/.local/lib/python3.12/site-packages/airflow/example_dags/tutorial.py
[2025-01-10T19:03:08.916+0000] {processor.py:925} INFO - DAG(s) 'tutorial' retrieved from /home/airflow/.local/lib/python3.12/site-packages/airflow/example_dags/tutorial.py
[2025-01-10T19:03:08.965+0000] {logging_mixin.py:190} INFO - [2025-01-10T19:03:08.965+0000] {dag.py:3239} INFO - Sync 1 DAGs
[2025-01-10T19:03:09.010+0000] {logging_mixin.py:190} INFO - [2025-01-10T19:03:09.010+0000] {dag.py:4180} INFO - Setting next_dagrun for tutorial to 2025-01-09 00:00:00+00:00, run_after=2025-01-10 00:00:00+00:00
[2025-01-10T19:03:09.041+0000] {processor.py:208} INFO - Processing /home/airflow/.local/lib/python3.12/site-packages/airflow/example_dags/tutorial.py took 0.176 seconds
[2025-01-10T19:03:40.024+0000] {processor.py:186} INFO - Started process (PID=2418) to work on /home/airflow/.local/lib/python3.12/site-packages/airflow/example_dags/tutorial.py
[2025-01-10T19:03:40.028+0000] {processor.py:914} INFO - Processing file /home/airflow/.local/lib/python3.12/site-packages/airflow/example_dags/tutorial.py for tasks to queue
[2025-01-10T19:03:40.038+0000] {logging_mixin.py:190} INFO - [2025-01-10T19:03:40.037+0000] {dagbag.py:588} INFO - Filling up the DagBag from /home/airflow/.local/lib/python3.12/site-packages/airflow/example_dags/tutorial.py
[2025-01-10T19:03:40.067+0000] {processor.py:925} INFO - DAG(s) 'tutorial' retrieved from /home/airflow/.local/lib/python3.12/site-packages/airflow/example_dags/tutorial.py
[2025-01-10T19:03:40.145+0000] {logging_mixin.py:190} INFO - [2025-01-10T19:03:40.144+0000] {dag.py:3239} INFO - Sync 1 DAGs
[2025-01-10T19:03:40.195+0000] {logging_mixin.py:190} INFO - [2025-01-10T19:03:40.195+0000] {dag.py:4180} INFO - Setting next_dagrun for tutorial to 2025-01-09 00:00:00+00:00, run_after=2025-01-10 00:00:00+00:00
[2025-01-10T19:03:40.238+0000] {processor.py:208} INFO - Processing /home/airflow/.local/lib/python3.12/site-packages/airflow/example_dags/tutorial.py took 0.247 seconds
[2025-01-10T19:04:10.705+0000] {processor.py:186} INFO - Started process (PID=2481) to work on /home/airflow/.local/lib/python3.12/site-packages/airflow/example_dags/tutorial.py
[2025-01-10T19:04:10.707+0000] {processor.py:914} INFO - Processing file /home/airflow/.local/lib/python3.12/site-packages/airflow/example_dags/tutorial.py for tasks to queue
[2025-01-10T19:04:10.712+0000] {logging_mixin.py:190} INFO - [2025-01-10T19:04:10.711+0000] {dagbag.py:588} INFO - Filling up the DagBag from /home/airflow/.local/lib/python3.12/site-packages/airflow/example_dags/tutorial.py
[2025-01-10T19:04:10.728+0000] {processor.py:925} INFO - DAG(s) 'tutorial' retrieved from /home/airflow/.local/lib/python3.12/site-packages/airflow/example_dags/tutorial.py
[2025-01-10T19:04:10.781+0000] {logging_mixin.py:190} INFO - [2025-01-10T19:04:10.780+0000] {dag.py:3239} INFO - Sync 1 DAGs
[2025-01-10T19:04:10.842+0000] {logging_mixin.py:190} INFO - [2025-01-10T19:04:10.842+0000] {dag.py:4180} INFO - Setting next_dagrun for tutorial to 2025-01-09 00:00:00+00:00, run_after=2025-01-10 00:00:00+00:00
[2025-01-10T19:04:10.883+0000] {processor.py:208} INFO - Processing /home/airflow/.local/lib/python3.12/site-packages/airflow/example_dags/tutorial.py took 0.187 seconds
[2025-01-10T19:04:43.563+0000] {processor.py:186} INFO - Started process (PID=2551) to work on /home/airflow/.local/lib/python3.12/site-packages/airflow/example_dags/tutorial.py
[2025-01-10T19:04:43.565+0000] {processor.py:914} INFO - Processing file /home/airflow/.local/lib/python3.12/site-packages/airflow/example_dags/tutorial.py for tasks to queue
[2025-01-10T19:04:43.572+0000] {logging_mixin.py:190} INFO - [2025-01-10T19:04:43.570+0000] {dagbag.py:588} INFO - Filling up the DagBag from /home/airflow/.local/lib/python3.12/site-packages/airflow/example_dags/tutorial.py
[2025-01-10T19:04:43.597+0000] {processor.py:925} INFO - DAG(s) 'tutorial' retrieved from /home/airflow/.local/lib/python3.12/site-packages/airflow/example_dags/tutorial.py
[2025-01-10T19:04:43.666+0000] {logging_mixin.py:190} INFO - [2025-01-10T19:04:43.665+0000] {dag.py:3239} INFO - Sync 1 DAGs
[2025-01-10T19:04:43.773+0000] {logging_mixin.py:190} INFO - [2025-01-10T19:04:43.771+0000] {dag.py:4180} INFO - Setting next_dagrun for tutorial to 2025-01-09 00:00:00+00:00, run_after=2025-01-10 00:00:00+00:00
[2025-01-10T19:04:43.869+0000] {processor.py:208} INFO - Processing /home/airflow/.local/lib/python3.12/site-packages/airflow/example_dags/tutorial.py took 0.323 seconds
[2025-01-10T19:05:14.738+0000] {processor.py:186} INFO - Started process (PID=2614) to work on /home/airflow/.local/lib/python3.12/site-packages/airflow/example_dags/tutorial.py
[2025-01-10T19:05:14.739+0000] {processor.py:914} INFO - Processing file /home/airflow/.local/lib/python3.12/site-packages/airflow/example_dags/tutorial.py for tasks to queue
[2025-01-10T19:05:14.748+0000] {logging_mixin.py:190} INFO - [2025-01-10T19:05:14.747+0000] {dagbag.py:588} INFO - Filling up the DagBag from /home/airflow/.local/lib/python3.12/site-packages/airflow/example_dags/tutorial.py
[2025-01-10T19:05:14.776+0000] {processor.py:925} INFO - DAG(s) 'tutorial' retrieved from /home/airflow/.local/lib/python3.12/site-packages/airflow/example_dags/tutorial.py
[2025-01-10T19:05:14.840+0000] {logging_mixin.py:190} INFO - [2025-01-10T19:05:14.840+0000] {dag.py:3239} INFO - Sync 1 DAGs
[2025-01-10T19:05:14.898+0000] {logging_mixin.py:190} INFO - [2025-01-10T19:05:14.898+0000] {dag.py:4180} INFO - Setting next_dagrun for tutorial to 2025-01-09 00:00:00+00:00, run_after=2025-01-10 00:00:00+00:00
[2025-01-10T19:05:14.939+0000] {processor.py:208} INFO - Processing /home/airflow/.local/lib/python3.12/site-packages/airflow/example_dags/tutorial.py took 0.228 seconds
[2025-01-10T19:05:46.249+0000] {processor.py:186} INFO - Started process (PID=2675) to work on /home/airflow/.local/lib/python3.12/site-packages/airflow/example_dags/tutorial.py
[2025-01-10T19:05:46.253+0000] {processor.py:914} INFO - Processing file /home/airflow/.local/lib/python3.12/site-packages/airflow/example_dags/tutorial.py for tasks to queue
[2025-01-10T19:05:46.259+0000] {logging_mixin.py:190} INFO - [2025-01-10T19:05:46.258+0000] {dagbag.py:588} INFO - Filling up the DagBag from /home/airflow/.local/lib/python3.12/site-packages/airflow/example_dags/tutorial.py
[2025-01-10T19:05:46.285+0000] {processor.py:925} INFO - DAG(s) 'tutorial' retrieved from /home/airflow/.local/lib/python3.12/site-packages/airflow/example_dags/tutorial.py
[2025-01-10T19:05:46.361+0000] {logging_mixin.py:190} INFO - [2025-01-10T19:05:46.361+0000] {dag.py:3239} INFO - Sync 1 DAGs
[2025-01-10T19:05:46.454+0000] {logging_mixin.py:190} INFO - [2025-01-10T19:05:46.453+0000] {dag.py:4180} INFO - Setting next_dagrun for tutorial to 2025-01-09 00:00:00+00:00, run_after=2025-01-10 00:00:00+00:00
[2025-01-10T19:05:46.506+0000] {processor.py:208} INFO - Processing /home/airflow/.local/lib/python3.12/site-packages/airflow/example_dags/tutorial.py took 0.275 seconds
[2025-01-10T19:06:17.993+0000] {processor.py:186} INFO - Started process (PID=2734) to work on /home/airflow/.local/lib/python3.12/site-packages/airflow/example_dags/tutorial.py
[2025-01-10T19:06:17.996+0000] {processor.py:914} INFO - Processing file /home/airflow/.local/lib/python3.12/site-packages/airflow/example_dags/tutorial.py for tasks to queue
[2025-01-10T19:06:18.002+0000] {logging_mixin.py:190} INFO - [2025-01-10T19:06:18.001+0000] {dagbag.py:588} INFO - Filling up the DagBag from /home/airflow/.local/lib/python3.12/site-packages/airflow/example_dags/tutorial.py
[2025-01-10T19:06:18.024+0000] {processor.py:925} INFO - DAG(s) 'tutorial' retrieved from /home/airflow/.local/lib/python3.12/site-packages/airflow/example_dags/tutorial.py
[2025-01-10T19:06:18.069+0000] {logging_mixin.py:190} INFO - [2025-01-10T19:06:18.069+0000] {dag.py:3239} INFO - Sync 1 DAGs
[2025-01-10T19:06:18.120+0000] {logging_mixin.py:190} INFO - [2025-01-10T19:06:18.120+0000] {dag.py:4180} INFO - Setting next_dagrun for tutorial to 2025-01-09 00:00:00+00:00, run_after=2025-01-10 00:00:00+00:00
[2025-01-10T19:06:18.160+0000] {processor.py:208} INFO - Processing /home/airflow/.local/lib/python3.12/site-packages/airflow/example_dags/tutorial.py took 0.179 seconds
[2025-01-10T19:06:51.933+0000] {processor.py:186} INFO - Started process (PID=2796) to work on /home/airflow/.local/lib/python3.12/site-packages/airflow/example_dags/tutorial.py
[2025-01-10T19:06:51.935+0000] {processor.py:914} INFO - Processing file /home/airflow/.local/lib/python3.12/site-packages/airflow/example_dags/tutorial.py for tasks to queue
[2025-01-10T19:06:51.940+0000] {logging_mixin.py:190} INFO - [2025-01-10T19:06:51.940+0000] {dagbag.py:588} INFO - Filling up the DagBag from /home/airflow/.local/lib/python3.12/site-packages/airflow/example_dags/tutorial.py
[2025-01-10T19:06:51.961+0000] {processor.py:925} INFO - DAG(s) 'tutorial' retrieved from /home/airflow/.local/lib/python3.12/site-packages/airflow/example_dags/tutorial.py
[2025-01-10T19:06:52.028+0000] {logging_mixin.py:190} INFO - [2025-01-10T19:06:52.027+0000] {dag.py:3239} INFO - Sync 1 DAGs
[2025-01-10T19:06:52.080+0000] {logging_mixin.py:190} INFO - [2025-01-10T19:06:52.079+0000] {dag.py:4180} INFO - Setting next_dagrun for tutorial to 2025-01-09 00:00:00+00:00, run_after=2025-01-10 00:00:00+00:00
[2025-01-10T19:06:52.130+0000] {processor.py:208} INFO - Processing /home/airflow/.local/lib/python3.12/site-packages/airflow/example_dags/tutorial.py took 0.209 seconds
[2025-01-10T19:07:24.594+0000] {processor.py:186} INFO - Started process (PID=2859) to work on /home/airflow/.local/lib/python3.12/site-packages/airflow/example_dags/tutorial.py
[2025-01-10T19:07:24.595+0000] {processor.py:914} INFO - Processing file /home/airflow/.local/lib/python3.12/site-packages/airflow/example_dags/tutorial.py for tasks to queue
[2025-01-10T19:07:24.600+0000] {logging_mixin.py:190} INFO - [2025-01-10T19:07:24.600+0000] {dagbag.py:588} INFO - Filling up the DagBag from /home/airflow/.local/lib/python3.12/site-packages/airflow/example_dags/tutorial.py
[2025-01-10T19:07:24.616+0000] {processor.py:925} INFO - DAG(s) 'tutorial' retrieved from /home/airflow/.local/lib/python3.12/site-packages/airflow/example_dags/tutorial.py
[2025-01-10T19:07:24.676+0000] {logging_mixin.py:190} INFO - [2025-01-10T19:07:24.675+0000] {dag.py:3239} INFO - Sync 1 DAGs
[2025-01-10T19:07:24.803+0000] {logging_mixin.py:190} INFO - [2025-01-10T19:07:24.802+0000] {dag.py:4180} INFO - Setting next_dagrun for tutorial to 2025-01-09 00:00:00+00:00, run_after=2025-01-10 00:00:00+00:00
[2025-01-10T19:07:24.895+0000] {processor.py:208} INFO - Processing /home/airflow/.local/lib/python3.12/site-packages/airflow/example_dags/tutorial.py took 0.315 seconds
[2025-01-10T19:07:55.521+0000] {processor.py:186} INFO - Started process (PID=2921) to work on /home/airflow/.local/lib/python3.12/site-packages/airflow/example_dags/tutorial.py
[2025-01-10T19:07:55.524+0000] {processor.py:914} INFO - Processing file /home/airflow/.local/lib/python3.12/site-packages/airflow/example_dags/tutorial.py for tasks to queue
[2025-01-10T19:07:55.537+0000] {logging_mixin.py:190} INFO - [2025-01-10T19:07:55.535+0000] {dagbag.py:588} INFO - Filling up the DagBag from /home/airflow/.local/lib/python3.12/site-packages/airflow/example_dags/tutorial.py
[2025-01-10T19:07:55.573+0000] {processor.py:925} INFO - DAG(s) 'tutorial' retrieved from /home/airflow/.local/lib/python3.12/site-packages/airflow/example_dags/tutorial.py
[2025-01-10T19:07:55.653+0000] {logging_mixin.py:190} INFO - [2025-01-10T19:07:55.652+0000] {dag.py:3239} INFO - Sync 1 DAGs
[2025-01-10T19:07:55.784+0000] {logging_mixin.py:190} INFO - [2025-01-10T19:07:55.783+0000] {dag.py:4180} INFO - Setting next_dagrun for tutorial to 2025-01-09 00:00:00+00:00, run_after=2025-01-10 00:00:00+00:00
[2025-01-10T19:07:55.908+0000] {processor.py:208} INFO - Processing /home/airflow/.local/lib/python3.12/site-packages/airflow/example_dags/tutorial.py took 0.408 seconds
[2025-01-10T19:08:26.364+0000] {processor.py:186} INFO - Started process (PID=2984) to work on /home/airflow/.local/lib/python3.12/site-packages/airflow/example_dags/tutorial.py
[2025-01-10T19:08:26.367+0000] {processor.py:914} INFO - Processing file /home/airflow/.local/lib/python3.12/site-packages/airflow/example_dags/tutorial.py for tasks to queue
[2025-01-10T19:08:26.376+0000] {logging_mixin.py:190} INFO - [2025-01-10T19:08:26.375+0000] {dagbag.py:588} INFO - Filling up the DagBag from /home/airflow/.local/lib/python3.12/site-packages/airflow/example_dags/tutorial.py
[2025-01-10T19:08:26.405+0000] {processor.py:925} INFO - DAG(s) 'tutorial' retrieved from /home/airflow/.local/lib/python3.12/site-packages/airflow/example_dags/tutorial.py
[2025-01-10T19:08:26.616+0000] {logging_mixin.py:190} INFO - [2025-01-10T19:08:26.613+0000] {dag.py:3239} INFO - Sync 1 DAGs
[2025-01-10T19:08:26.874+0000] {logging_mixin.py:190} INFO - [2025-01-10T19:08:26.868+0000] {dag.py:4180} INFO - Setting next_dagrun for tutorial to 2025-01-09 00:00:00+00:00, run_after=2025-01-10 00:00:00+00:00
[2025-01-10T19:08:26.966+0000] {processor.py:208} INFO - Processing /home/airflow/.local/lib/python3.12/site-packages/airflow/example_dags/tutorial.py took 0.620 seconds
[2025-01-10T19:08:57.531+0000] {processor.py:186} INFO - Started process (PID=3046) to work on /home/airflow/.local/lib/python3.12/site-packages/airflow/example_dags/tutorial.py
[2025-01-10T19:08:57.533+0000] {processor.py:914} INFO - Processing file /home/airflow/.local/lib/python3.12/site-packages/airflow/example_dags/tutorial.py for tasks to queue
[2025-01-10T19:08:57.539+0000] {logging_mixin.py:190} INFO - [2025-01-10T19:08:57.539+0000] {dagbag.py:588} INFO - Filling up the DagBag from /home/airflow/.local/lib/python3.12/site-packages/airflow/example_dags/tutorial.py
[2025-01-10T19:08:57.560+0000] {processor.py:925} INFO - DAG(s) 'tutorial' retrieved from /home/airflow/.local/lib/python3.12/site-packages/airflow/example_dags/tutorial.py
[2025-01-10T19:08:57.613+0000] {logging_mixin.py:190} INFO - [2025-01-10T19:08:57.612+0000] {dag.py:3239} INFO - Sync 1 DAGs
[2025-01-10T19:08:57.687+0000] {logging_mixin.py:190} INFO - [2025-01-10T19:08:57.686+0000] {dag.py:4180} INFO - Setting next_dagrun for tutorial to 2025-01-09 00:00:00+00:00, run_after=2025-01-10 00:00:00+00:00
[2025-01-10T19:08:57.794+0000] {processor.py:208} INFO - Processing /home/airflow/.local/lib/python3.12/site-packages/airflow/example_dags/tutorial.py took 0.287 seconds
[2025-01-10T19:09:29.535+0000] {processor.py:186} INFO - Started process (PID=3109) to work on /home/airflow/.local/lib/python3.12/site-packages/airflow/example_dags/tutorial.py
[2025-01-10T19:09:29.537+0000] {processor.py:914} INFO - Processing file /home/airflow/.local/lib/python3.12/site-packages/airflow/example_dags/tutorial.py for tasks to queue
[2025-01-10T19:09:29.545+0000] {logging_mixin.py:190} INFO - [2025-01-10T19:09:29.545+0000] {dagbag.py:588} INFO - Filling up the DagBag from /home/airflow/.local/lib/python3.12/site-packages/airflow/example_dags/tutorial.py
[2025-01-10T19:09:29.564+0000] {processor.py:925} INFO - DAG(s) 'tutorial' retrieved from /home/airflow/.local/lib/python3.12/site-packages/airflow/example_dags/tutorial.py
[2025-01-10T19:09:29.626+0000] {logging_mixin.py:190} INFO - [2025-01-10T19:09:29.626+0000] {dag.py:3239} INFO - Sync 1 DAGs
[2025-01-10T19:09:29.690+0000] {logging_mixin.py:190} INFO - [2025-01-10T19:09:29.690+0000] {dag.py:4180} INFO - Setting next_dagrun for tutorial to 2025-01-09 00:00:00+00:00, run_after=2025-01-10 00:00:00+00:00
[2025-01-10T19:09:29.734+0000] {processor.py:208} INFO - Processing /home/airflow/.local/lib/python3.12/site-packages/airflow/example_dags/tutorial.py took 0.210 seconds
[2025-01-10T19:10:00.158+0000] {processor.py:186} INFO - Started process (PID=3172) to work on /home/airflow/.local/lib/python3.12/site-packages/airflow/example_dags/tutorial.py
[2025-01-10T19:10:00.161+0000] {processor.py:914} INFO - Processing file /home/airflow/.local/lib/python3.12/site-packages/airflow/example_dags/tutorial.py for tasks to queue
[2025-01-10T19:10:00.170+0000] {logging_mixin.py:190} INFO - [2025-01-10T19:10:00.169+0000] {dagbag.py:588} INFO - Filling up the DagBag from /home/airflow/.local/lib/python3.12/site-packages/airflow/example_dags/tutorial.py
[2025-01-10T19:10:00.193+0000] {processor.py:925} INFO - DAG(s) 'tutorial' retrieved from /home/airflow/.local/lib/python3.12/site-packages/airflow/example_dags/tutorial.py
[2025-01-10T19:10:00.250+0000] {logging_mixin.py:190} INFO - [2025-01-10T19:10:00.250+0000] {dag.py:3239} INFO - Sync 1 DAGs
[2025-01-10T19:10:00.321+0000] {logging_mixin.py:190} INFO - [2025-01-10T19:10:00.321+0000] {dag.py:4180} INFO - Setting next_dagrun for tutorial to 2025-01-09 00:00:00+00:00, run_after=2025-01-10 00:00:00+00:00
[2025-01-10T19:10:00.392+0000] {processor.py:208} INFO - Processing /home/airflow/.local/lib/python3.12/site-packages/airflow/example_dags/tutorial.py took 0.253 seconds
[2025-01-10T19:10:31.088+0000] {processor.py:186} INFO - Started process (PID=3237) to work on /home/airflow/.local/lib/python3.12/site-packages/airflow/example_dags/tutorial.py
[2025-01-10T19:10:31.090+0000] {processor.py:914} INFO - Processing file /home/airflow/.local/lib/python3.12/site-packages/airflow/example_dags/tutorial.py for tasks to queue
[2025-01-10T19:10:31.100+0000] {logging_mixin.py:190} INFO - [2025-01-10T19:10:31.098+0000] {dagbag.py:588} INFO - Filling up the DagBag from /home/airflow/.local/lib/python3.12/site-packages/airflow/example_dags/tutorial.py
[2025-01-10T19:10:31.118+0000] {processor.py:925} INFO - DAG(s) 'tutorial' retrieved from /home/airflow/.local/lib/python3.12/site-packages/airflow/example_dags/tutorial.py
[2025-01-10T19:10:31.168+0000] {logging_mixin.py:190} INFO - [2025-01-10T19:10:31.167+0000] {dag.py:3239} INFO - Sync 1 DAGs
[2025-01-10T19:10:31.226+0000] {logging_mixin.py:190} INFO - [2025-01-10T19:10:31.226+0000] {dag.py:4180} INFO - Setting next_dagrun for tutorial to 2025-01-09 00:00:00+00:00, run_after=2025-01-10 00:00:00+00:00
[2025-01-10T19:10:31.277+0000] {processor.py:208} INFO - Processing /home/airflow/.local/lib/python3.12/site-packages/airflow/example_dags/tutorial.py took 0.202 seconds
[2025-01-10T19:11:01.577+0000] {processor.py:186} INFO - Started process (PID=3301) to work on /home/airflow/.local/lib/python3.12/site-packages/airflow/example_dags/tutorial.py
[2025-01-10T19:11:01.580+0000] {processor.py:914} INFO - Processing file /home/airflow/.local/lib/python3.12/site-packages/airflow/example_dags/tutorial.py for tasks to queue
[2025-01-10T19:11:01.585+0000] {logging_mixin.py:190} INFO - [2025-01-10T19:11:01.585+0000] {dagbag.py:588} INFO - Filling up the DagBag from /home/airflow/.local/lib/python3.12/site-packages/airflow/example_dags/tutorial.py
[2025-01-10T19:11:01.603+0000] {processor.py:925} INFO - DAG(s) 'tutorial' retrieved from /home/airflow/.local/lib/python3.12/site-packages/airflow/example_dags/tutorial.py
[2025-01-10T19:11:01.648+0000] {logging_mixin.py:190} INFO - [2025-01-10T19:11:01.648+0000] {dag.py:3239} INFO - Sync 1 DAGs
[2025-01-10T19:11:01.699+0000] {logging_mixin.py:190} INFO - [2025-01-10T19:11:01.699+0000] {dag.py:4180} INFO - Setting next_dagrun for tutorial to 2025-01-09 00:00:00+00:00, run_after=2025-01-10 00:00:00+00:00
[2025-01-10T19:11:01.736+0000] {processor.py:208} INFO - Processing /home/airflow/.local/lib/python3.12/site-packages/airflow/example_dags/tutorial.py took 0.173 seconds
[2025-01-10T19:11:31.868+0000] {processor.py:186} INFO - Started process (PID=3365) to work on /home/airflow/.local/lib/python3.12/site-packages/airflow/example_dags/tutorial.py
[2025-01-10T19:11:31.870+0000] {processor.py:914} INFO - Processing file /home/airflow/.local/lib/python3.12/site-packages/airflow/example_dags/tutorial.py for tasks to queue
[2025-01-10T19:11:31.875+0000] {logging_mixin.py:190} INFO - [2025-01-10T19:11:31.875+0000] {dagbag.py:588} INFO - Filling up the DagBag from /home/airflow/.local/lib/python3.12/site-packages/airflow/example_dags/tutorial.py
[2025-01-10T19:11:31.893+0000] {processor.py:925} INFO - DAG(s) 'tutorial' retrieved from /home/airflow/.local/lib/python3.12/site-packages/airflow/example_dags/tutorial.py
[2025-01-10T19:11:31.943+0000] {logging_mixin.py:190} INFO - [2025-01-10T19:11:31.942+0000] {dag.py:3239} INFO - Sync 1 DAGs
[2025-01-10T19:11:32.009+0000] {logging_mixin.py:190} INFO - [2025-01-10T19:11:32.009+0000] {dag.py:4180} INFO - Setting next_dagrun for tutorial to 2025-01-09 00:00:00+00:00, run_after=2025-01-10 00:00:00+00:00
[2025-01-10T19:11:32.063+0000] {processor.py:208} INFO - Processing /home/airflow/.local/lib/python3.12/site-packages/airflow/example_dags/tutorial.py took 0.208 seconds
[2025-01-10T19:12:02.445+0000] {processor.py:186} INFO - Started process (PID=3429) to work on /home/airflow/.local/lib/python3.12/site-packages/airflow/example_dags/tutorial.py
[2025-01-10T19:12:02.447+0000] {processor.py:914} INFO - Processing file /home/airflow/.local/lib/python3.12/site-packages/airflow/example_dags/tutorial.py for tasks to queue
[2025-01-10T19:12:02.455+0000] {logging_mixin.py:190} INFO - [2025-01-10T19:12:02.454+0000] {dagbag.py:588} INFO - Filling up the DagBag from /home/airflow/.local/lib/python3.12/site-packages/airflow/example_dags/tutorial.py
[2025-01-10T19:12:02.484+0000] {processor.py:925} INFO - DAG(s) 'tutorial' retrieved from /home/airflow/.local/lib/python3.12/site-packages/airflow/example_dags/tutorial.py
[2025-01-10T19:12:02.549+0000] {logging_mixin.py:190} INFO - [2025-01-10T19:12:02.548+0000] {dag.py:3239} INFO - Sync 1 DAGs
[2025-01-10T19:12:02.619+0000] {logging_mixin.py:190} INFO - [2025-01-10T19:12:02.619+0000] {dag.py:4180} INFO - Setting next_dagrun for tutorial to 2025-01-09 00:00:00+00:00, run_after=2025-01-10 00:00:00+00:00
[2025-01-10T19:12:02.671+0000] {processor.py:208} INFO - Processing /home/airflow/.local/lib/python3.12/site-packages/airflow/example_dags/tutorial.py took 0.251 seconds
[2025-01-10T19:12:33.055+0000] {processor.py:186} INFO - Started process (PID=3493) to work on /home/airflow/.local/lib/python3.12/site-packages/airflow/example_dags/tutorial.py
[2025-01-10T19:12:33.058+0000] {processor.py:914} INFO - Processing file /home/airflow/.local/lib/python3.12/site-packages/airflow/example_dags/tutorial.py for tasks to queue
[2025-01-10T19:12:33.073+0000] {logging_mixin.py:190} INFO - [2025-01-10T19:12:33.070+0000] {dagbag.py:588} INFO - Filling up the DagBag from /home/airflow/.local/lib/python3.12/site-packages/airflow/example_dags/tutorial.py
[2025-01-10T19:12:33.126+0000] {processor.py:925} INFO - DAG(s) 'tutorial' retrieved from /home/airflow/.local/lib/python3.12/site-packages/airflow/example_dags/tutorial.py
[2025-01-10T19:12:33.285+0000] {logging_mixin.py:190} INFO - [2025-01-10T19:12:33.284+0000] {dag.py:3239} INFO - Sync 1 DAGs
[2025-01-10T19:12:33.402+0000] {logging_mixin.py:190} INFO - [2025-01-10T19:12:33.401+0000] {dag.py:4180} INFO - Setting next_dagrun for tutorial to 2025-01-09 00:00:00+00:00, run_after=2025-01-10 00:00:00+00:00
[2025-01-10T19:12:33.524+0000] {processor.py:208} INFO - Processing /home/airflow/.local/lib/python3.12/site-packages/airflow/example_dags/tutorial.py took 0.509 seconds
[2025-01-10T19:13:04.240+0000] {processor.py:186} INFO - Started process (PID=3557) to work on /home/airflow/.local/lib/python3.12/site-packages/airflow/example_dags/tutorial.py
[2025-01-10T19:13:04.244+0000] {processor.py:914} INFO - Processing file /home/airflow/.local/lib/python3.12/site-packages/airflow/example_dags/tutorial.py for tasks to queue
[2025-01-10T19:13:04.254+0000] {logging_mixin.py:190} INFO - [2025-01-10T19:13:04.253+0000] {dagbag.py:588} INFO - Filling up the DagBag from /home/airflow/.local/lib/python3.12/site-packages/airflow/example_dags/tutorial.py
[2025-01-10T19:13:04.279+0000] {processor.py:925} INFO - DAG(s) 'tutorial' retrieved from /home/airflow/.local/lib/python3.12/site-packages/airflow/example_dags/tutorial.py
[2025-01-10T19:13:04.373+0000] {logging_mixin.py:190} INFO - [2025-01-10T19:13:04.372+0000] {dag.py:3239} INFO - Sync 1 DAGs
[2025-01-10T19:13:04.456+0000] {logging_mixin.py:190} INFO - [2025-01-10T19:13:04.456+0000] {dag.py:4180} INFO - Setting next_dagrun for tutorial to 2025-01-09 00:00:00+00:00, run_after=2025-01-10 00:00:00+00:00
[2025-01-10T19:13:04.505+0000] {processor.py:208} INFO - Processing /home/airflow/.local/lib/python3.12/site-packages/airflow/example_dags/tutorial.py took 0.283 seconds
[2025-01-10T19:13:35.138+0000] {processor.py:186} INFO - Started process (PID=3621) to work on /home/airflow/.local/lib/python3.12/site-packages/airflow/example_dags/tutorial.py
[2025-01-10T19:13:35.140+0000] {processor.py:914} INFO - Processing file /home/airflow/.local/lib/python3.12/site-packages/airflow/example_dags/tutorial.py for tasks to queue
[2025-01-10T19:13:35.145+0000] {logging_mixin.py:190} INFO - [2025-01-10T19:13:35.144+0000] {dagbag.py:588} INFO - Filling up the DagBag from /home/airflow/.local/lib/python3.12/site-packages/airflow/example_dags/tutorial.py
[2025-01-10T19:13:35.163+0000] {processor.py:925} INFO - DAG(s) 'tutorial' retrieved from /home/airflow/.local/lib/python3.12/site-packages/airflow/example_dags/tutorial.py
[2025-01-10T19:13:35.214+0000] {logging_mixin.py:190} INFO - [2025-01-10T19:13:35.214+0000] {dag.py:3239} INFO - Sync 1 DAGs
[2025-01-10T19:13:35.289+0000] {logging_mixin.py:190} INFO - [2025-01-10T19:13:35.289+0000] {dag.py:4180} INFO - Setting next_dagrun for tutorial to 2025-01-09 00:00:00+00:00, run_after=2025-01-10 00:00:00+00:00
[2025-01-10T19:13:35.348+0000] {processor.py:208} INFO - Processing /home/airflow/.local/lib/python3.12/site-packages/airflow/example_dags/tutorial.py took 0.225 seconds
[2025-01-10T19:14:05.677+0000] {processor.py:186} INFO - Started process (PID=3684) to work on /home/airflow/.local/lib/python3.12/site-packages/airflow/example_dags/tutorial.py
[2025-01-10T19:14:05.683+0000] {processor.py:914} INFO - Processing file /home/airflow/.local/lib/python3.12/site-packages/airflow/example_dags/tutorial.py for tasks to queue
[2025-01-10T19:14:05.694+0000] {logging_mixin.py:190} INFO - [2025-01-10T19:14:05.691+0000] {dagbag.py:588} INFO - Filling up the DagBag from /home/airflow/.local/lib/python3.12/site-packages/airflow/example_dags/tutorial.py
[2025-01-10T19:14:05.786+0000] {processor.py:925} INFO - DAG(s) 'tutorial' retrieved from /home/airflow/.local/lib/python3.12/site-packages/airflow/example_dags/tutorial.py
[2025-01-10T19:14:06.093+0000] {logging_mixin.py:190} INFO - [2025-01-10T19:14:06.092+0000] {dag.py:3239} INFO - Sync 1 DAGs
[2025-01-10T19:14:06.278+0000] {logging_mixin.py:190} INFO - [2025-01-10T19:14:06.276+0000] {dag.py:4180} INFO - Setting next_dagrun for tutorial to 2025-01-09 00:00:00+00:00, run_after=2025-01-10 00:00:00+00:00
[2025-01-10T19:14:06.416+0000] {processor.py:208} INFO - Processing /home/airflow/.local/lib/python3.12/site-packages/airflow/example_dags/tutorial.py took 0.787 seconds
[2025-01-10T19:14:37.281+0000] {processor.py:186} INFO - Started process (PID=3747) to work on /home/airflow/.local/lib/python3.12/site-packages/airflow/example_dags/tutorial.py
[2025-01-10T19:14:37.286+0000] {processor.py:914} INFO - Processing file /home/airflow/.local/lib/python3.12/site-packages/airflow/example_dags/tutorial.py for tasks to queue
[2025-01-10T19:14:37.293+0000] {logging_mixin.py:190} INFO - [2025-01-10T19:14:37.292+0000] {dagbag.py:588} INFO - Filling up the DagBag from /home/airflow/.local/lib/python3.12/site-packages/airflow/example_dags/tutorial.py
[2025-01-10T19:14:37.342+0000] {processor.py:925} INFO - DAG(s) 'tutorial' retrieved from /home/airflow/.local/lib/python3.12/site-packages/airflow/example_dags/tutorial.py
[2025-01-10T19:14:37.462+0000] {logging_mixin.py:190} INFO - [2025-01-10T19:14:37.461+0000] {dag.py:3239} INFO - Sync 1 DAGs
[2025-01-10T19:14:37.555+0000] {logging_mixin.py:190} INFO - [2025-01-10T19:14:37.554+0000] {dag.py:4180} INFO - Setting next_dagrun for tutorial to 2025-01-09 00:00:00+00:00, run_after=2025-01-10 00:00:00+00:00
[2025-01-10T19:14:37.612+0000] {processor.py:208} INFO - Processing /home/airflow/.local/lib/python3.12/site-packages/airflow/example_dags/tutorial.py took 0.354 seconds
[2025-01-10T19:15:08.399+0000] {processor.py:186} INFO - Started process (PID=3811) to work on /home/airflow/.local/lib/python3.12/site-packages/airflow/example_dags/tutorial.py
[2025-01-10T19:15:08.403+0000] {processor.py:914} INFO - Processing file /home/airflow/.local/lib/python3.12/site-packages/airflow/example_dags/tutorial.py for tasks to queue
[2025-01-10T19:15:08.412+0000] {logging_mixin.py:190} INFO - [2025-01-10T19:15:08.410+0000] {dagbag.py:588} INFO - Filling up the DagBag from /home/airflow/.local/lib/python3.12/site-packages/airflow/example_dags/tutorial.py
[2025-01-10T19:15:08.471+0000] {processor.py:925} INFO - DAG(s) 'tutorial' retrieved from /home/airflow/.local/lib/python3.12/site-packages/airflow/example_dags/tutorial.py
[2025-01-10T19:15:08.571+0000] {logging_mixin.py:190} INFO - [2025-01-10T19:15:08.570+0000] {dag.py:3239} INFO - Sync 1 DAGs
[2025-01-10T19:15:08.717+0000] {logging_mixin.py:190} INFO - [2025-01-10T19:15:08.716+0000] {dag.py:4180} INFO - Setting next_dagrun for tutorial to 2025-01-09 00:00:00+00:00, run_after=2025-01-10 00:00:00+00:00
[2025-01-10T19:15:08.894+0000] {processor.py:208} INFO - Processing /home/airflow/.local/lib/python3.12/site-packages/airflow/example_dags/tutorial.py took 0.530 seconds
[2025-01-10T19:15:39.015+0000] {processor.py:186} INFO - Started process (PID=3875) to work on /home/airflow/.local/lib/python3.12/site-packages/airflow/example_dags/tutorial.py
[2025-01-10T19:15:39.018+0000] {processor.py:914} INFO - Processing file /home/airflow/.local/lib/python3.12/site-packages/airflow/example_dags/tutorial.py for tasks to queue
[2025-01-10T19:15:39.021+0000] {logging_mixin.py:190} INFO - [2025-01-10T19:15:39.020+0000] {dagbag.py:588} INFO - Filling up the DagBag from /home/airflow/.local/lib/python3.12/site-packages/airflow/example_dags/tutorial.py
[2025-01-10T19:15:39.062+0000] {processor.py:925} INFO - DAG(s) 'tutorial' retrieved from /home/airflow/.local/lib/python3.12/site-packages/airflow/example_dags/tutorial.py
[2025-01-10T19:15:39.136+0000] {logging_mixin.py:190} INFO - [2025-01-10T19:15:39.135+0000] {dag.py:3239} INFO - Sync 1 DAGs
[2025-01-10T19:15:39.237+0000] {logging_mixin.py:190} INFO - [2025-01-10T19:15:39.236+0000] {dag.py:4180} INFO - Setting next_dagrun for tutorial to 2025-01-09 00:00:00+00:00, run_after=2025-01-10 00:00:00+00:00
[2025-01-10T19:15:39.280+0000] {processor.py:208} INFO - Processing /home/airflow/.local/lib/python3.12/site-packages/airflow/example_dags/tutorial.py took 0.284 seconds
[2025-01-10T19:16:09.890+0000] {processor.py:186} INFO - Started process (PID=3939) to work on /home/airflow/.local/lib/python3.12/site-packages/airflow/example_dags/tutorial.py
[2025-01-10T19:16:09.892+0000] {processor.py:914} INFO - Processing file /home/airflow/.local/lib/python3.12/site-packages/airflow/example_dags/tutorial.py for tasks to queue
[2025-01-10T19:16:09.895+0000] {logging_mixin.py:190} INFO - [2025-01-10T19:16:09.894+0000] {dagbag.py:588} INFO - Filling up the DagBag from /home/airflow/.local/lib/python3.12/site-packages/airflow/example_dags/tutorial.py
[2025-01-10T19:16:09.920+0000] {processor.py:925} INFO - DAG(s) 'tutorial' retrieved from /home/airflow/.local/lib/python3.12/site-packages/airflow/example_dags/tutorial.py
[2025-01-10T19:16:09.977+0000] {logging_mixin.py:190} INFO - [2025-01-10T19:16:09.976+0000] {dag.py:3239} INFO - Sync 1 DAGs
[2025-01-10T19:16:10.031+0000] {logging_mixin.py:190} INFO - [2025-01-10T19:16:10.031+0000] {dag.py:4180} INFO - Setting next_dagrun for tutorial to 2025-01-09 00:00:00+00:00, run_after=2025-01-10 00:00:00+00:00
[2025-01-10T19:16:10.068+0000] {processor.py:208} INFO - Processing /home/airflow/.local/lib/python3.12/site-packages/airflow/example_dags/tutorial.py took 0.195 seconds
[2025-01-10T19:16:40.869+0000] {processor.py:186} INFO - Started process (PID=4002) to work on /home/airflow/.local/lib/python3.12/site-packages/airflow/example_dags/tutorial.py
[2025-01-10T19:16:40.874+0000] {processor.py:914} INFO - Processing file /home/airflow/.local/lib/python3.12/site-packages/airflow/example_dags/tutorial.py for tasks to queue
[2025-01-10T19:16:40.880+0000] {logging_mixin.py:190} INFO - [2025-01-10T19:16:40.878+0000] {dagbag.py:588} INFO - Filling up the DagBag from /home/airflow/.local/lib/python3.12/site-packages/airflow/example_dags/tutorial.py
[2025-01-10T19:16:40.930+0000] {processor.py:925} INFO - DAG(s) 'tutorial' retrieved from /home/airflow/.local/lib/python3.12/site-packages/airflow/example_dags/tutorial.py
[2025-01-10T19:16:41.022+0000] {logging_mixin.py:190} INFO - [2025-01-10T19:16:41.021+0000] {dag.py:3239} INFO - Sync 1 DAGs
[2025-01-10T19:16:41.072+0000] {logging_mixin.py:190} INFO - [2025-01-10T19:16:41.072+0000] {dag.py:4180} INFO - Setting next_dagrun for tutorial to 2025-01-09 00:00:00+00:00, run_after=2025-01-10 00:00:00+00:00
[2025-01-10T19:16:41.117+0000] {processor.py:208} INFO - Processing /home/airflow/.local/lib/python3.12/site-packages/airflow/example_dags/tutorial.py took 0.282 seconds
[2025-01-10T19:17:11.369+0000] {processor.py:186} INFO - Started process (PID=4065) to work on /home/airflow/.local/lib/python3.12/site-packages/airflow/example_dags/tutorial.py
[2025-01-10T19:17:11.371+0000] {processor.py:914} INFO - Processing file /home/airflow/.local/lib/python3.12/site-packages/airflow/example_dags/tutorial.py for tasks to queue
[2025-01-10T19:17:11.376+0000] {logging_mixin.py:190} INFO - [2025-01-10T19:17:11.375+0000] {dagbag.py:588} INFO - Filling up the DagBag from /home/airflow/.local/lib/python3.12/site-packages/airflow/example_dags/tutorial.py
[2025-01-10T19:17:11.400+0000] {processor.py:925} INFO - DAG(s) 'tutorial' retrieved from /home/airflow/.local/lib/python3.12/site-packages/airflow/example_dags/tutorial.py
[2025-01-10T19:17:11.477+0000] {logging_mixin.py:190} INFO - [2025-01-10T19:17:11.477+0000] {dag.py:3239} INFO - Sync 1 DAGs
[2025-01-10T19:17:11.541+0000] {logging_mixin.py:190} INFO - [2025-01-10T19:17:11.540+0000] {dag.py:4180} INFO - Setting next_dagrun for tutorial to 2025-01-09 00:00:00+00:00, run_after=2025-01-10 00:00:00+00:00
[2025-01-10T19:17:11.584+0000] {processor.py:208} INFO - Processing /home/airflow/.local/lib/python3.12/site-packages/airflow/example_dags/tutorial.py took 0.234 seconds
[2025-01-10T19:17:43.627+0000] {processor.py:186} INFO - Started process (PID=4129) to work on /home/airflow/.local/lib/python3.12/site-packages/airflow/example_dags/tutorial.py
[2025-01-10T19:17:43.637+0000] {processor.py:914} INFO - Processing file /home/airflow/.local/lib/python3.12/site-packages/airflow/example_dags/tutorial.py for tasks to queue
[2025-01-10T19:17:43.643+0000] {logging_mixin.py:190} INFO - [2025-01-10T19:17:43.642+0000] {dagbag.py:588} INFO - Filling up the DagBag from /home/airflow/.local/lib/python3.12/site-packages/airflow/example_dags/tutorial.py
[2025-01-10T19:17:43.695+0000] {processor.py:925} INFO - DAG(s) 'tutorial' retrieved from /home/airflow/.local/lib/python3.12/site-packages/airflow/example_dags/tutorial.py
[2025-01-10T19:17:43.794+0000] {logging_mixin.py:190} INFO - [2025-01-10T19:17:43.793+0000] {dag.py:3239} INFO - Sync 1 DAGs
[2025-01-10T19:17:43.886+0000] {logging_mixin.py:190} INFO - [2025-01-10T19:17:43.885+0000] {dag.py:4180} INFO - Setting next_dagrun for tutorial to 2025-01-09 00:00:00+00:00, run_after=2025-01-10 00:00:00+00:00
[2025-01-10T19:17:43.967+0000] {processor.py:208} INFO - Processing /home/airflow/.local/lib/python3.12/site-packages/airflow/example_dags/tutorial.py took 0.373 seconds
[2025-01-10T19:18:16.259+0000] {processor.py:186} INFO - Started process (PID=4193) to work on /home/airflow/.local/lib/python3.12/site-packages/airflow/example_dags/tutorial.py
[2025-01-10T19:18:16.261+0000] {processor.py:914} INFO - Processing file /home/airflow/.local/lib/python3.12/site-packages/airflow/example_dags/tutorial.py for tasks to queue
[2025-01-10T19:18:16.264+0000] {logging_mixin.py:190} INFO - [2025-01-10T19:18:16.263+0000] {dagbag.py:588} INFO - Filling up the DagBag from /home/airflow/.local/lib/python3.12/site-packages/airflow/example_dags/tutorial.py
[2025-01-10T19:18:16.286+0000] {processor.py:925} INFO - DAG(s) 'tutorial' retrieved from /home/airflow/.local/lib/python3.12/site-packages/airflow/example_dags/tutorial.py
[2025-01-10T19:18:16.357+0000] {logging_mixin.py:190} INFO - [2025-01-10T19:18:16.356+0000] {dag.py:3239} INFO - Sync 1 DAGs
[2025-01-10T19:18:16.463+0000] {logging_mixin.py:190} INFO - [2025-01-10T19:18:16.462+0000] {dag.py:4180} INFO - Setting next_dagrun for tutorial to 2025-01-09 00:00:00+00:00, run_after=2025-01-10 00:00:00+00:00
[2025-01-10T19:18:16.523+0000] {processor.py:208} INFO - Processing /home/airflow/.local/lib/python3.12/site-packages/airflow/example_dags/tutorial.py took 0.277 seconds
[2025-01-10T19:18:49.674+0000] {processor.py:186} INFO - Started process (PID=4258) to work on /home/airflow/.local/lib/python3.12/site-packages/airflow/example_dags/tutorial.py
[2025-01-10T19:18:49.679+0000] {processor.py:914} INFO - Processing file /home/airflow/.local/lib/python3.12/site-packages/airflow/example_dags/tutorial.py for tasks to queue
[2025-01-10T19:18:49.685+0000] {logging_mixin.py:190} INFO - [2025-01-10T19:18:49.683+0000] {dagbag.py:588} INFO - Filling up the DagBag from /home/airflow/.local/lib/python3.12/site-packages/airflow/example_dags/tutorial.py
[2025-01-10T19:18:49.765+0000] {processor.py:925} INFO - DAG(s) 'tutorial' retrieved from /home/airflow/.local/lib/python3.12/site-packages/airflow/example_dags/tutorial.py
[2025-01-10T19:18:49.841+0000] {logging_mixin.py:190} INFO - [2025-01-10T19:18:49.840+0000] {dag.py:3239} INFO - Sync 1 DAGs
[2025-01-10T19:18:49.906+0000] {logging_mixin.py:190} INFO - [2025-01-10T19:18:49.906+0000] {dag.py:4180} INFO - Setting next_dagrun for tutorial to 2025-01-09 00:00:00+00:00, run_after=2025-01-10 00:00:00+00:00
[2025-01-10T19:18:49.952+0000] {processor.py:208} INFO - Processing /home/airflow/.local/lib/python3.12/site-packages/airflow/example_dags/tutorial.py took 0.334 seconds
[2025-01-10T19:19:20.556+0000] {processor.py:186} INFO - Started process (PID=4327) to work on /home/airflow/.local/lib/python3.12/site-packages/airflow/example_dags/tutorial.py
[2025-01-10T19:19:20.558+0000] {processor.py:914} INFO - Processing file /home/airflow/.local/lib/python3.12/site-packages/airflow/example_dags/tutorial.py for tasks to queue
[2025-01-10T19:19:20.561+0000] {logging_mixin.py:190} INFO - [2025-01-10T19:19:20.560+0000] {dagbag.py:588} INFO - Filling up the DagBag from /home/airflow/.local/lib/python3.12/site-packages/airflow/example_dags/tutorial.py
[2025-01-10T19:19:20.585+0000] {processor.py:925} INFO - DAG(s) 'tutorial' retrieved from /home/airflow/.local/lib/python3.12/site-packages/airflow/example_dags/tutorial.py
[2025-01-10T19:19:20.638+0000] {logging_mixin.py:190} INFO - [2025-01-10T19:19:20.638+0000] {dag.py:3239} INFO - Sync 1 DAGs
[2025-01-10T19:19:20.698+0000] {logging_mixin.py:190} INFO - [2025-01-10T19:19:20.698+0000] {dag.py:4180} INFO - Setting next_dagrun for tutorial to 2025-01-09 00:00:00+00:00, run_after=2025-01-10 00:00:00+00:00
[2025-01-10T19:19:20.741+0000] {processor.py:208} INFO - Processing /home/airflow/.local/lib/python3.12/site-packages/airflow/example_dags/tutorial.py took 0.201 seconds
[2025-01-10T19:19:51.511+0000] {processor.py:186} INFO - Started process (PID=4390) to work on /home/airflow/.local/lib/python3.12/site-packages/airflow/example_dags/tutorial.py
[2025-01-10T19:19:51.514+0000] {processor.py:914} INFO - Processing file /home/airflow/.local/lib/python3.12/site-packages/airflow/example_dags/tutorial.py for tasks to queue
[2025-01-10T19:19:51.518+0000] {logging_mixin.py:190} INFO - [2025-01-10T19:19:51.517+0000] {dagbag.py:588} INFO - Filling up the DagBag from /home/airflow/.local/lib/python3.12/site-packages/airflow/example_dags/tutorial.py
[2025-01-10T19:19:51.539+0000] {processor.py:925} INFO - DAG(s) 'tutorial' retrieved from /home/airflow/.local/lib/python3.12/site-packages/airflow/example_dags/tutorial.py
[2025-01-10T19:19:51.585+0000] {logging_mixin.py:190} INFO - [2025-01-10T19:19:51.585+0000] {dag.py:3239} INFO - Sync 1 DAGs
[2025-01-10T19:19:51.644+0000] {logging_mixin.py:190} INFO - [2025-01-10T19:19:51.643+0000] {dag.py:4180} INFO - Setting next_dagrun for tutorial to 2025-01-09 00:00:00+00:00, run_after=2025-01-10 00:00:00+00:00
[2025-01-10T19:19:51.705+0000] {processor.py:208} INFO - Processing /home/airflow/.local/lib/python3.12/site-packages/airflow/example_dags/tutorial.py took 0.209 seconds
[2025-01-10T19:20:22.006+0000] {processor.py:186} INFO - Started process (PID=4454) to work on /home/airflow/.local/lib/python3.12/site-packages/airflow/example_dags/tutorial.py
[2025-01-10T19:20:22.008+0000] {processor.py:914} INFO - Processing file /home/airflow/.local/lib/python3.12/site-packages/airflow/example_dags/tutorial.py for tasks to queue
[2025-01-10T19:20:22.012+0000] {logging_mixin.py:190} INFO - [2025-01-10T19:20:22.012+0000] {dagbag.py:588} INFO - Filling up the DagBag from /home/airflow/.local/lib/python3.12/site-packages/airflow/example_dags/tutorial.py
[2025-01-10T19:20:22.036+0000] {processor.py:925} INFO - DAG(s) 'tutorial' retrieved from /home/airflow/.local/lib/python3.12/site-packages/airflow/example_dags/tutorial.py
[2025-01-10T19:20:22.091+0000] {logging_mixin.py:190} INFO - [2025-01-10T19:20:22.091+0000] {dag.py:3239} INFO - Sync 1 DAGs
[2025-01-10T19:20:22.165+0000] {logging_mixin.py:190} INFO - [2025-01-10T19:20:22.165+0000] {dag.py:4180} INFO - Setting next_dagrun for tutorial to 2025-01-09 00:00:00+00:00, run_after=2025-01-10 00:00:00+00:00
[2025-01-10T19:20:22.206+0000] {processor.py:208} INFO - Processing /home/airflow/.local/lib/python3.12/site-packages/airflow/example_dags/tutorial.py took 0.218 seconds
[2025-01-10T19:20:52.536+0000] {processor.py:186} INFO - Started process (PID=4517) to work on /home/airflow/.local/lib/python3.12/site-packages/airflow/example_dags/tutorial.py
[2025-01-10T19:20:52.539+0000] {processor.py:914} INFO - Processing file /home/airflow/.local/lib/python3.12/site-packages/airflow/example_dags/tutorial.py for tasks to queue
[2025-01-10T19:20:52.543+0000] {logging_mixin.py:190} INFO - [2025-01-10T19:20:52.542+0000] {dagbag.py:588} INFO - Filling up the DagBag from /home/airflow/.local/lib/python3.12/site-packages/airflow/example_dags/tutorial.py
[2025-01-10T19:20:52.565+0000] {processor.py:925} INFO - DAG(s) 'tutorial' retrieved from /home/airflow/.local/lib/python3.12/site-packages/airflow/example_dags/tutorial.py
[2025-01-10T19:20:52.608+0000] {logging_mixin.py:190} INFO - [2025-01-10T19:20:52.608+0000] {dag.py:3239} INFO - Sync 1 DAGs
[2025-01-10T19:20:52.656+0000] {logging_mixin.py:190} INFO - [2025-01-10T19:20:52.656+0000] {dag.py:4180} INFO - Setting next_dagrun for tutorial to 2025-01-09 00:00:00+00:00, run_after=2025-01-10 00:00:00+00:00
[2025-01-10T19:20:52.706+0000] {processor.py:208} INFO - Processing /home/airflow/.local/lib/python3.12/site-packages/airflow/example_dags/tutorial.py took 0.185 seconds
[2025-01-10T19:21:22.875+0000] {processor.py:186} INFO - Started process (PID=4581) to work on /home/airflow/.local/lib/python3.12/site-packages/airflow/example_dags/tutorial.py
[2025-01-10T19:21:22.882+0000] {processor.py:914} INFO - Processing file /home/airflow/.local/lib/python3.12/site-packages/airflow/example_dags/tutorial.py for tasks to queue
[2025-01-10T19:21:22.891+0000] {logging_mixin.py:190} INFO - [2025-01-10T19:21:22.887+0000] {dagbag.py:588} INFO - Filling up the DagBag from /home/airflow/.local/lib/python3.12/site-packages/airflow/example_dags/tutorial.py
[2025-01-10T19:21:22.956+0000] {processor.py:925} INFO - DAG(s) 'tutorial' retrieved from /home/airflow/.local/lib/python3.12/site-packages/airflow/example_dags/tutorial.py
[2025-01-10T19:21:23.223+0000] {logging_mixin.py:190} INFO - [2025-01-10T19:21:23.222+0000] {dag.py:3239} INFO - Sync 1 DAGs
[2025-01-10T19:21:23.366+0000] {logging_mixin.py:190} INFO - [2025-01-10T19:21:23.363+0000] {dag.py:4180} INFO - Setting next_dagrun for tutorial to 2025-01-09 00:00:00+00:00, run_after=2025-01-10 00:00:00+00:00
[2025-01-10T19:21:23.440+0000] {processor.py:208} INFO - Processing /home/airflow/.local/lib/python3.12/site-packages/airflow/example_dags/tutorial.py took 0.603 seconds
[2025-01-10T19:21:53.863+0000] {processor.py:186} INFO - Started process (PID=4645) to work on /home/airflow/.local/lib/python3.12/site-packages/airflow/example_dags/tutorial.py
[2025-01-10T19:21:53.866+0000] {processor.py:914} INFO - Processing file /home/airflow/.local/lib/python3.12/site-packages/airflow/example_dags/tutorial.py for tasks to queue
[2025-01-10T19:21:53.873+0000] {logging_mixin.py:190} INFO - [2025-01-10T19:21:53.873+0000] {dagbag.py:588} INFO - Filling up the DagBag from /home/airflow/.local/lib/python3.12/site-packages/airflow/example_dags/tutorial.py
[2025-01-10T19:21:53.914+0000] {processor.py:925} INFO - DAG(s) 'tutorial' retrieved from /home/airflow/.local/lib/python3.12/site-packages/airflow/example_dags/tutorial.py
[2025-01-10T19:21:53.987+0000] {logging_mixin.py:190} INFO - [2025-01-10T19:21:53.986+0000] {dag.py:3239} INFO - Sync 1 DAGs
[2025-01-10T19:21:54.054+0000] {logging_mixin.py:190} INFO - [2025-01-10T19:21:54.054+0000] {dag.py:4180} INFO - Setting next_dagrun for tutorial to 2025-01-09 00:00:00+00:00, run_after=2025-01-10 00:00:00+00:00
[2025-01-10T19:21:54.100+0000] {processor.py:208} INFO - Processing /home/airflow/.local/lib/python3.12/site-packages/airflow/example_dags/tutorial.py took 0.250 seconds
[2025-01-10T19:22:24.283+0000] {processor.py:186} INFO - Started process (PID=4709) to work on /home/airflow/.local/lib/python3.12/site-packages/airflow/example_dags/tutorial.py
[2025-01-10T19:22:24.286+0000] {processor.py:914} INFO - Processing file /home/airflow/.local/lib/python3.12/site-packages/airflow/example_dags/tutorial.py for tasks to queue
[2025-01-10T19:22:24.289+0000] {logging_mixin.py:190} INFO - [2025-01-10T19:22:24.288+0000] {dagbag.py:588} INFO - Filling up the DagBag from /home/airflow/.local/lib/python3.12/site-packages/airflow/example_dags/tutorial.py
[2025-01-10T19:22:24.315+0000] {processor.py:925} INFO - DAG(s) 'tutorial' retrieved from /home/airflow/.local/lib/python3.12/site-packages/airflow/example_dags/tutorial.py
[2025-01-10T19:22:24.361+0000] {logging_mixin.py:190} INFO - [2025-01-10T19:22:24.360+0000] {dag.py:3239} INFO - Sync 1 DAGs
[2025-01-10T19:22:24.409+0000] {logging_mixin.py:190} INFO - [2025-01-10T19:22:24.408+0000] {dag.py:4180} INFO - Setting next_dagrun for tutorial to 2025-01-09 00:00:00+00:00, run_after=2025-01-10 00:00:00+00:00
[2025-01-10T19:22:24.441+0000] {processor.py:208} INFO - Processing /home/airflow/.local/lib/python3.12/site-packages/airflow/example_dags/tutorial.py took 0.174 seconds
