[2025-01-10T18:44:48.301+0000] {processor.py:186} INFO - Started process (PID=119) to work on /home/airflow/.local/lib/python3.12/site-packages/airflow/example_dags/tutorial_dag.py
[2025-01-10T18:44:48.305+0000] {processor.py:914} INFO - Processing file /home/airflow/.local/lib/python3.12/site-packages/airflow/example_dags/tutorial_dag.py for tasks to queue
[2025-01-10T18:44:48.323+0000] {logging_mixin.py:190} INFO - [2025-01-10T18:44:48.318+0000] {dagbag.py:588} INFO - Filling up the DagBag from /home/airflow/.local/lib/python3.12/site-packages/airflow/example_dags/tutorial_dag.py
[2025-01-10T18:44:48.434+0000] {processor.py:925} INFO - DAG(s) 'tutorial_dag' retrieved from /home/airflow/.local/lib/python3.12/site-packages/airflow/example_dags/tutorial_dag.py
[2025-01-10T18:44:49.108+0000] {logging_mixin.py:190} INFO - [2025-01-10T18:44:49.106+0000] {override.py:1911} INFO - Created Permission View: can edit on DAG:tutorial_dag
[2025-01-10T18:44:49.458+0000] {logging_mixin.py:190} INFO - [2025-01-10T18:44:49.457+0000] {override.py:1911} INFO - Created Permission View: can read on DAG:tutorial_dag
[2025-01-10T18:44:49.626+0000] {logging_mixin.py:190} INFO - [2025-01-10T18:44:49.570+0000] {override.py:1911} INFO - Created Permission View: can delete on DAG:tutorial_dag
[2025-01-10T18:44:49.814+0000] {logging_mixin.py:190} INFO - [2025-01-10T18:44:49.809+0000] {override.py:1911} INFO - Created Permission View: menu access on DAG Run:tutorial_dag
[2025-01-10T18:44:49.867+0000] {logging_mixin.py:190} INFO - [2025-01-10T18:44:49.865+0000] {override.py:1911} INFO - Created Permission View: can read on DAG Run:tutorial_dag
[2025-01-10T18:44:49.930+0000] {logging_mixin.py:190} INFO - [2025-01-10T18:44:49.929+0000] {override.py:1911} INFO - Created Permission View: can create on DAG Run:tutorial_dag
[2025-01-10T18:44:50.016+0000] {logging_mixin.py:190} INFO - [2025-01-10T18:44:50.015+0000] {override.py:1911} INFO - Created Permission View: can delete on DAG Run:tutorial_dag
[2025-01-10T18:44:50.029+0000] {logging_mixin.py:190} INFO - [2025-01-10T18:44:50.028+0000] {dag.py:3239} INFO - Sync 1 DAGs
[2025-01-10T18:44:50.251+0000] {logging_mixin.py:190} INFO - [2025-01-10T18:44:50.249+0000] {dag.py:3262} INFO - Creating ORM DAG for tutorial_dag
[2025-01-10T18:44:50.262+0000] {logging_mixin.py:190} INFO - [2025-01-10T18:44:50.261+0000] {dag.py:4180} INFO - Setting next_dagrun for tutorial_dag to None, run_after=None
[2025-01-10T18:44:50.383+0000] {processor.py:208} INFO - Processing /home/airflow/.local/lib/python3.12/site-packages/airflow/example_dags/tutorial_dag.py took 2.122 seconds
[2025-01-10T18:45:21.378+0000] {processor.py:186} INFO - Started process (PID=181) to work on /home/airflow/.local/lib/python3.12/site-packages/airflow/example_dags/tutorial_dag.py
[2025-01-10T18:45:21.380+0000] {processor.py:914} INFO - Processing file /home/airflow/.local/lib/python3.12/site-packages/airflow/example_dags/tutorial_dag.py for tasks to queue
[2025-01-10T18:45:21.388+0000] {logging_mixin.py:190} INFO - [2025-01-10T18:45:21.387+0000] {dagbag.py:588} INFO - Filling up the DagBag from /home/airflow/.local/lib/python3.12/site-packages/airflow/example_dags/tutorial_dag.py
[2025-01-10T18:45:21.407+0000] {processor.py:925} INFO - DAG(s) 'tutorial_dag' retrieved from /home/airflow/.local/lib/python3.12/site-packages/airflow/example_dags/tutorial_dag.py
[2025-01-10T18:45:21.462+0000] {logging_mixin.py:190} INFO - [2025-01-10T18:45:21.461+0000] {dag.py:3239} INFO - Sync 1 DAGs
[2025-01-10T18:45:21.513+0000] {logging_mixin.py:190} INFO - [2025-01-10T18:45:21.512+0000] {dag.py:4180} INFO - Setting next_dagrun for tutorial_dag to None, run_after=None
[2025-01-10T18:45:21.594+0000] {processor.py:208} INFO - Processing /home/airflow/.local/lib/python3.12/site-packages/airflow/example_dags/tutorial_dag.py took 0.232 seconds
[2025-01-10T18:45:52.210+0000] {processor.py:186} INFO - Started process (PID=244) to work on /home/airflow/.local/lib/python3.12/site-packages/airflow/example_dags/tutorial_dag.py
[2025-01-10T18:45:52.213+0000] {processor.py:914} INFO - Processing file /home/airflow/.local/lib/python3.12/site-packages/airflow/example_dags/tutorial_dag.py for tasks to queue
[2025-01-10T18:45:52.223+0000] {logging_mixin.py:190} INFO - [2025-01-10T18:45:52.222+0000] {dagbag.py:588} INFO - Filling up the DagBag from /home/airflow/.local/lib/python3.12/site-packages/airflow/example_dags/tutorial_dag.py
[2025-01-10T18:45:52.244+0000] {processor.py:925} INFO - DAG(s) 'tutorial_dag' retrieved from /home/airflow/.local/lib/python3.12/site-packages/airflow/example_dags/tutorial_dag.py
[2025-01-10T18:45:52.290+0000] {logging_mixin.py:190} INFO - [2025-01-10T18:45:52.289+0000] {dag.py:3239} INFO - Sync 1 DAGs
[2025-01-10T18:45:52.322+0000] {logging_mixin.py:190} INFO - [2025-01-10T18:45:52.322+0000] {dag.py:4180} INFO - Setting next_dagrun for tutorial_dag to None, run_after=None
[2025-01-10T18:45:52.362+0000] {processor.py:208} INFO - Processing /home/airflow/.local/lib/python3.12/site-packages/airflow/example_dags/tutorial_dag.py took 0.172 seconds
[2025-01-10T18:46:22.581+0000] {processor.py:186} INFO - Started process (PID=307) to work on /home/airflow/.local/lib/python3.12/site-packages/airflow/example_dags/tutorial_dag.py
[2025-01-10T18:46:22.584+0000] {processor.py:914} INFO - Processing file /home/airflow/.local/lib/python3.12/site-packages/airflow/example_dags/tutorial_dag.py for tasks to queue
[2025-01-10T18:46:22.593+0000] {logging_mixin.py:190} INFO - [2025-01-10T18:46:22.592+0000] {dagbag.py:588} INFO - Filling up the DagBag from /home/airflow/.local/lib/python3.12/site-packages/airflow/example_dags/tutorial_dag.py
[2025-01-10T18:46:22.619+0000] {processor.py:925} INFO - DAG(s) 'tutorial_dag' retrieved from /home/airflow/.local/lib/python3.12/site-packages/airflow/example_dags/tutorial_dag.py
[2025-01-10T18:46:22.684+0000] {logging_mixin.py:190} INFO - [2025-01-10T18:46:22.683+0000] {dag.py:3239} INFO - Sync 1 DAGs
[2025-01-10T18:46:22.725+0000] {logging_mixin.py:190} INFO - [2025-01-10T18:46:22.724+0000] {dag.py:4180} INFO - Setting next_dagrun for tutorial_dag to None, run_after=None
[2025-01-10T18:46:22.787+0000] {processor.py:208} INFO - Processing /home/airflow/.local/lib/python3.12/site-packages/airflow/example_dags/tutorial_dag.py took 0.226 seconds
[2025-01-10T18:46:53.658+0000] {processor.py:186} INFO - Started process (PID=370) to work on /home/airflow/.local/lib/python3.12/site-packages/airflow/example_dags/tutorial_dag.py
[2025-01-10T18:46:53.662+0000] {processor.py:914} INFO - Processing file /home/airflow/.local/lib/python3.12/site-packages/airflow/example_dags/tutorial_dag.py for tasks to queue
[2025-01-10T18:46:53.674+0000] {logging_mixin.py:190} INFO - [2025-01-10T18:46:53.673+0000] {dagbag.py:588} INFO - Filling up the DagBag from /home/airflow/.local/lib/python3.12/site-packages/airflow/example_dags/tutorial_dag.py
[2025-01-10T18:46:53.709+0000] {processor.py:925} INFO - DAG(s) 'tutorial_dag' retrieved from /home/airflow/.local/lib/python3.12/site-packages/airflow/example_dags/tutorial_dag.py
[2025-01-10T18:46:53.792+0000] {logging_mixin.py:190} INFO - [2025-01-10T18:46:53.791+0000] {dag.py:3239} INFO - Sync 1 DAGs
[2025-01-10T18:46:53.879+0000] {logging_mixin.py:190} INFO - [2025-01-10T18:46:53.870+0000] {dag.py:4180} INFO - Setting next_dagrun for tutorial_dag to None, run_after=None
[2025-01-10T18:46:53.981+0000] {processor.py:208} INFO - Processing /home/airflow/.local/lib/python3.12/site-packages/airflow/example_dags/tutorial_dag.py took 0.356 seconds
[2025-01-10T18:47:24.450+0000] {processor.py:186} INFO - Started process (PID=432) to work on /home/airflow/.local/lib/python3.12/site-packages/airflow/example_dags/tutorial_dag.py
[2025-01-10T18:47:24.454+0000] {processor.py:914} INFO - Processing file /home/airflow/.local/lib/python3.12/site-packages/airflow/example_dags/tutorial_dag.py for tasks to queue
[2025-01-10T18:47:24.463+0000] {logging_mixin.py:190} INFO - [2025-01-10T18:47:24.462+0000] {dagbag.py:588} INFO - Filling up the DagBag from /home/airflow/.local/lib/python3.12/site-packages/airflow/example_dags/tutorial_dag.py
[2025-01-10T18:47:24.486+0000] {processor.py:925} INFO - DAG(s) 'tutorial_dag' retrieved from /home/airflow/.local/lib/python3.12/site-packages/airflow/example_dags/tutorial_dag.py
[2025-01-10T18:47:24.541+0000] {logging_mixin.py:190} INFO - [2025-01-10T18:47:24.541+0000] {dag.py:3239} INFO - Sync 1 DAGs
[2025-01-10T18:47:24.581+0000] {logging_mixin.py:190} INFO - [2025-01-10T18:47:24.580+0000] {dag.py:4180} INFO - Setting next_dagrun for tutorial_dag to None, run_after=None
[2025-01-10T18:47:24.643+0000] {processor.py:208} INFO - Processing /home/airflow/.local/lib/python3.12/site-packages/airflow/example_dags/tutorial_dag.py took 0.221 seconds
[2025-01-10T18:47:56.549+0000] {processor.py:186} INFO - Started process (PID=495) to work on /home/airflow/.local/lib/python3.12/site-packages/airflow/example_dags/tutorial_dag.py
[2025-01-10T18:47:56.557+0000] {processor.py:914} INFO - Processing file /home/airflow/.local/lib/python3.12/site-packages/airflow/example_dags/tutorial_dag.py for tasks to queue
[2025-01-10T18:47:56.568+0000] {logging_mixin.py:190} INFO - [2025-01-10T18:47:56.567+0000] {dagbag.py:588} INFO - Filling up the DagBag from /home/airflow/.local/lib/python3.12/site-packages/airflow/example_dags/tutorial_dag.py
[2025-01-10T18:47:56.618+0000] {processor.py:925} INFO - DAG(s) 'tutorial_dag' retrieved from /home/airflow/.local/lib/python3.12/site-packages/airflow/example_dags/tutorial_dag.py
[2025-01-10T18:47:56.735+0000] {logging_mixin.py:190} INFO - [2025-01-10T18:47:56.734+0000] {dag.py:3239} INFO - Sync 1 DAGs
[2025-01-10T18:47:56.886+0000] {logging_mixin.py:190} INFO - [2025-01-10T18:47:56.885+0000] {dag.py:4180} INFO - Setting next_dagrun for tutorial_dag to None, run_after=None
[2025-01-10T18:47:56.959+0000] {processor.py:208} INFO - Processing /home/airflow/.local/lib/python3.12/site-packages/airflow/example_dags/tutorial_dag.py took 0.461 seconds
[2025-01-10T18:48:27.159+0000] {processor.py:186} INFO - Started process (PID=556) to work on /home/airflow/.local/lib/python3.12/site-packages/airflow/example_dags/tutorial_dag.py
[2025-01-10T18:48:27.161+0000] {processor.py:914} INFO - Processing file /home/airflow/.local/lib/python3.12/site-packages/airflow/example_dags/tutorial_dag.py for tasks to queue
[2025-01-10T18:48:27.166+0000] {logging_mixin.py:190} INFO - [2025-01-10T18:48:27.165+0000] {dagbag.py:588} INFO - Filling up the DagBag from /home/airflow/.local/lib/python3.12/site-packages/airflow/example_dags/tutorial_dag.py
[2025-01-10T18:48:27.184+0000] {processor.py:925} INFO - DAG(s) 'tutorial_dag' retrieved from /home/airflow/.local/lib/python3.12/site-packages/airflow/example_dags/tutorial_dag.py
[2025-01-10T18:48:27.235+0000] {logging_mixin.py:190} INFO - [2025-01-10T18:48:27.234+0000] {dag.py:3239} INFO - Sync 1 DAGs
[2025-01-10T18:48:27.277+0000] {logging_mixin.py:190} INFO - [2025-01-10T18:48:27.277+0000] {dag.py:4180} INFO - Setting next_dagrun for tutorial_dag to None, run_after=None
[2025-01-10T18:48:27.333+0000] {processor.py:208} INFO - Processing /home/airflow/.local/lib/python3.12/site-packages/airflow/example_dags/tutorial_dag.py took 0.187 seconds
[2025-01-10T18:48:57.640+0000] {processor.py:186} INFO - Started process (PID=618) to work on /home/airflow/.local/lib/python3.12/site-packages/airflow/example_dags/tutorial_dag.py
[2025-01-10T18:48:57.643+0000] {processor.py:914} INFO - Processing file /home/airflow/.local/lib/python3.12/site-packages/airflow/example_dags/tutorial_dag.py for tasks to queue
[2025-01-10T18:48:57.650+0000] {logging_mixin.py:190} INFO - [2025-01-10T18:48:57.649+0000] {dagbag.py:588} INFO - Filling up the DagBag from /home/airflow/.local/lib/python3.12/site-packages/airflow/example_dags/tutorial_dag.py
[2025-01-10T18:48:57.670+0000] {processor.py:925} INFO - DAG(s) 'tutorial_dag' retrieved from /home/airflow/.local/lib/python3.12/site-packages/airflow/example_dags/tutorial_dag.py
[2025-01-10T18:48:57.724+0000] {logging_mixin.py:190} INFO - [2025-01-10T18:48:57.724+0000] {dag.py:3239} INFO - Sync 1 DAGs
[2025-01-10T18:48:57.761+0000] {logging_mixin.py:190} INFO - [2025-01-10T18:48:57.761+0000] {dag.py:4180} INFO - Setting next_dagrun for tutorial_dag to None, run_after=None
[2025-01-10T18:48:57.807+0000] {processor.py:208} INFO - Processing /home/airflow/.local/lib/python3.12/site-packages/airflow/example_dags/tutorial_dag.py took 0.183 seconds
[2025-01-10T18:49:28.153+0000] {processor.py:186} INFO - Started process (PID=681) to work on /home/airflow/.local/lib/python3.12/site-packages/airflow/example_dags/tutorial_dag.py
[2025-01-10T18:49:28.157+0000] {processor.py:914} INFO - Processing file /home/airflow/.local/lib/python3.12/site-packages/airflow/example_dags/tutorial_dag.py for tasks to queue
[2025-01-10T18:49:28.168+0000] {logging_mixin.py:190} INFO - [2025-01-10T18:49:28.167+0000] {dagbag.py:588} INFO - Filling up the DagBag from /home/airflow/.local/lib/python3.12/site-packages/airflow/example_dags/tutorial_dag.py
[2025-01-10T18:49:28.207+0000] {processor.py:925} INFO - DAG(s) 'tutorial_dag' retrieved from /home/airflow/.local/lib/python3.12/site-packages/airflow/example_dags/tutorial_dag.py
[2025-01-10T18:49:28.292+0000] {logging_mixin.py:190} INFO - [2025-01-10T18:49:28.291+0000] {dag.py:3239} INFO - Sync 1 DAGs
[2025-01-10T18:49:28.376+0000] {logging_mixin.py:190} INFO - [2025-01-10T18:49:28.375+0000] {dag.py:4180} INFO - Setting next_dagrun for tutorial_dag to None, run_after=None
[2025-01-10T18:49:28.492+0000] {processor.py:208} INFO - Processing /home/airflow/.local/lib/python3.12/site-packages/airflow/example_dags/tutorial_dag.py took 0.362 seconds
[2025-01-10T18:49:58.646+0000] {processor.py:186} INFO - Started process (PID=744) to work on /home/airflow/.local/lib/python3.12/site-packages/airflow/example_dags/tutorial_dag.py
[2025-01-10T18:49:58.650+0000] {processor.py:914} INFO - Processing file /home/airflow/.local/lib/python3.12/site-packages/airflow/example_dags/tutorial_dag.py for tasks to queue
[2025-01-10T18:49:58.657+0000] {logging_mixin.py:190} INFO - [2025-01-10T18:49:58.657+0000] {dagbag.py:588} INFO - Filling up the DagBag from /home/airflow/.local/lib/python3.12/site-packages/airflow/example_dags/tutorial_dag.py
[2025-01-10T18:49:58.679+0000] {processor.py:925} INFO - DAG(s) 'tutorial_dag' retrieved from /home/airflow/.local/lib/python3.12/site-packages/airflow/example_dags/tutorial_dag.py
[2025-01-10T18:49:58.727+0000] {logging_mixin.py:190} INFO - [2025-01-10T18:49:58.727+0000] {dag.py:3239} INFO - Sync 1 DAGs
[2025-01-10T18:49:58.761+0000] {logging_mixin.py:190} INFO - [2025-01-10T18:49:58.761+0000] {dag.py:4180} INFO - Setting next_dagrun for tutorial_dag to None, run_after=None
[2025-01-10T18:49:58.811+0000] {processor.py:208} INFO - Processing /home/airflow/.local/lib/python3.12/site-packages/airflow/example_dags/tutorial_dag.py took 0.183 seconds
[2025-01-10T18:50:29.455+0000] {processor.py:186} INFO - Started process (PID=807) to work on /home/airflow/.local/lib/python3.12/site-packages/airflow/example_dags/tutorial_dag.py
[2025-01-10T18:50:29.459+0000] {processor.py:914} INFO - Processing file /home/airflow/.local/lib/python3.12/site-packages/airflow/example_dags/tutorial_dag.py for tasks to queue
[2025-01-10T18:50:29.464+0000] {logging_mixin.py:190} INFO - [2025-01-10T18:50:29.463+0000] {dagbag.py:588} INFO - Filling up the DagBag from /home/airflow/.local/lib/python3.12/site-packages/airflow/example_dags/tutorial_dag.py
[2025-01-10T18:50:29.483+0000] {processor.py:925} INFO - DAG(s) 'tutorial_dag' retrieved from /home/airflow/.local/lib/python3.12/site-packages/airflow/example_dags/tutorial_dag.py
[2025-01-10T18:50:29.546+0000] {logging_mixin.py:190} INFO - [2025-01-10T18:50:29.545+0000] {dag.py:3239} INFO - Sync 1 DAGs
[2025-01-10T18:50:29.589+0000] {logging_mixin.py:190} INFO - [2025-01-10T18:50:29.588+0000] {dag.py:4180} INFO - Setting next_dagrun for tutorial_dag to None, run_after=None
[2025-01-10T18:50:29.645+0000] {processor.py:208} INFO - Processing /home/airflow/.local/lib/python3.12/site-packages/airflow/example_dags/tutorial_dag.py took 0.204 seconds
[2025-01-10T18:51:00.143+0000] {processor.py:186} INFO - Started process (PID=869) to work on /home/airflow/.local/lib/python3.12/site-packages/airflow/example_dags/tutorial_dag.py
[2025-01-10T18:51:00.145+0000] {processor.py:914} INFO - Processing file /home/airflow/.local/lib/python3.12/site-packages/airflow/example_dags/tutorial_dag.py for tasks to queue
[2025-01-10T18:51:00.151+0000] {logging_mixin.py:190} INFO - [2025-01-10T18:51:00.150+0000] {dagbag.py:588} INFO - Filling up the DagBag from /home/airflow/.local/lib/python3.12/site-packages/airflow/example_dags/tutorial_dag.py
[2025-01-10T18:51:00.170+0000] {processor.py:925} INFO - DAG(s) 'tutorial_dag' retrieved from /home/airflow/.local/lib/python3.12/site-packages/airflow/example_dags/tutorial_dag.py
[2025-01-10T18:51:00.220+0000] {logging_mixin.py:190} INFO - [2025-01-10T18:51:00.219+0000] {dag.py:3239} INFO - Sync 1 DAGs
[2025-01-10T18:51:00.256+0000] {logging_mixin.py:190} INFO - [2025-01-10T18:51:00.256+0000] {dag.py:4180} INFO - Setting next_dagrun for tutorial_dag to None, run_after=None
[2025-01-10T18:51:00.302+0000] {processor.py:208} INFO - Processing /home/airflow/.local/lib/python3.12/site-packages/airflow/example_dags/tutorial_dag.py took 0.173 seconds
[2025-01-10T18:51:31.206+0000] {processor.py:186} INFO - Started process (PID=932) to work on /home/airflow/.local/lib/python3.12/site-packages/airflow/example_dags/tutorial_dag.py
[2025-01-10T18:51:31.208+0000] {processor.py:914} INFO - Processing file /home/airflow/.local/lib/python3.12/site-packages/airflow/example_dags/tutorial_dag.py for tasks to queue
[2025-01-10T18:51:31.212+0000] {logging_mixin.py:190} INFO - [2025-01-10T18:51:31.212+0000] {dagbag.py:588} INFO - Filling up the DagBag from /home/airflow/.local/lib/python3.12/site-packages/airflow/example_dags/tutorial_dag.py
[2025-01-10T18:51:31.230+0000] {processor.py:925} INFO - DAG(s) 'tutorial_dag' retrieved from /home/airflow/.local/lib/python3.12/site-packages/airflow/example_dags/tutorial_dag.py
[2025-01-10T18:51:31.288+0000] {logging_mixin.py:190} INFO - [2025-01-10T18:51:31.287+0000] {dag.py:3239} INFO - Sync 1 DAGs
[2025-01-10T18:51:31.335+0000] {logging_mixin.py:190} INFO - [2025-01-10T18:51:31.335+0000] {dag.py:4180} INFO - Setting next_dagrun for tutorial_dag to None, run_after=None
[2025-01-10T18:51:31.391+0000] {processor.py:208} INFO - Processing /home/airflow/.local/lib/python3.12/site-packages/airflow/example_dags/tutorial_dag.py took 0.198 seconds
[2025-01-10T18:52:01.663+0000] {processor.py:186} INFO - Started process (PID=994) to work on /home/airflow/.local/lib/python3.12/site-packages/airflow/example_dags/tutorial_dag.py
[2025-01-10T18:52:01.666+0000] {processor.py:914} INFO - Processing file /home/airflow/.local/lib/python3.12/site-packages/airflow/example_dags/tutorial_dag.py for tasks to queue
[2025-01-10T18:52:01.674+0000] {logging_mixin.py:190} INFO - [2025-01-10T18:52:01.673+0000] {dagbag.py:588} INFO - Filling up the DagBag from /home/airflow/.local/lib/python3.12/site-packages/airflow/example_dags/tutorial_dag.py
[2025-01-10T18:52:01.696+0000] {processor.py:925} INFO - DAG(s) 'tutorial_dag' retrieved from /home/airflow/.local/lib/python3.12/site-packages/airflow/example_dags/tutorial_dag.py
[2025-01-10T18:52:01.751+0000] {logging_mixin.py:190} INFO - [2025-01-10T18:52:01.750+0000] {dag.py:3239} INFO - Sync 1 DAGs
[2025-01-10T18:52:01.785+0000] {logging_mixin.py:190} INFO - [2025-01-10T18:52:01.784+0000] {dag.py:4180} INFO - Setting next_dagrun for tutorial_dag to None, run_after=None
[2025-01-10T18:52:01.823+0000] {processor.py:208} INFO - Processing /home/airflow/.local/lib/python3.12/site-packages/airflow/example_dags/tutorial_dag.py took 0.177 seconds
[2025-01-10T18:52:32.617+0000] {processor.py:186} INFO - Started process (PID=1057) to work on /home/airflow/.local/lib/python3.12/site-packages/airflow/example_dags/tutorial_dag.py
[2025-01-10T18:52:32.620+0000] {processor.py:914} INFO - Processing file /home/airflow/.local/lib/python3.12/site-packages/airflow/example_dags/tutorial_dag.py for tasks to queue
[2025-01-10T18:52:32.628+0000] {logging_mixin.py:190} INFO - [2025-01-10T18:52:32.627+0000] {dagbag.py:588} INFO - Filling up the DagBag from /home/airflow/.local/lib/python3.12/site-packages/airflow/example_dags/tutorial_dag.py
[2025-01-10T18:52:32.651+0000] {processor.py:925} INFO - DAG(s) 'tutorial_dag' retrieved from /home/airflow/.local/lib/python3.12/site-packages/airflow/example_dags/tutorial_dag.py
[2025-01-10T18:52:32.708+0000] {logging_mixin.py:190} INFO - [2025-01-10T18:52:32.707+0000] {dag.py:3239} INFO - Sync 1 DAGs
[2025-01-10T18:52:32.742+0000] {logging_mixin.py:190} INFO - [2025-01-10T18:52:32.742+0000] {dag.py:4180} INFO - Setting next_dagrun for tutorial_dag to None, run_after=None
[2025-01-10T18:52:32.794+0000] {processor.py:208} INFO - Processing /home/airflow/.local/lib/python3.12/site-packages/airflow/example_dags/tutorial_dag.py took 0.192 seconds
[2025-01-10T18:53:03.128+0000] {processor.py:186} INFO - Started process (PID=1120) to work on /home/airflow/.local/lib/python3.12/site-packages/airflow/example_dags/tutorial_dag.py
[2025-01-10T18:53:03.130+0000] {processor.py:914} INFO - Processing file /home/airflow/.local/lib/python3.12/site-packages/airflow/example_dags/tutorial_dag.py for tasks to queue
[2025-01-10T18:53:03.140+0000] {logging_mixin.py:190} INFO - [2025-01-10T18:53:03.140+0000] {dagbag.py:588} INFO - Filling up the DagBag from /home/airflow/.local/lib/python3.12/site-packages/airflow/example_dags/tutorial_dag.py
[2025-01-10T18:53:03.160+0000] {processor.py:925} INFO - DAG(s) 'tutorial_dag' retrieved from /home/airflow/.local/lib/python3.12/site-packages/airflow/example_dags/tutorial_dag.py
[2025-01-10T18:53:03.217+0000] {logging_mixin.py:190} INFO - [2025-01-10T18:53:03.216+0000] {dag.py:3239} INFO - Sync 1 DAGs
[2025-01-10T18:53:03.250+0000] {logging_mixin.py:190} INFO - [2025-01-10T18:53:03.250+0000] {dag.py:4180} INFO - Setting next_dagrun for tutorial_dag to None, run_after=None
[2025-01-10T18:53:03.295+0000] {processor.py:208} INFO - Processing /home/airflow/.local/lib/python3.12/site-packages/airflow/example_dags/tutorial_dag.py took 0.184 seconds
[2025-01-10T18:53:35.299+0000] {processor.py:186} INFO - Started process (PID=1183) to work on /home/airflow/.local/lib/python3.12/site-packages/airflow/example_dags/tutorial_dag.py
[2025-01-10T18:53:35.303+0000] {processor.py:914} INFO - Processing file /home/airflow/.local/lib/python3.12/site-packages/airflow/example_dags/tutorial_dag.py for tasks to queue
[2025-01-10T18:53:35.312+0000] {logging_mixin.py:190} INFO - [2025-01-10T18:53:35.310+0000] {dagbag.py:588} INFO - Filling up the DagBag from /home/airflow/.local/lib/python3.12/site-packages/airflow/example_dags/tutorial_dag.py
[2025-01-10T18:53:35.345+0000] {processor.py:925} INFO - DAG(s) 'tutorial_dag' retrieved from /home/airflow/.local/lib/python3.12/site-packages/airflow/example_dags/tutorial_dag.py
[2025-01-10T18:53:35.475+0000] {logging_mixin.py:190} INFO - [2025-01-10T18:53:35.474+0000] {dag.py:3239} INFO - Sync 1 DAGs
[2025-01-10T18:53:35.592+0000] {logging_mixin.py:190} INFO - [2025-01-10T18:53:35.590+0000] {dag.py:4180} INFO - Setting next_dagrun for tutorial_dag to None, run_after=None
[2025-01-10T18:53:35.661+0000] {processor.py:208} INFO - Processing /home/airflow/.local/lib/python3.12/site-packages/airflow/example_dags/tutorial_dag.py took 0.382 seconds
[2025-01-10T18:54:06.048+0000] {processor.py:186} INFO - Started process (PID=1246) to work on /home/airflow/.local/lib/python3.12/site-packages/airflow/example_dags/tutorial_dag.py
[2025-01-10T18:54:06.050+0000] {processor.py:914} INFO - Processing file /home/airflow/.local/lib/python3.12/site-packages/airflow/example_dags/tutorial_dag.py for tasks to queue
[2025-01-10T18:54:06.057+0000] {logging_mixin.py:190} INFO - [2025-01-10T18:54:06.056+0000] {dagbag.py:588} INFO - Filling up the DagBag from /home/airflow/.local/lib/python3.12/site-packages/airflow/example_dags/tutorial_dag.py
[2025-01-10T18:54:06.078+0000] {processor.py:925} INFO - DAG(s) 'tutorial_dag' retrieved from /home/airflow/.local/lib/python3.12/site-packages/airflow/example_dags/tutorial_dag.py
[2025-01-10T18:54:06.159+0000] {logging_mixin.py:190} INFO - [2025-01-10T18:54:06.159+0000] {dag.py:3239} INFO - Sync 1 DAGs
[2025-01-10T18:54:06.221+0000] {logging_mixin.py:190} INFO - [2025-01-10T18:54:06.220+0000] {dag.py:4180} INFO - Setting next_dagrun for tutorial_dag to None, run_after=None
[2025-01-10T18:54:06.283+0000] {processor.py:208} INFO - Processing /home/airflow/.local/lib/python3.12/site-packages/airflow/example_dags/tutorial_dag.py took 0.253 seconds
[2025-01-10T18:54:36.892+0000] {processor.py:186} INFO - Started process (PID=1308) to work on /home/airflow/.local/lib/python3.12/site-packages/airflow/example_dags/tutorial_dag.py
[2025-01-10T18:54:36.896+0000] {processor.py:914} INFO - Processing file /home/airflow/.local/lib/python3.12/site-packages/airflow/example_dags/tutorial_dag.py for tasks to queue
[2025-01-10T18:54:36.903+0000] {logging_mixin.py:190} INFO - [2025-01-10T18:54:36.901+0000] {dagbag.py:588} INFO - Filling up the DagBag from /home/airflow/.local/lib/python3.12/site-packages/airflow/example_dags/tutorial_dag.py
[2025-01-10T18:54:36.923+0000] {processor.py:925} INFO - DAG(s) 'tutorial_dag' retrieved from /home/airflow/.local/lib/python3.12/site-packages/airflow/example_dags/tutorial_dag.py
[2025-01-10T18:54:36.984+0000] {logging_mixin.py:190} INFO - [2025-01-10T18:54:36.984+0000] {dag.py:3239} INFO - Sync 1 DAGs
[2025-01-10T18:54:37.023+0000] {logging_mixin.py:190} INFO - [2025-01-10T18:54:37.023+0000] {dag.py:4180} INFO - Setting next_dagrun for tutorial_dag to None, run_after=None
[2025-01-10T18:54:37.078+0000] {processor.py:208} INFO - Processing /home/airflow/.local/lib/python3.12/site-packages/airflow/example_dags/tutorial_dag.py took 0.200 seconds
[2025-01-10T18:55:07.876+0000] {processor.py:186} INFO - Started process (PID=1370) to work on /home/airflow/.local/lib/python3.12/site-packages/airflow/example_dags/tutorial_dag.py
[2025-01-10T18:55:07.878+0000] {processor.py:914} INFO - Processing file /home/airflow/.local/lib/python3.12/site-packages/airflow/example_dags/tutorial_dag.py for tasks to queue
[2025-01-10T18:55:07.884+0000] {logging_mixin.py:190} INFO - [2025-01-10T18:55:07.883+0000] {dagbag.py:588} INFO - Filling up the DagBag from /home/airflow/.local/lib/python3.12/site-packages/airflow/example_dags/tutorial_dag.py
[2025-01-10T18:55:07.903+0000] {processor.py:925} INFO - DAG(s) 'tutorial_dag' retrieved from /home/airflow/.local/lib/python3.12/site-packages/airflow/example_dags/tutorial_dag.py
[2025-01-10T18:55:07.953+0000] {logging_mixin.py:190} INFO - [2025-01-10T18:55:07.952+0000] {dag.py:3239} INFO - Sync 1 DAGs
[2025-01-10T18:55:08.005+0000] {logging_mixin.py:190} INFO - [2025-01-10T18:55:08.004+0000] {dag.py:4180} INFO - Setting next_dagrun for tutorial_dag to None, run_after=None
[2025-01-10T18:55:08.061+0000] {processor.py:208} INFO - Processing /home/airflow/.local/lib/python3.12/site-packages/airflow/example_dags/tutorial_dag.py took 0.200 seconds
[2025-01-10T18:55:38.276+0000] {processor.py:186} INFO - Started process (PID=1432) to work on /home/airflow/.local/lib/python3.12/site-packages/airflow/example_dags/tutorial_dag.py
[2025-01-10T18:55:38.278+0000] {processor.py:914} INFO - Processing file /home/airflow/.local/lib/python3.12/site-packages/airflow/example_dags/tutorial_dag.py for tasks to queue
[2025-01-10T18:55:38.283+0000] {logging_mixin.py:190} INFO - [2025-01-10T18:55:38.282+0000] {dagbag.py:588} INFO - Filling up the DagBag from /home/airflow/.local/lib/python3.12/site-packages/airflow/example_dags/tutorial_dag.py
[2025-01-10T18:55:38.296+0000] {processor.py:925} INFO - DAG(s) 'tutorial_dag' retrieved from /home/airflow/.local/lib/python3.12/site-packages/airflow/example_dags/tutorial_dag.py
[2025-01-10T18:55:38.343+0000] {logging_mixin.py:190} INFO - [2025-01-10T18:55:38.343+0000] {dag.py:3239} INFO - Sync 1 DAGs
[2025-01-10T18:55:38.377+0000] {logging_mixin.py:190} INFO - [2025-01-10T18:55:38.376+0000] {dag.py:4180} INFO - Setting next_dagrun for tutorial_dag to None, run_after=None
[2025-01-10T18:55:38.416+0000] {processor.py:208} INFO - Processing /home/airflow/.local/lib/python3.12/site-packages/airflow/example_dags/tutorial_dag.py took 0.150 seconds
[2025-01-10T18:56:09.172+0000] {processor.py:186} INFO - Started process (PID=1495) to work on /home/airflow/.local/lib/python3.12/site-packages/airflow/example_dags/tutorial_dag.py
[2025-01-10T18:56:09.177+0000] {processor.py:914} INFO - Processing file /home/airflow/.local/lib/python3.12/site-packages/airflow/example_dags/tutorial_dag.py for tasks to queue
[2025-01-10T18:56:09.195+0000] {logging_mixin.py:190} INFO - [2025-01-10T18:56:09.193+0000] {dagbag.py:588} INFO - Filling up the DagBag from /home/airflow/.local/lib/python3.12/site-packages/airflow/example_dags/tutorial_dag.py
[2025-01-10T18:56:09.255+0000] {processor.py:925} INFO - DAG(s) 'tutorial_dag' retrieved from /home/airflow/.local/lib/python3.12/site-packages/airflow/example_dags/tutorial_dag.py
[2025-01-10T18:56:09.341+0000] {logging_mixin.py:190} INFO - [2025-01-10T18:56:09.340+0000] {dag.py:3239} INFO - Sync 1 DAGs
[2025-01-10T18:56:09.395+0000] {logging_mixin.py:190} INFO - [2025-01-10T18:56:09.395+0000] {dag.py:4180} INFO - Setting next_dagrun for tutorial_dag to None, run_after=None
[2025-01-10T18:56:09.455+0000] {processor.py:208} INFO - Processing /home/airflow/.local/lib/python3.12/site-packages/airflow/example_dags/tutorial_dag.py took 0.321 seconds
[2025-01-10T18:56:39.869+0000] {processor.py:186} INFO - Started process (PID=1558) to work on /home/airflow/.local/lib/python3.12/site-packages/airflow/example_dags/tutorial_dag.py
[2025-01-10T18:56:39.871+0000] {processor.py:914} INFO - Processing file /home/airflow/.local/lib/python3.12/site-packages/airflow/example_dags/tutorial_dag.py for tasks to queue
[2025-01-10T18:56:39.876+0000] {logging_mixin.py:190} INFO - [2025-01-10T18:56:39.875+0000] {dagbag.py:588} INFO - Filling up the DagBag from /home/airflow/.local/lib/python3.12/site-packages/airflow/example_dags/tutorial_dag.py
[2025-01-10T18:56:39.892+0000] {processor.py:925} INFO - DAG(s) 'tutorial_dag' retrieved from /home/airflow/.local/lib/python3.12/site-packages/airflow/example_dags/tutorial_dag.py
[2025-01-10T18:56:39.936+0000] {logging_mixin.py:190} INFO - [2025-01-10T18:56:39.936+0000] {dag.py:3239} INFO - Sync 1 DAGs
[2025-01-10T18:56:39.968+0000] {logging_mixin.py:190} INFO - [2025-01-10T18:56:39.967+0000] {dag.py:4180} INFO - Setting next_dagrun for tutorial_dag to None, run_after=None
[2025-01-10T18:56:40.006+0000] {processor.py:208} INFO - Processing /home/airflow/.local/lib/python3.12/site-packages/airflow/example_dags/tutorial_dag.py took 0.151 seconds
[2025-01-10T18:57:10.635+0000] {processor.py:186} INFO - Started process (PID=1621) to work on /home/airflow/.local/lib/python3.12/site-packages/airflow/example_dags/tutorial_dag.py
[2025-01-10T18:57:10.637+0000] {processor.py:914} INFO - Processing file /home/airflow/.local/lib/python3.12/site-packages/airflow/example_dags/tutorial_dag.py for tasks to queue
[2025-01-10T18:57:10.642+0000] {logging_mixin.py:190} INFO - [2025-01-10T18:57:10.641+0000] {dagbag.py:588} INFO - Filling up the DagBag from /home/airflow/.local/lib/python3.12/site-packages/airflow/example_dags/tutorial_dag.py
[2025-01-10T18:57:10.662+0000] {processor.py:925} INFO - DAG(s) 'tutorial_dag' retrieved from /home/airflow/.local/lib/python3.12/site-packages/airflow/example_dags/tutorial_dag.py
[2025-01-10T18:57:10.721+0000] {logging_mixin.py:190} INFO - [2025-01-10T18:57:10.720+0000] {dag.py:3239} INFO - Sync 1 DAGs
[2025-01-10T18:57:10.763+0000] {logging_mixin.py:190} INFO - [2025-01-10T18:57:10.763+0000] {dag.py:4180} INFO - Setting next_dagrun for tutorial_dag to None, run_after=None
[2025-01-10T18:57:10.830+0000] {processor.py:208} INFO - Processing /home/airflow/.local/lib/python3.12/site-packages/airflow/example_dags/tutorial_dag.py took 0.206 seconds
[2025-01-10T18:57:41.188+0000] {processor.py:186} INFO - Started process (PID=1684) to work on /home/airflow/.local/lib/python3.12/site-packages/airflow/example_dags/tutorial_dag.py
[2025-01-10T18:57:41.190+0000] {processor.py:914} INFO - Processing file /home/airflow/.local/lib/python3.12/site-packages/airflow/example_dags/tutorial_dag.py for tasks to queue
[2025-01-10T18:57:41.195+0000] {logging_mixin.py:190} INFO - [2025-01-10T18:57:41.195+0000] {dagbag.py:588} INFO - Filling up the DagBag from /home/airflow/.local/lib/python3.12/site-packages/airflow/example_dags/tutorial_dag.py
[2025-01-10T18:57:41.213+0000] {processor.py:925} INFO - DAG(s) 'tutorial_dag' retrieved from /home/airflow/.local/lib/python3.12/site-packages/airflow/example_dags/tutorial_dag.py
[2025-01-10T18:57:41.262+0000] {logging_mixin.py:190} INFO - [2025-01-10T18:57:41.262+0000] {dag.py:3239} INFO - Sync 1 DAGs
[2025-01-10T18:57:41.297+0000] {logging_mixin.py:190} INFO - [2025-01-10T18:57:41.296+0000] {dag.py:4180} INFO - Setting next_dagrun for tutorial_dag to None, run_after=None
[2025-01-10T18:57:41.337+0000] {processor.py:208} INFO - Processing /home/airflow/.local/lib/python3.12/site-packages/airflow/example_dags/tutorial_dag.py took 0.164 seconds
[2025-01-10T18:58:12.117+0000] {processor.py:186} INFO - Started process (PID=1753) to work on /home/airflow/.local/lib/python3.12/site-packages/airflow/example_dags/tutorial_dag.py
[2025-01-10T18:58:12.121+0000] {processor.py:914} INFO - Processing file /home/airflow/.local/lib/python3.12/site-packages/airflow/example_dags/tutorial_dag.py for tasks to queue
[2025-01-10T18:58:12.132+0000] {logging_mixin.py:190} INFO - [2025-01-10T18:58:12.131+0000] {dagbag.py:588} INFO - Filling up the DagBag from /home/airflow/.local/lib/python3.12/site-packages/airflow/example_dags/tutorial_dag.py
[2025-01-10T18:58:12.160+0000] {processor.py:925} INFO - DAG(s) 'tutorial_dag' retrieved from /home/airflow/.local/lib/python3.12/site-packages/airflow/example_dags/tutorial_dag.py
[2025-01-10T18:58:12.218+0000] {logging_mixin.py:190} INFO - [2025-01-10T18:58:12.217+0000] {dag.py:3239} INFO - Sync 1 DAGs
[2025-01-10T18:58:12.259+0000] {logging_mixin.py:190} INFO - [2025-01-10T18:58:12.258+0000] {dag.py:4180} INFO - Setting next_dagrun for tutorial_dag to None, run_after=None
[2025-01-10T18:58:12.315+0000] {processor.py:208} INFO - Processing /home/airflow/.local/lib/python3.12/site-packages/airflow/example_dags/tutorial_dag.py took 0.220 seconds
[2025-01-10T18:58:42.482+0000] {processor.py:186} INFO - Started process (PID=1815) to work on /home/airflow/.local/lib/python3.12/site-packages/airflow/example_dags/tutorial_dag.py
[2025-01-10T18:58:42.485+0000] {processor.py:914} INFO - Processing file /home/airflow/.local/lib/python3.12/site-packages/airflow/example_dags/tutorial_dag.py for tasks to queue
[2025-01-10T18:58:42.499+0000] {logging_mixin.py:190} INFO - [2025-01-10T18:58:42.498+0000] {dagbag.py:588} INFO - Filling up the DagBag from /home/airflow/.local/lib/python3.12/site-packages/airflow/example_dags/tutorial_dag.py
[2025-01-10T18:58:42.524+0000] {processor.py:925} INFO - DAG(s) 'tutorial_dag' retrieved from /home/airflow/.local/lib/python3.12/site-packages/airflow/example_dags/tutorial_dag.py
[2025-01-10T18:58:42.569+0000] {logging_mixin.py:190} INFO - [2025-01-10T18:58:42.568+0000] {dag.py:3239} INFO - Sync 1 DAGs
[2025-01-10T18:58:42.614+0000] {logging_mixin.py:190} INFO - [2025-01-10T18:58:42.613+0000] {dag.py:4180} INFO - Setting next_dagrun for tutorial_dag to None, run_after=None
[2025-01-10T18:58:42.681+0000] {processor.py:208} INFO - Processing /home/airflow/.local/lib/python3.12/site-packages/airflow/example_dags/tutorial_dag.py took 0.235 seconds
[2025-01-10T18:59:12.764+0000] {processor.py:186} INFO - Started process (PID=1878) to work on /home/airflow/.local/lib/python3.12/site-packages/airflow/example_dags/tutorial_dag.py
[2025-01-10T18:59:12.766+0000] {processor.py:914} INFO - Processing file /home/airflow/.local/lib/python3.12/site-packages/airflow/example_dags/tutorial_dag.py for tasks to queue
[2025-01-10T18:59:12.771+0000] {logging_mixin.py:190} INFO - [2025-01-10T18:59:12.771+0000] {dagbag.py:588} INFO - Filling up the DagBag from /home/airflow/.local/lib/python3.12/site-packages/airflow/example_dags/tutorial_dag.py
[2025-01-10T18:59:12.788+0000] {processor.py:925} INFO - DAG(s) 'tutorial_dag' retrieved from /home/airflow/.local/lib/python3.12/site-packages/airflow/example_dags/tutorial_dag.py
[2025-01-10T18:59:12.834+0000] {logging_mixin.py:190} INFO - [2025-01-10T18:59:12.834+0000] {dag.py:3239} INFO - Sync 1 DAGs
[2025-01-10T18:59:12.868+0000] {logging_mixin.py:190} INFO - [2025-01-10T18:59:12.867+0000] {dag.py:4180} INFO - Setting next_dagrun for tutorial_dag to None, run_after=None
[2025-01-10T18:59:12.913+0000] {processor.py:208} INFO - Processing /home/airflow/.local/lib/python3.12/site-packages/airflow/example_dags/tutorial_dag.py took 0.163 seconds
[2025-01-10T18:59:43.410+0000] {processor.py:186} INFO - Started process (PID=1941) to work on /home/airflow/.local/lib/python3.12/site-packages/airflow/example_dags/tutorial_dag.py
[2025-01-10T18:59:43.412+0000] {processor.py:914} INFO - Processing file /home/airflow/.local/lib/python3.12/site-packages/airflow/example_dags/tutorial_dag.py for tasks to queue
[2025-01-10T18:59:43.416+0000] {logging_mixin.py:190} INFO - [2025-01-10T18:59:43.416+0000] {dagbag.py:588} INFO - Filling up the DagBag from /home/airflow/.local/lib/python3.12/site-packages/airflow/example_dags/tutorial_dag.py
[2025-01-10T18:59:43.429+0000] {processor.py:925} INFO - DAG(s) 'tutorial_dag' retrieved from /home/airflow/.local/lib/python3.12/site-packages/airflow/example_dags/tutorial_dag.py
[2025-01-10T18:59:43.493+0000] {logging_mixin.py:190} INFO - [2025-01-10T18:59:43.493+0000] {dag.py:3239} INFO - Sync 1 DAGs
[2025-01-10T18:59:43.533+0000] {logging_mixin.py:190} INFO - [2025-01-10T18:59:43.533+0000] {dag.py:4180} INFO - Setting next_dagrun for tutorial_dag to None, run_after=None
[2025-01-10T18:59:43.575+0000] {processor.py:208} INFO - Processing /home/airflow/.local/lib/python3.12/site-packages/airflow/example_dags/tutorial_dag.py took 0.178 seconds
[2025-01-10T19:00:15.428+0000] {processor.py:186} INFO - Started process (PID=2004) to work on /home/airflow/.local/lib/python3.12/site-packages/airflow/example_dags/tutorial_dag.py
[2025-01-10T19:00:15.430+0000] {processor.py:914} INFO - Processing file /home/airflow/.local/lib/python3.12/site-packages/airflow/example_dags/tutorial_dag.py for tasks to queue
[2025-01-10T19:00:15.434+0000] {logging_mixin.py:190} INFO - [2025-01-10T19:00:15.433+0000] {dagbag.py:588} INFO - Filling up the DagBag from /home/airflow/.local/lib/python3.12/site-packages/airflow/example_dags/tutorial_dag.py
[2025-01-10T19:00:15.445+0000] {processor.py:925} INFO - DAG(s) 'tutorial_dag' retrieved from /home/airflow/.local/lib/python3.12/site-packages/airflow/example_dags/tutorial_dag.py
[2025-01-10T19:00:15.499+0000] {logging_mixin.py:190} INFO - [2025-01-10T19:00:15.498+0000] {dag.py:3239} INFO - Sync 1 DAGs
[2025-01-10T19:00:15.551+0000] {logging_mixin.py:190} INFO - [2025-01-10T19:00:15.550+0000] {dag.py:4180} INFO - Setting next_dagrun for tutorial_dag to None, run_after=None
[2025-01-10T19:00:15.595+0000] {processor.py:208} INFO - Processing /home/airflow/.local/lib/python3.12/site-packages/airflow/example_dags/tutorial_dag.py took 0.176 seconds
[2025-01-10T19:00:46.185+0000] {processor.py:186} INFO - Started process (PID=2066) to work on /home/airflow/.local/lib/python3.12/site-packages/airflow/example_dags/tutorial_dag.py
[2025-01-10T19:00:46.190+0000] {processor.py:914} INFO - Processing file /home/airflow/.local/lib/python3.12/site-packages/airflow/example_dags/tutorial_dag.py for tasks to queue
[2025-01-10T19:00:46.205+0000] {logging_mixin.py:190} INFO - [2025-01-10T19:00:46.204+0000] {dagbag.py:588} INFO - Filling up the DagBag from /home/airflow/.local/lib/python3.12/site-packages/airflow/example_dags/tutorial_dag.py
[2025-01-10T19:00:46.239+0000] {processor.py:925} INFO - DAG(s) 'tutorial_dag' retrieved from /home/airflow/.local/lib/python3.12/site-packages/airflow/example_dags/tutorial_dag.py
[2025-01-10T19:00:46.300+0000] {logging_mixin.py:190} INFO - [2025-01-10T19:00:46.299+0000] {dag.py:3239} INFO - Sync 1 DAGs
[2025-01-10T19:00:46.357+0000] {logging_mixin.py:190} INFO - [2025-01-10T19:00:46.357+0000] {dag.py:4180} INFO - Setting next_dagrun for tutorial_dag to None, run_after=None
[2025-01-10T19:00:46.427+0000] {processor.py:208} INFO - Processing /home/airflow/.local/lib/python3.12/site-packages/airflow/example_dags/tutorial_dag.py took 0.273 seconds
[2025-01-10T19:01:16.604+0000] {processor.py:186} INFO - Started process (PID=2128) to work on /home/airflow/.local/lib/python3.12/site-packages/airflow/example_dags/tutorial_dag.py
[2025-01-10T19:01:16.608+0000] {processor.py:914} INFO - Processing file /home/airflow/.local/lib/python3.12/site-packages/airflow/example_dags/tutorial_dag.py for tasks to queue
[2025-01-10T19:01:16.618+0000] {logging_mixin.py:190} INFO - [2025-01-10T19:01:16.616+0000] {dagbag.py:588} INFO - Filling up the DagBag from /home/airflow/.local/lib/python3.12/site-packages/airflow/example_dags/tutorial_dag.py
[2025-01-10T19:01:16.650+0000] {processor.py:925} INFO - DAG(s) 'tutorial_dag' retrieved from /home/airflow/.local/lib/python3.12/site-packages/airflow/example_dags/tutorial_dag.py
[2025-01-10T19:01:16.749+0000] {logging_mixin.py:190} INFO - [2025-01-10T19:01:16.748+0000] {dag.py:3239} INFO - Sync 1 DAGs
[2025-01-10T19:01:16.824+0000] {logging_mixin.py:190} INFO - [2025-01-10T19:01:16.824+0000] {dag.py:4180} INFO - Setting next_dagrun for tutorial_dag to None, run_after=None
[2025-01-10T19:01:16.985+0000] {processor.py:208} INFO - Processing /home/airflow/.local/lib/python3.12/site-packages/airflow/example_dags/tutorial_dag.py took 0.411 seconds
[2025-01-10T19:01:47.115+0000] {processor.py:186} INFO - Started process (PID=2191) to work on /home/airflow/.local/lib/python3.12/site-packages/airflow/example_dags/tutorial_dag.py
[2025-01-10T19:01:47.118+0000] {processor.py:914} INFO - Processing file /home/airflow/.local/lib/python3.12/site-packages/airflow/example_dags/tutorial_dag.py for tasks to queue
[2025-01-10T19:01:47.125+0000] {logging_mixin.py:190} INFO - [2025-01-10T19:01:47.125+0000] {dagbag.py:588} INFO - Filling up the DagBag from /home/airflow/.local/lib/python3.12/site-packages/airflow/example_dags/tutorial_dag.py
[2025-01-10T19:01:47.152+0000] {processor.py:925} INFO - DAG(s) 'tutorial_dag' retrieved from /home/airflow/.local/lib/python3.12/site-packages/airflow/example_dags/tutorial_dag.py
[2025-01-10T19:01:47.214+0000] {logging_mixin.py:190} INFO - [2025-01-10T19:01:47.213+0000] {dag.py:3239} INFO - Sync 1 DAGs
[2025-01-10T19:01:47.250+0000] {logging_mixin.py:190} INFO - [2025-01-10T19:01:47.249+0000] {dag.py:4180} INFO - Setting next_dagrun for tutorial_dag to None, run_after=None
[2025-01-10T19:01:47.310+0000] {processor.py:208} INFO - Processing /home/airflow/.local/lib/python3.12/site-packages/airflow/example_dags/tutorial_dag.py took 0.210 seconds
[2025-01-10T19:02:17.704+0000] {processor.py:186} INFO - Started process (PID=2254) to work on /home/airflow/.local/lib/python3.12/site-packages/airflow/example_dags/tutorial_dag.py
[2025-01-10T19:02:17.705+0000] {processor.py:914} INFO - Processing file /home/airflow/.local/lib/python3.12/site-packages/airflow/example_dags/tutorial_dag.py for tasks to queue
[2025-01-10T19:02:17.712+0000] {logging_mixin.py:190} INFO - [2025-01-10T19:02:17.711+0000] {dagbag.py:588} INFO - Filling up the DagBag from /home/airflow/.local/lib/python3.12/site-packages/airflow/example_dags/tutorial_dag.py
[2025-01-10T19:02:17.741+0000] {processor.py:925} INFO - DAG(s) 'tutorial_dag' retrieved from /home/airflow/.local/lib/python3.12/site-packages/airflow/example_dags/tutorial_dag.py
[2025-01-10T19:02:17.807+0000] {logging_mixin.py:190} INFO - [2025-01-10T19:02:17.806+0000] {dag.py:3239} INFO - Sync 1 DAGs
[2025-01-10T19:02:17.852+0000] {logging_mixin.py:190} INFO - [2025-01-10T19:02:17.851+0000] {dag.py:4180} INFO - Setting next_dagrun for tutorial_dag to None, run_after=None
[2025-01-10T19:02:17.912+0000] {processor.py:208} INFO - Processing /home/airflow/.local/lib/python3.12/site-packages/airflow/example_dags/tutorial_dag.py took 0.220 seconds
[2025-01-10T19:02:48.456+0000] {processor.py:186} INFO - Started process (PID=2317) to work on /home/airflow/.local/lib/python3.12/site-packages/airflow/example_dags/tutorial_dag.py
[2025-01-10T19:02:48.459+0000] {processor.py:914} INFO - Processing file /home/airflow/.local/lib/python3.12/site-packages/airflow/example_dags/tutorial_dag.py for tasks to queue
[2025-01-10T19:02:48.464+0000] {logging_mixin.py:190} INFO - [2025-01-10T19:02:48.463+0000] {dagbag.py:588} INFO - Filling up the DagBag from /home/airflow/.local/lib/python3.12/site-packages/airflow/example_dags/tutorial_dag.py
[2025-01-10T19:02:48.481+0000] {processor.py:925} INFO - DAG(s) 'tutorial_dag' retrieved from /home/airflow/.local/lib/python3.12/site-packages/airflow/example_dags/tutorial_dag.py
[2025-01-10T19:02:48.544+0000] {logging_mixin.py:190} INFO - [2025-01-10T19:02:48.543+0000] {dag.py:3239} INFO - Sync 1 DAGs
[2025-01-10T19:02:48.624+0000] {logging_mixin.py:190} INFO - [2025-01-10T19:02:48.623+0000] {dag.py:4180} INFO - Setting next_dagrun for tutorial_dag to None, run_after=None
[2025-01-10T19:02:48.684+0000] {processor.py:208} INFO - Processing /home/airflow/.local/lib/python3.12/site-packages/airflow/example_dags/tutorial_dag.py took 0.242 seconds
[2025-01-10T19:03:19.303+0000] {processor.py:186} INFO - Started process (PID=2379) to work on /home/airflow/.local/lib/python3.12/site-packages/airflow/example_dags/tutorial_dag.py
[2025-01-10T19:03:19.306+0000] {processor.py:914} INFO - Processing file /home/airflow/.local/lib/python3.12/site-packages/airflow/example_dags/tutorial_dag.py for tasks to queue
[2025-01-10T19:03:19.315+0000] {logging_mixin.py:190} INFO - [2025-01-10T19:03:19.314+0000] {dagbag.py:588} INFO - Filling up the DagBag from /home/airflow/.local/lib/python3.12/site-packages/airflow/example_dags/tutorial_dag.py
[2025-01-10T19:03:19.334+0000] {processor.py:925} INFO - DAG(s) 'tutorial_dag' retrieved from /home/airflow/.local/lib/python3.12/site-packages/airflow/example_dags/tutorial_dag.py
[2025-01-10T19:03:19.394+0000] {logging_mixin.py:190} INFO - [2025-01-10T19:03:19.394+0000] {dag.py:3239} INFO - Sync 1 DAGs
[2025-01-10T19:03:19.447+0000] {logging_mixin.py:190} INFO - [2025-01-10T19:03:19.445+0000] {dag.py:4180} INFO - Setting next_dagrun for tutorial_dag to None, run_after=None
[2025-01-10T19:03:19.504+0000] {processor.py:208} INFO - Processing /home/airflow/.local/lib/python3.12/site-packages/airflow/example_dags/tutorial_dag.py took 0.221 seconds
[2025-01-10T19:03:51.090+0000] {processor.py:186} INFO - Started process (PID=2442) to work on /home/airflow/.local/lib/python3.12/site-packages/airflow/example_dags/tutorial_dag.py
[2025-01-10T19:03:51.094+0000] {processor.py:914} INFO - Processing file /home/airflow/.local/lib/python3.12/site-packages/airflow/example_dags/tutorial_dag.py for tasks to queue
[2025-01-10T19:03:51.102+0000] {logging_mixin.py:190} INFO - [2025-01-10T19:03:51.101+0000] {dagbag.py:588} INFO - Filling up the DagBag from /home/airflow/.local/lib/python3.12/site-packages/airflow/example_dags/tutorial_dag.py
[2025-01-10T19:03:51.138+0000] {processor.py:925} INFO - DAG(s) 'tutorial_dag' retrieved from /home/airflow/.local/lib/python3.12/site-packages/airflow/example_dags/tutorial_dag.py
[2025-01-10T19:03:51.224+0000] {logging_mixin.py:190} INFO - [2025-01-10T19:03:51.223+0000] {dag.py:3239} INFO - Sync 1 DAGs
[2025-01-10T19:03:51.253+0000] {logging_mixin.py:190} INFO - [2025-01-10T19:03:51.253+0000] {dag.py:4180} INFO - Setting next_dagrun for tutorial_dag to None, run_after=None
[2025-01-10T19:03:51.319+0000] {processor.py:208} INFO - Processing /home/airflow/.local/lib/python3.12/site-packages/airflow/example_dags/tutorial_dag.py took 0.248 seconds
[2025-01-10T19:04:22.481+0000] {processor.py:186} INFO - Started process (PID=2505) to work on /home/airflow/.local/lib/python3.12/site-packages/airflow/example_dags/tutorial_dag.py
[2025-01-10T19:04:22.483+0000] {processor.py:914} INFO - Processing file /home/airflow/.local/lib/python3.12/site-packages/airflow/example_dags/tutorial_dag.py for tasks to queue
[2025-01-10T19:04:22.491+0000] {logging_mixin.py:190} INFO - [2025-01-10T19:04:22.490+0000] {dagbag.py:588} INFO - Filling up the DagBag from /home/airflow/.local/lib/python3.12/site-packages/airflow/example_dags/tutorial_dag.py
[2025-01-10T19:04:22.520+0000] {processor.py:925} INFO - DAG(s) 'tutorial_dag' retrieved from /home/airflow/.local/lib/python3.12/site-packages/airflow/example_dags/tutorial_dag.py
[2025-01-10T19:04:22.590+0000] {logging_mixin.py:190} INFO - [2025-01-10T19:04:22.589+0000] {dag.py:3239} INFO - Sync 1 DAGs
[2025-01-10T19:04:22.633+0000] {logging_mixin.py:190} INFO - [2025-01-10T19:04:22.632+0000] {dag.py:4180} INFO - Setting next_dagrun for tutorial_dag to None, run_after=None
[2025-01-10T19:04:22.681+0000] {processor.py:208} INFO - Processing /home/airflow/.local/lib/python3.12/site-packages/airflow/example_dags/tutorial_dag.py took 0.215 seconds
[2025-01-10T19:04:52.884+0000] {processor.py:186} INFO - Started process (PID=2567) to work on /home/airflow/.local/lib/python3.12/site-packages/airflow/example_dags/tutorial_dag.py
[2025-01-10T19:04:52.885+0000] {processor.py:914} INFO - Processing file /home/airflow/.local/lib/python3.12/site-packages/airflow/example_dags/tutorial_dag.py for tasks to queue
[2025-01-10T19:04:52.890+0000] {logging_mixin.py:190} INFO - [2025-01-10T19:04:52.889+0000] {dagbag.py:588} INFO - Filling up the DagBag from /home/airflow/.local/lib/python3.12/site-packages/airflow/example_dags/tutorial_dag.py
[2025-01-10T19:04:52.903+0000] {processor.py:925} INFO - DAG(s) 'tutorial_dag' retrieved from /home/airflow/.local/lib/python3.12/site-packages/airflow/example_dags/tutorial_dag.py
[2025-01-10T19:04:52.947+0000] {logging_mixin.py:190} INFO - [2025-01-10T19:04:52.946+0000] {dag.py:3239} INFO - Sync 1 DAGs
[2025-01-10T19:04:52.978+0000] {logging_mixin.py:190} INFO - [2025-01-10T19:04:52.978+0000] {dag.py:4180} INFO - Setting next_dagrun for tutorial_dag to None, run_after=None
[2025-01-10T19:04:53.019+0000] {processor.py:208} INFO - Processing /home/airflow/.local/lib/python3.12/site-packages/airflow/example_dags/tutorial_dag.py took 0.146 seconds
[2025-01-10T19:05:23.129+0000] {processor.py:186} INFO - Started process (PID=2630) to work on /home/airflow/.local/lib/python3.12/site-packages/airflow/example_dags/tutorial_dag.py
[2025-01-10T19:05:23.131+0000] {processor.py:914} INFO - Processing file /home/airflow/.local/lib/python3.12/site-packages/airflow/example_dags/tutorial_dag.py for tasks to queue
[2025-01-10T19:05:23.134+0000] {logging_mixin.py:190} INFO - [2025-01-10T19:05:23.134+0000] {dagbag.py:588} INFO - Filling up the DagBag from /home/airflow/.local/lib/python3.12/site-packages/airflow/example_dags/tutorial_dag.py
[2025-01-10T19:05:23.147+0000] {processor.py:925} INFO - DAG(s) 'tutorial_dag' retrieved from /home/airflow/.local/lib/python3.12/site-packages/airflow/example_dags/tutorial_dag.py
[2025-01-10T19:05:23.202+0000] {logging_mixin.py:190} INFO - [2025-01-10T19:05:23.202+0000] {dag.py:3239} INFO - Sync 1 DAGs
[2025-01-10T19:05:23.240+0000] {logging_mixin.py:190} INFO - [2025-01-10T19:05:23.239+0000] {dag.py:4180} INFO - Setting next_dagrun for tutorial_dag to None, run_after=None
[2025-01-10T19:05:23.306+0000] {processor.py:208} INFO - Processing /home/airflow/.local/lib/python3.12/site-packages/airflow/example_dags/tutorial_dag.py took 0.186 seconds
[2025-01-10T19:05:53.824+0000] {processor.py:186} INFO - Started process (PID=2693) to work on /home/airflow/.local/lib/python3.12/site-packages/airflow/example_dags/tutorial_dag.py
[2025-01-10T19:05:53.826+0000] {processor.py:914} INFO - Processing file /home/airflow/.local/lib/python3.12/site-packages/airflow/example_dags/tutorial_dag.py for tasks to queue
[2025-01-10T19:05:53.831+0000] {logging_mixin.py:190} INFO - [2025-01-10T19:05:53.830+0000] {dagbag.py:588} INFO - Filling up the DagBag from /home/airflow/.local/lib/python3.12/site-packages/airflow/example_dags/tutorial_dag.py
[2025-01-10T19:05:53.853+0000] {processor.py:925} INFO - DAG(s) 'tutorial_dag' retrieved from /home/airflow/.local/lib/python3.12/site-packages/airflow/example_dags/tutorial_dag.py
[2025-01-10T19:05:53.923+0000] {logging_mixin.py:190} INFO - [2025-01-10T19:05:53.923+0000] {dag.py:3239} INFO - Sync 1 DAGs
[2025-01-10T19:05:53.963+0000] {logging_mixin.py:190} INFO - [2025-01-10T19:05:53.963+0000] {dag.py:4180} INFO - Setting next_dagrun for tutorial_dag to None, run_after=None
[2025-01-10T19:05:54.002+0000] {processor.py:208} INFO - Processing /home/airflow/.local/lib/python3.12/site-packages/airflow/example_dags/tutorial_dag.py took 0.191 seconds
[2025-01-10T19:06:27.303+0000] {processor.py:186} INFO - Started process (PID=2756) to work on /home/airflow/.local/lib/python3.12/site-packages/airflow/example_dags/tutorial_dag.py
[2025-01-10T19:06:27.305+0000] {processor.py:914} INFO - Processing file /home/airflow/.local/lib/python3.12/site-packages/airflow/example_dags/tutorial_dag.py for tasks to queue
[2025-01-10T19:06:27.311+0000] {logging_mixin.py:190} INFO - [2025-01-10T19:06:27.310+0000] {dagbag.py:588} INFO - Filling up the DagBag from /home/airflow/.local/lib/python3.12/site-packages/airflow/example_dags/tutorial_dag.py
[2025-01-10T19:06:27.334+0000] {processor.py:925} INFO - DAG(s) 'tutorial_dag' retrieved from /home/airflow/.local/lib/python3.12/site-packages/airflow/example_dags/tutorial_dag.py
[2025-01-10T19:06:27.488+0000] {logging_mixin.py:190} INFO - [2025-01-10T19:06:27.485+0000] {dag.py:3239} INFO - Sync 1 DAGs
[2025-01-10T19:06:27.744+0000] {logging_mixin.py:190} INFO - [2025-01-10T19:06:27.742+0000] {dag.py:4180} INFO - Setting next_dagrun for tutorial_dag to None, run_after=None
[2025-01-10T19:06:27.959+0000] {processor.py:208} INFO - Processing /home/airflow/.local/lib/python3.12/site-packages/airflow/example_dags/tutorial_dag.py took 0.670 seconds
[2025-01-10T19:06:58.721+0000] {processor.py:186} INFO - Started process (PID=2819) to work on /home/airflow/.local/lib/python3.12/site-packages/airflow/example_dags/tutorial_dag.py
[2025-01-10T19:06:58.724+0000] {processor.py:914} INFO - Processing file /home/airflow/.local/lib/python3.12/site-packages/airflow/example_dags/tutorial_dag.py for tasks to queue
[2025-01-10T19:06:58.730+0000] {logging_mixin.py:190} INFO - [2025-01-10T19:06:58.730+0000] {dagbag.py:588} INFO - Filling up the DagBag from /home/airflow/.local/lib/python3.12/site-packages/airflow/example_dags/tutorial_dag.py
[2025-01-10T19:06:58.755+0000] {processor.py:925} INFO - DAG(s) 'tutorial_dag' retrieved from /home/airflow/.local/lib/python3.12/site-packages/airflow/example_dags/tutorial_dag.py
[2025-01-10T19:06:58.833+0000] {logging_mixin.py:190} INFO - [2025-01-10T19:06:58.832+0000] {dag.py:3239} INFO - Sync 1 DAGs
[2025-01-10T19:06:58.902+0000] {logging_mixin.py:190} INFO - [2025-01-10T19:06:58.901+0000] {dag.py:4180} INFO - Setting next_dagrun for tutorial_dag to None, run_after=None
[2025-01-10T19:06:59.065+0000] {processor.py:208} INFO - Processing /home/airflow/.local/lib/python3.12/site-packages/airflow/example_dags/tutorial_dag.py took 0.358 seconds
[2025-01-10T19:07:30.448+0000] {processor.py:186} INFO - Started process (PID=2883) to work on /home/airflow/.local/lib/python3.12/site-packages/airflow/example_dags/tutorial_dag.py
[2025-01-10T19:07:30.452+0000] {processor.py:914} INFO - Processing file /home/airflow/.local/lib/python3.12/site-packages/airflow/example_dags/tutorial_dag.py for tasks to queue
[2025-01-10T19:07:30.459+0000] {logging_mixin.py:190} INFO - [2025-01-10T19:07:30.458+0000] {dagbag.py:588} INFO - Filling up the DagBag from /home/airflow/.local/lib/python3.12/site-packages/airflow/example_dags/tutorial_dag.py
[2025-01-10T19:07:30.481+0000] {processor.py:925} INFO - DAG(s) 'tutorial_dag' retrieved from /home/airflow/.local/lib/python3.12/site-packages/airflow/example_dags/tutorial_dag.py
[2025-01-10T19:07:30.576+0000] {logging_mixin.py:190} INFO - [2025-01-10T19:07:30.575+0000] {dag.py:3239} INFO - Sync 1 DAGs
[2025-01-10T19:07:30.651+0000] {logging_mixin.py:190} INFO - [2025-01-10T19:07:30.650+0000] {dag.py:4180} INFO - Setting next_dagrun for tutorial_dag to None, run_after=None
[2025-01-10T19:07:30.698+0000] {processor.py:208} INFO - Processing /home/airflow/.local/lib/python3.12/site-packages/airflow/example_dags/tutorial_dag.py took 0.266 seconds
[2025-01-10T19:08:04.485+0000] {processor.py:186} INFO - Started process (PID=2946) to work on /home/airflow/.local/lib/python3.12/site-packages/airflow/example_dags/tutorial_dag.py
[2025-01-10T19:08:04.487+0000] {processor.py:914} INFO - Processing file /home/airflow/.local/lib/python3.12/site-packages/airflow/example_dags/tutorial_dag.py for tasks to queue
[2025-01-10T19:08:04.493+0000] {logging_mixin.py:190} INFO - [2025-01-10T19:08:04.492+0000] {dagbag.py:588} INFO - Filling up the DagBag from /home/airflow/.local/lib/python3.12/site-packages/airflow/example_dags/tutorial_dag.py
[2025-01-10T19:08:04.519+0000] {processor.py:925} INFO - DAG(s) 'tutorial_dag' retrieved from /home/airflow/.local/lib/python3.12/site-packages/airflow/example_dags/tutorial_dag.py
[2025-01-10T19:08:04.604+0000] {logging_mixin.py:190} INFO - [2025-01-10T19:08:04.603+0000] {dag.py:3239} INFO - Sync 1 DAGs
[2025-01-10T19:08:04.696+0000] {logging_mixin.py:190} INFO - [2025-01-10T19:08:04.696+0000] {dag.py:4180} INFO - Setting next_dagrun for tutorial_dag to None, run_after=None
[2025-01-10T19:08:04.769+0000] {processor.py:208} INFO - Processing /home/airflow/.local/lib/python3.12/site-packages/airflow/example_dags/tutorial_dag.py took 0.297 seconds
[2025-01-10T19:08:35.925+0000] {processor.py:186} INFO - Started process (PID=3009) to work on /home/airflow/.local/lib/python3.12/site-packages/airflow/example_dags/tutorial_dag.py
[2025-01-10T19:08:35.928+0000] {processor.py:914} INFO - Processing file /home/airflow/.local/lib/python3.12/site-packages/airflow/example_dags/tutorial_dag.py for tasks to queue
[2025-01-10T19:08:35.933+0000] {logging_mixin.py:190} INFO - [2025-01-10T19:08:35.932+0000] {dagbag.py:588} INFO - Filling up the DagBag from /home/airflow/.local/lib/python3.12/site-packages/airflow/example_dags/tutorial_dag.py
[2025-01-10T19:08:35.959+0000] {processor.py:925} INFO - DAG(s) 'tutorial_dag' retrieved from /home/airflow/.local/lib/python3.12/site-packages/airflow/example_dags/tutorial_dag.py
[2025-01-10T19:08:36.030+0000] {logging_mixin.py:190} INFO - [2025-01-10T19:08:36.030+0000] {dag.py:3239} INFO - Sync 1 DAGs
[2025-01-10T19:08:36.067+0000] {logging_mixin.py:190} INFO - [2025-01-10T19:08:36.066+0000] {dag.py:4180} INFO - Setting next_dagrun for tutorial_dag to None, run_after=None
[2025-01-10T19:08:36.107+0000] {processor.py:208} INFO - Processing /home/airflow/.local/lib/python3.12/site-packages/airflow/example_dags/tutorial_dag.py took 0.192 seconds
[2025-01-10T19:09:07.119+0000] {processor.py:186} INFO - Started process (PID=3072) to work on /home/airflow/.local/lib/python3.12/site-packages/airflow/example_dags/tutorial_dag.py
[2025-01-10T19:09:07.120+0000] {processor.py:914} INFO - Processing file /home/airflow/.local/lib/python3.12/site-packages/airflow/example_dags/tutorial_dag.py for tasks to queue
[2025-01-10T19:09:07.124+0000] {logging_mixin.py:190} INFO - [2025-01-10T19:09:07.124+0000] {dagbag.py:588} INFO - Filling up the DagBag from /home/airflow/.local/lib/python3.12/site-packages/airflow/example_dags/tutorial_dag.py
[2025-01-10T19:09:07.135+0000] {processor.py:925} INFO - DAG(s) 'tutorial_dag' retrieved from /home/airflow/.local/lib/python3.12/site-packages/airflow/example_dags/tutorial_dag.py
[2025-01-10T19:09:07.247+0000] {logging_mixin.py:190} INFO - [2025-01-10T19:09:07.247+0000] {dag.py:3239} INFO - Sync 1 DAGs
[2025-01-10T19:09:07.351+0000] {logging_mixin.py:190} INFO - [2025-01-10T19:09:07.350+0000] {dag.py:4180} INFO - Setting next_dagrun for tutorial_dag to None, run_after=None
[2025-01-10T19:09:07.396+0000] {processor.py:208} INFO - Processing /home/airflow/.local/lib/python3.12/site-packages/airflow/example_dags/tutorial_dag.py took 0.286 seconds
[2025-01-10T19:09:38.050+0000] {processor.py:186} INFO - Started process (PID=3135) to work on /home/airflow/.local/lib/python3.12/site-packages/airflow/example_dags/tutorial_dag.py
[2025-01-10T19:09:38.052+0000] {processor.py:914} INFO - Processing file /home/airflow/.local/lib/python3.12/site-packages/airflow/example_dags/tutorial_dag.py for tasks to queue
[2025-01-10T19:09:38.058+0000] {logging_mixin.py:190} INFO - [2025-01-10T19:09:38.057+0000] {dagbag.py:588} INFO - Filling up the DagBag from /home/airflow/.local/lib/python3.12/site-packages/airflow/example_dags/tutorial_dag.py
[2025-01-10T19:09:38.083+0000] {processor.py:925} INFO - DAG(s) 'tutorial_dag' retrieved from /home/airflow/.local/lib/python3.12/site-packages/airflow/example_dags/tutorial_dag.py
[2025-01-10T19:09:38.135+0000] {logging_mixin.py:190} INFO - [2025-01-10T19:09:38.134+0000] {dag.py:3239} INFO - Sync 1 DAGs
[2025-01-10T19:09:38.178+0000] {logging_mixin.py:190} INFO - [2025-01-10T19:09:38.177+0000] {dag.py:4180} INFO - Setting next_dagrun for tutorial_dag to None, run_after=None
[2025-01-10T19:09:38.223+0000] {processor.py:208} INFO - Processing /home/airflow/.local/lib/python3.12/site-packages/airflow/example_dags/tutorial_dag.py took 0.185 seconds
[2025-01-10T19:10:09.057+0000] {processor.py:186} INFO - Started process (PID=3198) to work on /home/airflow/.local/lib/python3.12/site-packages/airflow/example_dags/tutorial_dag.py
[2025-01-10T19:10:09.062+0000] {processor.py:914} INFO - Processing file /home/airflow/.local/lib/python3.12/site-packages/airflow/example_dags/tutorial_dag.py for tasks to queue
[2025-01-10T19:10:09.070+0000] {logging_mixin.py:190} INFO - [2025-01-10T19:10:09.069+0000] {dagbag.py:588} INFO - Filling up the DagBag from /home/airflow/.local/lib/python3.12/site-packages/airflow/example_dags/tutorial_dag.py
[2025-01-10T19:10:09.099+0000] {processor.py:925} INFO - DAG(s) 'tutorial_dag' retrieved from /home/airflow/.local/lib/python3.12/site-packages/airflow/example_dags/tutorial_dag.py
[2025-01-10T19:10:09.217+0000] {logging_mixin.py:190} INFO - [2025-01-10T19:10:09.216+0000] {dag.py:3239} INFO - Sync 1 DAGs
[2025-01-10T19:10:09.310+0000] {logging_mixin.py:190} INFO - [2025-01-10T19:10:09.308+0000] {dag.py:4180} INFO - Setting next_dagrun for tutorial_dag to None, run_after=None
[2025-01-10T19:10:09.445+0000] {processor.py:208} INFO - Processing /home/airflow/.local/lib/python3.12/site-packages/airflow/example_dags/tutorial_dag.py took 0.407 seconds
[2025-01-10T19:10:39.762+0000] {processor.py:186} INFO - Started process (PID=3263) to work on /home/airflow/.local/lib/python3.12/site-packages/airflow/example_dags/tutorial_dag.py
[2025-01-10T19:10:39.766+0000] {processor.py:914} INFO - Processing file /home/airflow/.local/lib/python3.12/site-packages/airflow/example_dags/tutorial_dag.py for tasks to queue
[2025-01-10T19:10:39.773+0000] {logging_mixin.py:190} INFO - [2025-01-10T19:10:39.772+0000] {dagbag.py:588} INFO - Filling up the DagBag from /home/airflow/.local/lib/python3.12/site-packages/airflow/example_dags/tutorial_dag.py
[2025-01-10T19:10:39.790+0000] {processor.py:925} INFO - DAG(s) 'tutorial_dag' retrieved from /home/airflow/.local/lib/python3.12/site-packages/airflow/example_dags/tutorial_dag.py
[2025-01-10T19:10:39.842+0000] {logging_mixin.py:190} INFO - [2025-01-10T19:10:39.842+0000] {dag.py:3239} INFO - Sync 1 DAGs
[2025-01-10T19:10:39.879+0000] {logging_mixin.py:190} INFO - [2025-01-10T19:10:39.878+0000] {dag.py:4180} INFO - Setting next_dagrun for tutorial_dag to None, run_after=None
[2025-01-10T19:10:39.914+0000] {processor.py:208} INFO - Processing /home/airflow/.local/lib/python3.12/site-packages/airflow/example_dags/tutorial_dag.py took 0.163 seconds
[2025-01-10T19:11:11.545+0000] {processor.py:186} INFO - Started process (PID=3327) to work on /home/airflow/.local/lib/python3.12/site-packages/airflow/example_dags/tutorial_dag.py
[2025-01-10T19:11:11.552+0000] {processor.py:914} INFO - Processing file /home/airflow/.local/lib/python3.12/site-packages/airflow/example_dags/tutorial_dag.py for tasks to queue
[2025-01-10T19:11:11.565+0000] {logging_mixin.py:190} INFO - [2025-01-10T19:11:11.564+0000] {dagbag.py:588} INFO - Filling up the DagBag from /home/airflow/.local/lib/python3.12/site-packages/airflow/example_dags/tutorial_dag.py
[2025-01-10T19:11:11.629+0000] {processor.py:925} INFO - DAG(s) 'tutorial_dag' retrieved from /home/airflow/.local/lib/python3.12/site-packages/airflow/example_dags/tutorial_dag.py
[2025-01-10T19:11:11.663+0000] {logging_mixin.py:190} INFO - [2025-01-10T19:11:11.663+0000] {dag.py:3239} INFO - Sync 1 DAGs
[2025-01-10T19:11:11.686+0000] {logging_mixin.py:190} INFO - [2025-01-10T19:11:11.686+0000] {dag.py:4180} INFO - Setting next_dagrun for tutorial_dag to None, run_after=None
[2025-01-10T19:11:11.722+0000] {processor.py:208} INFO - Processing /home/airflow/.local/lib/python3.12/site-packages/airflow/example_dags/tutorial_dag.py took 0.197 seconds
[2025-01-10T19:11:42.179+0000] {processor.py:186} INFO - Started process (PID=3390) to work on /home/airflow/.local/lib/python3.12/site-packages/airflow/example_dags/tutorial_dag.py
[2025-01-10T19:11:42.184+0000] {processor.py:914} INFO - Processing file /home/airflow/.local/lib/python3.12/site-packages/airflow/example_dags/tutorial_dag.py for tasks to queue
[2025-01-10T19:11:42.195+0000] {logging_mixin.py:190} INFO - [2025-01-10T19:11:42.194+0000] {dagbag.py:588} INFO - Filling up the DagBag from /home/airflow/.local/lib/python3.12/site-packages/airflow/example_dags/tutorial_dag.py
[2025-01-10T19:11:42.218+0000] {processor.py:925} INFO - DAG(s) 'tutorial_dag' retrieved from /home/airflow/.local/lib/python3.12/site-packages/airflow/example_dags/tutorial_dag.py
[2025-01-10T19:11:42.270+0000] {logging_mixin.py:190} INFO - [2025-01-10T19:11:42.269+0000] {dag.py:3239} INFO - Sync 1 DAGs
[2025-01-10T19:11:42.331+0000] {logging_mixin.py:190} INFO - [2025-01-10T19:11:42.330+0000] {dag.py:4180} INFO - Setting next_dagrun for tutorial_dag to None, run_after=None
[2025-01-10T19:11:42.400+0000] {processor.py:208} INFO - Processing /home/airflow/.local/lib/python3.12/site-packages/airflow/example_dags/tutorial_dag.py took 0.249 seconds
[2025-01-10T19:12:13.151+0000] {processor.py:186} INFO - Started process (PID=3454) to work on /home/airflow/.local/lib/python3.12/site-packages/airflow/example_dags/tutorial_dag.py
[2025-01-10T19:12:13.153+0000] {processor.py:914} INFO - Processing file /home/airflow/.local/lib/python3.12/site-packages/airflow/example_dags/tutorial_dag.py for tasks to queue
[2025-01-10T19:12:13.158+0000] {logging_mixin.py:190} INFO - [2025-01-10T19:12:13.158+0000] {dagbag.py:588} INFO - Filling up the DagBag from /home/airflow/.local/lib/python3.12/site-packages/airflow/example_dags/tutorial_dag.py
[2025-01-10T19:12:13.173+0000] {processor.py:925} INFO - DAG(s) 'tutorial_dag' retrieved from /home/airflow/.local/lib/python3.12/site-packages/airflow/example_dags/tutorial_dag.py
[2025-01-10T19:12:13.222+0000] {logging_mixin.py:190} INFO - [2025-01-10T19:12:13.222+0000] {dag.py:3239} INFO - Sync 1 DAGs
[2025-01-10T19:12:13.328+0000] {logging_mixin.py:190} INFO - [2025-01-10T19:12:13.326+0000] {dag.py:4180} INFO - Setting next_dagrun for tutorial_dag to None, run_after=None
[2025-01-10T19:12:13.493+0000] {processor.py:208} INFO - Processing /home/airflow/.local/lib/python3.12/site-packages/airflow/example_dags/tutorial_dag.py took 0.352 seconds
[2025-01-10T19:12:44.218+0000] {processor.py:186} INFO - Started process (PID=3517) to work on /home/airflow/.local/lib/python3.12/site-packages/airflow/example_dags/tutorial_dag.py
[2025-01-10T19:12:44.221+0000] {processor.py:914} INFO - Processing file /home/airflow/.local/lib/python3.12/site-packages/airflow/example_dags/tutorial_dag.py for tasks to queue
[2025-01-10T19:12:44.233+0000] {logging_mixin.py:190} INFO - [2025-01-10T19:12:44.231+0000] {dagbag.py:588} INFO - Filling up the DagBag from /home/airflow/.local/lib/python3.12/site-packages/airflow/example_dags/tutorial_dag.py
[2025-01-10T19:12:44.261+0000] {processor.py:925} INFO - DAG(s) 'tutorial_dag' retrieved from /home/airflow/.local/lib/python3.12/site-packages/airflow/example_dags/tutorial_dag.py
[2025-01-10T19:12:44.355+0000] {logging_mixin.py:190} INFO - [2025-01-10T19:12:44.354+0000] {dag.py:3239} INFO - Sync 1 DAGs
[2025-01-10T19:12:44.421+0000] {logging_mixin.py:190} INFO - [2025-01-10T19:12:44.420+0000] {dag.py:4180} INFO - Setting next_dagrun for tutorial_dag to None, run_after=None
[2025-01-10T19:12:44.492+0000] {processor.py:208} INFO - Processing /home/airflow/.local/lib/python3.12/site-packages/airflow/example_dags/tutorial_dag.py took 0.299 seconds
[2025-01-10T19:13:15.250+0000] {processor.py:186} INFO - Started process (PID=3581) to work on /home/airflow/.local/lib/python3.12/site-packages/airflow/example_dags/tutorial_dag.py
[2025-01-10T19:13:15.255+0000] {processor.py:914} INFO - Processing file /home/airflow/.local/lib/python3.12/site-packages/airflow/example_dags/tutorial_dag.py for tasks to queue
[2025-01-10T19:13:15.260+0000] {logging_mixin.py:190} INFO - [2025-01-10T19:13:15.260+0000] {dagbag.py:588} INFO - Filling up the DagBag from /home/airflow/.local/lib/python3.12/site-packages/airflow/example_dags/tutorial_dag.py
[2025-01-10T19:13:15.273+0000] {processor.py:925} INFO - DAG(s) 'tutorial_dag' retrieved from /home/airflow/.local/lib/python3.12/site-packages/airflow/example_dags/tutorial_dag.py
[2025-01-10T19:13:15.328+0000] {logging_mixin.py:190} INFO - [2025-01-10T19:13:15.327+0000] {dag.py:3239} INFO - Sync 1 DAGs
[2025-01-10T19:13:15.367+0000] {logging_mixin.py:190} INFO - [2025-01-10T19:13:15.367+0000] {dag.py:4180} INFO - Setting next_dagrun for tutorial_dag to None, run_after=None
[2025-01-10T19:13:15.424+0000] {processor.py:208} INFO - Processing /home/airflow/.local/lib/python3.12/site-packages/airflow/example_dags/tutorial_dag.py took 0.184 seconds
[2025-01-10T19:13:45.544+0000] {processor.py:186} INFO - Started process (PID=3645) to work on /home/airflow/.local/lib/python3.12/site-packages/airflow/example_dags/tutorial_dag.py
[2025-01-10T19:13:45.547+0000] {processor.py:914} INFO - Processing file /home/airflow/.local/lib/python3.12/site-packages/airflow/example_dags/tutorial_dag.py for tasks to queue
[2025-01-10T19:13:45.555+0000] {logging_mixin.py:190} INFO - [2025-01-10T19:13:45.554+0000] {dagbag.py:588} INFO - Filling up the DagBag from /home/airflow/.local/lib/python3.12/site-packages/airflow/example_dags/tutorial_dag.py
[2025-01-10T19:13:45.576+0000] {processor.py:925} INFO - DAG(s) 'tutorial_dag' retrieved from /home/airflow/.local/lib/python3.12/site-packages/airflow/example_dags/tutorial_dag.py
[2025-01-10T19:13:45.633+0000] {logging_mixin.py:190} INFO - [2025-01-10T19:13:45.633+0000] {dag.py:3239} INFO - Sync 1 DAGs
[2025-01-10T19:13:45.670+0000] {logging_mixin.py:190} INFO - [2025-01-10T19:13:45.669+0000] {dag.py:4180} INFO - Setting next_dagrun for tutorial_dag to None, run_after=None
[2025-01-10T19:13:45.724+0000] {processor.py:208} INFO - Processing /home/airflow/.local/lib/python3.12/site-packages/airflow/example_dags/tutorial_dag.py took 0.196 seconds
[2025-01-10T19:14:16.081+0000] {processor.py:186} INFO - Started process (PID=3708) to work on /home/airflow/.local/lib/python3.12/site-packages/airflow/example_dags/tutorial_dag.py
[2025-01-10T19:14:16.086+0000] {processor.py:914} INFO - Processing file /home/airflow/.local/lib/python3.12/site-packages/airflow/example_dags/tutorial_dag.py for tasks to queue
[2025-01-10T19:14:16.092+0000] {logging_mixin.py:190} INFO - [2025-01-10T19:14:16.091+0000] {dagbag.py:588} INFO - Filling up the DagBag from /home/airflow/.local/lib/python3.12/site-packages/airflow/example_dags/tutorial_dag.py
[2025-01-10T19:14:16.136+0000] {processor.py:925} INFO - DAG(s) 'tutorial_dag' retrieved from /home/airflow/.local/lib/python3.12/site-packages/airflow/example_dags/tutorial_dag.py
[2025-01-10T19:14:16.273+0000] {logging_mixin.py:190} INFO - [2025-01-10T19:14:16.272+0000] {dag.py:3239} INFO - Sync 1 DAGs
[2025-01-10T19:14:16.511+0000] {logging_mixin.py:190} INFO - [2025-01-10T19:14:16.510+0000] {dag.py:4180} INFO - Setting next_dagrun for tutorial_dag to None, run_after=None
[2025-01-10T19:14:16.591+0000] {processor.py:208} INFO - Processing /home/airflow/.local/lib/python3.12/site-packages/airflow/example_dags/tutorial_dag.py took 0.544 seconds
[2025-01-10T19:14:47.188+0000] {processor.py:186} INFO - Started process (PID=3778) to work on /home/airflow/.local/lib/python3.12/site-packages/airflow/example_dags/tutorial_dag.py
[2025-01-10T19:14:47.192+0000] {processor.py:914} INFO - Processing file /home/airflow/.local/lib/python3.12/site-packages/airflow/example_dags/tutorial_dag.py for tasks to queue
[2025-01-10T19:14:47.197+0000] {logging_mixin.py:190} INFO - [2025-01-10T19:14:47.196+0000] {dagbag.py:588} INFO - Filling up the DagBag from /home/airflow/.local/lib/python3.12/site-packages/airflow/example_dags/tutorial_dag.py
[2025-01-10T19:14:47.222+0000] {processor.py:925} INFO - DAG(s) 'tutorial_dag' retrieved from /home/airflow/.local/lib/python3.12/site-packages/airflow/example_dags/tutorial_dag.py
[2025-01-10T19:14:47.277+0000] {logging_mixin.py:190} INFO - [2025-01-10T19:14:47.276+0000] {dag.py:3239} INFO - Sync 1 DAGs
[2025-01-10T19:14:47.315+0000] {logging_mixin.py:190} INFO - [2025-01-10T19:14:47.315+0000] {dag.py:4180} INFO - Setting next_dagrun for tutorial_dag to None, run_after=None
[2025-01-10T19:14:47.368+0000] {processor.py:208} INFO - Processing /home/airflow/.local/lib/python3.12/site-packages/airflow/example_dags/tutorial_dag.py took 0.196 seconds
[2025-01-10T19:15:17.775+0000] {processor.py:186} INFO - Started process (PID=3842) to work on /home/airflow/.local/lib/python3.12/site-packages/airflow/example_dags/tutorial_dag.py
[2025-01-10T19:15:17.780+0000] {processor.py:914} INFO - Processing file /home/airflow/.local/lib/python3.12/site-packages/airflow/example_dags/tutorial_dag.py for tasks to queue
[2025-01-10T19:15:17.787+0000] {logging_mixin.py:190} INFO - [2025-01-10T19:15:17.785+0000] {dagbag.py:588} INFO - Filling up the DagBag from /home/airflow/.local/lib/python3.12/site-packages/airflow/example_dags/tutorial_dag.py
[2025-01-10T19:15:17.834+0000] {processor.py:925} INFO - DAG(s) 'tutorial_dag' retrieved from /home/airflow/.local/lib/python3.12/site-packages/airflow/example_dags/tutorial_dag.py
[2025-01-10T19:15:17.943+0000] {logging_mixin.py:190} INFO - [2025-01-10T19:15:17.942+0000] {dag.py:3239} INFO - Sync 1 DAGs
[2025-01-10T19:15:18.048+0000] {logging_mixin.py:190} INFO - [2025-01-10T19:15:18.046+0000] {dag.py:4180} INFO - Setting next_dagrun for tutorial_dag to None, run_after=None
[2025-01-10T19:15:18.149+0000] {processor.py:208} INFO - Processing /home/airflow/.local/lib/python3.12/site-packages/airflow/example_dags/tutorial_dag.py took 0.420 seconds
[2025-01-10T19:15:48.643+0000] {processor.py:186} INFO - Started process (PID=3906) to work on /home/airflow/.local/lib/python3.12/site-packages/airflow/example_dags/tutorial_dag.py
[2025-01-10T19:15:48.645+0000] {processor.py:914} INFO - Processing file /home/airflow/.local/lib/python3.12/site-packages/airflow/example_dags/tutorial_dag.py for tasks to queue
[2025-01-10T19:15:48.648+0000] {logging_mixin.py:190} INFO - [2025-01-10T19:15:48.647+0000] {dagbag.py:588} INFO - Filling up the DagBag from /home/airflow/.local/lib/python3.12/site-packages/airflow/example_dags/tutorial_dag.py
[2025-01-10T19:15:48.666+0000] {processor.py:925} INFO - DAG(s) 'tutorial_dag' retrieved from /home/airflow/.local/lib/python3.12/site-packages/airflow/example_dags/tutorial_dag.py
[2025-01-10T19:15:48.724+0000] {logging_mixin.py:190} INFO - [2025-01-10T19:15:48.723+0000] {dag.py:3239} INFO - Sync 1 DAGs
[2025-01-10T19:15:48.774+0000] {logging_mixin.py:190} INFO - [2025-01-10T19:15:48.773+0000] {dag.py:4180} INFO - Setting next_dagrun for tutorial_dag to None, run_after=None
[2025-01-10T19:15:48.824+0000] {processor.py:208} INFO - Processing /home/airflow/.local/lib/python3.12/site-packages/airflow/example_dags/tutorial_dag.py took 0.194 seconds
[2025-01-10T19:16:19.667+0000] {processor.py:186} INFO - Started process (PID=3969) to work on /home/airflow/.local/lib/python3.12/site-packages/airflow/example_dags/tutorial_dag.py
[2025-01-10T19:16:19.670+0000] {processor.py:914} INFO - Processing file /home/airflow/.local/lib/python3.12/site-packages/airflow/example_dags/tutorial_dag.py for tasks to queue
[2025-01-10T19:16:19.677+0000] {logging_mixin.py:190} INFO - [2025-01-10T19:16:19.676+0000] {dagbag.py:588} INFO - Filling up the DagBag from /home/airflow/.local/lib/python3.12/site-packages/airflow/example_dags/tutorial_dag.py
[2025-01-10T19:16:19.703+0000] {processor.py:925} INFO - DAG(s) 'tutorial_dag' retrieved from /home/airflow/.local/lib/python3.12/site-packages/airflow/example_dags/tutorial_dag.py
[2025-01-10T19:16:19.827+0000] {logging_mixin.py:190} INFO - [2025-01-10T19:16:19.822+0000] {dag.py:3239} INFO - Sync 1 DAGs
[2025-01-10T19:16:20.009+0000] {logging_mixin.py:190} INFO - [2025-01-10T19:16:20.003+0000] {dag.py:4180} INFO - Setting next_dagrun for tutorial_dag to None, run_after=None
[2025-01-10T19:16:20.153+0000] {processor.py:208} INFO - Processing /home/airflow/.local/lib/python3.12/site-packages/airflow/example_dags/tutorial_dag.py took 0.547 seconds
[2025-01-10T19:16:50.454+0000] {processor.py:186} INFO - Started process (PID=4033) to work on /home/airflow/.local/lib/python3.12/site-packages/airflow/example_dags/tutorial_dag.py
[2025-01-10T19:16:50.456+0000] {processor.py:914} INFO - Processing file /home/airflow/.local/lib/python3.12/site-packages/airflow/example_dags/tutorial_dag.py for tasks to queue
[2025-01-10T19:16:50.458+0000] {logging_mixin.py:190} INFO - [2025-01-10T19:16:50.458+0000] {dagbag.py:588} INFO - Filling up the DagBag from /home/airflow/.local/lib/python3.12/site-packages/airflow/example_dags/tutorial_dag.py
[2025-01-10T19:16:50.472+0000] {processor.py:925} INFO - DAG(s) 'tutorial_dag' retrieved from /home/airflow/.local/lib/python3.12/site-packages/airflow/example_dags/tutorial_dag.py
[2025-01-10T19:16:50.520+0000] {logging_mixin.py:190} INFO - [2025-01-10T19:16:50.518+0000] {dag.py:3239} INFO - Sync 1 DAGs
[2025-01-10T19:16:50.592+0000] {logging_mixin.py:190} INFO - [2025-01-10T19:16:50.591+0000] {dag.py:4180} INFO - Setting next_dagrun for tutorial_dag to None, run_after=None
[2025-01-10T19:16:50.693+0000] {processor.py:208} INFO - Processing /home/airflow/.local/lib/python3.12/site-packages/airflow/example_dags/tutorial_dag.py took 0.254 seconds
[2025-01-10T19:17:21.245+0000] {processor.py:186} INFO - Started process (PID=4097) to work on /home/airflow/.local/lib/python3.12/site-packages/airflow/example_dags/tutorial_dag.py
[2025-01-10T19:17:21.247+0000] {processor.py:914} INFO - Processing file /home/airflow/.local/lib/python3.12/site-packages/airflow/example_dags/tutorial_dag.py for tasks to queue
[2025-01-10T19:17:21.249+0000] {logging_mixin.py:190} INFO - [2025-01-10T19:17:21.249+0000] {dagbag.py:588} INFO - Filling up the DagBag from /home/airflow/.local/lib/python3.12/site-packages/airflow/example_dags/tutorial_dag.py
[2025-01-10T19:17:21.273+0000] {processor.py:925} INFO - DAG(s) 'tutorial_dag' retrieved from /home/airflow/.local/lib/python3.12/site-packages/airflow/example_dags/tutorial_dag.py
[2025-01-10T19:17:21.407+0000] {logging_mixin.py:190} INFO - [2025-01-10T19:17:21.406+0000] {dag.py:3239} INFO - Sync 1 DAGs
[2025-01-10T19:17:21.570+0000] {logging_mixin.py:190} INFO - [2025-01-10T19:17:21.569+0000] {dag.py:4180} INFO - Setting next_dagrun for tutorial_dag to None, run_after=None
[2025-01-10T19:17:21.644+0000] {processor.py:208} INFO - Processing /home/airflow/.local/lib/python3.12/site-packages/airflow/example_dags/tutorial_dag.py took 0.414 seconds
[2025-01-10T19:17:52.667+0000] {processor.py:186} INFO - Started process (PID=4161) to work on /home/airflow/.local/lib/python3.12/site-packages/airflow/example_dags/tutorial_dag.py
[2025-01-10T19:17:52.672+0000] {processor.py:914} INFO - Processing file /home/airflow/.local/lib/python3.12/site-packages/airflow/example_dags/tutorial_dag.py for tasks to queue
[2025-01-10T19:17:52.676+0000] {logging_mixin.py:190} INFO - [2025-01-10T19:17:52.675+0000] {dagbag.py:588} INFO - Filling up the DagBag from /home/airflow/.local/lib/python3.12/site-packages/airflow/example_dags/tutorial_dag.py
[2025-01-10T19:17:52.705+0000] {processor.py:925} INFO - DAG(s) 'tutorial_dag' retrieved from /home/airflow/.local/lib/python3.12/site-packages/airflow/example_dags/tutorial_dag.py
[2025-01-10T19:17:52.770+0000] {logging_mixin.py:190} INFO - [2025-01-10T19:17:52.769+0000] {dag.py:3239} INFO - Sync 1 DAGs
[2025-01-10T19:17:52.822+0000] {logging_mixin.py:190} INFO - [2025-01-10T19:17:52.821+0000] {dag.py:4180} INFO - Setting next_dagrun for tutorial_dag to None, run_after=None
[2025-01-10T19:17:52.884+0000] {processor.py:208} INFO - Processing /home/airflow/.local/lib/python3.12/site-packages/airflow/example_dags/tutorial_dag.py took 0.243 seconds
[2025-01-10T19:18:23.296+0000] {processor.py:186} INFO - Started process (PID=4224) to work on /home/airflow/.local/lib/python3.12/site-packages/airflow/example_dags/tutorial_dag.py
[2025-01-10T19:18:23.298+0000] {processor.py:914} INFO - Processing file /home/airflow/.local/lib/python3.12/site-packages/airflow/example_dags/tutorial_dag.py for tasks to queue
[2025-01-10T19:18:23.302+0000] {logging_mixin.py:190} INFO - [2025-01-10T19:18:23.301+0000] {dagbag.py:588} INFO - Filling up the DagBag from /home/airflow/.local/lib/python3.12/site-packages/airflow/example_dags/tutorial_dag.py
[2025-01-10T19:18:23.326+0000] {processor.py:925} INFO - DAG(s) 'tutorial_dag' retrieved from /home/airflow/.local/lib/python3.12/site-packages/airflow/example_dags/tutorial_dag.py
[2025-01-10T19:18:23.396+0000] {logging_mixin.py:190} INFO - [2025-01-10T19:18:23.395+0000] {dag.py:3239} INFO - Sync 1 DAGs
[2025-01-10T19:18:23.449+0000] {logging_mixin.py:190} INFO - [2025-01-10T19:18:23.448+0000] {dag.py:4180} INFO - Setting next_dagrun for tutorial_dag to None, run_after=None
[2025-01-10T19:18:23.508+0000] {processor.py:208} INFO - Processing /home/airflow/.local/lib/python3.12/site-packages/airflow/example_dags/tutorial_dag.py took 0.227 seconds
[2025-01-10T19:18:55.067+0000] {processor.py:186} INFO - Started process (PID=4288) to work on /home/airflow/.local/lib/python3.12/site-packages/airflow/example_dags/tutorial_dag.py
[2025-01-10T19:18:55.069+0000] {processor.py:914} INFO - Processing file /home/airflow/.local/lib/python3.12/site-packages/airflow/example_dags/tutorial_dag.py for tasks to queue
[2025-01-10T19:18:55.072+0000] {logging_mixin.py:190} INFO - [2025-01-10T19:18:55.072+0000] {dagbag.py:588} INFO - Filling up the DagBag from /home/airflow/.local/lib/python3.12/site-packages/airflow/example_dags/tutorial_dag.py
[2025-01-10T19:18:55.090+0000] {processor.py:925} INFO - DAG(s) 'tutorial_dag' retrieved from /home/airflow/.local/lib/python3.12/site-packages/airflow/example_dags/tutorial_dag.py
[2025-01-10T19:18:55.137+0000] {logging_mixin.py:190} INFO - [2025-01-10T19:18:55.137+0000] {dag.py:3239} INFO - Sync 1 DAGs
[2025-01-10T19:18:55.175+0000] {logging_mixin.py:190} INFO - [2025-01-10T19:18:55.175+0000] {dag.py:4180} INFO - Setting next_dagrun for tutorial_dag to None, run_after=None
[2025-01-10T19:18:55.216+0000] {processor.py:208} INFO - Processing /home/airflow/.local/lib/python3.12/site-packages/airflow/example_dags/tutorial_dag.py took 0.160 seconds
[2025-01-10T19:19:25.679+0000] {processor.py:186} INFO - Started process (PID=4352) to work on /home/airflow/.local/lib/python3.12/site-packages/airflow/example_dags/tutorial_dag.py
[2025-01-10T19:19:25.681+0000] {processor.py:914} INFO - Processing file /home/airflow/.local/lib/python3.12/site-packages/airflow/example_dags/tutorial_dag.py for tasks to queue
[2025-01-10T19:19:25.683+0000] {logging_mixin.py:190} INFO - [2025-01-10T19:19:25.682+0000] {dagbag.py:588} INFO - Filling up the DagBag from /home/airflow/.local/lib/python3.12/site-packages/airflow/example_dags/tutorial_dag.py
[2025-01-10T19:19:25.697+0000] {processor.py:925} INFO - DAG(s) 'tutorial_dag' retrieved from /home/airflow/.local/lib/python3.12/site-packages/airflow/example_dags/tutorial_dag.py
[2025-01-10T19:19:25.743+0000] {logging_mixin.py:190} INFO - [2025-01-10T19:19:25.743+0000] {dag.py:3239} INFO - Sync 1 DAGs
[2025-01-10T19:19:25.775+0000] {logging_mixin.py:190} INFO - [2025-01-10T19:19:25.774+0000] {dag.py:4180} INFO - Setting next_dagrun for tutorial_dag to None, run_after=None
[2025-01-10T19:19:25.812+0000] {processor.py:208} INFO - Processing /home/airflow/.local/lib/python3.12/site-packages/airflow/example_dags/tutorial_dag.py took 0.144 seconds
[2025-01-10T19:19:56.816+0000] {processor.py:186} INFO - Started process (PID=4416) to work on /home/airflow/.local/lib/python3.12/site-packages/airflow/example_dags/tutorial_dag.py
[2025-01-10T19:19:56.818+0000] {processor.py:914} INFO - Processing file /home/airflow/.local/lib/python3.12/site-packages/airflow/example_dags/tutorial_dag.py for tasks to queue
[2025-01-10T19:19:56.821+0000] {logging_mixin.py:190} INFO - [2025-01-10T19:19:56.820+0000] {dagbag.py:588} INFO - Filling up the DagBag from /home/airflow/.local/lib/python3.12/site-packages/airflow/example_dags/tutorial_dag.py
[2025-01-10T19:19:56.839+0000] {processor.py:925} INFO - DAG(s) 'tutorial_dag' retrieved from /home/airflow/.local/lib/python3.12/site-packages/airflow/example_dags/tutorial_dag.py
[2025-01-10T19:19:56.885+0000] {logging_mixin.py:190} INFO - [2025-01-10T19:19:56.884+0000] {dag.py:3239} INFO - Sync 1 DAGs
[2025-01-10T19:19:56.926+0000] {logging_mixin.py:190} INFO - [2025-01-10T19:19:56.926+0000] {dag.py:4180} INFO - Setting next_dagrun for tutorial_dag to None, run_after=None
[2025-01-10T19:19:56.983+0000] {processor.py:208} INFO - Processing /home/airflow/.local/lib/python3.12/site-packages/airflow/example_dags/tutorial_dag.py took 0.182 seconds
[2025-01-10T19:20:30.923+0000] {processor.py:186} INFO - Started process (PID=4480) to work on /home/airflow/.local/lib/python3.12/site-packages/airflow/example_dags/tutorial_dag.py
[2025-01-10T19:20:30.926+0000] {processor.py:914} INFO - Processing file /home/airflow/.local/lib/python3.12/site-packages/airflow/example_dags/tutorial_dag.py for tasks to queue
[2025-01-10T19:20:30.929+0000] {logging_mixin.py:190} INFO - [2025-01-10T19:20:30.928+0000] {dagbag.py:588} INFO - Filling up the DagBag from /home/airflow/.local/lib/python3.12/site-packages/airflow/example_dags/tutorial_dag.py
[2025-01-10T19:20:30.944+0000] {processor.py:925} INFO - DAG(s) 'tutorial_dag' retrieved from /home/airflow/.local/lib/python3.12/site-packages/airflow/example_dags/tutorial_dag.py
[2025-01-10T19:20:31.004+0000] {logging_mixin.py:190} INFO - [2025-01-10T19:20:31.003+0000] {dag.py:3239} INFO - Sync 1 DAGs
[2025-01-10T19:20:31.070+0000] {logging_mixin.py:190} INFO - [2025-01-10T19:20:31.070+0000] {dag.py:4180} INFO - Setting next_dagrun for tutorial_dag to None, run_after=None
[2025-01-10T19:20:31.124+0000] {processor.py:208} INFO - Processing /home/airflow/.local/lib/python3.12/site-packages/airflow/example_dags/tutorial_dag.py took 0.215 seconds
[2025-01-10T19:21:04.607+0000] {processor.py:186} INFO - Started process (PID=4543) to work on /home/airflow/.local/lib/python3.12/site-packages/airflow/example_dags/tutorial_dag.py
[2025-01-10T19:21:04.608+0000] {processor.py:914} INFO - Processing file /home/airflow/.local/lib/python3.12/site-packages/airflow/example_dags/tutorial_dag.py for tasks to queue
[2025-01-10T19:21:04.610+0000] {logging_mixin.py:190} INFO - [2025-01-10T19:21:04.609+0000] {dagbag.py:588} INFO - Filling up the DagBag from /home/airflow/.local/lib/python3.12/site-packages/airflow/example_dags/tutorial_dag.py
[2025-01-10T19:21:04.629+0000] {processor.py:925} INFO - DAG(s) 'tutorial_dag' retrieved from /home/airflow/.local/lib/python3.12/site-packages/airflow/example_dags/tutorial_dag.py
[2025-01-10T19:21:04.765+0000] {logging_mixin.py:190} INFO - [2025-01-10T19:21:04.764+0000] {dag.py:3239} INFO - Sync 1 DAGs
[2025-01-10T19:21:04.882+0000] {logging_mixin.py:190} INFO - [2025-01-10T19:21:04.881+0000] {dag.py:4180} INFO - Setting next_dagrun for tutorial_dag to None, run_after=None
[2025-01-10T19:21:05.023+0000] {processor.py:208} INFO - Processing /home/airflow/.local/lib/python3.12/site-packages/airflow/example_dags/tutorial_dag.py took 0.427 seconds
[2025-01-10T19:21:36.515+0000] {processor.py:186} INFO - Started process (PID=4607) to work on /home/airflow/.local/lib/python3.12/site-packages/airflow/example_dags/tutorial_dag.py
[2025-01-10T19:21:36.517+0000] {processor.py:914} INFO - Processing file /home/airflow/.local/lib/python3.12/site-packages/airflow/example_dags/tutorial_dag.py for tasks to queue
[2025-01-10T19:21:36.520+0000] {logging_mixin.py:190} INFO - [2025-01-10T19:21:36.519+0000] {dagbag.py:588} INFO - Filling up the DagBag from /home/airflow/.local/lib/python3.12/site-packages/airflow/example_dags/tutorial_dag.py
[2025-01-10T19:21:36.567+0000] {processor.py:925} INFO - DAG(s) 'tutorial_dag' retrieved from /home/airflow/.local/lib/python3.12/site-packages/airflow/example_dags/tutorial_dag.py
[2025-01-10T19:21:36.647+0000] {logging_mixin.py:190} INFO - [2025-01-10T19:21:36.647+0000] {dag.py:3239} INFO - Sync 1 DAGs
[2025-01-10T19:21:36.721+0000] {logging_mixin.py:190} INFO - [2025-01-10T19:21:36.719+0000] {dag.py:4180} INFO - Setting next_dagrun for tutorial_dag to None, run_after=None
[2025-01-10T19:21:36.807+0000] {processor.py:208} INFO - Processing /home/airflow/.local/lib/python3.12/site-packages/airflow/example_dags/tutorial_dag.py took 0.305 seconds
[2025-01-10T19:22:13.212+0000] {processor.py:186} INFO - Started process (PID=4674) to work on /home/airflow/.local/lib/python3.12/site-packages/airflow/example_dags/tutorial_dag.py
[2025-01-10T19:22:13.215+0000] {processor.py:914} INFO - Processing file /home/airflow/.local/lib/python3.12/site-packages/airflow/example_dags/tutorial_dag.py for tasks to queue
[2025-01-10T19:22:13.218+0000] {logging_mixin.py:190} INFO - [2025-01-10T19:22:13.217+0000] {dagbag.py:588} INFO - Filling up the DagBag from /home/airflow/.local/lib/python3.12/site-packages/airflow/example_dags/tutorial_dag.py
[2025-01-10T19:22:13.241+0000] {processor.py:925} INFO - DAG(s) 'tutorial_dag' retrieved from /home/airflow/.local/lib/python3.12/site-packages/airflow/example_dags/tutorial_dag.py
[2025-01-10T19:22:13.334+0000] {logging_mixin.py:190} INFO - [2025-01-10T19:22:13.334+0000] {dag.py:3239} INFO - Sync 1 DAGs
[2025-01-10T19:22:13.379+0000] {logging_mixin.py:190} INFO - [2025-01-10T19:22:13.378+0000] {dag.py:4180} INFO - Setting next_dagrun for tutorial_dag to None, run_after=None
[2025-01-10T19:22:13.420+0000] {processor.py:208} INFO - Processing /home/airflow/.local/lib/python3.12/site-packages/airflow/example_dags/tutorial_dag.py took 0.225 seconds
[2025-01-10T19:22:44.130+0000] {processor.py:186} INFO - Started process (PID=4738) to work on /home/airflow/.local/lib/python3.12/site-packages/airflow/example_dags/tutorial_dag.py
[2025-01-10T19:22:44.134+0000] {processor.py:914} INFO - Processing file /home/airflow/.local/lib/python3.12/site-packages/airflow/example_dags/tutorial_dag.py for tasks to queue
[2025-01-10T19:22:44.139+0000] {logging_mixin.py:190} INFO - [2025-01-10T19:22:44.137+0000] {dagbag.py:588} INFO - Filling up the DagBag from /home/airflow/.local/lib/python3.12/site-packages/airflow/example_dags/tutorial_dag.py
[2025-01-10T19:22:44.172+0000] {processor.py:925} INFO - DAG(s) 'tutorial_dag' retrieved from /home/airflow/.local/lib/python3.12/site-packages/airflow/example_dags/tutorial_dag.py
[2025-01-10T19:22:44.246+0000] {logging_mixin.py:190} INFO - [2025-01-10T19:22:44.245+0000] {dag.py:3239} INFO - Sync 1 DAGs
[2025-01-10T19:22:44.336+0000] {logging_mixin.py:190} INFO - [2025-01-10T19:22:44.335+0000] {dag.py:4180} INFO - Setting next_dagrun for tutorial_dag to None, run_after=None
[2025-01-10T19:22:44.402+0000] {processor.py:208} INFO - Processing /home/airflow/.local/lib/python3.12/site-packages/airflow/example_dags/tutorial_dag.py took 0.304 seconds
